WARNING: Method definition warn(Any...) in module Base at util.jl:589 overwritten in module Logging at //////////////////////////////////////////////////////////home/ubuntu/JuliaPro-0.6.2.1/JuliaPro/pkgs-0.6.2.1/v0.6/Logging/src/Logging.jl:115.
WARNING: Method definition info(Any...) in module Base at util.jl:534 overwritten in module Logging at //////////////////////////////////////////////////////////home/ubuntu/JuliaPro-0.6.2.1/JuliaPro/pkgs-0.6.2.1/v0.6/Logging/src/Logging.jl:115.
WARNING: Method definition warn(Any...) in module Base at util.jl:589 overwritten in module Logging at //////////////////////////////////////////////////////////home/ubuntu/JuliaPro-0.6.2.1/JuliaPro/pkgs-0.6.2.1/v0.6/Logging/src/Logging.jl:115.
WARNING: Method definition info(Any...) in module Base at util.jl:534 overwritten in module Logging at //////////////////////////////////////////////////////////home/ubuntu/JuliaPro-0.6.2.1/JuliaPro/pkgs-0.6.2.1/v0.6/Logging/src/Logging.jl:115.
WARNING: Method definition warn(Any...) in module Base at util.jl:589 overwritten in module Logging at //////////////////////////////////////////////////////////home/ubuntu/JuliaPro-0.6.2.1/JuliaPro/pkgs-0.6.2.1/v0.6/Logging/src/Logging.jl:115.
WARNING: Method definition info(Any...) in module Base at util.jl:534 overwritten in module Logging at //////////////////////////////////////////////////////////home/ubuntu/JuliaPro-0.6.2.1/JuliaPro/pkgs-0.6.2.1/v0.6/Logging/src/Logging.jl:115.
WARNING: Method definition warn(Any...) in module Base at util.jl:589 overwritten in module Logging at //////////////////////////////////////////////////////////home/ubuntu/JuliaPro-0.6.2.1/JuliaPro/pkgs-0.6.2.1/v0.6/Logging/src/Logging.jl:115.
WARNING: Method definition info(Any...) in module Base at util.jl:534 overwritten in module LoggingWARNING: Method definition  at //////////////////////////////////////////////////////////home/ubuntu/JuliaPro-0.6.2.1/JuliaPro/pkgs-0.6.2.1/v0.6/Logging/src/Logging.jl:115.
warn(Any...) in module Base at util.jl:589 overwritten in module Logging at //////////////////////////////////////////////////////////home/ubuntu/JuliaPro-0.6.2.1/JuliaPro/pkgs-0.6.2.1/v0.6/Logging/src/Logging.jl:115.
WARNING: Method definition warn(Any...WARNING: Method definition )info in module Base( at util.jl:589Any overwritten... in module Logging) at //////////////////////////////////////////////////////////home/ubuntu/JuliaPro-0.6.2.1/JuliaPro/pkgs-0.6.2.1/v0.6/Logging/src/Logging.jl:115 in module Base.
 at util.jl:534 overwritten in module Logging at //////////////////////////////////////////////////////////home/ubuntu/JuliaPro-0.6.2.1/JuliaPro/pkgs-0.6.2.1/v0.6/Logging/src/Logging.jl:115.
WARNING: Method definition warn(Any...) in module Base at util.jl:589 overwritten in module Logging at //////////////////////////////////////////////////////////home/ubuntu/JuliaPro-0.6.2.1/JuliaPro/pkgs-0.6.2.1/v0.6/Logging/src/Logging.jl:115.
WARNING: Method definition info(Any...) in module Base at util.jl:534 overwritten in module Logging at //////////////////////////////////////////////////////////home/ubuntu/JuliaPro-0.6.2.1/JuliaPro/pkgs-0.6.2.1/v0.6/Logging/src/Logging.jl:115.
WARNING: Method definition info(Any...) in module Base at util.jl:534 overwritten in module Logging at //////////////////////////////////////////////////////////home/ubuntu/JuliaPro-0.6.2.1/JuliaPro/pkgs-0.6.2.1/v0.6/Logging/src/Logging.jl:115.
WARNING: Method definition warn(Any...) in module Base at util.jl:589 overwritten in module Logging at //////////////////////////////////////////////////////////home/ubuntu/JuliaPro-0.6.2.1/JuliaPro/pkgs-0.6.2.1/v0.6/Logging/src/Logging.jl:115.
WARNING: Method definition info(Any...) in module Base at util.jl:534 overwritten in module Logging at //////////////////////////////////////////////////////////home/ubuntu/JuliaPro-0.6.2.1/JuliaPro/pkgs-0.6.2.1/v0.6/Logging/src/Logging.jl:115.
WARNING: Method definition warn(Any...) in module Base at util.jl:589 overwritten in module Logging at //////////////////////////////////////////////////////////home/ubuntu/JuliaPro-0.6.2.1/JuliaPro/pkgs-0.6.2.1/v0.6/Logging/src/Logging.jl:115.
WARNING: Method definition info(Any...) in module Base at util.jl:534 overwritten in module Logging at //////////////////////////////////////////////////////////home/ubuntu/JuliaPro-0.6.2.1/JuliaPro/pkgs-0.6.2.1/v0.6/Logging/src/Logging.jl:115.
WARNING: Method definition warn(Any...) in module Base at util.jl:589 overwritten in module Logging at //////////////////////////////////////////////////////////home/ubuntu/JuliaPro-0.6.2.1/JuliaPro/pkgs-0.6.2.1/v0.6/Logging/src/Logging.jl:115.
WARNING: Method definition info(Any...) in module Base at util.jl:534 overwritten in module Logging at //////////////////////////////////////////////////////////home/ubuntu/JuliaPro-0.6.2.1/JuliaPro/pkgs-0.6.2.1/v0.6/Logging/src/Logging.jl:115.
WARNING: Method definition warn(Any...) in module Base at util.jl:589 overwritten in module Logging at //////////////////////////////////////////////////////////home/ubuntu/JuliaPro-0.6.2.1/JuliaPro/pkgs-0.6.2.1/v0.6/Logging/src/Logging.jl:115.
WARNING: Method definition info(Any...) in module Base at util.jl:534 overwritten in module Logging at //////////////////////////////////////////////////////////home/ubuntu/JuliaPro-0.6.2.1/JuliaPro/pkgs-0.6.2.1/v0.6/Logging/src/Logging.jl:115.
WARNING: Method definition warn(Any...) in module Base at util.jl:589 overwritten in module Logging at //////////////////////////////////////////////////////////home/ubuntu/JuliaPro-0.6.2.1/JuliaPro/pkgs-0.6.2.1/v0.6/Logging/src/Logging.jl:115.
WARNING: Method definition info(Any...) in module Base at util.jl:534 overwritten in module Logging at //////////////////////////////////////////////////////////home/ubuntu/JuliaPro-0.6.2.1/JuliaPro/pkgs-0.6.2.1/v0.6/Logging/src/Logging.jl:115.
WARNING: Method definition warn(Any...) in module Base at util.jl:589 overwritten in module Logging at //////////////////////////////////////////////////////////home/ubuntu/JuliaPro-0.6.2.1/JuliaPro/pkgs-0.6.2.1/v0.6/Logging/src/Logging.jl:115.
WARNING: Method definition info(Any...) in module Base at util.jl:534 overwritten in module Logging at //////////////////////////////////////////////////////////home/ubuntu/JuliaPro-0.6.2.1/JuliaPro/pkgs-0.6.2.1/v0.6/Logging/src/Logging.jl:115.
08-Feb 08:08:10:INFO:root:--- Period 5 ---
08-Feb 08:08:10:INFO:root:--- Period 1 ---
08-Feb 08:08:10:INFO:root:--- Period 3 ---
08-Feb 08:08:10:INFO:root:--- Period 6 ---
08-Feb 08:08:11:INFO:root:--- Period 11 ---
08-Feb 08:08:11:INFO:root:--- Period 9 ---
08-Feb 08:08:11:INFO:root:--- Period 7 ---
08-Feb 08:08:11:INFO:root:--- Period 10 ---
08-Feb 08:08:11:INFO:root:--- Period 8 ---
08-Feb 08:08:11:INFO:root:--- Period 2 ---
08-Feb 08:08:11:INFO:root:--- Period 4 ---
08-Feb 08:08:11:INFO:root:--- Period 12 ---
08-Feb 08:08:14:INFO:root:BEGIN Outer loop
08-Feb 08:08:15:INFO:root:BEGIN Outer loop
08-Feb 08:08:15:INFO:root:BEGIN Outer loop
08-Feb 08:08:15:INFO:root:BEGIN Outer loop
08-Feb 08:08:15:INFO:root:BEGIN Outer loop
08-Feb 08:08:15:INFO:root:BEGIN Outer loop
08-Feb 08:08:15:INFO:root:BEGIN Outer loop
08-Feb 08:08:15:INFO:root:BEGIN Outer loop
08-Feb 08:08:15:INFO:root:BEGIN Outer loop
08-Feb 08:08:15:INFO:root:BEGIN Outer loop
08-Feb 08:08:15:INFO:root:BEGIN Outer loop
08-Feb 08:08:16:INFO:root:BEGIN Outer loop
08-Feb 08:08:19:INFO:root:------ Middle 1: 3.188741391135259e-5
08-Feb 08:08:20:INFO:root:Starting from 1.5213977374059827e-17
08-Feb 08:08:21:INFO:root:-- Outer 1: 0.0345798427362918
08-Feb 08:08:21:INFO:root:------ Middle 1: 1.7573824024522813e-5
08-Feb 08:08:21:INFO:root:Starting from 8.767846544185978e-18
08-Feb 08:08:21:INFO:root:-- Outer 2: 0.04462335687724009
08-Feb 08:08:21:INFO:root:------ Middle 1: 7.896377649993024e-6
08-Feb 08:08:21:INFO:root:Starting from 1.3867752721356227e-17
08-Feb 08:08:21:INFO:root:-- Outer 3: 0.011966633486313192
08-Feb 08:08:21:INFO:root:------ Middle 1: 4.3581841158203354e-6
08-Feb 08:08:21:INFO:root:Starting from 9.850310675650543e-18
08-Feb 08:08:21:INFO:root:-- Outer 4: 0.011423741955417205
08-Feb 08:08:21:INFO:root:------ Middle 1: 1.422032692792179e-6
08-Feb 08:08:21:INFO:root:Starting from 8.727811027176158e-18
08-Feb 08:08:21:INFO:root:-- Outer 5: 0.0006134851019874289
08-Feb 08:08:21:INFO:root:END Outer loop
08-Feb 08:08:22:INFO:root:Model trade shares: [0.972771, 0.943196, 0.996085]
08-Feb 08:08:22:INFO:root:Data trade shares: [0.970499, 0.941882, 0.994321]
08-Feb 08:08:22:INFO:root:US prices: [0.996887, 0.999795, 0.986437]
08-Feb 08:08:22:INFO:root:in the data: [1.0, 1.0, 1.0]
08-Feb 08:08:22:INFO:root:Nominal world expenditure: 3.844719247501108e6
08-Feb 08:08:22:INFO:root:--------------In the data: [8.33469e6]
08-Feb 08:08:23:INFO:root:--- Period 13 ---
08-Feb 08:08:23:INFO:root:BEGIN Outer loop
08-Feb 08:08:41:INFO:root:------ Middle 1: 1.744280797709822e-5
08-Feb 08:08:41:INFO:root:------ Middle 1: 1.773438046952593e-5
08-Feb 08:08:42:INFO:root:Starting from 1.223973419426858e-17
08-Feb 08:08:42:INFO:root:Starting from 1.2634619854722695e-17
08-Feb 08:08:42:INFO:root:-- Outer 1: 0.02037593950772682
08-Feb 08:08:42:INFO:root:-- Outer 1: 0.02095206332818621
08-Feb 08:08:43:INFO:root:------ Middle 1: 1.7782368070043157e-5
08-Feb 08:08:43:INFO:root:------ Middle 1: 2.2410350052164976e-5
08-Feb 08:08:43:INFO:root:------ Middle 1: 9.622473527938769e-6
08-Feb 08:08:43:INFO:root:Starting from 2.6511221791292022e-17
08-Feb 08:08:43:INFO:root:-- Outer 2: 0.025680369837063816
08-Feb 08:08:43:INFO:root:------ Middle 1: 9.782609353888132e-6
08-Feb 08:08:43:INFO:root:Starting from 1.7437297536057608e-17
08-Feb 08:08:43:INFO:root:-- Outer 2: 0.026445617616520974
08-Feb 08:08:43:INFO:root:------ Middle 1: 2.0690752340944308e-5
08-Feb 08:08:43:INFO:root:------ Middle 1: 2.689708477961108e-5
08-Feb 08:08:43:INFO:root:------ Middle 1: 1.9425886838190352e-5
08-Feb 08:08:43:INFO:root:Starting from 1.2364281630002063e-17
08-Feb 08:08:43:INFO:root:Starting from 1.2308058596391542e-17
08-Feb 08:08:43:INFO:root:Starting from 1.2836749578121082e-17
08-Feb 08:08:43:INFO:root:Starting from 1.2602764352706553e-17
08-Feb 08:08:43:INFO:root:-- Outer 1: 0.02089814423463649
08-Feb 08:08:43:INFO:root:Starting from 1.230027875199092e-17
08-Feb 08:08:43:INFO:root:-- Outer 1: 0.02552749173701211
08-Feb 08:08:44:INFO:root:-- Outer 1: 0.02420187502258322
08-Feb 08:08:44:INFO:root:------ Middle 1: 1.8048268375619007e-5
08-Feb 08:08:44:INFO:root:-- Outer 1: 0.029338309961639268
08-Feb 08:08:44:INFO:root:-- Outer 1: 0.02314241294737213
08-Feb 08:08:44:INFO:root:------ Middle 1: 9.805231143656266e-6
08-Feb 08:08:44:INFO:root:------ Middle 1: 1.2355989077920876e-5
08-Feb 08:08:44:INFO:root:Starting from 1.7633670889769214e-17
08-Feb 08:08:44:INFO:root:-- Outer 2: 0.02644041433906031
08-Feb 08:08:44:INFO:root:Starting from 1.445537635499858e-17
08-Feb 08:08:44:INFO:root:-- Outer 2: 0.032247168805400794
08-Feb 08:08:44:INFO:root:------ Middle 1: 1.1408752104184404e-5
08-Feb 08:08:44:INFO:root:Starting from 1.4226268374777123e-17
08-Feb 08:08:44:INFO:root:-- Outer 2: 0.030500719455498877
08-Feb 08:08:44:INFO:root:------ Middle 1: 1.4826653878131199e-5
08-Feb 08:08:44:INFO:root:Starting from 1.5525538663633307e-17
08-Feb 08:08:44:INFO:root:-- Outer 2: 0.037287737746089185
08-Feb 08:08:44:INFO:root:Starting from 1.2466349709700067e-17
08-Feb 08:08:44:INFO:root:------ Middle 1: 1.8392160971433197e-5
08-Feb 08:08:44:INFO:root:------ Middle 1: 1.0711061087878426e-5
08-Feb 08:08:44:INFO:root:Starting from 1.5338023420838594e-17
08-Feb 08:08:44:INFO:root:-- Outer 2: 0.029242901163081137
08-Feb 08:08:44:INFO:root:------ Middle 1: 2.4508099382542323e-5
08-Feb 08:08:45:INFO:root:-- Outer 1: 0.021002718778635923
08-Feb 08:08:45:INFO:root:Starting from 1.2487836782471794e-17
08-Feb 08:08:45:INFO:root:------ Middle 1: 2.9307520438070917e-5
08-Feb 08:08:45:INFO:root:Starting from 1.2106435648551017e-17
08-Feb 08:08:45:INFO:root:------ Middle 1: 9.953809386549927e-6
08-Feb 08:08:45:INFO:root:Starting from 1.720084281871024e-17
08-Feb 08:08:45:INFO:root:-- Outer 2: 0.026583295875193546
08-Feb 08:08:45:INFO:root:-- Outer 1: 0.02206031598034879
08-Feb 08:08:45:INFO:root:Starting from 1.2999009507423924e-17
08-Feb 08:08:46:INFO:root:-- Outer 1: 0.027220291888666672
08-Feb 08:08:46:INFO:root:------ Middle 1: 1.0141292809852926e-5
08-Feb 08:08:46:INFO:root:Starting from 2.0203399557175484e-17
08-Feb 08:08:46:INFO:root:-- Outer 2: 0.027818707743538045
08-Feb 08:08:46:INFO:root:-- Outer 1: 0.03167379525901075
08-Feb 08:08:46:INFO:root:------ Middle 1: 1.351075085538666e-5
08-Feb 08:08:46:INFO:root:Starting from 1.4505676602684374e-17
08-Feb 08:08:46:INFO:root:-- Outer 2: 0.034469671094235946
08-Feb 08:08:46:INFO:root:------ Middle 1: 1.6155446873263508e-5
08-Feb 08:08:46:INFO:root:Starting from 1.362661993078851e-17
08-Feb 08:08:46:INFO:root:-- Outer 2: 0.04048767712025708
08-Feb 08:08:48:INFO:root:------ Middle 1: 1.8319885946844274e-5
08-Feb 08:08:48:INFO:root:Starting from 1.2731637894879977e-17
08-Feb 08:08:48:INFO:root:-- Outer 1: 0.021476100356269005
08-Feb 08:08:49:INFO:root:------ Middle 1: 1.010240116691079e-5
08-Feb 08:08:49:INFO:root:Starting from 2.0851331029800673e-17
08-Feb 08:08:49:INFO:root:-- Outer 2: 0.027339882798978653
08-Feb 08:08:57:INFO:root:------ Middle 1: 4.415266781970031e-6
08-Feb 08:08:57:INFO:root:Starting from 1.598219343668717e-17
08-Feb 08:08:57:INFO:root:-- Outer 3: 0.005506697113724866
08-Feb 08:08:58:INFO:root:------ Middle 1: 4.210285336820899e-6
08-Feb 08:08:58:INFO:root:Starting from 1.8142151817200218e-17
08-Feb 08:08:58:INFO:root:-- Outer 3: 0.005219708104038413
08-Feb 08:08:58:INFO:root:------ Middle 1: 2.446931877794964e-6
08-Feb 08:08:58:INFO:root:Starting from 1.8567858860968782e-17
08-Feb 08:08:58:INFO:root:-- Outer 4: 0.0053092841211591964
08-Feb 08:08:58:INFO:root:------ Middle 1: 2.3331787445445866e-6
08-Feb 08:08:58:INFO:root:Starting from 1.749535472236891e-17
08-Feb 08:08:58:INFO:root:-- Outer 4: 0.005036650657727384
08-Feb 08:09:00:INFO:root:------ Middle 1: 5.6127950995080326e-6
08-Feb 08:09:00:INFO:root:Starting from 1.4908421947959467e-17
08-Feb 08:09:00:INFO:root:-- Outer 3: 0.007518373852530101
08-Feb 08:09:00:INFO:root:------ Middle 1: 5.113179050270632e-6
08-Feb 08:09:00:INFO:root:Starting from 1.5252485264618936e-17
08-Feb 08:09:00:INFO:root:-- Outer 3: 0.006699620535481684
08-Feb 08:09:00:INFO:root:------ Middle 1: 5.3113748003859325e-6
08-Feb 08:09:00:INFO:root:Starting from 1.4054648246209824e-17
08-Feb 08:09:00:INFO:root:-- Outer 3: 0.007009909639447762
08-Feb 08:09:00:INFO:root:------ Middle 1: 3.104406273469102e-6
08-Feb 08:09:00:INFO:root:Starting from 1.7224714066429835e-17
08-Feb 08:09:00:INFO:root:-- Outer 4: 0.0072414560522904275
08-Feb 08:09:00:INFO:root:------ Middle 1: 2.8295692121426942e-6
08-Feb 08:09:00:INFO:root:Starting from 1.6953257381612826e-17
08-Feb 08:09:00:INFO:root:-- Outer 4: 0.006430620968434826
08-Feb 08:09:00:INFO:root:------ Middle 1: 2.93852247908413e-6
08-Feb 08:09:00:INFO:root:Starting from 1.416311974205524e-17
08-Feb 08:09:00:INFO:root:-- Outer 4: 0.006737555163203893
08-Feb 08:09:01:INFO:root:------ Middle 1: 6.414493542726515e-6
08-Feb 08:09:01:INFO:root:Starting from 1.6533157800763835e-17
08-Feb 08:09:01:INFO:root:-- Outer 3: 0.009261833749634057
08-Feb 08:09:01:INFO:root:------ Middle 1: 4.803500873702625e-6
08-Feb 08:09:01:INFO:root:Starting from 1.5804772148773998e-17
08-Feb 08:09:01:INFO:root:-- Outer 3: 0.006247351765208908
08-Feb 08:09:01:INFO:root:------ Middle 1: 4.46145125184598e-6
08-Feb 08:09:01:INFO:root:Starting from 1.606280624102335e-17
08-Feb 08:09:01:INFO:root:-- Outer 3: 0.005934473176291559
08-Feb 08:09:01:INFO:root:------ Middle 1: 3.5454612367490666e-6
08-Feb 08:09:01:INFO:root:Starting from 1.3076721153645528e-17
08-Feb 08:09:01:INFO:root:-- Outer 4: 0.008896667530883907
08-Feb 08:09:01:INFO:root:------ Middle 1: 6.422578583121014e-7
08-Feb 08:09:01:INFO:root:Starting from 1.6491451471031395e-17
08-Feb 08:09:01:INFO:root:-- Outer 5: 0.0014809001170540052
08-Feb 08:09:01:INFO:root:------ Middle 1: 2.659654253135962e-6
08-Feb 08:09:01:INFO:root:Starting from 1.6992470917938017e-17
08-Feb 08:09:01:INFO:root:-- Outer 4: 0.006018565568287483
08-Feb 08:09:01:INFO:root:------ Middle 1: 2.4684796808997207e-6
08-Feb 08:09:01:INFO:root:Starting from 1.583907283717998e-17
08-Feb 08:09:01:INFO:root:-- Outer 4: 0.005670931380779179
08-Feb 08:09:01:INFO:root:------ Middle 1: 6.401899382880393e-7
08-Feb 08:09:02:INFO:root:Starting from 1.713707228724656e-17
08-Feb 08:09:02:INFO:root:-- Outer 5: 0.0014251886224534572
08-Feb 08:09:02:INFO:root:------ Middle 1: 3.5212875207914924e-7
08-Feb 08:09:02:INFO:root:Starting from 1.4027785491701065e-17
08-Feb 08:09:02:INFO:root:-- Outer 6: 0.0013743052430090323
08-Feb 08:09:02:INFO:root:------ Middle 1: 3.515390211176356e-7
08-Feb 08:09:02:INFO:root:Starting from 1.8849959251044374e-17
08-Feb 08:09:02:INFO:root:-- Outer 6: 0.0013282503404464447
08-Feb 08:09:02:INFO:root:------ Middle 1: 5.9875782959262684e-6
08-Feb 08:09:02:INFO:root:Starting from 1.3395703105692159e-17
08-Feb 08:09:02:INFO:root:-- Outer 3: 0.008260223807904409
08-Feb 08:09:03:INFO:root:------ Middle 1: 3.310254904077181e-6
08-Feb 08:09:03:INFO:root:Starting from 1.348088170486258e-17
08-Feb 08:09:03:INFO:root:-- Outer 4: 0.007944876089617345
08-Feb 08:09:03:INFO:root:------ Middle 1: 4.385722478912475e-6
08-Feb 08:09:03:INFO:root:Starting from 1.3170476288823126e-17
08-Feb 08:09:03:INFO:root:-- Outer 3: 0.005857297196599617
08-Feb 08:09:03:INFO:root:------ Middle 1: 2.426536159651675e-6
08-Feb 08:09:03:INFO:root:Starting from 1.956801341373972e-17
08-Feb 08:09:03:INFO:root:-- Outer 4: 0.005602903366271516
08-Feb 08:09:04:INFO:root:------ Middle 1: 4.2023028942948767e-7
08-Feb 08:09:04:INFO:root:Starting from 1.725274679724539e-17
08-Feb 08:09:04:INFO:root:-- Outer 7: 0.00030794438598686627
08-Feb 08:09:04:INFO:root:END Outer loop
08-Feb 08:09:04:INFO:root:------ Middle 1: 3.728173290898963e-7
08-Feb 08:09:04:INFO:root:Starting from 1.885979295283427e-17
08-Feb 08:09:04:INFO:root:-- Outer 7: 0.0002836125409684118
08-Feb 08:09:04:INFO:root:END Outer loop
08-Feb 08:09:04:INFO:root:------ Middle 1: 7.010846653434551e-6
08-Feb 08:09:04:INFO:root:Starting from 1.309672455448776e-17
08-Feb 08:09:04:INFO:root:-- Outer 3: 0.01034935212138083
08-Feb 08:09:05:INFO:root:------ Middle 1: 3.872282952194444e-6
08-Feb 08:09:05:INFO:root:Starting from 1.6556327241280022e-17
08-Feb 08:09:05:INFO:root:-- Outer 4: 0.009915971447053478
08-Feb 08:09:04:INFO:root:Model trade shares: [0.970644, 0.914931, 0.982219]
08-Feb 08:09:05:INFO:root:Data trade shares: [0.971471, 0.927429, 0.989384]
08-Feb 08:09:05:INFO:root:US prices: [1.60775, 1.08529, 1.08351]
08-Feb 08:09:05:INFO:root:in the data: [2.72526, 1.92631, 1.92631]
08-Feb 08:09:04:INFO:root:Model trade shares: [0.977616, 0.909649, 0.954502]
08-Feb 08:09:05:INFO:root:Data trade shares: [0.976496, 0.933524, 0.973934]
08-Feb 08:09:05:INFO:root:US prices: [1.41765, 1.03608, 1.13117]
08-Feb 08:09:05:INFO:root:in the data: [2.96155, 2.01858, 2.01858]
08-Feb 08:09:05:INFO:root:Nominal world expenditure: 5.887662697836985e6
08-Feb 08:09:05:INFO:root:------ Middle 1: 7.136772636586133e-7
08-Feb 08:09:05:INFO:root:Starting from 1.9154584445132983e-17
08-Feb 08:09:05:INFO:root:Nominal world expenditure: 5.326819112605478e6
08-Feb 08:09:05:INFO:root:-- Outer 5: 0.0012399622517769787
08-Feb 08:09:05:INFO:root:------ Middle 1: 6.835442311016744e-7
08-Feb 08:09:05:INFO:root:Starting from 1.5887790416548444e-17
08-Feb 08:09:05:INFO:root:-- Outer 5: 0.0012207308974696868
08-Feb 08:09:05:INFO:root:------ Middle 1: 3.9685062543214414e-7
08-Feb 08:09:05:INFO:root:Starting from 1.761211849450129e-17
08-Feb 08:09:05:INFO:root:-- Outer 6: 0.0011309021727058423
08-Feb 08:09:05:INFO:root:------ Middle 1: 6.713108577759563e-7
08-Feb 08:09:05:INFO:root:Starting from 1.6990662010756334e-17
08-Feb 08:09:05:INFO:root:-- Outer 5: 0.0011875425979486348
08-Feb 08:09:05:INFO:root:--------------In the data: [2.2953e7]
08-Feb 08:09:05:INFO:root:--------------In the data: [2.33649e7]
08-Feb 08:09:06:INFO:root:------ Middle 1: 3.776856231446321e-7
08-Feb 08:09:06:INFO:root:Starting from 1.4728954991424285e-17
08-Feb 08:09:06:INFO:root:-- Outer 6: 0.0011196045121431557
08-Feb 08:09:06:INFO:root:------ Middle 1: 3.7072627536843167e-7
08-Feb 08:09:06:INFO:root:Starting from 1.4677820772149325e-17
08-Feb 08:09:06:INFO:root:-- Outer 6: 0.0010985392910755974
08-Feb 08:09:06:INFO:root:--- Period 14 ---
08-Feb 08:09:06:INFO:root:BEGIN Outer loop
08-Feb 08:09:06:INFO:root:--- Period 15 ---
08-Feb 08:09:06:INFO:root:BEGIN Outer loop
08-Feb 08:09:06:INFO:root:------ Middle 1: 6.416380025058028e-7
08-Feb 08:09:06:INFO:root:Starting from 1.169223112055716e-17
08-Feb 08:09:06:INFO:root:-- Outer 5: 0.0012235086577842148
08-Feb 08:09:06:INFO:root:------ Middle 1: 6.353930595406563e-7
08-Feb 08:09:06:INFO:root:Starting from 1.961014657504023e-17
08-Feb 08:09:06:INFO:root:-- Outer 5: 0.0011969326334630422
08-Feb 08:09:06:INFO:root:------ Middle 1: 3.530904987107778e-7
08-Feb 08:09:06:INFO:root:Starting from 1.4924502394633307e-17
08-Feb 08:09:06:INFO:root:-- Outer 6: 0.001133273055777634
08-Feb 08:09:07:INFO:root:------ Middle 1: 3.5064401013618157e-7
08-Feb 08:09:07:INFO:root:Starting from 1.6078497982290046e-17
08-Feb 08:09:07:INFO:root:-- Outer 6: 0.001122848890059446
08-Feb 08:09:07:INFO:root:------ Middle 1: 4.551103136758772e-6
08-Feb 08:09:07:INFO:root:Starting from 1.4326573927842455e-17
08-Feb 08:09:07:INFO:root:-- Outer 3: 0.00628961789647853
08-Feb 08:09:07:INFO:root:------ Middle 1: 2.5172699590210322e-6
08-Feb 08:09:07:INFO:root:Starting from 1.8003797445553656e-17
08-Feb 08:09:07:INFO:root:-- Outer 4: 0.005979726427539882
08-Feb 08:09:07:INFO:root:------ Middle 1: 6.095981660101682e-7
08-Feb 08:09:07:INFO:root:Starting from 1.3802643726350683e-17
08-Feb 08:09:07:INFO:root:-- Outer 5: 0.001312419076279296
08-Feb 08:09:08:INFO:root:------ Middle 1: 5.092967287204561e-7
08-Feb 08:09:08:INFO:root:Starting from 1.8376778191391692e-17
08-Feb 08:09:08:INFO:root:-- Outer 7: 0.00037889804916873496
08-Feb 08:09:08:INFO:root:END Outer loop
08-Feb 08:09:08:INFO:root:------ Middle 1: 3.3469364714247336e-7
08-Feb 08:09:08:INFO:root:Starting from 1.8526785054552947e-17
08-Feb 08:09:08:INFO:root:-- Outer 6: 0.0012192698865176957
08-Feb 08:09:08:INFO:root:------ Middle 1: 4.6895876155996304e-7
08-Feb 08:09:08:INFO:root:Starting from 2.2799544383786666e-17
08-Feb 08:09:08:INFO:root:-- Outer 7: 0.0004030634497928508
08-Feb 08:09:08:INFO:root:END Outer loop
08-Feb 08:09:08:INFO:root:------ Middle 1: 8.28209198808062e-7
08-Feb 08:09:08:INFO:root:Starting from 1.8641794608419806e-17
08-Feb 08:09:08:INFO:root:-- Outer 5: 0.00110336419612347
08-Feb 08:09:08:INFO:root:------ Middle 1: 4.357235643911784e-7
08-Feb 08:09:08:INFO:root:Starting from 1.7480673043892432e-17
08-Feb 08:09:08:INFO:root:-- Outer 7: 0.0004395673394914076
08-Feb 08:09:08:INFO:root:END Outer loop
08-Feb 08:09:08:INFO:root:------ Middle 1: 9.410732968933336e-7
08-Feb 08:09:08:INFO:root:Starting from 2.144938049769197e-17
08-Feb 08:09:08:INFO:root:-- Outer 5: 0.0008100811593859788
08-Feb 08:09:08:INFO:root:END Outer loop
08-Feb 08:09:08:INFO:root:Model trade shares: [0.962262, 0.929363, 0.991666]
08-Feb 08:09:08:INFO:root:Data trade shares: [0.967429, 0.940539, 0.992695]
08-Feb 08:09:08:INFO:root:US prices: [1.23623, 1.03699, 1.00248]
08-Feb 08:09:08:INFO:root:in the data: [1.63396, 1.43854, 1.43854]
08-Feb 08:09:08:INFO:root:------ Middle 1: 4.6478415093647044e-7
08-Feb 08:09:08:INFO:root:Starting from 1.5414120121102264e-17
08-Feb 08:09:08:INFO:root:-- Outer 6: 0.0010004650712261368
08-Feb 08:09:08:INFO:root:Nominal world expenditure: 4.461672501482773e6
08-Feb 08:09:08:INFO:root:Model trade shares: [0.949362, 0.921771, 0.985467]
08-Feb 08:09:09:INFO:root:Data trade shares: [0.959721, 0.934044, 0.992669]
08-Feb 08:09:09:INFO:root:US prices: [1.24977, 1.0475, 1.03847]
08-Feb 08:09:09:INFO:root:in the data: [1.70549, 1.50868, 1.50868]
08-Feb 08:09:08:INFO:root:Model trade shares: [0.964163, 0.920343, 0.991694]
08-Feb 08:09:09:INFO:root:Data trade shares: [0.961487, 0.929057, 0.992737]
08-Feb 08:09:09:INFO:root:US prices: [1.29306, 1.07204, 1.1255]
08-Feb 08:09:09:INFO:root:in the data: [1.96012, 1.64035, 1.64035]
08-Feb 08:09:09:INFO:root:Nominal world expenditure: 4.80146783029206e6
08-Feb 08:09:09:INFO:root:Model trade shares: [0.971044, 0.916738, 0.99233]
08-Feb 08:09:09:INFO:root:Data trade shares: [0.973362, 0.938447, 0.994052]
08-Feb 08:09:09:INFO:root:US prices: [1.21153, 1.19311, 1.25981]
08-Feb 08:09:09:INFO:root:in the data: [1.46789, 1.34924, 1.34924]
08-Feb 08:09:09:INFO:root:Nominal world expenditure: 5.49111051104143e6
08-Feb 08:09:09:INFO:root:Nominal world expenditure: 4.434620227267605e6
08-Feb 08:09:09:INFO:root:------ Middle 1: 4.044154635469906e-7
08-Feb 08:09:09:INFO:root:------ Middle 1: 4.4214082012693156e-7
08-Feb 08:09:09:INFO:root:Starting from 1.361237968451616e-17
08-Feb 08:09:09:INFO:root:-- Outer 7: 0.0004507477711500895
08-Feb 08:09:09:INFO:root:END Outer loop
08-Feb 08:09:09:INFO:root:Starting from 1.3759422751734109e-17
08-Feb 08:09:09:INFO:root:-- Outer 7: 0.00035962186602271786
08-Feb 08:09:09:INFO:root:END Outer loop
08-Feb 08:09:08:INFO:root:--------------In the data: [1.37348e7]
08-Feb 08:09:09:INFO:root:--- Period 16 ---
08-Feb 08:09:09:INFO:root:BEGIN Outer loop
08-Feb 08:09:09:INFO:root:--------------In the data: [1.54393e7]
08-Feb 08:09:09:INFO:root:--------------In the data: [1.80704e7]
08-Feb 08:09:09:INFO:root:--- Period 17 ---
08-Feb 08:09:09:INFO:root:--------------In the data: [1.15794e7]
08-Feb 08:09:10:INFO:root:BEGIN Outer loop
08-Feb 08:09:10:INFO:root:--- Period 18 ---
08-Feb 08:09:10:INFO:root:BEGIN Outer loop
08-Feb 08:09:09:INFO:root:Model trade shares: [0.979129, 0.924582, 0.963285]
08-Feb 08:09:10:INFO:root:Data trade shares: [0.97676, 0.939693, 0.972749]
08-Feb 08:09:10:INFO:root:US prices: [1.43676, 0.954823, 0.888457]
08-Feb 08:09:10:INFO:root:in the data: [3.07991, 2.04761, 2.04761]
08-Feb 08:09:09:INFO:root:Model trade shares: [0.971525, 0.906004, 0.993573]
08-Feb 08:09:10:INFO:root:Data trade shares: [0.966266, 0.92464, 0.992831]
08-Feb 08:09:10:INFO:root:US prices: [1.2766, 1.08747, 1.12483]
08-Feb 08:09:10:INFO:root:in the data: [2.27198, 1.79075, 1.79075]
08-Feb 08:09:10:INFO:root:--- Period 19 ---
08-Feb 08:09:10:INFO:root:BEGIN Outer loop
08-Feb 08:09:10:INFO:root:Nominal world expenditure: 5.256153046305298e6
08-Feb 08:09:10:INFO:root:Nominal world expenditure: 5.649681993484219e6
08-Feb 08:09:10:INFO:root:------ Middle 1: 4.2511109145292934e-7
08-Feb 08:09:10:INFO:root:Starting from 1.7673395296910005e-17
08-Feb 08:09:10:INFO:root:-- Outer 7: 0.0002844849573945323
08-Feb 08:09:10:INFO:root:END Outer loop
08-Feb 08:09:10:INFO:root:--------------In the data: [2.31824e7]
08-Feb 08:09:10:INFO:root:--------------In the data: [2.07618e7]
08-Feb 08:09:10:INFO:root:Model trade shares: [0.956579, 0.92801, 0.984135]
08-Feb 08:09:11:INFO:root:Data trade shares: [0.972765, 0.936372, 0.980463]
08-Feb 08:09:11:INFO:root:US prices: [1.5806, 0.915253, 0.894535]
08-Feb 08:09:11:INFO:root:in the data: [3.02084, 2.07936, 2.07936]
08-Feb 08:09:11:INFO:root:------ Middle 1: 5.175360005969644e-7
08-Feb 08:09:11:INFO:root:Starting from 1.3315468936572914e-17
08-Feb 08:09:11:INFO:root:-- Outer 7: 0.00040844205674074927
08-Feb 08:09:11:INFO:root:END Outer loop
08-Feb 08:09:11:INFO:root:Nominal world expenditure: 5.1878975208600955e6
08-Feb 08:09:11:INFO:root:--- Period 20 ---
08-Feb 08:09:11:INFO:root:BEGIN Outer loop
08-Feb 08:09:11:INFO:root:--- Period 21 ---
08-Feb 08:09:11:INFO:root:BEGIN Outer loop
08-Feb 08:09:11:INFO:root:Model trade shares: [0.970182, 0.937405, 0.994242]
08-Feb 08:09:11:INFO:root:Data trade shares: [0.975035, 0.947137, 0.993826]
08-Feb 08:09:11:INFO:root:US prices: [1.18289, 1.11141, 1.07559]
08-Feb 08:09:11:INFO:root:in the data: [1.5623, 1.46271, 1.46271]
08-Feb 08:09:11:INFO:root:--------------In the data: [2.36221e7]
08-Feb 08:09:11:INFO:root:Nominal world expenditure: 4.444597418776628e6
08-Feb 08:09:12:INFO:root:--- Period 22 ---
08-Feb 08:09:12:INFO:root:BEGIN Outer loop
08-Feb 08:09:12:INFO:root:------ Middle 1: 6.280960200343525e-7
08-Feb 08:09:12:INFO:root:Starting from 1.8552071437319857e-17
08-Feb 08:09:12:INFO:root:-- Outer 5: 0.0010995030230493128
08-Feb 08:09:12:INFO:root:--------------In the data: [1.27847e7]
08-Feb 08:09:12:INFO:root:--- Period 23 ---
08-Feb 08:09:12:INFO:root:BEGIN Outer loop
08-Feb 08:09:12:INFO:root:------ Middle 1: 3.506065005327203e-7
08-Feb 08:09:12:INFO:root:Starting from 2.0212953316104837e-17
08-Feb 08:09:12:INFO:root:-- Outer 6: 0.0010184908752724627
08-Feb 08:09:13:INFO:root:------ Middle 1: 1.1183769599124981e-6
08-Feb 08:09:13:INFO:root:Starting from 1.5979091271566607e-17
08-Feb 08:09:13:INFO:root:-- Outer 5: 0.0006016119267195051
08-Feb 08:09:13:INFO:root:END Outer loop
08-Feb 08:09:13:INFO:root:Model trade shares: [0.978672, 0.926701, 0.993472]
08-Feb 08:09:13:INFO:root:Data trade shares: [0.970394, 0.938128, 0.99445]
08-Feb 08:09:13:INFO:root:US prices: [0.976101, 1.15097, 1.16132]
08-Feb 08:09:13:INFO:root:in the data: [1.21921, 1.17859, 1.17859]
08-Feb 08:09:14:INFO:root:Nominal world expenditure: 4.321870990856377e6
08-Feb 08:09:14:INFO:root:--------------In the data: [1.02443e7]
08-Feb 08:09:14:INFO:root:--- Period 24 ---
08-Feb 08:09:14:INFO:root:BEGIN Outer loop
08-Feb 08:09:15:INFO:root:------ Middle 1: 4.19385946113642e-7
08-Feb 08:09:15:INFO:root:Starting from 1.624890365712127e-17
08-Feb 08:09:15:INFO:root:-- Outer 7: 0.00031081760763498894
08-Feb 08:09:15:INFO:root:END Outer loop
08-Feb 08:09:15:INFO:root:Model trade shares: [0.971597, 0.915516, 0.992302]
08-Feb 08:09:15:INFO:root:Data trade shares: [0.971404, 0.929028, 0.993445]
08-Feb 08:09:15:INFO:root:US prices: [1.22716, 0.949541, 0.947948]
08-Feb 08:09:15:INFO:root:in the data: [2.9591, 2.1512, 2.1512]
08-Feb 08:09:15:INFO:root:Nominal world expenditure: 5.069708412277105e6
08-Feb 08:09:15:INFO:root:--------------In the data: [2.42511e7]
08-Feb 08:09:15:INFO:root:--- Period 25 ---
08-Feb 08:09:15:INFO:root:BEGIN Outer loop
08-Feb 08:09:27:INFO:root:------ Middle 1: 1.720890174780494e-5
08-Feb 08:09:27:INFO:root:Starting from 1.2836420082115103e-17
08-Feb 08:09:27:INFO:root:-- Outer 1: 0.021087572287584448
08-Feb 08:09:28:INFO:root:------ Middle 1: 9.49315846824712e-6
08-Feb 08:09:28:INFO:root:Starting from 2.1419938909113183e-17
08-Feb 08:09:28:INFO:root:-- Outer 2: 0.027285273448306543
08-Feb 08:09:29:INFO:root:------ Middle 1: 1.7635558432598367e-5
08-Feb 08:09:29:INFO:root:Starting from 1.230634380331365e-17
08-Feb 08:09:29:INFO:root:-- Outer 1: 0.021141612917591413
08-Feb 08:09:30:INFO:root:------ Middle 1: 9.728464894647061e-6
08-Feb 08:09:30:INFO:root:Starting from 1.6700222387190027e-17
08-Feb 08:09:30:INFO:root:-- Outer 2: 0.026991961852664545
08-Feb 08:09:34:INFO:root:------ Middle 1: 1.6656329359010836e-5
08-Feb 08:09:34:INFO:root:Starting from 1.1713901090442285e-17
08-Feb 08:09:34:INFO:root:-- Outer 1: 0.020853764501949833
08-Feb 08:09:34:INFO:root:------ Middle 1: 9.185921601775474e-6
08-Feb 08:09:34:INFO:root:Starting from 2.3017560285582033e-17
08-Feb 08:09:34:INFO:root:-- Outer 2: 0.027272123747305067
08-Feb 08:09:35:INFO:root:------ Middle 1: 1.5995236038248346e-5
08-Feb 08:09:35:INFO:root:Starting from 1.182792029986203e-17
08-Feb 08:09:35:INFO:root:-- Outer 1: 0.02018515947643822
08-Feb 08:09:35:INFO:root:------ Middle 1: 8.822503647614714e-6
08-Feb 08:09:35:INFO:root:Starting from 2.4354947771696078e-17
08-Feb 08:09:35:INFO:root:-- Outer 2: 0.02680637280862567
08-Feb 08:09:37:INFO:root:------ Middle 1: 1.5593062706809974e-5
08-Feb 08:09:37:INFO:root:Starting from 1.2150754409878461e-17
08-Feb 08:09:37:INFO:root:-- Outer 1: 0.019987044012836335
08-Feb 08:09:37:INFO:root:------ Middle 1: 8.595485678623038e-6
08-Feb 08:09:37:INFO:root:Starting from 2.1847649651252163e-17
08-Feb 08:09:37:INFO:root:-- Outer 2: 0.026838443943076277
08-Feb 08:09:37:INFO:root:------ Middle 1: 1.3469965190837059e-5
08-Feb 08:09:37:INFO:root:Starting from 1.2162639841459405e-17
08-Feb 08:09:37:INFO:root:-- Outer 1: 0.017792985452994587
08-Feb 08:09:38:INFO:root:------ Middle 1: 7.434461581645293e-6
08-Feb 08:09:38:INFO:root:Starting from 3.2592929907880404e-17
08-Feb 08:09:38:INFO:root:-- Outer 2: 0.023086357337370463
08-Feb 08:09:41:INFO:root:------ Middle 1: 1.42913013996279e-5
08-Feb 08:09:41:INFO:root:Starting from 1.2301645992775336e-17
08-Feb 08:09:41:INFO:root:-- Outer 1: 0.018696796617909947
08-Feb 08:09:41:INFO:root:------ Middle 1: 7.879257639820928e-6
08-Feb 08:09:41:INFO:root:------ Middle 1: 1.4955992616480285e-5
08-Feb 08:09:41:INFO:root:Starting from 2.4549701465585983e-17
08-Feb 08:09:41:INFO:root:-- Outer 2: 0.025187261527485908
08-Feb 08:09:41:INFO:root:Starting from 1.1876580023847733e-17
08-Feb 08:09:41:INFO:root:-- Outer 1: 0.01944738256852435
08-Feb 08:09:41:INFO:root:------ Middle 1: 1.2826932945641895e-5
08-Feb 08:09:41:INFO:root:Starting from 1.187926654902815e-17
08-Feb 08:09:41:INFO:root:------ Middle 1: 1.3882803942560671e-5
08-Feb 08:09:41:INFO:root:-- Outer 1: 0.01727495225535643
08-Feb 08:09:41:INFO:root:Starting from 1.2062419863945345e-17
08-Feb 08:09:41:INFO:root:-- Outer 1: 0.01826325945942567
08-Feb 08:09:41:INFO:root:------ Middle 1: 8.242523297052382e-6
08-Feb 08:09:41:INFO:root:Starting from 2.1063628607549846e-17
08-Feb 08:09:41:INFO:root:-- Outer 2: 0.02630852013944826
08-Feb 08:09:42:INFO:root:------ Middle 1: 7.079624282775461e-6
08-Feb 08:09:42:INFO:root:------ Middle 1: 7.658586680991667e-6
08-Feb 08:09:42:INFO:root:Starting from 3.0650529114047524e-17
08-Feb 08:09:42:INFO:root:Starting from 2.629372327840788e-17
08-Feb 08:09:42:INFO:root:-- Outer 2: 0.021912169372397462
08-Feb 08:09:42:INFO:root:-- Outer 2: 0.024267564682733223
08-Feb 08:09:42:INFO:root:------ Middle 1: 1.207083295013821e-5
08-Feb 08:09:42:INFO:root:Starting from 1.2113337729846825e-17
08-Feb 08:09:42:INFO:root:-- Outer 1: 0.016249045092494047
08-Feb 08:09:42:INFO:root:------ Middle 1: 1.4530502453651566e-5
08-Feb 08:09:42:INFO:root:Starting from 1.1895073594602602e-17
08-Feb 08:09:42:INFO:root:-- Outer 1: 0.01894543569021376
08-Feb 08:09:42:INFO:root:------ Middle 1: 6.663434087367774e-6
08-Feb 08:09:42:INFO:root:Starting from 2.3813843227397973e-17
08-Feb 08:09:42:INFO:root:-- Outer 2: 0.020385862623374464
08-Feb 08:09:43:INFO:root:------ Middle 1: 8.007922858507345e-6
08-Feb 08:09:43:INFO:root:Starting from 2.6122386455613586e-17
08-Feb 08:09:43:INFO:root:-- Outer 2: 0.025788696550477788
08-Feb 08:09:43:INFO:root:------ Middle 1: 4.653960238512408e-6
08-Feb 08:09:43:INFO:root:Starting from 1.5244395674693972e-17
08-Feb 08:09:43:INFO:root:-- Outer 3: 0.006348262198015167
08-Feb 08:09:43:INFO:root:------ Middle 1: 2.5742847214465905e-6
08-Feb 08:09:43:INFO:root:Starting from 1.8817726351902814e-17
08-Feb 08:09:43:INFO:root:-- Outer 4: 0.006015717733877795
08-Feb 08:09:47:INFO:root:------ Middle 1: 4.569357467347547e-6
08-Feb 08:09:47:INFO:root:Starting from 1.4099954848111892e-17
08-Feb 08:09:47:INFO:root:-- Outer 3: 0.006054341952965001
08-Feb 08:09:48:INFO:root:------ Middle 1: 2.5274839518747808e-6
08-Feb 08:09:48:INFO:root:Starting from 1.4404936762508308e-17
08-Feb 08:09:48:INFO:root:-- Outer 4: 0.005762416667899586
08-Feb 08:09:50:INFO:root:------ Middle 1: 6.569910635428116e-7
08-Feb 08:09:50:INFO:root:Starting from 1.470338997492081e-17
08-Feb 08:09:50:INFO:root:-- Outer 5: 0.0009605253108026739
08-Feb 08:09:50:INFO:root:END Outer loop
08-Feb 08:09:50:INFO:root:Model trade shares: [0.957246, 0.93048, 0.99176]
08-Feb 08:09:50:INFO:root:Data trade shares: [0.953126, 0.923314, 0.993566]
08-Feb 08:09:50:INFO:root:US prices: [0.983389, 0.888641, 0.884642]
08-Feb 08:09:50:INFO:root:in the data: [2.3065, 2.15345, 2.15345]
08-Feb 08:09:50:INFO:root:Nominal world expenditure: 6.231439467721203e6
08-Feb 08:09:50:INFO:root:--------------In the data: [2.91447e7]
08-Feb 08:09:50:INFO:root:--- Period 26 ---
08-Feb 08:09:50:INFO:root:BEGIN Outer loop
08-Feb 08:09:51:INFO:root:------ Middle 1: 4.599876942062726e-6
08-Feb 08:09:51:INFO:root:Starting from 1.6702658376795383e-17
08-Feb 08:09:51:INFO:root:-- Outer 3: 0.00661965478747251
08-Feb 08:09:51:INFO:root:------ Middle 1: 4.723968582081781e-6
08-Feb 08:09:51:INFO:root:Starting from 1.5389470426389798e-17
08-Feb 08:09:51:INFO:root:-- Outer 3: 0.006737151479950911
08-Feb 08:09:52:INFO:root:------ Middle 1: 2.5443926584778087e-6
08-Feb 08:09:52:INFO:root:Starting from 2.1321128524083103e-17
08-Feb 08:09:52:INFO:root:-- Outer 4: 0.006206090266235121
08-Feb 08:09:52:INFO:root:------ Middle 1: 2.61127221535397e-6
08-Feb 08:09:52:INFO:root:Starting from 1.9097841887260604e-17
08-Feb 08:09:52:INFO:root:-- Outer 4: 0.006335606641083371
08-Feb 08:09:52:INFO:root:------ Middle 1: 6.312689525561716e-7
08-Feb 08:09:52:INFO:root:Starting from 2.1356008333695197e-17
08-Feb 08:09:52:INFO:root:-- Outer 5: 0.001175872585825697
08-Feb 08:09:53:INFO:root:------ Middle 1: 3.5055488880158033e-7
08-Feb 08:09:53:INFO:root:Starting from 1.6183466530760443e-17
08-Feb 08:09:53:INFO:root:-- Outer 6: 0.001094395920817563
08-Feb 08:09:54:INFO:root:------ Middle 1: 3.663270332506042e-6
08-Feb 08:09:54:INFO:root:Starting from 1.7915261186295633e-17
08-Feb 08:09:54:INFO:root:-- Outer 3: 0.00495965891460722
08-Feb 08:09:55:INFO:root:------ Middle 1: 2.0279439774586724e-6
08-Feb 08:09:55:INFO:root:Starting from 2.304651002591039e-17
08-Feb 08:09:55:INFO:root:-- Outer 4: 0.0046627135291004325
08-Feb 08:09:55:INFO:root:------ Middle 1: 4.147748512065383e-7
08-Feb 08:09:55:INFO:root:------ Middle 1: 4.690304024872246e-6
08-Feb 08:09:55:INFO:root:Starting from 2.5978296178521286e-17
08-Feb 08:09:55:INFO:root:-- Outer 7: 0.000319795176230888
08-Feb 08:09:55:INFO:root:END Outer loop
08-Feb 08:09:55:INFO:root:Starting from 1.5467871625504037e-17
08-Feb 08:09:55:INFO:root:-- Outer 3: 0.007165795254429055
08-Feb 08:09:55:INFO:root:Model trade shares: [0.971731, 0.928538, 0.993589]
08-Feb 08:09:55:INFO:root:Data trade shares: [0.967576, 0.927756, 0.993556]
08-Feb 08:09:55:INFO:root:US prices: [1.14671, 0.905314, 0.898079]
08-Feb 08:09:55:INFO:root:in the data: [2.78451, 2.12334, 2.12334]
08-Feb 08:09:55:INFO:root:Nominal world expenditure: 5.286409184961462e6
08-Feb 08:09:55:INFO:root:--------------In the data: [2.5209e7]
08-Feb 08:09:55:INFO:root:--- Period 27 ---
08-Feb 08:09:55:INFO:root:BEGIN Outer loop
08-Feb 08:09:55:INFO:root:------ Middle 1: 2.593216742312385e-6
08-Feb 08:09:55:INFO:root:Starting from 1.807236271866975e-17
08-Feb 08:09:55:INFO:root:-- Outer 4: 0.006653723037466674
08-Feb 08:09:57:INFO:root:------ Middle 1: 4.277487902863689e-6
08-Feb 08:09:57:INFO:root:Starting from 1.7588947233116502e-17
08-Feb 08:09:57:INFO:root:-- Outer 3: 0.006659778617709295
08-Feb 08:09:57:INFO:root:------ Middle 1: 2.3657143482341678e-6
08-Feb 08:09:57:INFO:root:Starting from 1.6693489205513426e-17
08-Feb 08:09:57:INFO:root:-- Outer 4: 0.006122290969047957
08-Feb 08:09:58:INFO:root:------ Middle 1: 6.457024264909171e-7
08-Feb 08:09:58:INFO:root:Starting from 2.104552080834193e-17
08-Feb 08:09:58:INFO:root:-- Outer 5: 0.0015692787541296974
08-Feb 08:09:58:INFO:root:------ Middle 1: 3.6347865061480065e-7
08-Feb 08:09:58:INFO:root:Starting from 2.597237497640346e-17
08-Feb 08:09:58:INFO:root:-- Outer 6: 0.001458960015023601
08-Feb 08:09:58:INFO:root:------ Middle 1: 6.84124374218059e-7
08-Feb 08:09:58:INFO:root:Starting from 2.050709188589464e-17
08-Feb 08:09:58:INFO:root:-- Outer 5: 0.000844895137812079
08-Feb 08:09:58:INFO:root:END Outer loop
08-Feb 08:09:58:INFO:root:------ Middle 1: 3.4097639388341722e-6
08-Feb 08:09:58:INFO:root:Starting from 2.4060981498964766e-17
08-Feb 08:09:58:INFO:root:-- Outer 3: 0.004465068315077568
08-Feb 08:09:58:INFO:root:Model trade shares: [0.971233, 0.930025, 0.991243]
08-Feb 08:09:58:INFO:root:Data trade shares: [0.958317, 0.928046, 0.993489]
08-Feb 08:09:58:INFO:root:US prices: [0.959719, 0.876377, 0.896176]
08-Feb 08:09:58:INFO:root:in the data: [2.43661, 2.20422, 2.20422]
08-Feb 08:09:58:INFO:root:Nominal world expenditure: 6.541343389336166e6
08-Feb 08:09:58:INFO:root:--------------In the data: [3.25615e7]
08-Feb 08:09:59:INFO:root:--- Period 28 ---
08-Feb 08:09:59:INFO:root:BEGIN Outer loop
08-Feb 08:09:59:INFO:root:------ Middle 1: 3.082233108612521e-6
08-Feb 08:09:59:INFO:root:Starting from 2.8007008123689475e-17
08-Feb 08:09:59:INFO:root:-- Outer 3: 0.003734424054234863
08-Feb 08:09:59:INFO:root:------ Middle 1: 6.629262533497796e-7
08-Feb 08:09:59:INFO:root:Starting from 1.5750714900303787e-17
08-Feb 08:09:59:INFO:root:-- Outer 5: 0.0009225967717581744
08-Feb 08:09:59:INFO:root:END Outer loop
08-Feb 08:09:59:INFO:root:------ Middle 1: 1.8880272035889088e-6
08-Feb 08:09:59:INFO:root:Starting from 2.293838031932539e-17
08-Feb 08:09:59:INFO:root:-- Outer 4: 0.004227583018416195
08-Feb 08:09:59:INFO:root:Model trade shares: [0.963209, 0.92756, 0.994217]
08-Feb 08:09:59:INFO:root:Data trade shares: [0.960962, 0.931588, 0.993893]
08-Feb 08:09:59:INFO:root:US prices: [0.964844, 0.854349, 0.833545]
08-Feb 08:09:59:INFO:root:in the data: [2.50767, 2.31742, 2.31742]
08-Feb 08:09:59:INFO:root:Nominal world expenditure: 6.683229141929811e6
08-Feb 08:09:59:INFO:root:--------------In the data: [3.61928e7]
08-Feb 08:09:59:INFO:root:--- Period 29 ---
08-Feb 08:09:59:INFO:root:BEGIN Outer loop
08-Feb 08:09:59:INFO:root:------ Middle 1: 1.7085691630041243e-6
08-Feb 08:09:59:INFO:root:Starting from 2.74087741946571e-17
08-Feb 08:09:59:INFO:root:-- Outer 4: 0.0035804820229013872
08-Feb 08:09:59:INFO:root:------ Middle 1: 3.977947029863017e-6
08-Feb 08:09:59:INFO:root:Starting from 2.4722070104546335e-17
08-Feb 08:09:59:INFO:root:-- Outer 3: 0.005880536190899758
08-Feb 08:10:00:INFO:root:------ Middle 1: 4.664773896469523e-6
08-Feb 08:10:00:INFO:root:Starting from 1.5526258305614978e-17
08-Feb 08:10:00:INFO:root:------ Middle 1: 2.200798894222563e-6
08-Feb 08:10:00:INFO:root:-- Outer 3: 0.007221350843325399
08-Feb 08:10:00:INFO:root:Starting from 1.931040253722252e-17
08-Feb 08:10:00:INFO:root:-- Outer 4: 0.005442916693650932
08-Feb 08:10:00:INFO:root:------ Middle 1: 4.503079083076477e-6
08-Feb 08:10:00:INFO:root:Starting from 1.931338742732205e-17
08-Feb 08:10:00:INFO:root:-- Outer 3: 0.007147144860410728
08-Feb 08:10:00:INFO:root:------ Middle 1: 3.466605984280746e-7
08-Feb 08:10:00:INFO:root:Starting from 2.849068510006231e-17
08-Feb 08:10:00:INFO:root:-- Outer 7: 0.00038202179299305986
08-Feb 08:10:00:INFO:root:END Outer loop
08-Feb 08:10:00:INFO:root:Model trade shares: [0.956411, 0.926898, 0.987621]
08-Feb 08:10:00:INFO:root:Data trade shares: [0.955615, 0.931697, 0.991754]
08-Feb 08:10:00:INFO:root:US prices: [0.739841, 0.75224, 0.809614]
08-Feb 08:10:00:INFO:root:in the data: [2.59006, 2.59665, 2.59665]
08-Feb 08:10:00:INFO:root:Nominal world expenditure: 7.245784288282509e6
08-Feb 08:10:00:INFO:root:--------------In the data: [4.90999e7]
08-Feb 08:10:00:INFO:root:--- Period 30 ---
08-Feb 08:10:00:INFO:root:BEGIN Outer loop
08-Feb 08:10:00:INFO:root:------ Middle 1: 2.579013317154843e-6
08-Feb 08:10:00:INFO:root:Starting from 1.470547282113498e-17
08-Feb 08:10:00:INFO:root:-- Outer 4: 0.006660716662523086
08-Feb 08:10:00:INFO:root:------ Middle 1: 2.4895469008554316e-6
08-Feb 08:10:00:INFO:root:Starting from 1.996554520406751e-17
08-Feb 08:10:00:INFO:root:-- Outer 4: 0.0065643785094045125
08-Feb 08:10:01:INFO:root:------ Middle 1: 6.27264953771066e-7
08-Feb 08:10:01:INFO:root:Starting from 2.5101724191972978e-17
08-Feb 08:10:01:INFO:root:-- Outer 5: 0.0014615071016423973
08-Feb 08:10:01:INFO:root:------ Middle 1: 7.076578394508886e-7
08-Feb 08:10:01:INFO:root:Starting from 1.5853006949560667e-17
08-Feb 08:10:01:INFO:root:-- Outer 5: 0.001471553326049137
08-Feb 08:10:01:INFO:root:------ Middle 1: 3.531606886475599e-7
08-Feb 08:10:01:INFO:root:Starting from 2.6868566103420706e-17
08-Feb 08:10:01:INFO:root:-- Outer 6: 0.0013640848408764982
08-Feb 08:10:02:INFO:root:------ Middle 1: 3.914472062273311e-7
08-Feb 08:10:02:INFO:root:Starting from 1.533758369957083e-17
08-Feb 08:10:02:INFO:root:-- Outer 6: 0.0013567870717214993
08-Feb 08:10:02:INFO:root:------ Middle 1: 6.10846366820192e-7
08-Feb 08:10:02:INFO:root:Starting from 3.053192068969406e-17
08-Feb 08:10:02:INFO:root:-- Outer 5: 0.0013512327415018037
08-Feb 08:10:03:INFO:root:------ Middle 1: 3.424156560585088e-7
08-Feb 08:10:03:INFO:root:Starting from 2.7252159966815316e-17
08-Feb 08:10:03:INFO:root:-- Outer 6: 0.001273336121166229
08-Feb 08:10:03:INFO:root:------ Middle 1: 6.516684387094904e-7
08-Feb 08:10:03:INFO:root:Starting from 2.1630521501431012e-17
08-Feb 08:10:03:INFO:root:-- Outer 5: 0.0017136085887882512
08-Feb 08:10:03:INFO:root:------ Middle 1: 3.1807327386889847e-7
08-Feb 08:10:03:INFO:root:Starting from 3.512200468004757e-17
08-Feb 08:10:03:INFO:root:-- Outer 7: 0.00035936312601212887
08-Feb 08:10:03:INFO:root:END Outer loop
08-Feb 08:10:03:INFO:root:------ Middle 1: 3.6759318140759953e-7
08-Feb 08:10:03:INFO:root:Starting from 1.972858765116742e-17
08-Feb 08:10:03:INFO:root:-- Outer 6: 0.0015738047004437358
08-Feb 08:10:03:INFO:root:Model trade shares: [0.949962, 0.924089, 0.99144]
08-Feb 08:10:03:INFO:root:Data trade shares: [0.950579, 0.929714, 0.991388]
08-Feb 08:10:03:INFO:root:US prices: [0.806515, 0.759564, 0.750901]
08-Feb 08:10:03:INFO:root:in the data: [2.71827, 2.64842, 2.64842]
08-Feb 08:10:03:INFO:root:Nominal world expenditure: 7.807208852818035e6
08-Feb 08:10:03:INFO:root:--------------In the data: [5.43532e7]
08-Feb 08:10:03:INFO:root:------ Middle 1: 7.233148983381353e-7
08-Feb 08:10:03:INFO:root:--- Period 31 ---
08-Feb 08:10:03:INFO:root:Starting from 1.556821638812868e-17
08-Feb 08:10:03:INFO:root:-- Outer 5: 0.0009294811022365349
08-Feb 08:10:03:INFO:root:END Outer loop
08-Feb 08:10:03:INFO:root:BEGIN Outer loop
08-Feb 08:10:03:INFO:root:Model trade shares: [0.965812, 0.928071, 0.995484]
08-Feb 08:10:03:INFO:root:Data trade shares: [0.961578, 0.934257, 0.993842]
08-Feb 08:10:03:INFO:root:US prices: [0.906764, 0.899114, 0.891055]
08-Feb 08:10:03:INFO:root:in the data: [2.5813, 2.43608, 2.43608]
08-Feb 08:10:03:INFO:root:Nominal world expenditure: 6.798898267601095e6
08-Feb 08:10:03:INFO:root:--------------In the data: [3.7723e7]
08-Feb 08:10:03:INFO:root:--- Period 32 ---
08-Feb 08:10:03:INFO:root:BEGIN Outer loop
08-Feb 08:10:05:INFO:root:------ Middle 1: 2.7051711763886284e-7
08-Feb 08:10:05:INFO:root:Starting from 2.8375016337652365e-17
08-Feb 08:10:05:INFO:root:-- Outer 7: 0.0003873360719781534
08-Feb 08:10:05:INFO:root:END Outer loop
08-Feb 08:10:05:INFO:root:Model trade shares: [0.96488, 0.897522, 0.977327]
08-Feb 08:10:05:INFO:root:Data trade shares: [0.954902, 0.927282, 0.98849]
08-Feb 08:10:05:INFO:root:US prices: [0.715309, 0.811688, 0.835578]
08-Feb 08:10:05:INFO:root:in the data: [2.81662, 2.76323, 2.76323]
08-Feb 08:10:05:INFO:root:Nominal world expenditure: 7.6993499092508275e6
08-Feb 08:10:05:INFO:root:--------------In the data: [5.52518e7]
08-Feb 08:10:05:INFO:root:------ Middle 1: 5.181314877205343e-7
08-Feb 08:10:05:INFO:root:--- Period 33 ---
08-Feb 08:10:05:INFO:root:Starting from 2.5140851977270277e-17
08-Feb 08:10:05:INFO:root:-- Outer 7: 0.0003838786312607609
08-Feb 08:10:05:INFO:root:END Outer loop
08-Feb 08:10:05:INFO:root:BEGIN Outer loop
08-Feb 08:10:05:INFO:root:Model trade shares: [0.966897, 0.923523, 0.994355]
08-Feb 08:10:05:INFO:root:Data trade shares: [0.960491, 0.93458, 0.986591]
08-Feb 08:10:05:INFO:root:US prices: [0.782455, 0.791713, 0.712763]
08-Feb 08:10:05:INFO:root:in the data: [2.52256, 2.5595, 2.5595]
08-Feb 08:10:05:INFO:root:Nominal world expenditure: 7.198678726705676e6
08-Feb 08:10:05:INFO:root:--------------In the data: [4.55098e7]
08-Feb 08:10:05:INFO:root:--- Period 34 ---
08-Feb 08:10:05:INFO:root:BEGIN Outer loop
08-Feb 08:10:05:INFO:root:------ Middle 1: 4.3374679813504263e-7
08-Feb 08:10:05:INFO:root:Starting from 2.3217127573875108e-17
08-Feb 08:10:05:INFO:root:-- Outer 7: 0.00031096334994243336
08-Feb 08:10:05:INFO:root:END Outer loop
08-Feb 08:10:06:INFO:root:Model trade shares: [0.962415, 0.927736, 0.983077]
08-Feb 08:10:06:INFO:root:Data trade shares: [0.959588, 0.937566, 0.971212]
08-Feb 08:10:06:INFO:root:US prices: [0.822048, 0.772708, 0.875623]
08-Feb 08:10:06:INFO:root:in the data: [2.70826, 2.57595, 2.57595]
08-Feb 08:10:06:INFO:root:Nominal world expenditure: 6.98028192631989e6
08-Feb 08:10:06:INFO:root:--------------In the data: [4.5848e7]
08-Feb 08:10:06:INFO:root:--- Period 35 ---
08-Feb 08:10:06:INFO:root:BEGIN Outer loop
08-Feb 08:10:07:INFO:root:------ Middle 1: 7.443083924034748e-7
08-Feb 08:10:07:INFO:root:Starting from 2.429994656812446e-17
08-Feb 08:10:07:INFO:root:-- Outer 5: 0.0011166427325059326
08-Feb 08:10:07:INFO:root:------ Middle 1: 4.1528776953449406e-7
08-Feb 08:10:07:INFO:root:Starting from 1.7828808292864932e-17
08-Feb 08:10:07:INFO:root:-- Outer 6: 0.0010405227415547962
08-Feb 08:10:08:INFO:root:------ Middle 1: 7.351279582880762e-7
08-Feb 08:10:08:INFO:root:Starting from 1.339748785365249e-17
08-Feb 08:10:08:INFO:root:-- Outer 5: 0.0009692762126161307
08-Feb 08:10:08:INFO:root:END Outer loop
08-Feb 08:10:08:INFO:root:Model trade shares: [0.966809, 0.933091, 0.992016]
08-Feb 08:10:08:INFO:root:Data trade shares: [0.963666, 0.934551, 0.994086]
08-Feb 08:10:08:INFO:root:US prices: [0.90771, 0.895641, 0.82649]
08-Feb 08:10:08:INFO:root:in the data: [2.67778, 2.5352, 2.5352]
08-Feb 08:10:08:INFO:root:Nominal world expenditure: 7.192747548686661e6
08-Feb 08:10:08:INFO:root:--------------In the data: [4.12361e7]
08-Feb 08:10:08:INFO:root:--- Period 36 ---
08-Feb 08:10:08:INFO:root:BEGIN Outer loop
08-Feb 08:10:10:INFO:root:------ Middle 1: 4.3141026158099945e-7
08-Feb 08:10:10:INFO:root:Starting from 1.7034823846345887e-17
08-Feb 08:10:10:INFO:root:-- Outer 7: 0.000393753286934018
08-Feb 08:10:10:INFO:root:END Outer loop
08-Feb 08:10:10:INFO:root:Model trade shares: [0.962727, 0.927957, 0.993176]
08-Feb 08:10:10:INFO:root:Data trade shares: [0.960926, 0.936095, 0.990604]
08-Feb 08:10:10:INFO:root:US prices: [0.862688, 0.824716, 0.763869]
08-Feb 08:10:10:INFO:root:in the data: [2.54462, 2.53886, 2.53886]
08-Feb 08:10:10:INFO:root:Nominal world expenditure: 7.228303636186472e6
08-Feb 08:10:10:INFO:root:--------------In the data: [4.29516e7]
08-Feb 08:10:15:INFO:root:------ Middle 1: 1.1276925457240329e-5
08-Feb 08:10:15:INFO:root:Starting from 1.2231605730824439e-17
08-Feb 08:10:15:INFO:root:-- Outer 1: 0.015207576463419123
08-Feb 08:10:16:INFO:root:------ Middle 1: 6.225638400376869e-6
08-Feb 08:10:16:INFO:root:Starting from 2.912302344990621e-17
08-Feb 08:10:16:INFO:root:-- Outer 2: 0.019058968385573687
08-Feb 08:10:20:INFO:root:------ Middle 1: 1.0824130558275117e-5
08-Feb 08:10:20:INFO:root:Starting from 1.2332551327008977e-17
08-Feb 08:10:20:INFO:root:-- Outer 1: 0.014673713631820608
08-Feb 08:10:20:INFO:root:------ Middle 1: 5.977161993524894e-6
08-Feb 08:10:20:INFO:root:Starting from 2.3869703847600596e-17
08-Feb 08:10:20:INFO:root:-- Outer 2: 0.0183291047667041
08-Feb 08:10:24:INFO:root:------ Middle 1: 1.061049880875253e-5
08-Feb 08:10:24:INFO:root:Starting from 1.212522135158106e-17
08-Feb 08:10:24:INFO:root:-- Outer 1: 0.014459660589381447
08-Feb 08:10:25:INFO:root:------ Middle 1: 5.85759215589956e-6
08-Feb 08:10:25:INFO:root:Starting from 2.213226999081891e-17
08-Feb 08:10:25:INFO:root:-- Outer 2: 0.01814160904569633
08-Feb 08:10:27:INFO:root:------ Middle 1: 1.0607432290562527e-5
08-Feb 08:10:27:INFO:root:Starting from 1.1949861538443567e-17
08-Feb 08:10:27:INFO:root:-- Outer 1: 0.014393953129904874
08-Feb 08:10:27:INFO:root:------ Middle 1: 5.854406583052719e-6
08-Feb 08:10:27:INFO:root:Starting from 2.4491580503469017e-17
08-Feb 08:10:27:INFO:root:-- Outer 2: 0.01823186991035183
08-Feb 08:10:31:INFO:root:------ Middle 1: 1.0761729361432284e-5
08-Feb 08:10:31:INFO:root:Starting from 1.1403300715131008e-17
08-Feb 08:10:31:INFO:root:-- Outer 1: 0.014511741514795232
08-Feb 08:10:31:INFO:root:------ Middle 1: 5.936331034478676e-6
08-Feb 08:10:31:INFO:root:Starting from 2.231781930773716e-17
08-Feb 08:10:31:INFO:root:-- Outer 2: 0.018763413619088478
08-Feb 08:10:32:INFO:root:------ Middle 1: 2.8564462582978805e-6
08-Feb 08:10:32:INFO:root:Starting from 2.7445819130911653e-17
08-Feb 08:10:32:INFO:root:-- Outer 3: 0.003208600772607297
08-Feb 08:10:32:INFO:root:------ Middle 1: 9.0882682637584e-6
08-Feb 08:10:32:INFO:root:Starting from 1.2157695632895242e-17
08-Feb 08:10:32:INFO:root:-- Outer 1: 0.011624339927178614
08-Feb 08:10:32:INFO:root:------ Middle 1: 1.5859535247206172e-6
08-Feb 08:10:32:INFO:root:Starting from 3.0566624956013116e-17
08-Feb 08:10:32:INFO:root:-- Outer 4: 0.0031118907140641567
08-Feb 08:10:32:INFO:root:------ Middle 1: 5.017337310601386e-6
08-Feb 08:10:32:INFO:root:Starting from 2.5690549690910915e-17
08-Feb 08:10:32:INFO:root:-- Outer 2: 0.014124045062520085
08-Feb 08:10:33:INFO:root:------ Middle 1: 8.132259308032918e-6
08-Feb 08:10:33:INFO:root:Starting from 1.254089864812776e-17
08-Feb 08:10:33:INFO:root:-- Outer 1: 0.010428211582177169
08-Feb 08:10:34:INFO:root:------ Middle 1: 4.4897005938789546e-6
08-Feb 08:10:34:INFO:root:Starting from 2.655084629218961e-17
08-Feb 08:10:34:INFO:root:-- Outer 2: 0.012385887782434416
08-Feb 08:10:35:INFO:root:------ Middle 1: 1.0077474427617838e-5
08-Feb 08:10:35:INFO:root:Starting from 1.2368963281322436e-17
08-Feb 08:10:35:INFO:root:-- Outer 1: 0.012819881038355541
08-Feb 08:10:35:INFO:root:------ Middle 1: 2.69706262212101e-6
08-Feb 08:10:35:INFO:root:Starting from 2.407965189490436e-17
08-Feb 08:10:35:INFO:root:-- Outer 3: 0.002866828328190948
08-Feb 08:10:35:INFO:root:------ Middle 1: 6.230494325937633e-7
08-Feb 08:10:35:INFO:root:Starting from 2.944227211410655e-17
08-Feb 08:10:35:INFO:root:-- Outer 5: 0.0013160172186910278
08-Feb 08:10:35:INFO:root:------ Middle 1: 5.5614437101176725e-6
08-Feb 08:10:35:INFO:root:Starting from 2.4374237501285508e-17
08-Feb 08:10:35:INFO:root:-- Outer 2: 0.016211358730565745
08-Feb 08:10:35:INFO:root:------ Middle 1: 1.4987582517352744e-6
08-Feb 08:10:35:INFO:root:Starting from 2.61183757609658e-17
08-Feb 08:10:35:INFO:root:-- Outer 4: 0.002800772885688763
08-Feb 08:10:35:INFO:root:------ Middle 1: 3.493016716638151e-7
08-Feb 08:10:35:INFO:root:Starting from 2.690182927674956e-17
08-Feb 08:10:35:INFO:root:-- Outer 6: 0.0012524875664949135
08-Feb 08:10:35:INFO:root:------ Middle 1: 1.0757658992131155e-5
08-Feb 08:10:35:INFO:root:Starting from 1.2305564633650568e-17
08-Feb 08:10:35:INFO:root:-- Outer 1: 0.01391202053231274
08-Feb 08:10:36:INFO:root:------ Middle 1: 1.0779837080446001e-5
08-Feb 08:10:36:INFO:root:Starting from 1.2622515408941203e-17
08-Feb 08:10:36:INFO:root:-- Outer 1: 0.014160461083373092
08-Feb 08:10:36:INFO:root:------ Middle 1: 5.934883940459616e-6
08-Feb 08:10:36:INFO:root:Starting from 2.1651391594430282e-17
08-Feb 08:10:36:INFO:root:-- Outer 2: 0.018321404316059837
08-Feb 08:10:36:INFO:root:------ Middle 1: 5.946971333056272e-6
08-Feb 08:10:36:INFO:root:Starting from 3.1697752537279194e-17
08-Feb 08:10:36:INFO:root:-- Outer 2: 0.018549024014271182
08-Feb 08:10:36:INFO:root:------ Middle 1: 1.0574235274643823e-5
08-Feb 08:10:36:INFO:root:Starting from 1.3171572358963417e-17
08-Feb 08:10:36:INFO:root:-- Outer 1: 0.013582170107687542
08-Feb 08:10:37:INFO:root:------ Middle 1: 5.833906481786889e-6
08-Feb 08:10:37:INFO:root:Starting from 2.4573328230930236e-17
08-Feb 08:10:37:INFO:root:-- Outer 2: 0.017678848440196474
08-Feb 08:10:37:INFO:root:------ Middle 1: 2.420066477978893e-7
08-Feb 08:10:37:INFO:root:Starting from 3.037461058449854e-17
08-Feb 08:10:37:INFO:root:-- Outer 7: 0.00045010529378345136
08-Feb 08:10:37:INFO:root:END Outer loop
08-Feb 08:10:37:INFO:root:Model trade shares: [0.96042, 0.920182, 0.982131]
08-Feb 08:10:37:INFO:root:Data trade shares: [0.951101, 0.932187, 0.983861]
08-Feb 08:10:37:INFO:root:US prices: [0.751964, 0.739072, 0.816706]
08-Feb 08:10:37:INFO:root:in the data: [2.96009, 2.78199, 2.78199]
08-Feb 08:10:37:INFO:root:Nominal world expenditure: 7.569422325154406e6
08-Feb 08:10:37:INFO:root:--------------In the data: [5.49713e7]
08-Feb 08:10:38:INFO:root:------ Middle 1: 6.386755846198986e-7
08-Feb 08:10:38:INFO:root:Starting from 2.343759525885832e-17
08-Feb 08:10:38:INFO:root:-- Outer 5: 0.0012751994309405832
08-Feb 08:10:39:INFO:root:------ Middle 1: 3.580789568135644e-7
08-Feb 08:10:39:INFO:root:Starting from 2.5915011221502155e-17
08-Feb 08:10:39:INFO:root:-- Outer 6: 0.0012193829891990532
08-Feb 08:10:41:INFO:root:------ Middle 1: 2.6575829109783474e-6
08-Feb 08:10:41:INFO:root:Starting from 2.935360288138917e-17
08-Feb 08:10:41:INFO:root:-- Outer 3: 0.002971455423151233
08-Feb 08:10:41:INFO:root:------ Middle 1: 2.2420448506174095e-7
08-Feb 08:10:41:INFO:root:Starting from 3.114762154468443e-17
08-Feb 08:10:41:INFO:root:-- Outer 7: 0.00047858144724505924
08-Feb 08:10:41:INFO:root:END Outer loop
08-Feb 08:10:41:INFO:root:------ Middle 1: 1.4766284318800832e-6
08-Feb 08:10:41:INFO:root:Starting from 2.9668651569751535e-17
08-Feb 08:10:41:INFO:root:-- Outer 4: 0.002884243691267127
08-Feb 08:10:41:INFO:root:Model trade shares: [0.927796, 0.926387, 0.990204]
08-Feb 08:10:41:INFO:root:Data trade shares: [0.944757, 0.931965, 0.986375]
08-Feb 08:10:41:INFO:root:US prices: [0.819704, 0.70325, 0.748672]
08-Feb 08:10:41:INFO:root:in the data: [2.85731, 2.74066, 2.74066]
08-Feb 08:10:41:INFO:root:Nominal world expenditure: 7.559496441495774e6
08-Feb 08:10:41:INFO:root:--------------In the data: [5.4623e7]
08-Feb 08:10:43:INFO:root:------ Middle 1: 2.6299766068730024e-6
08-Feb 08:10:43:INFO:root:Starting from 2.866192906824668e-17
08-Feb 08:10:43:INFO:root:-- Outer 3: 0.003158909490070612
08-Feb 08:10:43:INFO:root:------ Middle 1: 1.4617600202481518e-6
08-Feb 08:10:44:INFO:root:Starting from 2.6476074469217786e-17
08-Feb 08:10:44:INFO:root:-- Outer 4: 0.0030444686314062457
08-Feb 08:10:44:INFO:root:------ Middle 1: 6.216753063307878e-7
08-Feb 08:10:44:INFO:root:Starting from 3.569070732965817e-17
08-Feb 08:10:44:INFO:root:-- Outer 5: 0.0012864452514488678
08-Feb 08:10:44:INFO:root:------ Middle 1: 3.488893131800001e-7
08-Feb 08:10:44:INFO:root:Starting from 2.688198986500502e-17
08-Feb 08:10:44:INFO:root:-- Outer 6: 0.0012253366221209538
08-Feb 08:10:45:INFO:root:------ Middle 1: 1.7181212796561574e-6
08-Feb 08:10:45:INFO:root:Starting from 2.7583214970436988e-17
08-Feb 08:10:45:INFO:root:-- Outer 3: 0.0011733684580471449
08-Feb 08:10:45:INFO:root:------ Middle 1: 9.587473015267257e-7
08-Feb 08:10:45:INFO:root:Starting from 3.208715712159401e-17
08-Feb 08:10:45:INFO:root:-- Outer 4: 0.0011789966492920824
08-Feb 08:10:46:INFO:root:------ Middle 1: 1.877966732813301e-6
08-Feb 08:10:46:INFO:root:Starting from 2.876561906269206e-17
08-Feb 08:10:46:INFO:root:-- Outer 3: 0.0015948645330785892
08-Feb 08:10:46:INFO:root:------ Middle 1: 1.0474955236751927e-6
08-Feb 08:10:46:INFO:root:Starting from 2.8701399698636575e-17
08-Feb 08:10:46:INFO:root:-- Outer 4: 0.0015924773697748478
08-Feb 08:10:46:INFO:root:------ Middle 1: 2.289390440105017e-7
08-Feb 08:10:46:INFO:root:Starting from 3.054956009326193e-17
08-Feb 08:10:46:INFO:root:-- Outer 7: 0.000465578419236924
08-Feb 08:10:46:INFO:root:END Outer loop
08-Feb 08:10:46:INFO:root:Model trade shares: [0.934773, 0.917396, 0.984468]
08-Feb 08:10:46:INFO:root:Data trade shares: [0.943324, 0.928045, 0.988948]
08-Feb 08:10:46:INFO:root:US prices: [0.845588, 0.752449, 0.750028]
08-Feb 08:10:46:INFO:root:in the data: [2.94743, 2.7898, 2.7898]
08-Feb 08:10:46:INFO:root:Nominal world expenditure: 7.929783746815894e6
08-Feb 08:10:46:INFO:root:--------------In the data: [5.65242e7]
08-Feb 08:10:47:INFO:root:------ Middle 1: 6.205686950447188e-7
08-Feb 08:10:47:INFO:root:Starting from 2.8894263277796265e-17
08-Feb 08:10:47:INFO:root:-- Outer 5: 0.0013359429807953077
08-Feb 08:10:47:INFO:root:------ Middle 1: 3.4932619502993407e-7
08-Feb 08:10:47:INFO:root:Starting from 2.8628586208483605e-17
08-Feb 08:10:47:INFO:root:-- Outer 6: 0.0012714232897074115
08-Feb 08:10:48:INFO:root:------ Middle 1: 5.80324795319722e-7
08-Feb 08:10:48:INFO:root:Starting from 2.944497409304403e-17
08-Feb 08:10:48:INFO:root:-- Outer 5: 0.0008511772975246621
08-Feb 08:10:48:INFO:root:END Outer loop
08-Feb 08:10:48:INFO:root:Model trade shares: [0.953029, 0.875182, 0.975293]
08-Feb 08:10:48:INFO:root:Data trade shares: [0.955026, 0.900005, 0.981768]
08-Feb 08:10:48:INFO:root:US prices: [1.12475, 0.904396, 0.969755]
08-Feb 08:10:48:INFO:root:in the data: [4.23838, 3.41193, 3.41193]
08-Feb 08:10:49:INFO:root:Nominal world expenditure: 1.4252832293267835e7
08-Feb 08:10:49:INFO:root:--------------In the data: [9.98292e7]
08-Feb 08:10:49:INFO:root:------ Middle 1: 2.7487761057529677e-6
08-Feb 08:10:49:INFO:root:Starting from 2.7496175855676908e-17
08-Feb 08:10:49:INFO:root:-- Outer 3: 0.0038496639877717317
08-Feb 08:10:49:INFO:root:------ Middle 1: 2.41684657467945e-7
08-Feb 08:10:49:INFO:root:------ Middle 1: 1.5258752821794282e-6
08-Feb 08:10:49:INFO:root:Starting from 3.1959622201790184e-17
08-Feb 08:10:49:INFO:root:Starting from 2.438868102920483e-17
08-Feb 08:10:49:INFO:root:-- Outer 7: 0.0004896806417639413
08-Feb 08:10:49:INFO:root:END Outer loop
08-Feb 08:10:49:INFO:root:-- Outer 4: 0.003630105168123598
08-Feb 08:10:49:INFO:root:Model trade shares: [0.952279, 0.918859, 0.985004]
08-Feb 08:10:49:INFO:root:Data trade shares: [0.949239, 0.924453, 0.987338]
08-Feb 08:10:49:INFO:root:US prices: [0.810235, 0.765226, 0.709143]
08-Feb 08:10:49:INFO:root:in the data: [2.95883, 2.79593, 2.79593]
08-Feb 08:10:49:INFO:root:Nominal world expenditure: 8.120926132238935e6
08-Feb 08:10:49:INFO:root:--------------In the data: [5.8302e7]
08-Feb 08:10:49:INFO:root:------ Middle 1: 5.830880705875829e-7
08-Feb 08:10:49:INFO:root:Starting from 2.885018492812482e-17
08-Feb 08:10:49:INFO:root:-- Outer 5: 0.0009966497058422842
08-Feb 08:10:49:INFO:root:END Outer loop
08-Feb 08:10:49:INFO:root:------ Middle 1: 2.201701371484112e-6
08-Feb 08:10:49:INFO:root:Starting from 2.855889663867284e-17
08-Feb 08:10:49:INFO:root:-- Outer 3: 0.0025956633981563688
08-Feb 08:10:49:INFO:root:Model trade shares: [0.948154, 0.880393, 0.975987]
08-Feb 08:10:49:INFO:root:Data trade shares: [0.954831, 0.902146, 0.983572]
08-Feb 08:10:49:INFO:root:US prices: [0.979387, 0.746986, 0.826976]
08-Feb 08:10:49:INFO:root:in the data: [3.88449, 3.20236, 3.20236]
08-Feb 08:10:49:INFO:root:Nominal world expenditure: 1.0943369340450464e7
08-Feb 08:10:49:INFO:root:--------------In the data: [8.8489e7]
08-Feb 08:10:50:INFO:root:------ Middle 1: 1.2251252525320577e-6
08-Feb 08:10:50:INFO:root:Starting from 2.771703237517228e-17
08-Feb 08:10:50:INFO:root:-- Outer 4: 0.00252089121159576
08-Feb 08:10:50:INFO:root:------ Middle 1: 2.659834254984756e-6
08-Feb 08:10:50:INFO:root:Starting from 2.6689195073151508e-17
08-Feb 08:10:50:INFO:root:-- Outer 3: 0.0038028334736976274
08-Feb 08:10:50:INFO:root:------ Middle 1: 1.4771052395957624e-6
08-Feb 08:10:50:INFO:root:Starting from 2.9670627889802207e-17
08-Feb 08:10:50:INFO:root:-- Outer 4: 0.003584699536988857
08-Feb 08:10:51:INFO:root:------ Middle 1: 2.5772811919303763e-6
08-Feb 08:10:51:INFO:root:Starting from 2.473998239305194e-17
08-Feb 08:10:51:INFO:root:-- Outer 3: 0.0037323932058455456
08-Feb 08:10:52:INFO:root:------ Middle 1: 1.431724459364208e-6
08-Feb 08:10:52:INFO:root:Starting from 3.029881703787957e-17
08-Feb 08:10:52:INFO:root:-- Outer 4: 0.003510097876213413
08-Feb 08:10:52:INFO:root:------ Middle 1: 6.124642762658019e-7
08-Feb 08:10:52:INFO:root:Starting from 3.0123859775355006e-17
08-Feb 08:10:52:INFO:root:-- Outer 5: 0.0014376829556881484
08-Feb 08:10:52:INFO:root:------ Middle 1: 3.4562347995408575e-7
08-Feb 08:10:52:INFO:root:Starting from 3.238037656901615e-17
08-Feb 08:10:52:INFO:root:-- Outer 6: 0.001347920785388689
08-Feb 08:10:52:INFO:root:------ Middle 1: 2.439532427845799e-6
08-Feb 08:10:52:INFO:root:Starting from 2.6460248087806112e-17
08-Feb 08:10:52:INFO:root:-- Outer 3: 0.003406824661501854
08-Feb 08:10:53:INFO:root:------ Middle 1: 5.79156013527241e-7
08-Feb 08:10:53:INFO:root:Starting from 3.0396368636475063e-17
08-Feb 08:10:53:INFO:root:-- Outer 5: 0.0012375920202332207
08-Feb 08:10:53:INFO:root:------ Middle 1: 1.3559782651360626e-6
08-Feb 08:10:53:INFO:root:Starting from 2.6391157496347774e-17
08-Feb 08:10:53:INFO:root:-- Outer 4: 0.00323187908914623
08-Feb 08:10:53:INFO:root:------ Middle 1: 3.251110798956293e-7
08-Feb 08:10:53:INFO:root:Starting from 3.042893300654428e-17
08-Feb 08:10:53:INFO:root:-- Outer 6: 0.0012016507696931986
08-Feb 08:10:53:INFO:root:------ Middle 1: 5.979449428192871e-7
08-Feb 08:10:53:INFO:root:Starting from 2.6868925838563656e-17
08-Feb 08:10:53:INFO:root:-- Outer 5: 0.0014563063560345227
08-Feb 08:10:54:INFO:root:------ Middle 1: 5.744038862007306e-7
08-Feb 08:10:54:INFO:root:Starting from 2.9620670430450005e-17
08-Feb 08:10:54:INFO:root:-- Outer 5: 0.0014436034820189821
08-Feb 08:10:54:INFO:root:------ Middle 1: 3.3718829337765527e-7
08-Feb 08:10:54:INFO:root:Starting from 2.754684169270717e-17
08-Feb 08:10:54:INFO:root:-- Outer 6: 0.0013695012562444664
08-Feb 08:10:54:INFO:root:------ Middle 1: 3.2366422728459927e-7
08-Feb 08:10:54:INFO:root:Starting from 3.0974214660789176e-17
08-Feb 08:10:54:INFO:root:-- Outer 6: 0.0013619859652096058
08-Feb 08:10:55:INFO:root:------ Middle 1: 2.9582552676884756e-7
08-Feb 08:10:55:INFO:root:Starting from 2.8618733024092694e-17
08-Feb 08:10:55:INFO:root:-- Outer 7: 0.00042703299895880005
08-Feb 08:10:55:INFO:root:END Outer loop
08-Feb 08:10:55:INFO:root:Model trade shares: [0.956984, 0.92394, 0.990627]
08-Feb 08:10:55:INFO:root:Data trade shares: [0.951781, 0.9268, 0.989231]
08-Feb 08:10:55:INFO:root:US prices: [0.752584, 0.741932, 0.658027]
08-Feb 08:10:55:INFO:root:in the data: [2.94894, 2.90959, 2.90959]
08-Feb 08:10:55:INFO:root:Nominal world expenditure: 7.857543492725944e6
08-Feb 08:10:55:INFO:root:--------------In the data: [5.76528e7]
08-Feb 08:10:55:INFO:root:------ Middle 1: 2.2078228347734522e-7
08-Feb 08:10:55:INFO:root:Starting from 2.4538849647777283e-17
08-Feb 08:10:55:INFO:root:-- Outer 7: 0.0005485543042638448
08-Feb 08:10:55:INFO:root:END Outer loop
08-Feb 08:10:56:INFO:root:Model trade shares: [0.963057, 0.903095, 0.978252]
08-Feb 08:10:56:INFO:root:Data trade shares: [0.956446, 0.911974, 0.985299]
08-Feb 08:10:56:INFO:root:US prices: [0.766964, 0.648516, 0.721104]
08-Feb 08:10:56:INFO:root:in the data: [3.74316, 3.20378, 3.20378]
08-Feb 08:10:56:INFO:root:Nominal world expenditure: 9.16186584247189e6
08-Feb 08:10:56:INFO:root:--------------In the data: [8.18345e7]
08-Feb 08:10:56:INFO:root:------ Middle 1: 5.637086956201735e-7
08-Feb 08:10:56:INFO:root:Starting from 2.800391866124403e-17
08-Feb 08:10:56:INFO:root:-- Outer 5: 0.0013964845174055966
08-Feb 08:10:56:INFO:root:------ Middle 1: 3.044646253150385e-7
08-Feb 08:10:56:INFO:root:Starting from 2.944929027384157e-17
08-Feb 08:10:56:INFO:root:-- Outer 7: 0.0004358083809910588
08-Feb 08:10:56:INFO:root:END Outer loop
08-Feb 08:10:56:INFO:root:------ Middle 1: 3.169566153515376e-7
08-Feb 08:10:56:INFO:root:Starting from 2.7359925428515842e-17
08-Feb 08:10:56:INFO:root:-- Outer 6: 0.001330286559920918
08-Feb 08:10:56:INFO:root:Model trade shares: [0.93415, 0.924583, 0.975184]
08-Feb 08:10:56:INFO:root:Data trade shares: [0.946294, 0.923226, 0.982471]
08-Feb 08:10:56:INFO:root:US prices: [0.699783, 0.66637, 0.749943]
08-Feb 08:10:56:INFO:root:in the data: [2.69951, 2.89119, 2.89119]
08-Feb 08:10:56:INFO:root:Nominal world expenditure: 7.457643140602156e6
08-Feb 08:10:56:INFO:root:--------------In the data: [5.96564e7]
08-Feb 08:10:56:INFO:root:------ Middle 1: 2.9656167841339237e-7
08-Feb 08:10:56:INFO:root:Starting from 2.976263024338236e-17
08-Feb 08:10:56:INFO:root:-- Outer 7: 0.00046356524995548484
08-Feb 08:10:56:INFO:root:END Outer loop
08-Feb 08:10:57:INFO:root:Model trade shares: [0.95967, 0.927786, 0.973343]
08-Feb 08:10:57:INFO:root:Data trade shares: [0.95138, 0.919234, 0.983181]
08-Feb 08:10:57:INFO:root:US prices: [0.671487, 0.655935, 0.7399]
08-Feb 08:10:57:INFO:root:in the data: [3.11354, 3.01039, 3.01039]
08-Feb 08:10:57:INFO:root:Nominal world expenditure: 7.992120750212723e6
08-Feb 08:10:57:INFO:root:--------------In the data: [6.70931e7]
08-Feb 08:10:59:INFO:root:------ Middle 1: 2.783788300136284e-7
08-Feb 08:10:59:INFO:root:Starting from 2.9270602739832767e-17
08-Feb 08:10:59:INFO:root:-- Outer 7: 0.0004809309298063986
08-Feb 08:10:59:INFO:root:END Outer loop
08-Feb 08:10:59:INFO:root:Model trade shares: [0.968103, 0.916818, 0.972835]
08-Feb 08:10:59:INFO:root:Data trade shares: [0.95528, 0.914832, 0.982791]
08-Feb 08:10:59:INFO:root:US prices: [0.633942, 0.64769, 0.730778]
08-Feb 08:10:59:INFO:root:in the data: [3.32883, 3.15407, 3.15407]
08-Feb 08:10:59:INFO:root:Nominal world expenditure: 8.592427540494032e6
08-Feb 08:10:59:INFO:root:--------------In the data: [7.56745e7]
172.456028 seconds (923.46 k allocations: 747.506 MiB, 0.26% gc time)
