WARNING: Method definition warn(Any...) in module Base at util.jl:589 overwritten in module Logging at //////////////////////////////////////////////////////////home/ubuntu/JuliaPro-0.6.2.1/JuliaPro/pkgs-0.6.2.1/v0.6/Logging/src/Logging.jl:115.
WARNING: Method definition info(Any...) in module Base at util.jl:534 overwritten in module Logging at //////////////////////////////////////////////////////////home/ubuntu/JuliaPro-0.6.2.1/JuliaPro/pkgs-0.6.2.1/v0.6/Logging/src/Logging.jl:115.
WARNING: Method definition warn(Any...) in module Base at util.jl:589 overwritten in module Logging at //////////////////////////////////////////////////////////home/ubuntu/JuliaPro-0.6.2.1/JuliaPro/pkgs-0.6.2.1/v0.6/Logging/src/Logging.jl:115.
WARNING: Method definition info(Any...) in module Base at util.jl:534 overwritten in module Logging at //////////////////////////////////////////////////////////home/ubuntu/JuliaPro-0.6.2.1/JuliaPro/pkgs-0.6.2.1/v0.6/Logging/src/Logging.jl:115.
WARNING: Method definition warn(Any...) in module Base at util.jl:589 overwritten in module Logging at //////////////////////////////////////////////////////////home/ubuntu/JuliaPro-0.6.2.1/JuliaPro/pkgs-0.6.2.1/v0.6/Logging/src/Logging.jl:115.
WARNING: Method definition info(Any...) in module Base at util.jl:534 overwritten in module Logging at //////////////////////////////////////////////////////////home/ubuntu/JuliaPro-0.6.2.1/JuliaPro/pkgs-0.6.2.1/v0.6/Logging/src/Logging.jl:115.
WARNING: Method definition warn(Any...) in module Base at util.jl:589 overwritten in module Logging at //////////////////////////////////////////////////////////home/ubuntu/JuliaPro-0.6.2.1/JuliaPro/pkgs-0.6.2.1/v0.6/Logging/src/Logging.jl:115.
WARNING: Method definition info(Any...) in module Base at util.jl:534 overwritten in module Logging at //////////////////////////////////////////////////////////home/ubuntu/JuliaPro-0.6.2.1/JuliaPro/pkgs-0.6.2.1/v0.6/Logging/src/Logging.jl:115.
WARNING: Method definition warn(Any...) in module Base at util.jl:589 overwritten in module Logging at //////////////////////////////////////////////////////////home/ubuntu/JuliaPro-0.6.2.1/JuliaPro/pkgs-0.6.2.1/v0.6/Logging/src/Logging.jl:115.
WARNING: Method definition warn(Any...) in module BaseWARNING: Method definition  at util.jl:589info overwritten( in module LoggingAny at //////////////////////////////////////////////////////////home/ubuntu/JuliaPro-0.6.2.1/JuliaPro/pkgs-0.6.2.1/v0.6/Logging/src/Logging.jl:115....
) in module Base at util.jl:534 overwritten in module Logging at //////////////////////////////////////////////////////////home/ubuntu/JuliaPro-0.6.2.1/JuliaPro/pkgs-0.6.2.1/v0.6/Logging/src/Logging.jl:115.
WARNING: Method definition info(Any...) in module Base at util.jl:534 overwritten in module Logging at //////////////////////////////////////////////////////////home/ubuntu/JuliaPro-0.6.2.1/JuliaPro/pkgs-0.6.2.1/v0.6/Logging/src/Logging.jl:115.
WARNING: Method definition warn(Any...) in module Base at util.jl:589 overwritten in module Logging at //////////////////////////////////////////////////////////home/ubuntu/JuliaPro-0.6.2.1/JuliaPro/pkgs-0.6.2.1/v0.6/Logging/src/Logging.jl:115.
WARNING: Method definition info(Any...) in module Base at util.jl:534 overwritten in module Logging at //////////////////////////////////////////////////////////home/ubuntu/JuliaPro-0.6.2.1/JuliaPro/pkgs-0.6.2.1/v0.6/Logging/src/Logging.jl:115.
WARNING: Method definition warn(Any...) in module Base at util.jl:589 overwritten in module Logging at //////////////////////////////////////////////////////////home/ubuntu/JuliaPro-0.6.2.1/JuliaPro/pkgs-0.6.2.1/v0.6/Logging/src/Logging.jl:115.
WARNING: Method definition info(Any...) in module Base at util.jl:534 overwritten in module Logging at //////////////////////////////////////////////////////////home/ubuntu/JuliaPro-0.6.2.1/JuliaPro/pkgs-0.6.2.1/v0.6/Logging/src/Logging.jl:115.
WARNING: Method definition warn(Any...) in module Base at util.jl:589 overwritten in module Logging at //////////////////////////////////////////////////////////home/ubuntu/JuliaPro-0.6.2.1/JuliaPro/pkgs-0.6.2.1/v0.6/Logging/src/Logging.jl:115.
WARNING: Method definition info(Any...) in module Base at util.jl:534 overwritten in module Logging at //////////////////////////////////////////////////////////home/ubuntu/JuliaPro-0.6.2.1/JuliaPro/pkgs-0.6.2.1/v0.6/Logging/src/Logging.jl:115.
WARNING: Method definition warn(Any...) in module Base at util.jl:589 overwritten in module Logging at //////////////////////////////////////////////////////////home/ubuntu/JuliaPro-0.6.2.1/JuliaPro/pkgs-0.6.2.1/v0.6/Logging/src/Logging.jl:115.
WARNING: Method definition info(Any...) in module Base at util.jl:534 overwritten in module Logging at //////////////////////////////////////////////////////////home/ubuntu/JuliaPro-0.6.2.1/JuliaPro/pkgs-0.6.2.1/v0.6/Logging/src/Logging.jl:115.
WARNING: Method definition warn(Any...) in module Base at util.jl:589 overwritten in module Logging at //////////////////////////////////////////////////////////home/ubuntu/JuliaPro-0.6.2.1/JuliaPro/pkgs-0.6.2.1/v0.6/Logging/src/Logging.jl:115.
WARNING: Method definition info(Any...) in module Base at util.jl:534 overwritten in module Logging at //////////////////////////////////////////////////////////home/ubuntu/JuliaPro-0.6.2.1/JuliaPro/pkgs-0.6.2.1/v0.6/Logging/src/Logging.jl:115.
WARNING: Method definition warn(Any...) in module Base at util.jl:589 overwritten in module Logging at //////////////////////////////////////////////////////////home/ubuntu/JuliaPro-0.6.2.1/JuliaPro/pkgs-0.6.2.1/v0.6/Logging/src/Logging.jl:115.
WARNING: Method definition info(Any...) in module Base at util.jl:534 overwritten in module Logging at //////////////////////////////////////////////////////////home/ubuntu/JuliaPro-0.6.2.1/JuliaPro/pkgs-0.6.2.1/v0.6/Logging/src/Logging.jl:115.
WARNING: Method definition warn(Any...) in module Base at util.jl:589 overwritten in module Logging at //////////////////////////////////////////////////////////home/ubuntu/JuliaPro-0.6.2.1/JuliaPro/pkgs-0.6.2.1/v0.6/Logging/src/Logging.jl:115.
WARNING: Method definition info(Any...) in module Base at util.jl:534 overwritten in module Logging at //////////////////////////////////////////////////////////home/ubuntu/JuliaPro-0.6.2.1/JuliaPro/pkgs-0.6.2.1/v0.6/Logging/src/Logging.jl:115.
08-Feb 08:24:33:INFO:root:--- Period 11 ---
08-Feb 08:24:33:INFO:root:--- Period 5 ---
08-Feb 08:24:33:INFO:root:--- Period 6 ---
08-Feb 08:24:33:INFO:root:--- Period 7 ---
08-Feb 08:24:33:INFO:root:--- Period 3 ---
08-Feb 08:24:33:INFO:root:--- Period 8 ---
08-Feb 08:24:33:INFO:root:--- Period 4 ---
08-Feb 08:24:33:INFO:root:--- Period 9 ---
08-Feb 08:24:33:INFO:root:--- Period 2 ---
08-Feb 08:24:33:INFO:root:--- Period 1 ---
08-Feb 08:24:33:INFO:root:--- Period 10 ---
08-Feb 08:24:33:INFO:root:--- Period 12 ---
08-Feb 08:24:37:INFO:root:BEGIN Outer loop
08-Feb 08:24:37:INFO:root:BEGIN Outer loop
08-Feb 08:24:37:INFO:root:BEGIN Outer loop
08-Feb 08:24:37:INFO:root:BEGIN Outer loop
08-Feb 08:24:37:INFO:root:BEGIN Outer loop
08-Feb 08:24:37:INFO:root:BEGIN Outer loop
08-Feb 08:24:37:INFO:root:BEGIN Outer loop
08-Feb 08:24:37:INFO:root:BEGIN Outer loop
08-Feb 08:24:38:INFO:root:BEGIN Outer loop
08-Feb 08:24:38:INFO:root:BEGIN Outer loop
08-Feb 08:24:38:INFO:root:BEGIN Outer loop
08-Feb 08:24:38:INFO:root:BEGIN Outer loop
08-Feb 08:24:43:INFO:root:------ Middle 1: 0.00535472199386803
08-Feb 08:24:43:INFO:root:------ Middle 2: 0.003371592305146923
08-Feb 08:24:43:INFO:root:------ Middle 3: 0.0018574582700222717
08-Feb 08:24:43:INFO:root:------ Middle 4: 0.0014378078496180128
08-Feb 08:24:43:INFO:root:------ Middle 5: 0.0008013114284127984
08-Feb 08:24:43:INFO:root:------ Middle 6: 0.0006317157913711365
08-Feb 08:24:43:INFO:root:------ Middle 7: 0.0003517182771047615
08-Feb 08:24:43:INFO:root:------ Middle 8: 0.00030425565735659165
08-Feb 08:24:43:INFO:root:------ Middle 9: 0.00016898684220569053
08-Feb 08:24:44:INFO:root:Starting from 1.48909818745564e-17
08-Feb 08:24:45:INFO:root:-- Outer 1: 0.040660555273459166
08-Feb 08:24:45:INFO:root:------ Middle 1: 0.0025250213174799153
08-Feb 08:24:45:INFO:root:------ Middle 2: 0.0008802392641471074
08-Feb 08:24:45:INFO:root:------ Middle 3: 0.0004941004391291463
08-Feb 08:24:45:INFO:root:------ Middle 4: 0.0003868144250786789
08-Feb 08:24:45:INFO:root:------ Middle 5: 0.00020806500276101286
08-Feb 08:24:45:INFO:root:Starting from 1.6412604190924578e-17
08-Feb 08:24:45:INFO:root:-- Outer 2: 0.017473534754933236
08-Feb 08:24:45:INFO:root:------ Middle 1: 0.0005505247809604007
08-Feb 08:24:45:INFO:root:------ Middle 2: 0.00033092488805965236
08-Feb 08:24:45:INFO:root:------ Middle 3: 0.00019751720902444182
08-Feb 08:24:45:INFO:root:Starting from 1.0777791797314278e-17
08-Feb 08:24:45:INFO:root:-- Outer 3: 0.00731029329889816
08-Feb 08:24:45:INFO:root:------ Middle 1: 0.00016536216338564711
08-Feb 08:24:45:INFO:root:Starting from 1.0720052139273665e-17
08-Feb 08:24:45:INFO:root:-- Outer 4: 0.007209539619925192
08-Feb 08:24:45:INFO:root:------ Middle 1: 0.000210104795243634
08-Feb 08:24:45:INFO:root:Starting from 1.1630212734308273e-17
08-Feb 08:24:45:INFO:root:-- Outer 5: 0.0014968035889224424
08-Feb 08:24:45:INFO:root:------ Middle 1: 0.0001874474880300832
08-Feb 08:24:45:INFO:root:Starting from 9.843355407202715e-18
08-Feb 08:24:45:INFO:root:-- Outer 6: 0.0016454030761997775
08-Feb 08:24:45:INFO:root:------ Middle 1: 0.00011237200394347841
08-Feb 08:24:45:INFO:root:Starting from 1.3875215066126594e-17
08-Feb 08:24:45:INFO:root:-- Outer 7: 0.00021800370710271783
08-Feb 08:24:45:INFO:root:END Outer loop
08-Feb 08:24:46:INFO:root:Model trade shares: [0.971358, 0.942021, 0.995651]
08-Feb 08:24:46:INFO:root:Data trade shares: [0.970499, 0.941882, 0.994321]
08-Feb 08:24:46:INFO:root:US prices: [1.01727, 1.01623, 1.01572]
08-Feb 08:24:46:INFO:root:in the data: [1.0, 1.0, 1.0]
08-Feb 08:24:46:INFO:root:Nominal world expenditure: 8.23554260368201e6
08-Feb 08:24:46:INFO:root:--------------In the data: [8.33469e6]
08-Feb 08:24:47:INFO:root:--- Period 13 ---
08-Feb 08:24:47:INFO:root:BEGIN Outer loop
08-Feb 08:25:19:INFO:root:------ Middle 1: 0.003699940471303992
08-Feb 08:25:20:INFO:root:------ Middle 1: 0.004247156818790893
08-Feb 08:25:21:INFO:root:------ Middle 1: 0.0042084114115197
08-Feb 08:25:22:INFO:root:------ Middle 1: 0.004430914275828627
08-Feb 08:25:23:INFO:root:------ Middle 1: 0.004020474971955236
08-Feb 08:25:24:INFO:root:------ Middle 1: 0.0037543836851831446
08-Feb 08:25:25:INFO:root:------ Middle 2: 0.002624767003096597
08-Feb 08:25:25:INFO:root:------ Middle 3: 0.0014483384407521585
08-Feb 08:25:25:INFO:root:------ Middle 1: 0.004867052492694138
08-Feb 08:25:25:INFO:root:------ Middle 2: 0.002676168009916349
08-Feb 08:25:26:INFO:root:------ Middle 1: 0.00440432028477082
08-Feb 08:25:26:INFO:root:------ Middle 2: 0.00234345421159855
08-Feb 08:25:26:INFO:root:------ Middle 4: 0.001126353908746218
08-Feb 08:25:27:INFO:root:------ Middle 5: 0.000627282686446989
08-Feb 08:25:27:INFO:root:------ Middle 1: 0.004657377197283707
08-Feb 08:25:27:INFO:root:------ Middle 1: 0.005079988280709362
08-Feb 08:25:28:INFO:root:------ Middle 3: 0.0016948316891903911
08-Feb 08:25:28:INFO:root:------ Middle 1: 0.0038908286633845164
08-Feb 08:25:29:INFO:root:------ Middle 6: 0.000517136856672258
08-Feb 08:25:29:INFO:root:------ Middle 3: 0.001506604977607364
08-Feb 08:25:29:INFO:root:------ Middle 7: 0.0002860539020164187
08-Feb 08:25:29:INFO:root:------ Middle 1: 0.003626278033121669
08-Feb 08:25:29:INFO:root:Starting from 1.2056526041954329e-17
08-Feb 08:25:29:INFO:root:------ Middle 4: 0.0010749547710607289
08-Feb 08:25:30:INFO:root:------ Middle 2: 0.0023948941051361583
08-Feb 08:25:30:INFO:root:------ Middle 5: 0.0005962295958550046
08-Feb 08:25:30:INFO:root:-- Outer 1: 0.027270920446703484
08-Feb 08:25:30:INFO:root:------ Middle 2: 0.003068017124649507
08-Feb 08:25:30:INFO:root:------ Middle 2: 0.002771984028908767
08-Feb 08:25:31:INFO:root:------ Middle 3: 0.001511600033954788
08-Feb 08:25:31:INFO:root:------ Middle 4: 0.0009736587010188461
08-Feb 08:25:31:INFO:root:------ Middle 4: 0.0008380931481216931
08-Feb 08:25:31:INFO:root:------ Middle 6: 0.0004786756049143701
08-Feb 08:25:31:INFO:root:------ Middle 7: 0.0003114256751568966
08-Feb 08:25:32:INFO:root:------ Middle 3: 0.0019147029817830814
08-Feb 08:25:32:INFO:root:------ Middle 4: 0.001060330984406815
08-Feb 08:25:32:INFO:root:------ Middle 8: 0.00024840718512327643
08-Feb 08:25:33:INFO:root:------ Middle 5: 0.0006761636105006833
08-Feb 08:25:33:INFO:root:------ Middle 2: 0.002927845195523199
08-Feb 08:25:33:INFO:root:Starting from 1.2128279172834156e-17
08-Feb 08:25:33:INFO:root:------ Middle 1: 0.0008427444138672102
08-Feb 08:25:33:INFO:root:------ Middle 6: 0.0003771020873914875
08-Feb 08:25:33:INFO:root:------ Middle 2: 0.002325547299891141
08-Feb 08:25:33:INFO:root:------ Middle 2: 0.0024777853434155644
08-Feb 08:25:33:INFO:root:------ Middle 2: 0.00046299501547506785
08-Feb 08:25:33:INFO:root:------ Middle 3: 0.0017540412866609667
08-Feb 08:25:33:INFO:root:-- Outer 1: 0.02901367896183357
08-Feb 08:25:33:INFO:root:------ Middle 5: 0.0006354855375315649
08-Feb 08:25:33:INFO:root:------ Middle 4: 0.0009655547199689217
08-Feb 08:25:33:INFO:root:------ Middle 7: 0.0003295410412424055
08-Feb 08:25:33:INFO:root:------ Middle 1: 0.004036371363260123
08-Feb 08:25:33:INFO:root:------ Middle 5: 0.0008396772373056105
08-Feb 08:25:34:INFO:root:------ Middle 6: 0.0004660969727888758
08-Feb 08:25:34:INFO:root:------ Middle 8: 0.00018681974116734838
08-Feb 08:25:34:INFO:root:------ Middle 3: 0.0003254565599210029
08-Feb 08:25:34:INFO:root:------ Middle 4: 0.00018082003169820636
08-Feb 08:25:34:INFO:root:Starting from 1.404614424183283e-17
08-Feb 08:25:34:INFO:root:-- Outer 2: 0.012747882796954796
08-Feb 08:25:34:INFO:root:Starting from 1.2172138543470395e-17
08-Feb 08:25:34:INFO:root:------ Middle 3: 0.0018292113922422865
08-Feb 08:25:34:INFO:root:------ Middle 4: 0.0010279406539507303
08-Feb 08:25:34:INFO:root:------ Middle 1: 0.0008986828790183062
08-Feb 08:25:34:INFO:root:-- Outer 1: 0.026642708951328396
08-Feb 08:25:34:INFO:root:------ Middle 7: 0.0004029553554392608
08-Feb 08:25:35:INFO:root:------ Middle 2: 0.003201191627722872
08-Feb 08:25:35:INFO:root:------ Middle 1: 0.0036751579404180838
08-Feb 08:25:35:INFO:root:------ Middle 3: 0.0014693057579922074
08-Feb 08:25:35:INFO:root:------ Middle 5: 0.0007529766288182299
08-Feb 08:25:35:INFO:root:------ Middle 6: 0.0004478041246432645
08-Feb 08:25:35:INFO:root:------ Middle 8: 0.0002215754479550324
08-Feb 08:25:35:INFO:root:------ Middle 6: 0.0004497040951884886
08-Feb 08:25:35:INFO:root:------ Middle 3: 0.0015937755951755544
08-Feb 08:25:35:INFO:root:Starting from 1.2229162830366576e-17
08-Feb 08:25:35:INFO:root:------ Middle 2: 0.000980335443571921
08-Feb 08:25:36:INFO:root:------ Middle 5: 0.000797461356283212
08-Feb 08:25:36:INFO:root:------ Middle 7: 0.0003718561903177451
08-Feb 08:25:36:INFO:root:-- Outer 1: 0.034995116176176885
08-Feb 08:25:36:INFO:root:------ Middle 6: 0.000442116442857084
08-Feb 08:25:36:INFO:root:------ Middle 1: 0.0024945895005656967
08-Feb 08:25:36:INFO:root:------ Middle 8: 0.00027212664594012737
08-Feb 08:25:36:INFO:root:------ Middle 2: 0.00019341130724735827
08-Feb 08:25:36:INFO:root:Starting from 1.775302273447061e-17
08-Feb 08:25:36:INFO:root:-- Outer 3: 0.006340257519048785
08-Feb 08:25:36:INFO:root:------ Middle 4: 0.0009538695719092259
08-Feb 08:25:36:INFO:root:------ Middle 3: 0.0005691633100965785
08-Feb 08:25:36:INFO:root:------ Middle 7: 0.0003861090593833606
08-Feb 08:25:36:INFO:root:------ Middle 1: 0.0003863055420626791
08-Feb 08:25:37:INFO:root:Starting from 1.1818832447908885e-17
08-Feb 08:25:37:INFO:root:------ Middle 4: 0.0003062865840491634
08-Feb 08:25:37:INFO:root:------ Middle 7: 0.0002817345881224802
08-Feb 08:25:37:INFO:root:------ Middle 5: 0.0001758271135863046
08-Feb 08:25:37:INFO:root:Starting from 1.746927003246353e-17
08-Feb 08:25:37:INFO:root:-- Outer 2: 0.013726133742413974
08-Feb 08:25:37:INFO:root:------ Middle 3: 0.002012173648856716
08-Feb 08:25:37:INFO:root:------ Middle 4: 0.0010125226531962777
08-Feb 08:25:37:INFO:root:-- Outer 1: 0.029950491261964845
08-Feb 08:25:37:INFO:root:------ Middle 1: 0.0008048907629904662
08-Feb 08:25:37:INFO:root:------ Middle 5: 0.0005632784843958508
08-Feb 08:25:37:INFO:root:Starting from 1.2337471391356258e-17
08-Feb 08:25:37:INFO:root:------ Middle 8: 0.0002323574254176107
08-Feb 08:25:37:INFO:root:------ Middle 1: 0.004073620123035818
08-Feb 08:25:38:INFO:root:------ Middle 2: 0.0008456685253632083
08-Feb 08:25:38:INFO:root:-- Outer 1: 0.026523775617033948
08-Feb 08:25:38:INFO:root:Starting from 1.2038766604457075e-17
08-Feb 08:25:38:INFO:root:------ Middle 3: 0.0004676526849548045
08-Feb 08:25:38:INFO:root:------ Middle 6: 0.0004698520786297307
08-Feb 08:25:38:INFO:root:------ Middle 5: 0.0006414539794335241
08-Feb 08:25:38:INFO:root:------ Middle 6: 0.00034734907956169377
08-Feb 08:25:38:INFO:root:------ Middle 2: 0.00017109635157359915
08-Feb 08:25:38:INFO:root:Starting from 1.832551651730413e-17
08-Feb 08:25:38:INFO:root:-- Outer 4: 0.0028033583829913254
08-Feb 08:25:38:INFO:root:-- Outer 1: 0.03306640607066401
08-Feb 08:25:38:INFO:root:------ Middle 1: 0.00019908102261312544
08-Feb 08:25:38:INFO:root:Starting from 1.4251653022132327e-17
08-Feb 08:25:38:INFO:root:-- Outer 5: 0.002871896991908018
08-Feb 08:25:38:INFO:root:------ Middle 4: 0.0012686417159705628
08-Feb 08:25:38:INFO:root:------ Middle 4: 0.00034036466343994985
08-Feb 08:25:39:INFO:root:------ Middle 7: 0.00028330961775858526
08-Feb 08:25:39:INFO:root:------ Middle 1: 0.003887388311688245
08-Feb 08:25:39:INFO:root:------ Middle 5: 0.0007009573005605721
08-Feb 08:25:39:INFO:root:------ Middle 5: 0.00020456104169779585
08-Feb 08:25:39:INFO:root:Starting from 1.598424472098055e-17
08-Feb 08:25:39:INFO:root:-- Outer 2: 0.012831546879569987
08-Feb 08:25:39:INFO:root:------ Middle 7: 0.0003087986517461146
08-Feb 08:25:39:INFO:root:------ Middle 2: 0.00032155938954163025
08-Feb 08:25:39:INFO:root:Starting from 1.2459526221793644e-17
08-Feb 08:25:39:INFO:root:------ Middle 1: 0.0007318138370751556
08-Feb 08:25:39:INFO:root:------ Middle 3: 0.00019097283607449824
08-Feb 08:25:39:INFO:root:------ Middle 8: 0.0001751172356598891
08-Feb 08:25:39:INFO:root:Starting from 2.0240307532854e-17
08-Feb 08:25:39:INFO:root:-- Outer 3: 0.005930532648083835
08-Feb 08:25:39:INFO:root:Starting from 1.1434187282875908e-17
08-Feb 08:25:39:INFO:root:-- Outer 1: 0.026634119571480534
08-Feb 08:25:39:INFO:root:-- Outer 1: 0.02662483606383455
08-Feb 08:25:40:INFO:root:------ Middle 1: 0.0002971141475592748
08-Feb 08:25:40:INFO:root:Starting from 1.397214891298531e-17
08-Feb 08:25:40:INFO:root:-- Outer 4: 0.006196417010741441
08-Feb 08:25:40:INFO:root:------ Middle 2: 0.0007458340301155693
08-Feb 08:25:40:INFO:root:------ Middle 1: 0.0037458025992306676
08-Feb 08:25:40:INFO:root:------ Middle 3: 0.0004207890849374194
08-Feb 08:25:40:INFO:root:------ Middle 1: 0.003790465957317218
08-Feb 08:25:40:INFO:root:------ Middle 1: 0.0001659725447212933
08-Feb 08:25:40:INFO:root:Starting from 1.8505334859513262e-17
08-Feb 08:25:40:INFO:root:-- Outer 6: 0.000674524495973037
08-Feb 08:25:40:INFO:root:END Outer loop
08-Feb 08:25:40:INFO:root:------ Middle 4: 0.0002819314862948786
08-Feb 08:25:40:INFO:root:Starting from 1.3810128448919589e-17
08-Feb 08:25:40:INFO:root:-- Outer 2: 0.015506841283369266
08-Feb 08:25:40:INFO:root:------ Middle 6: 0.0005570201746932016
08-Feb 08:25:41:INFO:root:------ Middle 1: 0.000567140186663268
08-Feb 08:25:41:INFO:root:------ Middle 7: 0.00031138569403241396
08-Feb 08:25:41:INFO:root:------ Middle 2: 0.0009476271304601571
08-Feb 08:25:41:INFO:root:------ Middle 2: 0.00029444923727430184
08-Feb 08:25:41:INFO:root:Starting from 1.2812582247279267e-17
08-Feb 08:25:41:INFO:root:-- Outer 3: 0.005790697224564652
08-Feb 08:25:41:INFO:root:Model trade shares: [0.97079, 0.934368, 0.994451]
08-Feb 08:25:41:INFO:root:Data trade shares: [0.966266, 0.92464, 0.992831]
08-Feb 08:25:41:INFO:root:US prices: [1.32348, 1.07793, 1.08795]
08-Feb 08:25:41:INFO:root:in the data: [2.27198, 1.79075, 1.79075]
08-Feb 08:25:41:INFO:root:------ Middle 3: 0.0005166725326359294
08-Feb 08:25:41:INFO:root:Nominal world expenditure: 1.1342881175066281e7
08-Feb 08:25:41:INFO:root:------ Middle 1: 0.00025910189410540427
08-Feb 08:25:41:INFO:root:Starting from 1.1476148814179681e-17
08-Feb 08:25:41:INFO:root:-- Outer 4: 0.006082256887355672
08-Feb 08:25:41:INFO:root:------ Middle 8: 0.0002686642413581122
08-Feb 08:25:42:INFO:root:------ Middle 1: 0.0007498600506906685
08-Feb 08:25:42:INFO:root:------ Middle 1: 0.00024387927125250102
08-Feb 08:25:42:INFO:root:Starting from 1.6648877414465848e-17
08-Feb 08:25:42:INFO:root:-- Outer 5: 0.0013402677824631232
08-Feb 08:25:42:INFO:root:------ Middle 4: 0.00037894360694753435
08-Feb 08:25:41:INFO:root:--------------In the data: [2.07618e7]
08-Feb 08:25:42:INFO:root:------ Middle 2: 0.0004113858438353092
08-Feb 08:25:42:INFO:root:Starting from 1.2244159735027065e-17
08-Feb 08:25:42:INFO:root:------ Middle 5: 0.00022140558201333023
08-Feb 08:25:42:INFO:root:--- Period 14 ---
08-Feb 08:25:42:INFO:root:Starting from 1.7716893181894482e-17
08-Feb 08:25:42:INFO:root:-- Outer 2: 0.01402805584769354
08-Feb 08:25:42:INFO:root:------ Middle 1: 0.00019635671021387492
08-Feb 08:25:42:INFO:root:BEGIN Outer loop
08-Feb 08:25:42:INFO:root:Starting from 1.415013824768133e-17
08-Feb 08:25:42:INFO:root:-- Outer 6: 0.0014242624838728926
08-Feb 08:25:42:INFO:root:------ Middle 2: 0.0008879073501280642
08-Feb 08:25:42:INFO:root:------ Middle 2: 0.0008695401577580162
08-Feb 08:25:42:INFO:root:------ Middle 1: 0.0008032516034986836
08-Feb 08:25:42:INFO:root:------ Middle 2: 0.000950175009483082
08-Feb 08:25:42:INFO:root:-- Outer 1: 0.03778559342836387
08-Feb 08:25:42:INFO:root:------ Middle 3: 0.00028496468137495366
08-Feb 08:25:42:INFO:root:Starting from 1.591874269685623e-17
08-Feb 08:25:42:INFO:root:-- Outer 2: 0.011863161204005926
08-Feb 08:25:42:INFO:root:------ Middle 3: 0.0005295499589292511
08-Feb 08:25:43:INFO:root:------ Middle 2: 0.00034795351501811227
08-Feb 08:25:43:INFO:root:------ Middle 1: 0.0008753648782348853
08-Feb 08:25:43:INFO:root:------ Middle 3: 0.00020441928397317905
08-Feb 08:25:43:INFO:root:Starting from 1.3859126535205435e-17
08-Feb 08:25:43:INFO:root:-- Outer 3: 0.006570797265535308
08-Feb 08:25:43:INFO:root:------ Middle 1: 0.0001233161533824089
08-Feb 08:25:43:INFO:root:Starting from 2.112803580128591e-17
08-Feb 08:25:43:INFO:root:-- Outer 7: 0.00017146279643625895
08-Feb 08:25:43:INFO:root:END Outer loop
08-Feb 08:25:43:INFO:root:------ Middle 1: 0.00024106517669056064
08-Feb 08:25:43:INFO:root:Starting from 1.4861339995919492e-17
08-Feb 08:25:43:INFO:root:-- Outer 4: 0.006601160338464108
08-Feb 08:25:43:INFO:root:------ Middle 3: 0.0005019299093817985
08-Feb 08:25:43:INFO:root:------ Middle 4: 0.0003798400376883167
08-Feb 08:25:43:INFO:root:------ Middle 1: 0.00024951718867607394
08-Feb 08:25:43:INFO:root:Starting from 1.2500333729782484e-17
08-Feb 08:25:43:INFO:root:-- Outer 5: 0.0013556260759839966
08-Feb 08:25:43:INFO:root:------ Middle 4: 0.00027005749610872754
08-Feb 08:25:43:INFO:root:Starting from 1.8524563931946926e-17
08-Feb 08:25:43:INFO:root:-- Outer 2: 0.013244461520467057
08-Feb 08:25:43:INFO:root:------ Middle 5: 0.00022204979854610564
08-Feb 08:25:43:INFO:root:Starting from 1.7796794205985018e-17
08-Feb 08:25:43:INFO:root:-- Outer 2: 0.015024135135895098
08-Feb 08:25:43:INFO:root:------ Middle 3: 0.0005286060348664402
08-Feb 08:25:44:INFO:root:------ Middle 1: 0.00020192460197787396
08-Feb 08:25:44:INFO:root:Starting from 1.6229334968971275e-17
08-Feb 08:25:44:INFO:root:-- Outer 6: 0.0014455224999787846
08-Feb 08:25:43:INFO:root:Model trade shares: [0.970939, 0.939701, 0.994436]
08-Feb 08:25:44:INFO:root:Data trade shares: [0.961487, 0.929057, 0.992737]
08-Feb 08:25:44:INFO:root:US prices: [1.29317, 1.08001, 1.09773]
08-Feb 08:25:44:INFO:root:in the data: [1.96012, 1.64035, 1.64035]
08-Feb 08:25:44:INFO:root:------ Middle 1: 0.0007372132699104415
08-Feb 08:25:44:INFO:root:------ Middle 4: 0.00029796243677628683
08-Feb 08:25:44:INFO:root:Starting from 1.9257957673677847e-17
08-Feb 08:25:44:INFO:root:-- Outer 2: 0.013138879967950977
08-Feb 08:25:44:INFO:root:------ Middle 1: 0.0007847620481982875
08-Feb 08:25:44:INFO:root:Nominal world expenditure: 1.1198121562002031e7
08-Feb 08:25:44:INFO:root:------ Middle 1: 0.000737972899761822
08-Feb 08:25:44:INFO:root:------ Middle 2: 0.0003114805773372508
08-Feb 08:25:44:INFO:root:------ Middle 3: 0.0001856621410051097
08-Feb 08:25:44:INFO:root:Starting from 2.296586794122748e-17
08-Feb 08:25:44:INFO:root:-- Outer 3: 0.006207192942034318
08-Feb 08:25:44:INFO:root:--------------In the data: [1.80704e7]
08-Feb 08:25:45:INFO:root:--- Period 15 ---
08-Feb 08:25:45:INFO:root:BEGIN Outer loop
08-Feb 08:25:45:INFO:root:------ Middle 2: 0.00018767575491924484
08-Feb 08:25:45:INFO:root:------ Middle 1: 0.00030090843582952884
08-Feb 08:25:45:INFO:root:Starting from 1.391377602768588e-17
08-Feb 08:25:45:INFO:root:-- Outer 3: 0.0058441136272512385
08-Feb 08:25:45:INFO:root:------ Middle 1: 0.00012734564115118098
08-Feb 08:25:45:INFO:root:Starting from 1.2779761869170296e-17
08-Feb 08:25:45:INFO:root:-- Outer 7: 0.00022753761232219117
08-Feb 08:25:45:INFO:root:END Outer loop
08-Feb 08:25:45:INFO:root:------ Middle 1: 0.00036883427409222153
08-Feb 08:25:45:INFO:root:------ Middle 1: 0.00025946544121300803
08-Feb 08:25:45:INFO:root:Starting from 1.5765059749191083e-17
08-Feb 08:25:45:INFO:root:-- Outer 5: 0.001424599745816328
08-Feb 08:25:45:INFO:root:Model trade shares: [0.974553, 0.934591, 0.987538]
08-Feb 08:25:45:INFO:root:Data trade shares: [0.97676, 0.939693, 0.972749]
08-Feb 08:25:45:INFO:root:US prices: [1.45864, 0.973302, 0.956152]
08-Feb 08:25:45:INFO:root:in the data: [3.07991, 2.04761, 2.04761]
08-Feb 08:25:46:INFO:root:------ Middle 1: 0.00021396677574682466
08-Feb 08:25:46:INFO:root:Starting from 1.462128109664534e-17
08-Feb 08:25:46:INFO:root:-- Outer 6: 0.0015525630327277717
08-Feb 08:25:46:INFO:root:------ Middle 2: 0.0003410601441155398
08-Feb 08:25:46:INFO:root:Nominal world expenditure: 1.0463353286824707e7
08-Feb 08:25:46:INFO:root:------ Middle 2: 0.0003365467187741553
08-Feb 08:25:46:INFO:root:------ Middle 3: 0.00020213164737395073
08-Feb 08:25:46:INFO:root:Starting from 1.4907991065923726e-17
08-Feb 08:25:46:INFO:root:-- Outer 3: 0.005642589651569586
08-Feb 08:25:46:INFO:root:------ Middle 2: 0.0003153152087894126
08-Feb 08:25:46:INFO:root:------ Middle 3: 0.00020131331668408908
08-Feb 08:25:46:INFO:root:Starting from 1.7801050015633205e-17
08-Feb 08:25:46:INFO:root:-- Outer 3: 0.005581696905060635
08-Feb 08:25:46:INFO:root:------ Middle 3: 0.0001836506146715249
08-Feb 08:25:46:INFO:root:------ Middle 1: 0.00027400698454331296
08-Feb 08:25:46:INFO:root:Starting from 1.5936616510859244e-17
08-Feb 08:25:46:INFO:root:Starting from 1.659508189509488e-17
08-Feb 08:25:46:INFO:root:-- Outer 3: 0.006489763927770358
08-Feb 08:25:46:INFO:root:-- Outer 4: 0.005877516809457871
08-Feb 08:25:46:INFO:root:--------------In the data: [2.31824e7]
08-Feb 08:25:46:INFO:root:------ Middle 2: 0.00018818078538353417
08-Feb 08:25:46:INFO:root:Starting from 1.753167988351983e-17
08-Feb 08:25:46:INFO:root:-- Outer 4: 0.0025678898260621495
08-Feb 08:25:46:INFO:root:------ Middle 1: 0.0002875392409650556
08-Feb 08:25:46:INFO:root:Starting from 1.5664759511525764e-17
08-Feb 08:25:46:INFO:root:-- Outer 4: 0.005831334698484247
08-Feb 08:25:46:INFO:root:------ Middle 1: 0.0002959117334178416
08-Feb 08:25:46:INFO:root:Starting from 1.4559759123065018e-17
08-Feb 08:25:46:INFO:root:-- Outer 4: 0.006733909796133477
08-Feb 08:25:46:INFO:root:------ Middle 1: 0.00035524089378194786
08-Feb 08:25:46:INFO:root:--- Period 16 ---
08-Feb 08:25:46:INFO:root:BEGIN Outer loop
08-Feb 08:25:46:INFO:root:------ Middle 1: 0.00013267611254566837
08-Feb 08:25:46:INFO:root:Starting from 1.4954055069372793e-17
08-Feb 08:25:46:INFO:root:-- Outer 7: 0.00015610003559094637
08-Feb 08:25:46:INFO:root:END Outer loop
08-Feb 08:25:47:INFO:root:------ Middle 1: 0.0001615961358033502
08-Feb 08:25:47:INFO:root:Starting from 1.916262055336402e-17
08-Feb 08:25:47:INFO:root:-- Outer 5: 0.0025955656165108348
08-Feb 08:25:47:INFO:root:------ Middle 2: 0.00019591129142012808
08-Feb 08:25:47:INFO:root:Starting from 1.6563673356164955e-17
08-Feb 08:25:47:INFO:root:-- Outer 2: 0.015497799600787683
08-Feb 08:25:47:INFO:root:------ Middle 2: 0.00015860215787722002
08-Feb 08:25:47:INFO:root:Starting from 1.8526697694818195e-17
08-Feb 08:25:47:INFO:root:-- Outer 4: 0.0024982431243882374
08-Feb 08:25:47:INFO:root:------ Middle 1: 0.00018835087067682304
08-Feb 08:25:47:INFO:root:Starting from 1.5234985142160198e-17
08-Feb 08:25:47:INFO:root:-- Outer 5: 0.0025636407435777426
08-Feb 08:25:47:INFO:root:Model trade shares: [0.974778, 0.936706, 0.993862]
08-Feb 08:25:47:INFO:root:Data trade shares: [0.973362, 0.938447, 0.994052]
08-Feb 08:25:47:INFO:root:US prices: [1.24237, 1.17375, 1.20674]
08-Feb 08:25:47:INFO:root:in the data: [1.46789, 1.34924, 1.34924]
08-Feb 08:25:47:INFO:root:Nominal world expenditure: 8.916159728211295e6
08-Feb 08:25:47:INFO:root:--------------In the data: [1.15794e7]
08-Feb 08:25:48:INFO:root:--- Period 17 ---
08-Feb 08:25:48:INFO:root:BEGIN Outer loop
08-Feb 08:25:48:INFO:root:------ Middle 1: 0.00023684192425044325
08-Feb 08:25:48:INFO:root:Starting from 1.640157186053052e-17
08-Feb 08:25:48:INFO:root:-- Outer 5: 0.0013142330831654738
08-Feb 08:25:48:INFO:root:------ Middle 1: 0.0002426443167839194
08-Feb 08:25:48:INFO:root:------ Middle 1: 0.00015843731698142043
08-Feb 08:25:48:INFO:root:Starting from 1.5582681425519598e-17
08-Feb 08:25:48:INFO:root:-- Outer 5: 0.001306348763056192
08-Feb 08:25:48:INFO:root:Starting from 1.5969378297389603e-17
08-Feb 08:25:48:INFO:root:-- Outer 6: 0.0006819372688051163
08-Feb 08:25:48:INFO:root:END Outer loop
08-Feb 08:25:48:INFO:root:------ Middle 1: 0.0002424296962070155
08-Feb 08:25:48:INFO:root:------ Middle 1: 0.0001934652573370165
08-Feb 08:25:48:INFO:root:Starting from 1.542730472586834e-17
08-Feb 08:25:48:INFO:root:Starting from 2.044199554899384e-17
08-Feb 08:25:48:INFO:root:-- Outer 5: 0.0013758169153053833
08-Feb 08:25:48:INFO:root:-- Outer 6: 0.0013913875887740681
08-Feb 08:25:49:INFO:root:------ Middle 1: 0.00019731470235023334
08-Feb 08:25:49:INFO:root:Starting from 1.6744203822098072e-17
08-Feb 08:25:49:INFO:root:-- Outer 6: 0.0013872770204401124
08-Feb 08:25:49:INFO:root:------ Middle 1: 0.00019547274010517926
08-Feb 08:25:49:INFO:root:Starting from 1.3986021406402252e-17
08-Feb 08:25:49:INFO:root:-- Outer 6: 0.001480404592237142
08-Feb 08:25:49:INFO:root:------ Middle 1: 0.0001520835454436158
08-Feb 08:25:49:INFO:root:Starting from 1.6412860762360588e-17
08-Feb 08:25:49:INFO:root:-- Outer 6: 0.0005583687448984711
08-Feb 08:25:49:INFO:root:END Outer loop
08-Feb 08:25:49:INFO:root:------ Middle 1: 0.0002606174944387798
08-Feb 08:25:49:INFO:root:Starting from 1.3931027651328182e-17
08-Feb 08:25:49:INFO:root:-- Outer 3: 0.006567142728403005
08-Feb 08:25:49:INFO:root:Model trade shares: [0.963602, 0.935086, 0.992051]
08-Feb 08:25:49:INFO:root:Data trade shares: [0.959721, 0.934044, 0.992669]
08-Feb 08:25:49:INFO:root:US prices: [1.24344, 1.06853, 1.06605]
08-Feb 08:25:49:INFO:root:in the data: [1.70549, 1.50868, 1.50868]
08-Feb 08:25:49:INFO:root:Nominal world expenditure: 9.667382081290212e6
08-Feb 08:25:49:INFO:root:------ Middle 1: 0.0003456233851614191
08-Feb 08:25:49:INFO:root:------ Middle 1: 0.00012315243284218567
08-Feb 08:25:49:INFO:root:Starting from 1.45289423877742e-17
08-Feb 08:25:49:INFO:root:-- Outer 7: 0.00017142678105874903
08-Feb 08:25:49:INFO:root:END Outer loop
08-Feb 08:25:49:INFO:root:Model trade shares: [0.966038, 0.931735, 0.991347]
08-Feb 08:25:50:INFO:root:Data trade shares: [0.972765, 0.936372, 0.980463]
08-Feb 08:25:50:INFO:root:US prices: [1.52691, 0.975024, 0.967334]
08-Feb 08:25:50:INFO:root:in the data: [3.02084, 2.07936, 2.07936]
08-Feb 08:25:50:INFO:root:------ Middle 1: 0.00012090401574842739
08-Feb 08:25:50:INFO:root:Starting from 1.2569565188586655e-17
08-Feb 08:25:50:INFO:root:-- Outer 7: 0.00015668476959681965
08-Feb 08:25:50:INFO:root:END Outer loop
08-Feb 08:25:50:INFO:root:Nominal world expenditure: 1.0580309427603975e7
08-Feb 08:25:50:INFO:root:------ Middle 1: 0.00012264459090766453
08-Feb 08:25:50:INFO:root:Starting from 1.666227601609337e-17
08-Feb 08:25:50:INFO:root:-- Outer 7: 0.00023049350897338564
08-Feb 08:25:50:INFO:root:END Outer loop
08-Feb 08:25:49:INFO:root:--------------In the data: [1.54393e7]
08-Feb 08:25:50:INFO:root:Model trade shares: [0.969411, 0.936887, 0.995547]
08-Feb 08:25:50:INFO:root:Data trade shares: [0.971404, 0.929028, 0.993445]
08-Feb 08:25:50:INFO:root:US prices: [1.2878, 0.964185, 0.960132]
08-Feb 08:25:50:INFO:root:in the data: [2.9591, 2.1512, 2.1512]
08-Feb 08:25:50:INFO:root:Nominal world expenditure: 1.0644130728549726e7
08-Feb 08:25:50:INFO:root:--------------In the data: [2.42511e7]
08-Feb 08:25:50:INFO:root:--- Period 18 ---
08-Feb 08:25:50:INFO:root:BEGIN Outer loop
08-Feb 08:25:50:INFO:root:Model trade shares: [0.975171, 0.936243, 0.986239]
08-Feb 08:25:50:INFO:root:Data trade shares: [0.976496, 0.933524, 0.973934]
08-Feb 08:25:50:INFO:root:US prices: [1.44471, 1.01748, 1.06983]
08-Feb 08:25:50:INFO:root:in the data: [2.96155, 2.01858, 2.01858]
08-Feb 08:25:50:INFO:root:--- Period 19 ---
08-Feb 08:25:50:INFO:root:Nominal world expenditure: 1.0650328903796941e7
08-Feb 08:25:50:INFO:root:BEGIN Outer loop
08-Feb 08:25:50:INFO:root:Model trade shares: [0.972827, 0.9378, 0.993537]
08-Feb 08:25:50:INFO:root:Data trade shares: [0.975035, 0.947137, 0.993826]
08-Feb 08:25:50:INFO:root:US prices: [1.19817, 1.12013, 1.10974]
08-Feb 08:25:50:INFO:root:in the data: [1.5623, 1.46271, 1.46271]
08-Feb 08:25:50:INFO:root:--------------In the data: [2.36221e7]
08-Feb 08:25:51:INFO:root:Nominal world expenditure: 8.928349743235284e6
08-Feb 08:25:51:INFO:root:--- Period 20 ---
08-Feb 08:25:51:INFO:root:BEGIN Outer loop
08-Feb 08:25:50:INFO:root:--------------In the data: [2.33649e7]
08-Feb 08:25:51:INFO:root:--- Period 21 ---
08-Feb 08:25:51:INFO:root:BEGIN Outer loop
08-Feb 08:25:51:INFO:root:------ Middle 2: 0.00015094099574554165
08-Feb 08:25:51:INFO:root:Starting from 1.3256377909465842e-17
08-Feb 08:25:51:INFO:root:-- Outer 4: 0.0028300696908271695
08-Feb 08:25:51:INFO:root:--------------In the data: [1.27847e7]
08-Feb 08:25:51:INFO:root:--- Period 22 ---
08-Feb 08:25:51:INFO:root:------ Middle 1: 0.00014685092426863918
08-Feb 08:25:51:INFO:root:BEGIN Outer loop
08-Feb 08:25:51:INFO:root:Starting from 1.516811371388339e-17
08-Feb 08:25:51:INFO:root:-- Outer 5: 0.002764763365695366
08-Feb 08:25:53:INFO:root:------ Middle 1: 0.00012612955396513922
08-Feb 08:25:53:INFO:root:Starting from 1.3250551226298251e-17
08-Feb 08:25:53:INFO:root:-- Outer 6: 0.0005608867610033085
08-Feb 08:25:53:INFO:root:END Outer loop
08-Feb 08:25:54:INFO:root:Model trade shares: [0.977544, 0.942122, 0.994819]
08-Feb 08:25:54:INFO:root:Data trade shares: [0.970394, 0.938128, 0.99445]
08-Feb 08:25:54:INFO:root:US prices: [1.07545, 1.11787, 1.13715]
08-Feb 08:25:54:INFO:root:in the data: [1.21921, 1.17859, 1.17859]
08-Feb 08:25:54:INFO:root:Nominal world expenditure: 9.098874456918227e6
08-Feb 08:25:54:INFO:root:--------------In the data: [1.02443e7]
08-Feb 08:25:55:INFO:root:--- Period 23 ---
08-Feb 08:25:55:INFO:root:BEGIN Outer loop
08-Feb 08:26:07:INFO:root:------ Middle 2: 0.002792030671574035
08-Feb 08:26:07:INFO:root:------ Middle 2: 0.0025542166895244412
08-Feb 08:26:25:INFO:root:------ Middle 1: 0.004050732989756083
08-Feb 08:26:26:INFO:root:------ Middle 1: 0.003976310214342449
08-Feb 08:26:26:INFO:root:------ Middle 2: 0.0025484867061086164
08-Feb 08:26:27:INFO:root:------ Middle 1: 0.0037203923183964514
08-Feb 08:26:27:INFO:root:------ Middle 3: 0.001416397904719778
08-Feb 08:26:28:INFO:root:------ Middle 4: 0.0011319183198432493
08-Feb 08:26:28:INFO:root:------ Middle 2: 0.0025174960360103164
08-Feb 08:26:28:INFO:root:------ Middle 5: 0.0006319470087840827
08-Feb 08:26:29:INFO:root:------ Middle 3: 0.0013976813271516118
08-Feb 08:26:29:INFO:root:------ Middle 1: 0.003929907695082141
08-Feb 08:26:29:INFO:root:------ Middle 6: 0.0005327276297225732
08-Feb 08:26:30:INFO:root:------ Middle 7: 0.00029810328812692746
08-Feb 08:26:30:INFO:root:Starting from 1.234027945738646e-17
08-Feb 08:26:30:INFO:root:-- Outer 1: 0.024784198193637377
08-Feb 08:26:30:INFO:root:------ Middle 4: 0.001098159468018595
08-Feb 08:26:31:INFO:root:------ Middle 5: 0.0006158912397197569
08-Feb 08:26:32:INFO:root:------ Middle 1: 0.004187199992556915
08-Feb 08:26:32:INFO:root:------ Middle 1: 0.004057366713271518
08-Feb 08:26:32:INFO:root:------ Middle 1: 0.0007751443997688467
08-Feb 08:26:32:INFO:root:------ Middle 6: 0.0005148710792432534
08-Feb 08:26:33:INFO:root:------ Middle 7: 0.0002863651739857426
08-Feb 08:26:33:INFO:root:Starting from 1.1874288439556821e-17
08-Feb 08:26:33:INFO:root:-- Outer 1: 0.024213410170454846
08-Feb 08:26:33:INFO:root:------ Middle 2: 0.000463958366189794
08-Feb 08:26:34:INFO:root:------ Middle 3: 0.00025147929779821825
08-Feb 08:26:34:INFO:root:Starting from 1.9882547978012135e-17
08-Feb 08:26:34:INFO:root:-- Outer 2: 0.011484424666980653
08-Feb 08:26:35:INFO:root:------ Middle 1: 0.003969751578465481
08-Feb 08:26:35:INFO:root:------ Middle 1: 0.0004218574591392621
08-Feb 08:26:35:INFO:root:------ Middle 2: 0.00022664435154923525
08-Feb 08:26:35:INFO:root:Starting from 1.630483663479777e-17
08-Feb 08:26:35:INFO:root:-- Outer 3: 0.005202380237907389
08-Feb 08:26:37:INFO:root:------ Middle 2: 0.0025843687427187837
08-Feb 08:26:37:INFO:root:------ Middle 1: 0.0007768912127011395
08-Feb 08:26:37:INFO:root:------ Middle 1: 0.004010913620039253
08-Feb 08:26:37:INFO:root:------ Middle 2: 0.0004284847109649894
08-Feb 08:26:37:INFO:root:------ Middle 2: 0.0023872282042295824
08-Feb 08:26:37:INFO:root:------ Middle 1: 0.004025117543822477
08-Feb 08:26:37:INFO:root:------ Middle 1: 0.0002850449407441337
08-Feb 08:26:37:INFO:root:Starting from 1.6244963232502787e-17
08-Feb 08:26:37:INFO:root:-- Outer 4: 0.0023790534559616078
08-Feb 08:26:38:INFO:root:------ Middle 1: 0.0003142459288534087
08-Feb 08:26:38:INFO:root:------ Middle 3: 0.00030567612364673793
08-Feb 08:26:38:INFO:root:------ Middle 4: 0.00016329892509085042
08-Feb 08:26:38:INFO:root:Starting from 2.1431450475824934e-17
08-Feb 08:26:38:INFO:root:-- Outer 2: 0.011043808916969532
08-Feb 08:26:38:INFO:root:------ Middle 2: 0.00013377716596806957
08-Feb 08:26:38:INFO:root:Starting from 1.9946567486844556e-17
08-Feb 08:26:38:INFO:root:-- Outer 5: 0.0011225227737250102
08-Feb 08:26:38:INFO:root:------ Middle 2: 0.0025196205344705028
08-Feb 08:26:39:INFO:root:------ Middle 3: 0.001633923890839316
08-Feb 08:26:39:INFO:root:------ Middle 3: 0.0015104563973547076
08-Feb 08:26:39:INFO:root:------ Middle 1: 0.004119636156504436
08-Feb 08:26:39:INFO:root:------ Middle 4: 0.0008341726214662659
08-Feb 08:26:39:INFO:root:------ Middle 1: 0.0001348127689667134
08-Feb 08:26:39:INFO:root:Starting from 1.8039238918032742e-17
08-Feb 08:26:39:INFO:root:-- Outer 6: 0.0006851235972293635
08-Feb 08:26:39:INFO:root:END Outer loop
08-Feb 08:26:39:INFO:root:Model trade shares: [0.966145, 0.939897, 0.994801]
08-Feb 08:26:39:INFO:root:Data trade shares: [0.961578, 0.934257, 0.993842]
08-Feb 08:26:39:INFO:root:US prices: [0.961991, 0.92536, 0.928829]
08-Feb 08:26:39:INFO:root:in the data: [2.5813, 2.43608, 2.43608]
08-Feb 08:26:39:INFO:root:Nominal world expenditure: 1.440496496030192e7
08-Feb 08:26:39:INFO:root:--------------In the data: [3.7723e7]
08-Feb 08:26:39:INFO:root:--- Period 24 ---
08-Feb 08:26:39:INFO:root:BEGIN Outer loop
08-Feb 08:26:40:INFO:root:------ Middle 5: 0.0006799941297629432
08-Feb 08:26:40:INFO:root:------ Middle 4: 0.001056476071963062
08-Feb 08:26:40:INFO:root:------ Middle 1: 0.00038103159788362167
08-Feb 08:26:40:INFO:root:------ Middle 6: 0.00038127392852154015
08-Feb 08:26:40:INFO:root:------ Middle 3: 0.0016005529032040694
08-Feb 08:26:40:INFO:root:------ Middle 5: 0.0005839851926945985
08-Feb 08:26:40:INFO:root:------ Middle 2: 0.00020474400691035616
08-Feb 08:26:40:INFO:root:Starting from 1.8143536946494e-17
08-Feb 08:26:40:INFO:root:-- Outer 3: 0.0049861982669220884
08-Feb 08:26:41:INFO:root:------ Middle 4: 0.0008856788327991119
08-Feb 08:26:41:INFO:root:------ Middle 7: 0.0003347863555530368
08-Feb 08:26:41:INFO:root:------ Middle 8: 0.00019639015239480937
08-Feb 08:26:41:INFO:root:Starting from 1.2790475511218544e-17
08-Feb 08:26:41:INFO:root:-- Outer 1: 0.026702455391719674
08-Feb 08:26:42:INFO:root:------ Middle 1: 0.003841440336308644
08-Feb 08:26:42:INFO:root:------ Middle 6: 0.0004842958697343787
08-Feb 08:26:42:INFO:root:------ Middle 5: 0.0007224387678721748
08-Feb 08:26:42:INFO:root:------ Middle 7: 0.0002699639981992327
08-Feb 08:26:42:INFO:root:Starting from 1.2245616996278958e-17
08-Feb 08:26:42:INFO:root:-- Outer 1: 0.025706427312824888
08-Feb 08:26:42:INFO:root:------ Middle 6: 0.00041146959828639615
08-Feb 08:26:42:INFO:root:------ Middle 2: 0.0026194303559602516
08-Feb 08:26:43:INFO:root:------ Middle 1: 0.00027691422431470685
08-Feb 08:26:43:INFO:root:Starting from 1.4652458258478318e-17
08-Feb 08:26:43:INFO:root:-- Outer 4: 0.0022494688864265915
08-Feb 08:26:43:INFO:root:------ Middle 1: 0.0003104550851424302
08-Feb 08:26:43:INFO:root:------ Middle 7: 0.0003651814058959553
08-Feb 08:26:44:INFO:root:------ Middle 8: 0.00020319448006648067
08-Feb 08:26:44:INFO:root:Starting from 1.1814897499473897e-17
08-Feb 08:26:44:INFO:root:-- Outer 1: 0.024715711508432058
08-Feb 08:26:44:INFO:root:------ Middle 2: 0.0001318820270526971
08-Feb 08:26:44:INFO:root:Starting from 2.1902949449624496e-17
08-Feb 08:26:44:INFO:root:-- Outer 5: 0.0010180840855935878
08-Feb 08:26:44:INFO:root:------ Middle 1: 0.003738554881850285
08-Feb 08:26:44:INFO:root:------ Middle 2: 0.0025600152576868997
08-Feb 08:26:44:INFO:root:------ Middle 1: 0.00013414982092547302
08-Feb 08:26:44:INFO:root:Starting from 1.4450292085360942e-17
08-Feb 08:26:44:INFO:root:-- Outer 6: 0.0006292229204901442
08-Feb 08:26:44:INFO:root:END Outer loop
08-Feb 08:26:45:INFO:root:Model trade shares: [0.963965, 0.941087, 0.993543]
08-Feb 08:26:45:INFO:root:Data trade shares: [0.960926, 0.936095, 0.990604]
08-Feb 08:26:45:INFO:root:US prices: [0.912541, 0.903138, 0.868035]
08-Feb 08:26:45:INFO:root:in the data: [2.54462, 2.53886, 2.53886]
08-Feb 08:26:45:INFO:root:Nominal world expenditure: 1.511205080051108e7
08-Feb 08:26:45:INFO:root:--------------In the data: [4.29516e7]
08-Feb 08:26:45:INFO:root:--- Period 25 ---
08-Feb 08:26:45:INFO:root:BEGIN Outer loop
08-Feb 08:26:45:INFO:root:------ Middle 3: 0.0016731901540339594
08-Feb 08:26:45:INFO:root:------ Middle 1: 0.0007734621214655759
08-Feb 08:26:45:INFO:root:------ Middle 2: 0.0008939531094684147
08-Feb 08:26:45:INFO:root:------ Middle 3: 0.0004918645770907083
08-Feb 08:26:46:INFO:root:------ Middle 3: 0.0016205981034597586
08-Feb 08:26:46:INFO:root:------ Middle 4: 0.0009011793551974194
08-Feb 08:26:46:INFO:root:------ Middle 4: 0.00035855917332332384
08-Feb 08:26:46:INFO:root:------ Middle 2: 0.0004601635843612645
08-Feb 08:26:46:INFO:root:------ Middle 5: 0.00020802908335511793
08-Feb 08:26:46:INFO:root:Starting from 1.609758232738529e-17
08-Feb 08:26:46:INFO:root:-- Outer 2: 0.012864985338217243
08-Feb 08:26:46:INFO:root:------ Middle 3: 0.00024963850723762424
08-Feb 08:26:46:INFO:root:Starting from 2.0363409080013987e-17
08-Feb 08:26:46:INFO:root:-- Outer 2: 0.011816951529140664
08-Feb 08:26:46:INFO:root:------ Middle 1: 0.0008034847916869515
08-Feb 08:26:47:INFO:root:------ Middle 4: 0.001077729727214073
08-Feb 08:26:47:INFO:root:------ Middle 2: 0.0009334313865184402
08-Feb 08:26:47:INFO:root:------ Middle 5: 0.000724212276587036
08-Feb 08:26:47:INFO:root:------ Middle 5: 0.0005994546827782031
08-Feb 08:26:47:INFO:root:------ Middle 3: 0.0005126943066595107
08-Feb 08:26:47:INFO:root:------ Middle 6: 0.0004014760459036114
08-Feb 08:26:48:INFO:root:------ Middle 3: 0.0017711788208121268
08-Feb 08:26:48:INFO:root:------ Middle 1: 0.00043008004488911505
08-Feb 08:26:48:INFO:root:------ Middle 7: 0.0003630144298798739
08-Feb 08:26:48:INFO:root:------ Middle 4: 0.0003807334378447668
08-Feb 08:26:48:INFO:root:------ Middle 2: 0.00023089127842746177
08-Feb 08:26:48:INFO:root:Starting from 2.014650728080584e-17
08-Feb 08:26:48:INFO:root:-- Outer 3: 0.005344642999437901
08-Feb 08:26:48:INFO:root:------ Middle 2: 0.00028762163301504793
08-Feb 08:26:48:INFO:root:Starting from 1.496787355794271e-17
08-Feb 08:26:48:INFO:root:-- Outer 3: 0.005915050572775549
08-Feb 08:26:48:INFO:root:------ Middle 5: 0.00021901215982223166
08-Feb 08:26:48:INFO:root:Starting from 1.6358938614807825e-17
08-Feb 08:26:48:INFO:root:-- Outer 2: 0.01175830411915142
08-Feb 08:26:48:INFO:root:------ Middle 8: 0.00020445933752613935
08-Feb 08:26:48:INFO:root:Starting from 1.1783489277302202e-17
08-Feb 08:26:48:INFO:root:-- Outer 1: 0.025708215669977476
08-Feb 08:26:49:INFO:root:------ Middle 1: 0.0002982779291292969
08-Feb 08:26:49:INFO:root:Starting from 1.771500802458443e-17
08-Feb 08:26:49:INFO:root:-- Outer 4: 0.006256500018100574
08-Feb 08:26:49:INFO:root:------ Middle 1: 0.0007664217707519033
08-Feb 08:26:49:INFO:root:------ Middle 6: 0.0004894123505069643
08-Feb 08:26:49:INFO:root:------ Middle 1: 0.003332070562113675
08-Feb 08:26:49:INFO:root:------ Middle 3: 0.0016290701583817095
08-Feb 08:26:49:INFO:root:------ Middle 7: 0.00027163927399052407
08-Feb 08:26:49:INFO:root:Starting from 1.1733627742176408e-17
08-Feb 08:26:49:INFO:root:-- Outer 1: 0.026218977457330865
08-Feb 08:26:50:INFO:root:------ Middle 1: 0.00029191896364946237
08-Feb 08:26:50:INFO:root:Starting from 1.5635994442765454e-17
08-Feb 08:26:50:INFO:root:-- Outer 4: 0.002451626213386572
08-Feb 08:26:50:INFO:root:------ Middle 1: 0.0003225143420054378
08-Feb 08:26:50:INFO:root:------ Middle 2: 0.00013727484264979207
08-Feb 08:26:50:INFO:root:Starting from 1.6391554974899916e-17
08-Feb 08:26:50:INFO:root:-- Outer 5: 0.0011758583378102569
08-Feb 08:26:50:INFO:root:------ Middle 2: 0.00029562962116768743
08-Feb 08:26:50:INFO:root:Starting from 2.0164416348990803e-17
08-Feb 08:26:50:INFO:root:-- Outer 3: 0.005362496770347209
08-Feb 08:26:51:INFO:root:------ Middle 1: 0.0002648878871678986
08-Feb 08:26:51:INFO:root:Starting from 2.108205921064842e-17
08-Feb 08:26:51:INFO:root:-- Outer 5: 0.0013764826735906722
08-Feb 08:26:51:INFO:root:------ Middle 1: 0.00027976250267827284
08-Feb 08:26:51:INFO:root:Starting from 2.1901295818400326e-17
08-Feb 08:26:51:INFO:root:-- Outer 4: 0.00559809566981603
08-Feb 08:26:51:INFO:root:------ Middle 1: 0.0001382240022134418
08-Feb 08:26:51:INFO:root:Starting from 2.146143892869615e-17
08-Feb 08:26:51:INFO:root:-- Outer 6: 0.0007112980785713745
08-Feb 08:26:51:INFO:root:END Outer loop
08-Feb 08:26:51:INFO:root:------ Middle 1: 0.00021144044573059357
08-Feb 08:26:51:INFO:root:Model trade shares: [0.968298, 0.939612, 0.993969]
08-Feb 08:26:51:INFO:root:Data trade shares: [0.960962, 0.931588, 0.993893]
08-Feb 08:26:51:INFO:root:US prices: [0.996992, 0.909823, 0.902296]
08-Feb 08:26:51:INFO:root:in the data: [2.50767, 2.31742, 2.31742]
08-Feb 08:26:51:INFO:root:Starting from 2.2180422689551925e-17
08-Feb 08:26:51:INFO:root:-- Outer 6: 0.001471790228139726
08-Feb 08:26:51:INFO:root:Nominal world expenditure: 1.4441659867637444e7
08-Feb 08:26:51:INFO:root:--------------In the data: [3.61928e7]
08-Feb 08:26:51:INFO:root:--- Period 26 ---
08-Feb 08:26:51:INFO:root:BEGIN Outer loop
08-Feb 08:26:52:INFO:root:------ Middle 1: 0.00013427754113044097
08-Feb 08:26:52:INFO:root:Starting from 1.9305965644993105e-17
08-Feb 08:26:52:INFO:root:-- Outer 7: 0.0002505576844899345
08-Feb 08:26:52:INFO:root:END Outer loop
08-Feb 08:26:52:INFO:root:Model trade shares: [0.97104, 0.939596, 0.995212]
08-Feb 08:26:52:INFO:root:Data trade shares: [0.967576, 0.927756, 0.993556]
08-Feb 08:26:52:INFO:root:US prices: [1.19457, 0.925992, 0.916583]
08-Feb 08:26:52:INFO:root:in the data: [2.78451, 2.12334, 2.12334]
08-Feb 08:26:52:INFO:root:------ Middle 2: 0.0008883715938037491
08-Feb 08:26:52:INFO:root:Nominal world expenditure: 1.118827952698001e7
08-Feb 08:26:52:INFO:root:--------------In the data: [2.5209e7]
08-Feb 08:26:52:INFO:root:--- Period 27 ---
08-Feb 08:26:52:INFO:root:BEGIN Outer loop
08-Feb 08:26:52:INFO:root:------ Middle 3: 0.000494576903407562
08-Feb 08:26:53:INFO:root:------ Middle 1: 0.00026476785811348886
08-Feb 08:26:53:INFO:root:Starting from 1.5703351697116662e-17
08-Feb 08:26:53:INFO:root:-- Outer 5: 0.0013020281653864634
08-Feb 08:26:53:INFO:root:------ Middle 1: 0.00021491376252997943
08-Feb 08:26:53:INFO:root:Starting from 1.6677097658983606e-17
08-Feb 08:26:53:INFO:root:-- Outer 6: 0.0013916169610176052
08-Feb 08:26:53:INFO:root:------ Middle 4: 0.00036888587168400845
08-Feb 08:26:53:INFO:root:------ Middle 1: 0.0007829669915542908
08-Feb 08:26:53:INFO:root:------ Middle 5: 0.000211671722745282
08-Feb 08:26:53:INFO:root:Starting from 1.8422717386559115e-17
08-Feb 08:26:53:INFO:root:-- Outer 2: 0.011862183768908402
08-Feb 08:26:54:INFO:root:------ Middle 1: 0.0007205458432448288
08-Feb 08:26:54:INFO:root:------ Middle 1: 0.0001374490860131774
08-Feb 08:26:54:INFO:root:Starting from 1.7120158764198717e-17
08-Feb 08:26:54:INFO:root:-- Outer 7: 0.00023661950222829588
08-Feb 08:26:54:INFO:root:END Outer loop
08-Feb 08:26:54:INFO:root:Model trade shares: [0.968313, 0.944996, 0.993382]
08-Feb 08:26:54:INFO:root:Data trade shares: [0.963666, 0.934551, 0.994086]
08-Feb 08:26:54:INFO:root:US prices: [0.960566, 0.924512, 0.90181]
08-Feb 08:26:54:INFO:root:in the data: [2.67778, 2.5352, 2.5352]
08-Feb 08:26:54:INFO:root:Nominal world expenditure: 1.5040295636080876e7
08-Feb 08:26:54:INFO:root:--------------In the data: [4.12361e7]
08-Feb 08:26:54:INFO:root:--- Period 28 ---
08-Feb 08:26:54:INFO:root:------ Middle 2: 0.0004667230881164203
08-Feb 08:26:55:INFO:root:BEGIN Outer loop
08-Feb 08:26:55:INFO:root:------ Middle 3: 0.0002795367386817633
08-Feb 08:26:55:INFO:root:Starting from 2.0111165541187974e-17
08-Feb 08:26:55:INFO:root:-- Outer 2: 0.01191474773318013
08-Feb 08:26:56:INFO:root:------ Middle 2: 0.00028542669002179516
08-Feb 08:26:56:INFO:root:Starting from 1.5608809164916444e-17
08-Feb 08:26:56:INFO:root:-- Outer 3: 0.005425089219215883
08-Feb 08:26:56:INFO:root:------ Middle 1: 0.0009315200212943145
08-Feb 08:26:56:INFO:root:------ Middle 1: 0.0002969370969563153
08-Feb 08:26:56:INFO:root:Starting from 1.5843510128710165e-17
08-Feb 08:26:56:INFO:root:-- Outer 4: 0.005644427457349789
08-Feb 08:26:58:INFO:root:------ Middle 2: 0.00020256125198563367
08-Feb 08:26:58:INFO:root:Starting from 1.9605761972274156e-17
08-Feb 08:26:58:INFO:root:-- Outer 3: 0.005946508414817332
08-Feb 08:26:58:INFO:root:------ Middle 1: 0.0002841220364649842
08-Feb 08:26:58:INFO:root:Starting from 1.8942777056402462e-17
08-Feb 08:26:58:INFO:root:-- Outer 5: 0.0013282154784486377
08-Feb 08:26:58:INFO:root:------ Middle 1: 0.0004128305911387746
08-Feb 08:26:58:INFO:root:------ Middle 1: 0.0002282112358613464
08-Feb 08:26:58:INFO:root:Starting from 1.6825071053641884e-17
08-Feb 08:26:58:INFO:root:-- Outer 6: 0.0014219884196325296
08-Feb 08:26:59:INFO:root:------ Middle 1: 0.00014719971956903024
08-Feb 08:26:59:INFO:root:Starting from 1.6930320118941334e-17
08-Feb 08:26:59:INFO:root:-- Outer 7: 0.0002441789371214762
08-Feb 08:26:59:INFO:root:END Outer loop
08-Feb 08:27:00:INFO:root:Model trade shares: [0.968134, 0.941442, 0.993774]
08-Feb 08:27:00:INFO:root:Data trade shares: [0.960491, 0.93458, 0.986591]
08-Feb 08:27:00:INFO:root:US prices: [0.868091, 0.887625, 0.839825]
08-Feb 08:27:00:INFO:root:in the data: [2.52256, 2.5595, 2.5595]
08-Feb 08:27:00:INFO:root:Nominal world expenditure: 1.5422290101822091e7
08-Feb 08:27:00:INFO:root:--------------In the data: [4.55098e7]
08-Feb 08:27:00:INFO:root:--- Period 29 ---
08-Feb 08:27:00:INFO:root:BEGIN Outer loop
08-Feb 08:27:00:INFO:root:------ Middle 2: 0.00017797785319351444
08-Feb 08:27:00:INFO:root:Starting from 1.2080136973348502e-17
08-Feb 08:27:00:INFO:root:-- Outer 4: 0.0026259205090218363
08-Feb 08:27:00:INFO:root:------ Middle 1: 0.00022249714775103303
08-Feb 08:27:00:INFO:root:Starting from 1.5685905943227795e-17
08-Feb 08:27:00:INFO:root:-- Outer 5: 0.0026930849728842602
08-Feb 08:27:02:INFO:root:------ Middle 1: 0.00018431608523375768
08-Feb 08:27:02:INFO:root:Starting from 1.6961268821351152e-17
08-Feb 08:27:02:INFO:root:-- Outer 6: 0.0006003025773719955
08-Feb 08:27:02:INFO:root:END Outer loop
08-Feb 08:27:02:INFO:root:Model trade shares: [0.959125, 0.942501, 0.993072]
08-Feb 08:27:02:INFO:root:Data trade shares: [0.955615, 0.931697, 0.991754]
08-Feb 08:27:02:INFO:root:US prices: [0.849816, 0.861158, 0.884792]
08-Feb 08:27:02:INFO:root:in the data: [2.59006, 2.59665, 2.59665]
08-Feb 08:27:02:INFO:root:Nominal world expenditure: 1.607993629253077e7
08-Feb 08:27:02:INFO:root:--------------In the data: [4.90999e7]
08-Feb 08:27:02:INFO:root:--- Period 30 ---
08-Feb 08:27:02:INFO:root:BEGIN Outer loop
08-Feb 08:27:10:INFO:root:------ Middle 2: 0.0025064054496319868
08-Feb 08:27:16:INFO:root:------ Middle 2: 0.002649248114400719
08-Feb 08:27:18:INFO:root:------ Middle 3: 0.0016898887178116728
08-Feb 08:27:18:INFO:root:------ Middle 2: 0.0025722402351842717
08-Feb 08:27:19:INFO:root:------ Middle 1: 0.0040282510738605965
08-Feb 08:27:21:INFO:root:------ Middle 4: 0.0010866268671216278
08-Feb 08:27:22:INFO:root:------ Middle 4: 0.0010443952968766058
08-Feb 08:27:23:INFO:root:------ Middle 5: 0.0007012978619647791
08-Feb 08:27:23:INFO:root:------ Middle 2: 0.00256054430424276
08-Feb 08:27:23:INFO:root:------ Middle 1: 0.003913490286157661
08-Feb 08:27:23:INFO:root:------ Middle 6: 0.00045891083913399665
08-Feb 08:27:24:INFO:root:------ Middle 7: 0.0002983074275150712
08-Feb 08:27:24:INFO:root:Starting from 1.221044081670996e-17
08-Feb 08:27:24:INFO:root:-- Outer 1: 0.026873328579445004
08-Feb 08:27:25:INFO:root:------ Middle 3: 0.001630345748759711
08-Feb 08:27:25:INFO:root:------ Middle 4: 0.0011287858129344311
08-Feb 08:27:26:INFO:root:------ Middle 4: 0.0010445608802651894
08-Feb 08:27:26:INFO:root:------ Middle 5: 0.0005756265908060591
08-Feb 08:27:27:INFO:root:------ Middle 1: 0.0007999241943313259
08-Feb 08:27:28:INFO:root:------ Middle 2: 0.00043950534031650753
08-Feb 08:27:28:INFO:root:------ Middle 6: 0.00047636372536010737
08-Feb 08:27:28:INFO:root:------ Middle 7: 0.00026416435345744815
08-Feb 08:27:28:INFO:root:Starting from 1.2313656243308416e-17
08-Feb 08:27:28:INFO:root:-- Outer 1: 0.025383287527346882
08-Feb 08:27:28:INFO:root:------ Middle 3: 0.00030012465470373353
08-Feb 08:27:28:INFO:root:------ Middle 4: 0.00016734686047230844
08-Feb 08:27:29:INFO:root:Starting from 1.7684970667075622e-17
08-Feb 08:27:29:INFO:root:-- Outer 2: 0.011933013598596005
08-Feb 08:27:29:INFO:root:------ Middle 1: 0.0008887529792559358
08-Feb 08:27:29:INFO:root:------ Middle 2: 0.0024881461055396704
08-Feb 08:27:31:INFO:root:------ Middle 2: 0.00018121652628416622
08-Feb 08:27:31:INFO:root:Starting from 1.832763202430121e-17
08-Feb 08:27:31:INFO:root:-- Outer 3: 0.005921623892130914
08-Feb 08:27:31:INFO:root:------ Middle 1: 0.0003888250963170099
08-Feb 08:27:31:INFO:root:------ Middle 3: 0.001584833338161816
08-Feb 08:27:32:INFO:root:------ Middle 1: 0.0038352789590900735
08-Feb 08:27:32:INFO:root:------ Middle 1: 0.0036737038586633214
08-Feb 08:27:32:INFO:root:------ Middle 4: 0.001015426368207811
08-Feb 08:27:33:INFO:root:------ Middle 5: 0.0005631094820951204
08-Feb 08:27:33:INFO:root:------ Middle 1: 0.0007494985792244487
08-Feb 08:27:33:INFO:root:------ Middle 2: 0.0001685881865739911
08-Feb 08:27:33:INFO:root:Starting from 1.334283488509179e-17
08-Feb 08:27:33:INFO:root:-- Outer 4: 0.0025647212728293805
08-Feb 08:27:33:INFO:root:------ Middle 2: 0.00041309256258320175
08-Feb 08:27:33:INFO:root:------ Middle 1: 0.00020390828861578745
08-Feb 08:27:33:INFO:root:Starting from 2.1705763808299644e-17
08-Feb 08:27:33:INFO:root:-- Outer 5: 0.0026228289166356535
08-Feb 08:27:34:INFO:root:------ Middle 3: 0.000295128428921286
08-Feb 08:27:34:INFO:root:Starting from 1.6900417870492385e-17
08-Feb 08:27:34:INFO:root:-- Outer 2: 0.011666558173967794
08-Feb 08:27:34:INFO:root:------ Middle 1: 0.0008987480906508272
08-Feb 08:27:34:INFO:root:------ Middle 6: 0.0004615094249600813
08-Feb 08:27:34:INFO:root:------ Middle 7: 0.0002562647030141682
08-Feb 08:27:34:INFO:root:Starting from 1.2296907223381038e-17
08-Feb 08:27:34:INFO:root:-- Outer 1: 0.02370748848786589
08-Feb 08:27:34:INFO:root:------ Middle 1: 0.0036786642202529243
08-Feb 08:27:35:INFO:root:------ Middle 1: 0.0001648255396646463
08-Feb 08:27:35:INFO:root:Starting from 2.0057987937688486e-17
08-Feb 08:27:35:INFO:root:-- Outer 6: 0.0005767340174989515
08-Feb 08:27:35:INFO:root:END Outer loop
08-Feb 08:27:35:INFO:root:------ Middle 2: 0.00020237563723144472
08-Feb 08:27:35:INFO:root:Starting from 1.8447246094817513e-17
08-Feb 08:27:35:INFO:root:-- Outer 3: 0.005905848950702591
08-Feb 08:27:35:INFO:root:Model trade shares: [0.96843, 0.941965, 0.994533]
08-Feb 08:27:35:INFO:root:Data trade shares: [0.958317, 0.928046, 0.993489]
08-Feb 08:27:35:INFO:root:US prices: [1.01174, 0.920616, 0.938789]
08-Feb 08:27:35:INFO:root:in the data: [2.43661, 2.20422, 2.20422]
08-Feb 08:27:35:INFO:root:Nominal world expenditure: 1.4240374661692156e7
08-Feb 08:27:35:INFO:root:--------------In the data: [3.25615e7]
08-Feb 08:27:35:INFO:root:--- Period 31 ---
08-Feb 08:27:35:INFO:root:BEGIN Outer loop
08-Feb 08:27:35:INFO:root:------ Middle 1: 0.0004146237945464511
08-Feb 08:27:37:INFO:root:------ Middle 2: 0.00017104543820886393
08-Feb 08:27:37:INFO:root:Starting from 1.4813637403434442e-17
08-Feb 08:27:37:INFO:root:-- Outer 4: 0.0026817671005860337
08-Feb 08:27:37:INFO:root:------ Middle 1: 0.0002250798799583856
08-Feb 08:27:37:INFO:root:Starting from 1.7387877161888334e-17
08-Feb 08:27:37:INFO:root:-- Outer 5: 0.0027661383747907497
08-Feb 08:27:38:INFO:root:------ Middle 1: 0.0001825530199939743
08-Feb 08:27:38:INFO:root:Starting from 1.927267298072259e-17
08-Feb 08:27:38:INFO:root:-- Outer 6: 0.0005899354291418822
08-Feb 08:27:38:INFO:root:END Outer loop
08-Feb 08:27:38:INFO:root:Model trade shares: [0.954659, 0.938771, 0.99433]
08-Feb 08:27:38:INFO:root:Data trade shares: [0.950579, 0.929714, 0.991388]
08-Feb 08:27:38:INFO:root:US prices: [0.917839, 0.874522, 0.872954]
08-Feb 08:27:38:INFO:root:in the data: [2.71827, 2.64842, 2.64842]
08-Feb 08:27:38:INFO:root:Nominal world expenditure: 1.6861413834532574e7
08-Feb 08:27:38:INFO:root:--------------In the data: [5.43532e7]
08-Feb 08:27:38:INFO:root:--- Period 32 ---
08-Feb 08:27:38:INFO:root:BEGIN Outer loop
08-Feb 08:27:39:INFO:root:------ Middle 2: 0.002429824045087727
08-Feb 08:27:40:INFO:root:------ Middle 1: 0.0007592986479254725
08-Feb 08:27:41:INFO:root:------ Middle 2: 0.0004707139759555087
08-Feb 08:27:41:INFO:root:------ Middle 3: 0.0002521876304076878
08-Feb 08:27:41:INFO:root:Starting from 2.0930076935539032e-17
08-Feb 08:27:41:INFO:root:-- Outer 2: 0.010846941399479948
08-Feb 08:27:42:INFO:root:------ Middle 3: 0.0015530575681625938
08-Feb 08:27:42:INFO:root:------ Middle 4: 0.0008523711508449634
08-Feb 08:27:43:INFO:root:------ Middle 1: 0.003765333880825499
08-Feb 08:27:43:INFO:root:------ Middle 1: 0.00046190273970991125
08-Feb 08:27:43:INFO:root:------ Middle 2: 0.00025074507162191426
08-Feb 08:27:43:INFO:root:Starting from 1.629228606410677e-17
08-Feb 08:27:43:INFO:root:-- Outer 3: 0.005164627680479
08-Feb 08:27:43:INFO:root:------ Middle 5: 0.0006797783984780985
08-Feb 08:27:44:INFO:root:------ Middle 6: 0.00037590725008124546
08-Feb 08:27:44:INFO:root:------ Middle 7: 0.00033689953544520606
08-Feb 08:27:45:INFO:root:------ Middle 1: 0.00032037450902035257
08-Feb 08:27:45:INFO:root:------ Middle 1: 0.003991935058489904
08-Feb 08:27:45:INFO:root:------ Middle 2: 0.00017352376258604455
08-Feb 08:27:45:INFO:root:Starting from 1.6532220151407563e-17
08-Feb 08:27:45:INFO:root:-- Outer 4: 0.0024608229403152845
08-Feb 08:27:45:INFO:root:------ Middle 8: 0.00019063323024306968
08-Feb 08:27:45:INFO:root:Starting from 1.3012068960480475e-17
08-Feb 08:27:45:INFO:root:-- Outer 1: 0.022304113363993888
08-Feb 08:27:45:INFO:root:------ Middle 1: 0.0002770121473445892
08-Feb 08:27:45:INFO:root:Starting from 1.6596468472813468e-17
08-Feb 08:27:45:INFO:root:-- Outer 5: 0.002579210447996724
08-Feb 08:27:45:INFO:root:------ Middle 1: 0.003137185451990865
08-Feb 08:27:46:INFO:root:------ Middle 1: 0.0002071628749441652
08-Feb 08:27:46:INFO:root:Starting from 1.8345593312881698e-17
08-Feb 08:27:46:INFO:root:-- Outer 6: 0.0006977505238657936
08-Feb 08:27:46:INFO:root:END Outer loop
08-Feb 08:27:46:INFO:root:Model trade shares: [0.961572, 0.93076, 0.990133]
08-Feb 08:27:46:INFO:root:Data trade shares: [0.954902, 0.927282, 0.98849]
08-Feb 08:27:46:INFO:root:US prices: [0.857731, 0.885998, 0.914156]
08-Feb 08:27:46:INFO:root:in the data: [2.81662, 2.76323, 2.76323]
08-Feb 08:27:46:INFO:root:Nominal world expenditure: 1.6103870168629311e7
08-Feb 08:27:46:INFO:root:--------------In the data: [5.52518e7]
08-Feb 08:27:46:INFO:root:--- Period 33 ---
08-Feb 08:27:46:INFO:root:BEGIN Outer loop
08-Feb 08:27:49:INFO:root:------ Middle 2: 0.0008605126131304019
08-Feb 08:27:50:INFO:root:------ Middle 3: 0.0005395590599999574
08-Feb 08:27:50:INFO:root:------ Middle 3: 0.0016106381098113145
08-Feb 08:27:50:INFO:root:------ Middle 2: 0.0026177776705263622
08-Feb 08:27:50:INFO:root:------ Middle 4: 0.00033291342691833294
08-Feb 08:27:51:INFO:root:------ Middle 5: 0.00020684194689574967
08-Feb 08:27:51:INFO:root:Starting from 1.9188168049313188e-17
08-Feb 08:27:51:INFO:root:-- Outer 2: 0.010392972156076687
08-Feb 08:27:52:INFO:root:------ Middle 3: 0.0016265087382073033
08-Feb 08:27:53:INFO:root:------ Middle 3: 0.0016530827563073882
08-Feb 08:27:53:INFO:root:------ Middle 1: 0.0002849740994974709
08-Feb 08:27:53:INFO:root:Starting from 1.4164507642561347e-17
08-Feb 08:27:53:INFO:root:-- Outer 3: 0.004711651530329872
08-Feb 08:27:53:INFO:root:------ Middle 1: 0.00044544040763188936
08-Feb 08:27:54:INFO:root:------ Middle 5: 0.0006725340432710693
08-Feb 08:27:54:INFO:root:------ Middle 2: 0.00017208338984147514
08-Feb 08:27:54:INFO:root:Starting from 1.6543101564866067e-17
08-Feb 08:27:54:INFO:root:-- Outer 4: 0.00224509036138577
08-Feb 08:27:55:INFO:root:------ Middle 1: 0.0002269904221490534
08-Feb 08:27:55:INFO:root:Starting from 1.9062569021530356e-17
08-Feb 08:27:55:INFO:root:-- Outer 5: 0.002323400164327219
08-Feb 08:27:55:INFO:root:------ Middle 4: 0.001045969530426144
08-Feb 08:27:55:INFO:root:------ Middle 1: 0.00018447582561004262
08-Feb 08:27:55:INFO:root:Starting from 1.443682217560426e-17
08-Feb 08:27:55:INFO:root:-- Outer 6: 0.0007576518569484606
08-Feb 08:27:55:INFO:root:END Outer loop
08-Feb 08:27:55:INFO:root:Model trade shares: [0.957545, 0.937512, 0.992286]
08-Feb 08:27:55:INFO:root:Data trade shares: [0.951101, 0.932187, 0.983861]
08-Feb 08:27:55:INFO:root:US prices: [0.871321, 0.83904, 0.942884]
08-Feb 08:27:55:INFO:root:in the data: [2.96009, 2.78199, 2.78199]
08-Feb 08:27:55:INFO:root:Nominal world expenditure: 1.5473851856970007e7
08-Feb 08:27:55:INFO:root:--------------In the data: [5.49713e7]
08-Feb 08:27:55:INFO:root:------ Middle 5: 0.0005803058241096446
08-Feb 08:27:56:INFO:root:--- Period 34 ---
08-Feb 08:27:56:INFO:root:BEGIN Outer loop
08-Feb 08:27:57:INFO:root:------ Middle 6: 0.0005097376711686575
08-Feb 08:27:57:INFO:root:------ Middle 7: 0.0002542009510685949
08-Feb 08:27:57:INFO:root:Starting from 1.282408729884833e-17
08-Feb 08:27:57:INFO:root:-- Outer 1: 0.021773539902293772
08-Feb 08:28:01:INFO:root:------ Middle 1: 0.0007601305858087447
08-Feb 08:28:01:INFO:root:------ Middle 2: 0.00045664946985997997
08-Feb 08:28:02:INFO:root:------ Middle 5: 0.0007226345011980566
08-Feb 08:28:02:INFO:root:------ Middle 3: 0.0002746479946506548
08-Feb 08:28:02:INFO:root:Starting from 1.9544463867074714e-17
08-Feb 08:28:02:INFO:root:-- Outer 2: 0.010091529315242032
08-Feb 08:28:02:INFO:root:------ Middle 1: 0.0009112243143098072
08-Feb 08:28:04:INFO:root:------ Middle 2: 0.00019110079481727074
08-Feb 08:28:04:INFO:root:Starting from 1.6874990346966222e-17
08-Feb 08:28:04:INFO:root:-- Outer 3: 0.005217122019111318
08-Feb 08:28:04:INFO:root:------ Middle 1: 0.00041983262662184656
08-Feb 08:28:05:INFO:root:------ Middle 2: 0.0023402655640058214
08-Feb 08:28:05:INFO:root:------ Middle 2: 0.00016244872000218576
08-Feb 08:28:05:INFO:root:Starting from 1.3395306558405162e-17
08-Feb 08:28:05:INFO:root:-- Outer 4: 0.0024168497168661493
08-Feb 08:28:05:INFO:root:------ Middle 1: 0.00022591019375344423
08-Feb 08:28:05:INFO:root:Starting from 2.0980614450525347e-17
08-Feb 08:28:05:INFO:root:-- Outer 5: 0.0025112531948064533
08-Feb 08:28:07:INFO:root:------ Middle 1: 0.00017754829741349647
08-Feb 08:28:07:INFO:root:Starting from 1.723181864417645e-17
08-Feb 08:28:07:INFO:root:-- Outer 6: 0.0005303449720646382
08-Feb 08:28:07:INFO:root:END Outer loop
08-Feb 08:28:07:INFO:root:Model trade shares: [0.954355, 0.940733, 0.988024]
08-Feb 08:28:07:INFO:root:Data trade shares: [0.951781, 0.9268, 0.989231]
08-Feb 08:28:07:INFO:root:US prices: [0.854974, 0.850818, 0.871683]
08-Feb 08:28:07:INFO:root:in the data: [2.94894, 2.90959, 2.90959]
08-Feb 08:28:07:INFO:root:Nominal world expenditure: 1.6229429992064428e7
08-Feb 08:28:07:INFO:root:--------------In the data: [5.76528e7]
08-Feb 08:28:07:INFO:root:--- Period 35 ---
08-Feb 08:28:07:INFO:root:BEGIN Outer loop
08-Feb 08:28:09:INFO:root:------ Middle 2: 0.002337941507552778
08-Feb 08:28:11:INFO:root:------ Middle 1: 0.0042671459927608795
08-Feb 08:28:14:INFO:root:------ Middle 1: 0.004568259574202396
08-Feb 08:28:18:INFO:root:------ Middle 2: 0.002390311723816945
08-Feb 08:28:20:INFO:root:------ Middle 1: 0.004717992568030439
08-Feb 08:28:23:INFO:root:------ Middle 4: 0.0010410109933673276
08-Feb 08:28:25:INFO:root:------ Middle 4: 0.0010685379517584295
08-Feb 08:28:26:INFO:root:------ Middle 6: 0.00043475614366256775
08-Feb 08:28:27:INFO:root:------ Middle 1: 0.00463560514837458
08-Feb 08:28:31:INFO:root:------ Middle 2: 0.002907997320610308
08-Feb 08:28:33:INFO:root:------ Middle 3: 0.0018291813557159407
08-Feb 08:28:33:INFO:root:------ Middle 4: 0.001008964025260723
08-Feb 08:28:34:INFO:root:------ Middle 6: 0.00046448744884582685
08-Feb 08:28:34:INFO:root:------ Middle 5: 0.0007755012878009246
08-Feb 08:28:35:INFO:root:------ Middle 6: 0.00042699322748296033
08-Feb 08:28:35:INFO:root:------ Middle 7: 0.0003690857399710218
08-Feb 08:28:35:INFO:root:------ Middle 8: 0.00020144021125500638
08-Feb 08:28:35:INFO:root:Starting from 1.198693828433556e-17
08-Feb 08:28:35:INFO:root:-- Outer 1: 0.023807229339758266
08-Feb 08:28:36:INFO:root:------ Middle 1: 0.003644788591513225
08-Feb 08:28:36:INFO:root:------ Middle 3: 0.001500479550147488
08-Feb 08:28:39:INFO:root:------ Middle 1: 0.0043592326314921374
08-Feb 08:28:41:INFO:root:------ Middle 3: 0.0014975701292442465
08-Feb 08:28:42:INFO:root:------ Middle 2: 0.0027013826026578867
08-Feb 08:28:44:INFO:root:------ Middle 2: 0.0010520865903048424
08-Feb 08:28:44:INFO:root:------ Middle 2: 0.002730453251052304
08-Feb 08:28:45:INFO:root:------ Middle 3: 0.0006534660825366149
08-Feb 08:28:45:INFO:root:------ Middle 4: 0.00041716311794423876
08-Feb 08:28:45:INFO:root:------ Middle 5: 0.00022714122255734485
08-Feb 08:28:45:INFO:root:Starting from 1.7667069393981257e-17
08-Feb 08:28:45:INFO:root:-- Outer 2: 0.011327147472367195
08-Feb 08:28:46:INFO:root:------ Middle 3: 0.0016950373812630024
08-Feb 08:28:47:INFO:root:------ Middle 2: 0.0028706935010679928
08-Feb 08:28:47:INFO:root:------ Middle 4: 0.0010758169282275962
08-Feb 08:28:47:INFO:root:------ Middle 5: 0.0005901516524475774
08-Feb 08:28:47:INFO:root:------ Middle 1: 0.000372894145628982
08-Feb 08:28:47:INFO:root:------ Middle 2: 0.00020689561302747372
08-Feb 08:28:47:INFO:root:Starting from 1.6418297539500877e-17
08-Feb 08:28:47:INFO:root:-- Outer 3: 0.005079721807099806
08-Feb 08:28:47:INFO:root:------ Middle 1: 0.0004750905373700126
08-Feb 08:28:48:INFO:root:------ Middle 6: 0.0004675859515007115
08-Feb 08:28:48:INFO:root:------ Middle 7: 0.00025624474089808294
08-Feb 08:28:48:INFO:root:Starting from 1.1546860065295526e-17
08-Feb 08:28:48:INFO:root:-- Outer 1: 0.020599310123447047
08-Feb 08:28:48:INFO:root:------ Middle 2: 0.0001695666103356336
08-Feb 08:28:48:INFO:root:Starting from 1.7540711569135012e-17
08-Feb 08:28:48:INFO:root:-- Outer 4: 0.002574407148937747
08-Feb 08:28:49:INFO:root:------ Middle 1: 0.00026637174528210415
08-Feb 08:28:49:INFO:root:Starting from 1.9183216106190976e-17
08-Feb 08:28:49:INFO:root:-- Outer 5: 0.002629519336697919
08-Feb 08:28:50:INFO:root:------ Middle 1: 0.00019822681787782595
08-Feb 08:28:50:INFO:root:Starting from 1.972536021162781e-17
08-Feb 08:28:50:INFO:root:-- Outer 6: 0.0005324203339977024
08-Feb 08:28:50:INFO:root:END Outer loop
08-Feb 08:28:50:INFO:root:Model trade shares: [0.953085, 0.911491, 0.978739]
08-Feb 08:28:50:INFO:root:Data trade shares: [0.956446, 0.911974, 0.985299]
08-Feb 08:28:50:INFO:root:US prices: [1.01565, 0.879657, 1.07224]
08-Feb 08:28:50:INFO:root:in the data: [3.74316, 3.20378, 3.20378]
08-Feb 08:28:50:INFO:root:Nominal world expenditure: 2.2774523090837076e7
08-Feb 08:28:50:INFO:root:--------------In the data: [8.18345e7]
08-Feb 08:28:50:INFO:root:--- Period 36 ---
08-Feb 08:28:50:INFO:root:BEGIN Outer loop
08-Feb 08:28:50:INFO:root:------ Middle 3: 0.0018180582320598126
08-Feb 08:28:50:INFO:root:------ Middle 3: 0.001530038816294494
08-Feb 08:28:52:INFO:root:------ Middle 4: 0.001144319044711365
08-Feb 08:28:52:INFO:root:------ Middle 5: 0.0006365244085350476
08-Feb 08:28:52:INFO:root:------ Middle 2: 0.0029654707864344466
08-Feb 08:28:53:INFO:root:------ Middle 6: 0.0005150589464403561
08-Feb 08:28:53:INFO:root:------ Middle 7: 0.0002755395813679176
08-Feb 08:28:53:INFO:root:Starting from 1.169202575681983e-17
08-Feb 08:28:53:INFO:root:-- Outer 1: 0.02428180662695003
08-Feb 08:28:55:INFO:root:------ Middle 5: 0.0006761236502724669
08-Feb 08:28:56:INFO:root:------ Middle 1: 0.0008400459172061419
08-Feb 08:28:56:INFO:root:------ Middle 2: 0.00046324043058101335
08-Feb 08:28:57:INFO:root:------ Middle 5: 0.0006942587116327654
08-Feb 08:28:57:INFO:root:------ Middle 3: 0.000354834986747591
08-Feb 08:28:57:INFO:root:------ Middle 4: 0.00020943074979437303
08-Feb 08:28:57:INFO:root:Starting from 1.86406671670719e-17
08-Feb 08:28:57:INFO:root:-- Outer 2: 0.009812317753952922
08-Feb 08:28:58:INFO:root:------ Middle 7: 0.0002820022041394794
08-Feb 08:28:58:INFO:root:------ Middle 1: 0.0009346341086324498
08-Feb 08:28:58:INFO:root:Starting from 1.2269538716839996e-17
08-Feb 08:28:58:INFO:root:------ Middle 1: 0.0015249311956853585
08-Feb 08:28:58:INFO:root:-- Outer 1: 0.027269337025521753
08-Feb 08:28:59:INFO:root:------ Middle 2: 0.0007007515486942562
08-Feb 08:28:59:INFO:root:------ Middle 2: 0.00017470462863165414
08-Feb 08:28:59:INFO:root:Starting from 1.7467144104431313e-17
08-Feb 08:28:59:INFO:root:-- Outer 3: 0.0051031608094540696
08-Feb 08:28:59:INFO:root:------ Middle 1: 0.0004396967653423504
08-Feb 08:29:00:INFO:root:------ Middle 3: 0.000784140597101388
08-Feb 08:29:00:INFO:root:------ Middle 2: 0.00015264166061009543
08-Feb 08:29:00:INFO:root:Starting from 1.6357998882686616e-17
08-Feb 08:29:00:INFO:root:-- Outer 4: 0.002509101396706525
08-Feb 08:29:00:INFO:root:------ Middle 1: 0.00024286540361959368
08-Feb 08:29:00:INFO:root:Starting from 1.786516157588258e-17
08-Feb 08:29:00:INFO:root:-- Outer 5: 0.0025859815347017657
08-Feb 08:29:01:INFO:root:------ Middle 4: 0.0006245103650595113
08-Feb 08:29:01:INFO:root:------ Middle 5: 0.00036444012616904895
08-Feb 08:29:01:INFO:root:------ Middle 6: 0.0002207196468331746
08-Feb 08:29:01:INFO:root:Starting from 1.7414716284487243e-17
08-Feb 08:29:01:INFO:root:-- Outer 2: 0.011309101015987876
08-Feb 08:29:01:INFO:root:------ Middle 1: 0.000799338668601707
08-Feb 08:29:02:INFO:root:------ Middle 2: 0.0004429499054655027
08-Feb 08:29:02:INFO:root:------ Middle 1: 0.0008760187222496666
08-Feb 08:29:02:INFO:root:------ Middle 1: 0.0001813884884149098
08-Feb 08:29:02:INFO:root:Starting from 1.688617514081767e-17
08-Feb 08:29:02:INFO:root:-- Outer 6: 0.0005351692120943145
08-Feb 08:29:02:INFO:root:END Outer loop
08-Feb 08:29:02:INFO:root:Model trade shares: [0.949836, 0.910526, 0.976126]
08-Feb 08:29:02:INFO:root:Data trade shares: [0.954831, 0.902146, 0.983572]
08-Feb 08:29:02:INFO:root:US prices: [1.11697, 0.904499, 1.16279]
08-Feb 08:29:02:INFO:root:in the data: [3.88449, 3.20236, 3.20236]
08-Feb 08:29:02:INFO:root:Nominal world expenditure: 2.4425561243365925e7
08-Feb 08:29:02:INFO:root:--------------In the data: [8.8489e7]
08-Feb 08:29:02:INFO:root:------ Middle 3: 0.0003090693568569895
08-Feb 08:29:02:INFO:root:------ Middle 4: 0.00017334986823235209
08-Feb 08:29:02:INFO:root:Starting from 1.6854293614595088e-17
08-Feb 08:29:02:INFO:root:-- Outer 2: 0.011993304436414592
08-Feb 08:29:02:INFO:root:------ Middle 1: 0.0008399027653417181
08-Feb 08:29:03:INFO:root:------ Middle 2: 0.00019885562076206947
08-Feb 08:29:03:INFO:root:Starting from 1.4085234829596325e-17
08-Feb 08:29:03:INFO:root:-- Outer 3: 0.005748966763190898
08-Feb 08:29:03:INFO:root:------ Middle 1: 0.00041773673275119245
08-Feb 08:29:04:INFO:root:------ Middle 2: 0.00018755760464740588
08-Feb 08:29:04:INFO:root:Starting from 1.921691101126622e-17
08-Feb 08:29:04:INFO:root:-- Outer 3: 0.0059454770352925295
08-Feb 08:29:04:INFO:root:------ Middle 1: 0.00036190088985158864
08-Feb 08:29:04:INFO:root:------ Middle 2: 0.0001765203449300196
08-Feb 08:29:04:INFO:root:Starting from 1.7583869859550203e-17
08-Feb 08:29:04:INFO:root:-- Outer 4: 0.0027322927438133415
08-Feb 08:29:05:INFO:root:------ Middle 1: 0.0002395399510850159
08-Feb 08:29:05:INFO:root:Starting from 1.3526312206635562e-17
08-Feb 08:29:05:INFO:root:-- Outer 5: 0.0028098542803591635
08-Feb 08:29:05:INFO:root:------ Middle 2: 0.0001645686077814083
08-Feb 08:29:05:INFO:root:Starting from 1.41638122808164e-17
08-Feb 08:29:05:INFO:root:-- Outer 4: 0.0026223455740200766
08-Feb 08:29:05:INFO:root:------ Middle 1: 0.0001893705800670278
08-Feb 08:29:05:INFO:root:Starting from 1.5837726373695453e-17
08-Feb 08:29:05:INFO:root:-- Outer 5: 0.0026792387244697433
08-Feb 08:29:06:INFO:root:------ Middle 7: 0.0002996372113826863
08-Feb 08:29:06:INFO:root:Starting from 1.2327142332908404e-17
08-Feb 08:29:06:INFO:root:------ Middle 1: 0.00019422039881762185
08-Feb 08:29:06:INFO:root:Starting from 1.6226148075765475e-17
08-Feb 08:29:06:INFO:root:-- Outer 6: 0.0006345088524512756
08-Feb 08:29:06:INFO:root:END Outer loop
08-Feb 08:29:06:INFO:root:Model trade shares: [0.954694, 0.934022, 0.979621]
08-Feb 08:29:06:INFO:root:Data trade shares: [0.95138, 0.919234, 0.983181]
08-Feb 08:29:06:INFO:root:US prices: [0.870458, 0.84892, 0.980679]
08-Feb 08:29:06:INFO:root:in the data: [3.11354, 3.01039, 3.01039]
08-Feb 08:29:06:INFO:root:Nominal world expenditure: 1.925946932514237e7
08-Feb 08:29:06:INFO:root:--------------In the data: [6.70931e7]
08-Feb 08:29:06:INFO:root:-- Outer 1: 0.03122221633185781
08-Feb 08:29:07:INFO:root:------ Middle 1: 0.0001581802169132879
08-Feb 08:29:07:INFO:root:Starting from 1.5129185693082302e-17
08-Feb 08:29:07:INFO:root:-- Outer 6: 0.0006287714164309192
08-Feb 08:29:07:INFO:root:END Outer loop
08-Feb 08:29:07:INFO:root:Model trade shares: [0.972333, 0.934143, 0.989542]
08-Feb 08:29:07:INFO:root:Data trade shares: [0.971471, 0.927429, 0.989384]
08-Feb 08:29:07:INFO:root:US prices: [1.57038, 1.08385, 1.08519]
08-Feb 08:29:07:INFO:root:in the data: [2.72526, 1.92631, 1.92631]
08-Feb 08:29:07:INFO:root:Nominal world expenditure: 1.1494882934314096e7
08-Feb 08:29:07:INFO:root:--------------In the data: [2.2953e7]
08-Feb 08:29:08:INFO:root:------ Middle 4: 0.0009676909703517978
08-Feb 08:29:09:INFO:root:------ Middle 1: 0.000835779944616108
08-Feb 08:29:10:INFO:root:------ Middle 2: 0.0005004789093921242
08-Feb 08:29:10:INFO:root:------ Middle 3: 0.0002713994117829938
08-Feb 08:29:10:INFO:root:Starting from 1.3560637742906512e-17
08-Feb 08:29:10:INFO:root:-- Outer 2: 0.013421550500987367
08-Feb 08:29:10:INFO:root:------ Middle 1: 0.0009291214340520547
08-Feb 08:29:12:INFO:root:------ Middle 2: 0.00022597084593112355
08-Feb 08:29:12:INFO:root:Starting from 1.4911118044124042e-17
08-Feb 08:29:12:INFO:root:-- Outer 3: 0.006646395337954373
08-Feb 08:29:12:INFO:root:------ Middle 1: 0.0004041906909928937
08-Feb 08:29:13:INFO:root:------ Middle 2: 0.0001816042845984542
08-Feb 08:29:13:INFO:root:Starting from 1.3681702211013313e-17
08-Feb 08:29:13:INFO:root:-- Outer 4: 0.0029236586454361797
08-Feb 08:29:13:INFO:root:------ Middle 4: 0.0009652610651688621
08-Feb 08:29:13:INFO:root:------ Middle 1: 0.0002045620501190379
08-Feb 08:29:13:INFO:root:Starting from 1.2351106192085687e-17
08-Feb 08:29:13:INFO:root:-- Outer 5: 0.0029801855640427823
08-Feb 08:29:14:INFO:root:------ Middle 3: 0.0017161239189094624
08-Feb 08:29:15:INFO:root:------ Middle 1: 0.0001709253696674174
08-Feb 08:29:15:INFO:root:Starting from 1.6322116803506366e-17
08-Feb 08:29:15:INFO:root:-- Outer 6: 0.0007060465791473875
08-Feb 08:29:15:INFO:root:END Outer loop
08-Feb 08:29:15:INFO:root:Model trade shares: [0.969584, 0.936001, 0.993115]
08-Feb 08:29:15:INFO:root:Data trade shares: [0.967429, 0.940539, 0.992695]
08-Feb 08:29:15:INFO:root:US prices: [1.24715, 1.06568, 1.05326]
08-Feb 08:29:15:INFO:root:in the data: [1.63396, 1.43854, 1.43854]
08-Feb 08:29:15:INFO:root:Nominal world expenditure: 9.07134185987072e6
08-Feb 08:29:15:INFO:root:--------------In the data: [1.37348e7]
08-Feb 08:29:22:INFO:root:------ Middle 1: 0.0038993929000194485
08-Feb 08:29:23:INFO:root:------ Middle 4: 0.0009851931150491181
08-Feb 08:29:24:INFO:root:------ Middle 3: 0.0018707174058346604
08-Feb 08:29:26:INFO:root:------ Middle 2: 0.002423869766308689
08-Feb 08:29:27:INFO:root:------ Middle 6: 0.00044094435808517346
08-Feb 08:29:28:INFO:root:------ Middle 3: 0.0015122886669289577
08-Feb 08:29:28:INFO:root:------ Middle 4: 0.0008324311571766875
08-Feb 08:29:29:INFO:root:------ Middle 5: 0.0006325418675331812
08-Feb 08:29:29:INFO:root:------ Middle 6: 0.0004531460967810714
08-Feb 08:29:29:INFO:root:------ Middle 6: 0.00036449151638802077
08-Feb 08:29:30:INFO:root:------ Middle 7: 0.0003060064895032335
08-Feb 08:29:30:INFO:root:------ Middle 8: 0.00016184561424444107
08-Feb 08:29:30:INFO:root:Starting from 1.178794176252174e-17
08-Feb 08:29:30:INFO:root:-- Outer 1: 0.017149184403541535
08-Feb 08:29:30:INFO:root:------ Middle 1: 0.0037831894187960327
08-Feb 08:29:37:INFO:root:------ Middle 2: 0.001089158680310169
08-Feb 08:29:39:INFO:root:------ Middle 3: 0.0019229012803674572
08-Feb 08:29:40:INFO:root:------ Middle 5: 0.0006274358508643635
08-Feb 08:29:41:INFO:root:------ Middle 4: 0.0009897330146936248
08-Feb 08:29:44:INFO:root:------ Middle 5: 0.0006017298622968907
08-Feb 08:29:45:INFO:root:------ Middle 5: 0.0006257118135814296
08-Feb 08:29:46:INFO:root:------ Middle 4: 0.0011584841395334221
08-Feb 08:29:46:INFO:root:------ Middle 6: 0.0003389036903398804
08-Feb 08:29:47:INFO:root:------ Middle 7: 0.00019877829437445516
08-Feb 08:29:47:INFO:root:Starting from 2.0902994099679568e-17
08-Feb 08:29:47:INFO:root:-- Outer 2: 0.008392966722130763
08-Feb 08:29:47:INFO:root:------ Middle 1: 0.0007784591067757471
08-Feb 08:29:48:INFO:root:------ Middle 2: 0.00019702646564124368
08-Feb 08:29:48:INFO:root:Starting from 1.774727341709707e-17
08-Feb 08:29:48:INFO:root:-- Outer 3: 0.0043882857814183975
08-Feb 08:29:48:INFO:root:------ Middle 1: 0.00036428547650719226
08-Feb 08:29:49:INFO:root:------ Middle 2: 0.00015977183924803824
08-Feb 08:29:49:INFO:root:Starting from 1.8762953572481047e-17
08-Feb 08:29:49:INFO:root:-- Outer 4: 0.002085600715727308
08-Feb 08:29:49:INFO:root:------ Middle 1: 0.0002022775112032029
08-Feb 08:29:49:INFO:root:Starting from 1.892055775189029e-17
08-Feb 08:29:49:INFO:root:-- Outer 5: 0.0021482490202866258
08-Feb 08:29:51:INFO:root:------ Middle 1: 0.00015764656965697318
08-Feb 08:29:51:INFO:root:Starting from 1.8419277812124656e-17
08-Feb 08:29:51:INFO:root:-- Outer 6: 0.00047210163693978065
08-Feb 08:29:51:INFO:root:END Outer loop
08-Feb 08:29:51:INFO:root:Model trade shares: [0.962006, 0.921275, 0.982801]
08-Feb 08:29:51:INFO:root:Data trade shares: [0.955026, 0.900005, 0.981768]
08-Feb 08:29:51:INFO:root:US prices: [1.2234, 1.00003, 1.14969]
08-Feb 08:29:51:INFO:root:in the data: [4.23838, 3.41193, 3.41193]
08-Feb 08:29:51:INFO:root:Nominal world expenditure: 2.9602087262913205e7
08-Feb 08:29:51:INFO:root:--------------In the data: [9.98292e7]
08-Feb 08:29:52:INFO:root:------ Middle 5: 0.000731723782352467
08-Feb 08:29:53:INFO:root:------ Middle 6: 0.00046156372946741666
08-Feb 08:29:54:INFO:root:------ Middle 7: 0.0003365999751393145
08-Feb 08:29:54:INFO:root:------ Middle 8: 0.0002090222465240286
08-Feb 08:29:54:INFO:root:Starting from 1.1316689344099887e-17
08-Feb 08:29:54:INFO:root:-- Outer 1: 0.023525146194758262
08-Feb 08:29:55:INFO:root:------ Middle 5: 0.0006379054238758305
08-Feb 08:29:56:INFO:root:------ Middle 4: 0.001247410171087284
08-Feb 08:29:59:INFO:root:------ Middle 1: 0.0007593313338901363
08-Feb 08:29:59:INFO:root:------ Middle 7: 0.00028853784660142656
08-Feb 08:29:59:INFO:root:Starting from 1.2472426447370954e-17
08-Feb 08:29:59:INFO:root:-- Outer 1: 0.027240214912706003
08-Feb 08:30:00:INFO:root:------ Middle 2: 0.0004570253057324606
08-Feb 08:30:00:INFO:root:------ Middle 5: 0.0007880030519698833
08-Feb 08:30:01:INFO:root:------ Middle 3: 0.0002742691576293664
08-Feb 08:30:01:INFO:root:Starting from 1.6583024443722912e-17
08-Feb 08:30:01:INFO:root:-- Outer 2: 0.010488764626139742
08-Feb 08:30:01:INFO:root:------ Middle 1: 0.0009261740916246991
08-Feb 08:30:02:INFO:root:------ Middle 7: 0.0002969744738208812
08-Feb 08:30:02:INFO:root:Starting from 1.2037326213647046e-17
08-Feb 08:30:02:INFO:root:-- Outer 1: 0.026593582898788756
08-Feb 08:30:02:INFO:root:------ Middle 2: 0.0002096706108041696
08-Feb 08:30:02:INFO:root:Starting from 1.8066331495335025e-17
08-Feb 08:30:02:INFO:root:-- Outer 3: 0.005393093728813973
08-Feb 08:30:02:INFO:root:------ Middle 6: 0.0005009949035474025
08-Feb 08:30:02:INFO:root:------ Middle 1: 0.00044118020213907214
08-Feb 08:30:02:INFO:root:------ Middle 7: 0.00027531414384849716
08-Feb 08:30:02:INFO:root:Starting from 1.1747873706530739e-17
08-Feb 08:30:02:INFO:root:-- Outer 1: 0.024650948867140365
08-Feb 08:30:02:INFO:root:------ Middle 1: 0.0007741228348834051
08-Feb 08:30:03:INFO:root:------ Middle 2: 0.0004448972208456829
08-Feb 08:30:03:INFO:root:------ Middle 3: 0.00030966342201242653
08-Feb 08:30:03:INFO:root:------ Middle 4: 0.00017293242353160206
08-Feb 08:30:03:INFO:root:Starting from 1.9123960945320254e-17
08-Feb 08:30:03:INFO:root:-- Outer 2: 0.012073463990462479
08-Feb 08:30:03:INFO:root:------ Middle 2: 0.00017337931576917552
08-Feb 08:30:03:INFO:root:Starting from 1.3529858589615943e-17
08-Feb 08:30:03:INFO:root:-- Outer 4: 0.0025918342438499375
08-Feb 08:30:03:INFO:root:------ Middle 1: 0.000868965964616589
08-Feb 08:30:04:INFO:root:------ Middle 1: 0.00024695806871747315
08-Feb 08:30:04:INFO:root:Starting from 1.954178729067722e-17
08-Feb 08:30:04:INFO:root:-- Outer 5: 0.0026825859201944843
08-Feb 08:30:05:INFO:root:------ Middle 2: 0.0001973151579489519
08-Feb 08:30:05:INFO:root:Starting from 1.611805977893907e-17
08-Feb 08:30:05:INFO:root:-- Outer 3: 0.006018304040830871
08-Feb 08:30:05:INFO:root:------ Middle 1: 0.0003831630094534481
08-Feb 08:30:05:INFO:root:------ Middle 1: 0.00019424784526082874
08-Feb 08:30:05:INFO:root:Starting from 1.7970916640533964e-17
08-Feb 08:30:05:INFO:root:-- Outer 6: 0.0006054045158458272
08-Feb 08:30:05:INFO:root:END Outer loop
08-Feb 08:30:05:INFO:root:Model trade shares: [0.949479, 0.934325, 0.983207]
08-Feb 08:30:05:INFO:root:Data trade shares: [0.946294, 0.923226, 0.982471]
08-Feb 08:30:05:INFO:root:US prices: [0.82233, 0.840883, 0.943366]
08-Feb 08:30:05:INFO:root:in the data: [2.69951, 2.89119, 2.89119]
08-Feb 08:30:05:INFO:root:Nominal world expenditure: 1.6782268501603354e7
08-Feb 08:30:05:INFO:root:--------------In the data: [5.96564e7]
08-Feb 08:30:06:INFO:root:------ Middle 2: 0.00016377569047827483
08-Feb 08:30:06:INFO:root:Starting from 1.7018165213477734e-17
08-Feb 08:30:06:INFO:root:-- Outer 4: 0.0026180650678560937
08-Feb 08:30:06:INFO:root:------ Middle 1: 0.00019914157712881605
08-Feb 08:30:06:INFO:root:Starting from 1.56440078187302e-17
08-Feb 08:30:06:INFO:root:-- Outer 5: 0.0026823965690344334
08-Feb 08:30:07:INFO:root:------ Middle 1: 0.0007449795149946466
08-Feb 08:30:08:INFO:root:------ Middle 2: 0.00044819069088970916
08-Feb 08:30:08:INFO:root:------ Middle 1: 0.0001687292970508526
08-Feb 08:30:08:INFO:root:Starting from 1.6735779534420688e-17
08-Feb 08:30:08:INFO:root:-- Outer 6: 0.0005788851098309371
08-Feb 08:30:08:INFO:root:END Outer loop
08-Feb 08:30:08:INFO:root:Model trade shares: [0.965157, 0.942164, 0.994087]
08-Feb 08:30:08:INFO:root:Data trade shares: [0.953126, 0.923314, 0.993566]
08-Feb 08:30:08:INFO:root:US prices: [1.01743, 0.937406, 0.93821]
08-Feb 08:30:08:INFO:root:in the data: [2.3065, 2.15345, 2.15345]
08-Feb 08:30:08:INFO:root:Nominal world expenditure: 1.345216556983836e7
08-Feb 08:30:08:INFO:root:--------------In the data: [2.91447e7]
08-Feb 08:30:08:INFO:root:------ Middle 3: 0.00027332869605895395
08-Feb 08:30:08:INFO:root:Starting from 1.8015711542596777e-17
08-Feb 08:30:08:INFO:root:-- Outer 2: 0.011442205671941957
08-Feb 08:30:09:INFO:root:------ Middle 1: 0.0009154881455186892
08-Feb 08:30:09:INFO:root:------ Middle 2: 0.0005297209544185914
08-Feb 08:30:10:INFO:root:------ Middle 3: 0.0002979361646967625
08-Feb 08:30:10:INFO:root:Starting from 1.4814306837494913e-17
08-Feb 08:30:10:INFO:root:-- Outer 2: 0.011241326635387235
08-Feb 08:30:10:INFO:root:------ Middle 1: 0.00043576987335032345
08-Feb 08:30:10:INFO:root:------ Middle 1: 0.0009821679599312382
08-Feb 08:30:11:INFO:root:------ Middle 2: 0.00025942706638335835
08-Feb 08:30:11:INFO:root:Starting from 1.9807280526168607e-17
08-Feb 08:30:11:INFO:root:-- Outer 3: 0.005146964224944157
08-Feb 08:30:11:INFO:root:------ Middle 2: 0.00022811958414304534
08-Feb 08:30:11:INFO:root:Starting from 1.4448215375671698e-17
08-Feb 08:30:11:INFO:root:-- Outer 3: 0.005743082805463159
08-Feb 08:30:11:INFO:root:------ Middle 6: 0.0004088269532738495
08-Feb 08:30:12:INFO:root:------ Middle 1: 0.00046283347821422436
08-Feb 08:30:13:INFO:root:------ Middle 1: 0.00029927735158842317
08-Feb 08:30:13:INFO:root:Starting from 2.0912885815932043e-17
08-Feb 08:30:13:INFO:root:-- Outer 4: 0.0023639508574656957
08-Feb 08:30:13:INFO:root:------ Middle 2: 0.00018092243958289103
08-Feb 08:30:13:INFO:root:Starting from 1.5401804261135724e-17
08-Feb 08:30:13:INFO:root:-- Outer 4: 0.00277533660900828
08-Feb 08:30:13:INFO:root:------ Middle 1: 0.00025869950286863647
08-Feb 08:30:13:INFO:root:Starting from 1.4468034525994292e-17
08-Feb 08:30:13:INFO:root:-- Outer 5: 0.0028436172223954234
08-Feb 08:30:14:INFO:root:------ Middle 1: 0.00026037294551787995
08-Feb 08:30:14:INFO:root:Starting from 1.468271170363958e-17
08-Feb 08:30:14:INFO:root:-- Outer 5: 0.0011270310695798793
08-Feb 08:30:14:INFO:root:------ Middle 1: 0.0002017406971494273
08-Feb 08:30:14:INFO:root:Starting from 1.7640530997856973e-17
08-Feb 08:30:14:INFO:root:-- Outer 6: 0.0005961596977311507
08-Feb 08:30:14:INFO:root:END Outer loop
08-Feb 08:30:14:INFO:root:Model trade shares: [0.955657, 0.915425, 0.973847]
08-Feb 08:30:14:INFO:root:Data trade shares: [0.95528, 0.914832, 0.982791]
08-Feb 08:30:14:INFO:root:US prices: [0.89437, 0.880279, 1.04064]
08-Feb 08:30:14:INFO:root:in the data: [3.32883, 3.15407, 3.15407]
08-Feb 08:30:14:INFO:root:Nominal world expenditure: 2.1496146251427025e7
08-Feb 08:30:14:INFO:root:--------------In the data: [7.56745e7]
08-Feb 08:30:16:INFO:root:------ Middle 1: 0.0002036880333799622
08-Feb 08:30:16:INFO:root:Starting from 1.5130616849981072e-17
08-Feb 08:30:16:INFO:root:-- Outer 6: 0.0005917804738897249
08-Feb 08:30:16:INFO:root:END Outer loop
08-Feb 08:30:16:INFO:root:Model trade shares: [0.966095, 0.944808, 0.992761]
08-Feb 08:30:16:INFO:root:Data trade shares: [0.959588, 0.937566, 0.971212]
08-Feb 08:30:16:INFO:root:US prices: [0.918599, 0.876531, 0.930252]
08-Feb 08:30:16:INFO:root:in the data: [2.70826, 2.57595, 2.57595]
08-Feb 08:30:16:INFO:root:Nominal world expenditure: 1.5406062296067825e7
08-Feb 08:30:16:INFO:root:--------------In the data: [4.5848e7]
08-Feb 08:30:17:INFO:root:------ Middle 6: 0.0004077212163316444
08-Feb 08:30:27:INFO:root:------ Middle 6: 0.00041519900607820244
08-Feb 08:30:43:INFO:root:------ Middle 7: 0.0002675930594511117
08-Feb 08:30:43:INFO:root:Starting from 1.2002186387612799e-17
08-Feb 08:30:43:INFO:root:-- Outer 1: 0.021035530594891133
08-Feb 08:30:49:INFO:root:------ Middle 7: 0.00026695406506376966
08-Feb 08:30:49:INFO:root:Starting from 1.28314368935742e-17
08-Feb 08:30:49:INFO:root:-- Outer 1: 0.02035879481302817
08-Feb 08:31:04:INFO:root:------ Middle 7: 0.0002715610614672855
08-Feb 08:31:04:INFO:root:Starting from 1.3110134765476328e-17
08-Feb 08:31:04:INFO:root:-- Outer 1: 0.020860413271804042
08-Feb 08:31:09:INFO:root:------ Middle 1: 0.0006954019788982851
08-Feb 08:31:10:INFO:root:------ Middle 2: 0.00041903631733715093
08-Feb 08:31:11:INFO:root:------ Middle 3: 0.00025185792933327106
08-Feb 08:31:11:INFO:root:Starting from 1.923901450204068e-17
08-Feb 08:31:11:INFO:root:-- Outer 2: 0.00926917282616475
08-Feb 08:31:11:INFO:root:------ Middle 1: 0.0008309740757772097
08-Feb 08:31:13:INFO:root:------ Middle 2: 0.00021246602453235046
08-Feb 08:31:13:INFO:root:Starting from 1.7933376972935163e-17
08-Feb 08:31:13:INFO:root:-- Outer 3: 0.004839527611974914
08-Feb 08:31:13:INFO:root:------ Middle 1: 0.0003894820796044324
08-Feb 08:31:15:INFO:root:------ Middle 2: 0.00016932883139252186
08-Feb 08:31:15:INFO:root:Starting from 1.6362383465420214e-17
08-Feb 08:31:15:INFO:root:-- Outer 4: 0.0022596120952378157
08-Feb 08:31:15:INFO:root:------ Middle 1: 0.0002475107131549355
08-Feb 08:31:15:INFO:root:Starting from 1.547866393793647e-17
08-Feb 08:31:15:INFO:root:-- Outer 5: 0.0023650847875239145
08-Feb 08:31:17:INFO:root:------ Middle 1: 0.0001903204071167222
08-Feb 08:31:17:INFO:root:Starting from 1.7452476795794593e-17
08-Feb 08:31:17:INFO:root:-- Outer 6: 0.0004978458109340351
08-Feb 08:31:17:INFO:root:END Outer loop
08-Feb 08:31:17:INFO:root:Model trade shares: [0.954994, 0.93958, 0.988165]
08-Feb 08:31:17:INFO:root:Data trade shares: [0.949239, 0.924453, 0.987338]
08-Feb 08:31:17:INFO:root:US prices: [0.88423, 0.839665, 0.87722]
08-Feb 08:31:17:INFO:root:in the data: [2.95883, 2.79593, 2.79593]
08-Feb 08:31:17:INFO:root:Nominal world expenditure: 1.6331372763864718e7
08-Feb 08:31:17:INFO:root:--------------In the data: [5.8302e7]
08-Feb 08:31:18:INFO:root:------ Middle 1: 0.0006375993935255954
08-Feb 08:31:26:INFO:root:------ Middle 1: 0.0006349745699122083
08-Feb 08:31:58:INFO:root:------ Middle 2: 0.000384692432793186
08-Feb 08:32:09:INFO:root:------ Middle 2: 0.00038241516572409026
08-Feb 08:32:38:INFO:root:------ Middle 3: 0.0002334263789288866
08-Feb 08:32:38:INFO:root:Starting from 2.0795639082236936e-17
08-Feb 08:32:38:INFO:root:-- Outer 2: 0.009275325847971565
08-Feb 08:32:50:INFO:root:------ Middle 3: 0.00023167587063621274
08-Feb 08:32:50:INFO:root:Starting from 1.8167898409816172e-17
08-Feb 08:32:50:INFO:root:-- Outer 2: 0.008983302099834117
08-Feb 08:33:17:INFO:root:------ Middle 1: 0.0003747646707894162
08-Feb 08:33:27:INFO:root:------ Middle 1: 0.0003716898438298319
08-Feb 08:33:52:INFO:root:------ Middle 2: 0.00022605450571945023
08-Feb 08:33:52:INFO:root:Starting from 1.4390617543397865e-17
08-Feb 08:33:52:INFO:root:-- Outer 3: 0.004170080191431537
08-Feb 08:34:00:INFO:root:------ Middle 2: 0.0002238905292382134
08-Feb 08:34:00:INFO:root:Starting from 1.4054004848546667e-17
08-Feb 08:34:00:INFO:root:-- Outer 3: 0.004036588441951614
08-Feb 08:34:24:INFO:root:------ Middle 1: 0.0002651446880407685
08-Feb 08:34:24:INFO:root:Starting from 1.870804004067611e-17
08-Feb 08:34:24:INFO:root:-- Outer 4: 0.001983710038596058
08-Feb 08:34:32:INFO:root:------ Middle 1: 0.0002622268097868063
08-Feb 08:34:32:INFO:root:Starting from 1.666699455610099e-17
08-Feb 08:34:32:INFO:root:-- Outer 4: 0.0019174576872987672
08-Feb 08:34:56:INFO:root:------ Middle 1: 0.00023321623586662247
08-Feb 08:34:56:INFO:root:Starting from 2.1952857418228766e-17
08-Feb 08:34:56:INFO:root:-- Outer 5: 0.0010310632907653305
08-Feb 08:35:05:INFO:root:------ Middle 1: 0.00023027523106676398
08-Feb 08:35:05:INFO:root:Starting from 1.6772520964674365e-17
08-Feb 08:35:05:INFO:root:-- Outer 5: 0.0009941353724180044
08-Feb 08:35:05:INFO:root:END Outer loop
08-Feb 08:35:05:INFO:root:Model trade shares: [0.955892, 0.943834, 0.992158]
08-Feb 08:35:05:INFO:root:Data trade shares: [0.943324, 0.928045, 0.988948]
08-Feb 08:35:05:INFO:root:US prices: [0.901545, 0.844422, 0.893862]
08-Feb 08:35:05:INFO:root:in the data: [2.94743, 2.7898, 2.7898]
08-Feb 08:35:05:INFO:root:Nominal world expenditure: 1.6178655853891004e7
08-Feb 08:35:05:INFO:root:--------------In the data: [5.65242e7]
08-Feb 08:35:28:INFO:root:------ Middle 1: 0.00018416888962029018
08-Feb 08:35:28:INFO:root:Starting from 2.142658349369549e-17
08-Feb 08:35:28:INFO:root:-- Outer 6: 0.000582849212825395
08-Feb 08:35:28:INFO:root:END Outer loop
08-Feb 08:35:28:INFO:root:Model trade shares: [0.952473, 0.94466, 0.993782]
08-Feb 08:35:28:INFO:root:Data trade shares: [0.944757, 0.931965, 0.986375]
08-Feb 08:35:28:INFO:root:US prices: [0.881773, 0.821823, 0.824769]
08-Feb 08:35:28:INFO:root:in the data: [2.85731, 2.74066, 2.74066]
08-Feb 08:35:28:INFO:root:Nominal world expenditure: 1.5527948829627464e7
08-Feb 08:35:28:INFO:root:--------------In the data: [5.4623e7]
658.733943 seconds (915.11 k allocations: 750.241 MiB, 0.06% gc time)
