WARNING: Method definition warn(Any...) in module Base at util.jl:589 overwritten in module Logging at /Applications/JuliaPro-0.6.4.1.app/Contents/Resources/pkgs-0.6.4.1/v0.6/Logging/src/Logging.jl:115.
WARNING: Method definition info(Any...) in module Base at util.jl:534 overwritten in module Logging at /Applications/JuliaPro-0.6.4.1.app/Contents/Resources/pkgs-0.6.4.1/v0.6/Logging/src/Logging.jl:115.
WARNING: Method definition warn(WARNING: Method definition Anywarn(...Any)... in module Base) at util.jl:589 in module Base overwritten at util.jl:589 in module Logging overwritten at /Applications/JuliaPro-0.6.4.1.app/Contents/Resources/pkgs-0.6.4.1/v0.6/Logging/src/Logging.jl:115 in module Logging at /Applications/JuliaPro-0.6.4.1.app/Contents/Resources/pkgs-0.6.4.1/v0.6/Logging/src/Logging.jl:115.
.
WARNING: Method definition info(Any...) in module BaseWARNING: Method definition info( at util.jl:534 overwrittenAny in module Logging at /Applications/JuliaPro-0.6.4.1.app/Contents/Resources/pkgs-0.6.4.1/v0.6/Logging/src/Logging.jl:115.
...) in module Base at util.jl:534 overwritten in module Logging at /Applications/JuliaPro-0.6.4.1.app/Contents/Resources/pkgs-0.6.4.1/v0.6/Logging/src/Logging.jl:115.
13-Jun 11:31:16:INFO:root:--- Period 1 ---
13-Jun 11:31:16:INFO:root:--- Period 2 ---
13-Jun 11:31:20:INFO:root:BEGIN Outer loop
13-Jun 11:31:20:INFO:root:BEGIN Outer loop
13-Jun 11:31:22:INFO:root:------ Middle 1: 0.0055618923032257645
13-Jun 11:31:22:INFO:root:------ Middle 2: 0.003066396559434338
13-Jun 11:31:22:INFO:root:------ Middle 3: 0.002346865267252742
13-Jun 11:31:22:INFO:root:------ Middle 4: 0.0012964461001725512
13-Jun 11:31:22:INFO:root:------ Middle 5: 0.001005522298292124
13-Jun 11:31:22:INFO:root:------ Middle 6: 0.0005584548421292032
13-Jun 11:31:22:INFO:root:------ Middle 7: 0.00042812511638019596
13-Jun 11:31:22:INFO:root:------ Middle 8: 0.00025278516886564174
13-Jun 11:31:23:INFO:root:Starting from 1.2831298496596637e-17
13-Jun 11:31:23:INFO:root:-- Outer 1: 0.039042445040332434
13-Jun 11:31:23:INFO:root:------ Middle 1: 0.0028049405014063922
13-Jun 11:31:23:INFO:root:------ Middle 2: 0.0009039192180889347
13-Jun 11:31:23:INFO:root:------ Middle 3: 0.0005010610993534522
13-Jun 11:31:23:INFO:root:------ Middle 4: 0.0003236129657436029
13-Jun 11:31:23:INFO:root:------ Middle 5: 0.00021069734670879962
13-Jun 11:31:23:INFO:root:Starting from 1.100161982006141e-17
13-Jun 11:31:23:INFO:root:-- Outer 2: 0.0180230448927773
13-Jun 11:31:23:INFO:root:------ Middle 1: 0.0005728772171360012
13-Jun 11:31:23:INFO:root:------ Middle 2: 0.0003731187016467481
13-Jun 11:31:23:INFO:root:------ Middle 3: 0.00020927851404134036
13-Jun 11:31:23:INFO:root:Starting from 1.1688205947565059e-17
13-Jun 11:31:23:INFO:root:-- Outer 3: 0.007425602884922632
13-Jun 11:31:23:INFO:root:------ Middle 1: 0.00017875409211301252
13-Jun 11:31:23:INFO:root:Starting from 4.4372886289121775e-18
13-Jun 11:31:23:INFO:root:-- Outer 4: 0.007476505685164886
13-Jun 11:31:23:INFO:root:------ Middle 1: 0.00023848960615321802
13-Jun 11:31:23:INFO:root:Starting from 9.817494408364037e-18
13-Jun 11:31:23:INFO:root:-- Outer 5: 0.0017938076937011889
13-Jun 11:31:23:INFO:root:------ Middle 1: 0.00020340190028695878
13-Jun 11:31:23:INFO:root:Starting from 1.155927743934118e-17
13-Jun 11:31:23:INFO:root:-- Outer 6: 0.0018152734205035353
13-Jun 11:31:24:INFO:root:------ Middle 1: 0.0001340802050350589
13-Jun 11:31:24:INFO:root:Starting from 1.242704442214599e-17
13-Jun 11:31:24:INFO:root:-- Outer 7: 0.0003544927553762288
13-Jun 11:31:24:INFO:root:END Outer loop
13-Jun 11:31:24:INFO:root:Model trade shares: [0.970686, 0.941348, 0.995683]
13-Jun 11:31:24:INFO:root:Data trade shares: [0.970499, 0.941882, 0.994321]
13-Jun 11:31:24:INFO:root:US prices: [1.00864, 1.00751, 1.00585]
13-Jun 11:31:24:INFO:root:in the data: [1.0, 1.0, 1.0]
13-Jun 11:31:24:INFO:root:Nominal world expenditure: 8.288413220933699e6
13-Jun 11:31:24:INFO:root:--------------In the data: [8.33469e6]
13-Jun 11:31:24:INFO:root:--- Period 3 ---
13-Jun 11:31:24:INFO:root:BEGIN Outer loop
13-Jun 11:31:28:INFO:root:------ Middle 1: 0.005351123823532947
13-Jun 11:31:28:INFO:root:------ Middle 2: 0.0029497752329630403
13-Jun 11:31:30:INFO:root:------ Middle 3: 0.002237675672624004
13-Jun 11:31:30:INFO:root:------ Middle 4: 0.0012366810980092894
13-Jun 11:31:30:INFO:root:------ Middle 1: 0.005212396215158451
13-Jun 11:31:30:INFO:root:------ Middle 2: 0.002873248784441935
13-Jun 11:31:31:INFO:root:------ Middle 5: 0.0009627719314639968
13-Jun 11:31:31:INFO:root:------ Middle 6: 0.0005344520060232031
13-Jun 11:31:31:INFO:root:------ Middle 7: 0.00040900648826684054
13-Jun 11:31:31:INFO:root:------ Middle 8: 0.00024278800565675427
13-Jun 11:31:31:INFO:root:------ Middle 3: 0.0021631362221797208
13-Jun 11:31:32:INFO:root:------ Middle 4: 0.001197221283209371
13-Jun 11:31:32:INFO:root:Starting from 1.1978985065921844e-17
13-Jun 11:31:32:INFO:root:-- Outer 1: 0.03575314185675144
13-Jun 11:31:32:INFO:root:------ Middle 1: 0.002538063662717378
13-Jun 11:31:33:INFO:root:------ Middle 5: 0.0009378489788409232
13-Jun 11:31:33:INFO:root:------ Middle 6: 0.0005205726609785283
13-Jun 11:31:33:INFO:root:------ Middle 7: 0.00039891833688361275
13-Jun 11:31:33:INFO:root:------ Middle 8: 0.00023802393245370618
13-Jun 11:31:33:INFO:root:Starting from 1.1409785575842614e-17
13-Jun 11:31:33:INFO:root:-- Outer 1: 0.033114961329601136
13-Jun 11:31:33:INFO:root:------ Middle 1: 0.002334599886832855
13-Jun 11:31:35:INFO:root:------ Middle 2: 0.0008023318463037472
13-Jun 11:31:35:INFO:root:------ Middle 3: 0.00044555894335455336
13-Jun 11:31:35:INFO:root:------ Middle 4: 0.0002882329090720155
13-Jun 11:31:35:INFO:root:Starting from 1.4444529166912133e-17
13-Jun 11:31:35:INFO:root:-- Outer 2: 0.01666697413644103
13-Jun 11:31:35:INFO:root:------ Middle 1: 0.0005143040540759291
13-Jun 11:31:36:INFO:root:------ Middle 2: 0.0007352398448140043
13-Jun 11:31:36:INFO:root:------ Middle 3: 0.0004089674186921392
13-Jun 11:31:36:INFO:root:------ Middle 4: 0.0002656549835941386
13-Jun 11:31:36:INFO:root:Starting from 1.684361484211002e-17
13-Jun 11:31:36:INFO:root:-- Outer 2: 0.015571948915457682
13-Jun 11:31:36:INFO:root:------ Middle 1: 0.0005313774570754849
13-Jun 11:31:37:INFO:root:------ Middle 2: 0.00039685504684678925
13-Jun 11:31:37:INFO:root:------ Middle 3: 0.00022241489406653342
13-Jun 11:31:37:INFO:root:Starting from 1.7615450336007694e-17
13-Jun 11:31:37:INFO:root:-- Outer 3: 0.006872924319366647
13-Jun 11:31:37:INFO:root:------ Middle 1: 0.00018323933667023374
13-Jun 11:31:37:INFO:root:Starting from 1.2095554577457415e-17
13-Jun 11:31:37:INFO:root:-- Outer 4: 0.006894600829834594
13-Jun 11:31:38:INFO:root:------ Middle 2: 0.000388759980511439
13-Jun 11:31:38:INFO:root:------ Middle 3: 0.00021849733888953482
13-Jun 11:31:38:INFO:root:Starting from 1.1877867247627264e-17
13-Jun 11:31:38:INFO:root:-- Outer 3: 0.006539551654693457
13-Jun 11:31:38:INFO:root:------ Middle 1: 0.00024630964707929325
13-Jun 11:31:38:INFO:root:Starting from 1.3609414324643554e-17
13-Jun 11:31:38:INFO:root:-- Outer 4: 0.006690903716838194
13-Jun 11:31:39:INFO:root:------ Middle 1: 0.0002492550006659168
13-Jun 11:31:39:INFO:root:Starting from 1.4739299945635993e-17
13-Jun 11:31:39:INFO:root:-- Outer 5: 0.001661664227946792
13-Jun 11:31:39:INFO:root:------ Middle 1: 0.00020927166536696546
13-Jun 11:31:39:INFO:root:Starting from 1.4285229553304412e-17
13-Jun 11:31:39:INFO:root:-- Outer 6: 0.0016921569821423837
13-Jun 11:31:39:INFO:root:------ Middle 1: 0.00014845117497839524
13-Jun 11:31:39:INFO:root:Starting from 1.5250626984670826e-17
13-Jun 11:31:39:INFO:root:-- Outer 7: 0.00037419600241737477
13-Jun 11:31:39:INFO:root:END Outer loop
13-Jun 11:31:39:INFO:root:------ Middle 1: 0.00034331929520987843
13-Jun 11:31:40:INFO:root:------ Middle 2: 0.00019162371337206097
13-Jun 11:31:40:INFO:root:Starting from 1.5517785600113844e-17
13-Jun 11:31:40:INFO:root:-- Outer 5: 0.001743458468466675
13-Jun 11:31:40:INFO:root:------ Middle 1: 0.00019976332108045155
13-Jun 11:31:40:INFO:root:Starting from 1.3899865361303087e-17
13-Jun 11:31:40:INFO:root:-- Outer 6: 0.0018415687573158943
13-Jun 11:31:40:INFO:root:Model trade shares: [0.978763, 0.940595, 0.994775]
13-Jun 11:31:40:INFO:root:Data trade shares: [0.970394, 0.938128, 0.99445]
13-Jun 11:31:40:INFO:root:US prices: [1.06305, 1.10555, 1.11939]
13-Jun 11:31:40:INFO:root:in the data: [1.21921, 1.17859, 1.17859]
13-Jun 11:31:40:INFO:root:Nominal world expenditure: 9.290510816347513e6
13-Jun 11:31:40:INFO:root:--------------In the data: [1.02443e7]
13-Jun 11:31:40:INFO:root:--- Period 4 ---
13-Jun 11:31:40:INFO:root:BEGIN Outer loop
13-Jun 11:31:40:INFO:root:------ Middle 1: 0.0001764622050137766
13-Jun 11:31:40:INFO:root:Starting from 1.3567609342660852e-17
13-Jun 11:31:40:INFO:root:-- Outer 7: 0.0004664662400762768
13-Jun 11:31:40:INFO:root:END Outer loop
13-Jun 11:31:40:INFO:root:Model trade shares: [0.974358, 0.933333, 0.993542]
13-Jun 11:31:40:INFO:root:Data trade shares: [0.973362, 0.938447, 0.994052]
13-Jun 11:31:40:INFO:root:US prices: [1.22896, 1.16162, 1.19283]
13-Jun 11:31:40:INFO:root:in the data: [1.46789, 1.34924, 1.34924]
13-Jun 11:31:40:INFO:root:Nominal world expenditure: 9.3162864176988e6
13-Jun 11:31:40:INFO:root:--------------In the data: [1.15794e7]
13-Jun 11:31:40:INFO:root:--- Period 5 ---
13-Jun 11:31:40:INFO:root:BEGIN Outer loop
13-Jun 11:31:46:INFO:root:------ Middle 1: 0.005123910105754401
13-Jun 11:31:46:INFO:root:------ Middle 2: 0.0028243490808401426
13-Jun 11:31:46:INFO:root:------ Middle 1: 0.0049979783146565995
13-Jun 11:31:46:INFO:root:------ Middle 2: 0.002754700626511798
13-Jun 11:31:47:INFO:root:------ Middle 3: 0.0021075427516372134
13-Jun 11:31:47:INFO:root:------ Middle 4: 0.001167513179637551
13-Jun 11:31:47:INFO:root:------ Middle 3: 0.0020586100798862606
13-Jun 11:31:48:INFO:root:------ Middle 4: 0.0011403288654719228
13-Jun 11:31:48:INFO:root:------ Middle 5: 0.0009109777656866713
13-Jun 11:31:48:INFO:root:------ Middle 6: 0.0005059227333605656
13-Jun 11:31:48:INFO:root:------ Middle 5: 0.0008917447708284024
13-Jun 11:31:49:INFO:root:------ Middle 6: 0.0004950590948103979
13-Jun 11:31:49:INFO:root:------ Middle 7: 0.00038767647227498176
13-Jun 11:31:49:INFO:root:------ Middle 8: 0.00023262583637654103
13-Jun 11:31:49:INFO:root:Starting from 1.2487214139222841e-17
13-Jun 11:31:49:INFO:root:-- Outer 1: 0.030943379192092134
13-Jun 11:31:49:INFO:root:------ Middle 1: 0.0025314328905280048
13-Jun 11:31:49:INFO:root:------ Middle 7: 0.00037998846907562307
13-Jun 11:31:49:INFO:root:------ Middle 8: 0.00022866537852215033
13-Jun 11:31:49:INFO:root:Starting from 1.2429907810880723e-17
13-Jun 11:31:49:INFO:root:-- Outer 1: 0.029249467168413448
13-Jun 11:31:49:INFO:root:------ Middle 1: 0.002661256439060218
13-Jun 11:31:51:INFO:root:------ Middle 2: 0.0006953001315239874
13-Jun 11:31:51:INFO:root:------ Middle 2: 0.0006919329391035299
13-Jun 11:31:51:INFO:root:------ Middle 3: 0.0003871074903622151
13-Jun 11:31:51:INFO:root:------ Middle 3: 0.0003857709496888716
13-Jun 11:31:51:INFO:root:------ Middle 4: 0.0002510278634196304
13-Jun 11:31:51:INFO:root:Starting from 1.4019600514306756e-17
13-Jun 11:31:51:INFO:root:-- Outer 2: 0.014961455984876875
13-Jun 11:31:51:INFO:root:------ Middle 1: 0.0007674845687801372
13-Jun 11:31:51:INFO:root:------ Middle 4: 0.0002500939598195261
13-Jun 11:31:51:INFO:root:Starting from 1.1781491766936709e-17
13-Jun 11:31:51:INFO:root:-- Outer 2: 0.014363266378661104
13-Jun 11:31:52:INFO:root:------ Middle 1: 0.0008182774475421067
13-Jun 11:31:53:INFO:root:------ Middle 2: 0.00039424192976917667
13-Jun 11:31:53:INFO:root:------ Middle 2: 0.0003887385983520575
13-Jun 11:31:53:INFO:root:------ Middle 3: 0.0002217103562021424
13-Jun 11:31:53:INFO:root:Starting from 1.6217657591351265e-17
13-Jun 11:31:53:INFO:root:-- Outer 3: 0.006666338328667539
13-Jun 11:31:53:INFO:root:------ Middle 3: 0.00021907977854047228
13-Jun 11:31:53:INFO:root:Starting from 1.4528013157099936e-17
13-Jun 11:31:53:INFO:root:-- Outer 3: 0.006569824024284953
13-Jun 11:31:53:INFO:root:------ Middle 1: 0.0004051820131676755
13-Jun 11:31:53:INFO:root:------ Middle 1: 0.0004287159901009699
13-Jun 11:31:54:INFO:root:------ Middle 2: 0.00025125406037289545
13-Jun 11:31:54:INFO:root:Starting from 1.2722674845655086e-17
13-Jun 11:31:54:INFO:root:-- Outer 4: 0.002939652208245407
13-Jun 11:31:54:INFO:root:------ Middle 2: 0.00025389503954756837
13-Jun 11:31:54:INFO:root:Starting from 1.732051246830651e-17
13-Jun 11:31:54:INFO:root:-- Outer 4: 0.0029853768623127456
13-Jun 11:31:54:INFO:root:------ Middle 1: 0.00029681684445729406
13-Jun 11:31:54:INFO:root:Starting from 1.552686134662719e-17
13-Jun 11:31:54:INFO:root:-- Outer 5: 0.0031900294133208992
13-Jun 11:31:54:INFO:root:------ Middle 1: 0.00030963381663370534
13-Jun 11:31:55:INFO:root:------ Middle 2: 0.00017840130239983417
13-Jun 11:31:55:INFO:root:Starting from 1.433384466149145e-17
13-Jun 11:31:55:INFO:root:-- Outer 5: 0.0017627220910999275
13-Jun 11:31:55:INFO:root:------ Middle 1: 0.00034560238000752114
13-Jun 11:31:55:INFO:root:------ Middle 1: 0.00023427677455669846
13-Jun 11:31:55:INFO:root:Starting from 1.8087127637791593e-17
13-Jun 11:31:55:INFO:root:-- Outer 6: 0.0018737475562359731
13-Jun 11:31:55:INFO:root:------ Middle 1: 0.000263534414524783
13-Jun 11:31:55:INFO:root:Starting from 1.5324484401568997e-17
13-Jun 11:31:55:INFO:root:-- Outer 7: 0.0006890543271062901
13-Jun 11:31:55:INFO:root:END Outer loop
13-Jun 11:31:55:INFO:root:Model trade shares: [0.965939, 0.930005, 0.992669]
13-Jun 11:31:55:INFO:root:Data trade shares: [0.967429, 0.940539, 0.992695]
13-Jun 11:31:55:INFO:root:US prices: [1.22527, 1.05345, 1.03993]
13-Jun 11:31:55:INFO:root:in the data: [1.63396, 1.43854, 1.43854]
13-Jun 11:31:55:INFO:root:Nominal world expenditure: 9.377151311474526e6
13-Jun 11:31:55:INFO:root:--------------In the data: [1.37348e7]
13-Jun 11:31:55:INFO:root:------ Middle 2: 0.0001946168805525749
13-Jun 11:31:55:INFO:root:Starting from 1.4266152126424723e-17
13-Jun 11:31:55:INFO:root:-- Outer 6: 0.001063593083621261
13-Jun 11:31:55:INFO:root:--- Period 6 ---
13-Jun 11:31:55:INFO:root:BEGIN Outer loop
13-Jun 11:31:55:INFO:root:------ Middle 1: 0.00017949600871974185
13-Jun 11:31:55:INFO:root:Starting from 1.5566438865912395e-17
13-Jun 11:31:55:INFO:root:-- Outer 7: 0.0010839379636861997
13-Jun 11:31:56:INFO:root:------ Middle 1: 0.0001629100233573757
13-Jun 11:31:56:INFO:root:Starting from 1.4923304320937933e-17
13-Jun 11:31:56:INFO:root:-- Outer 8: 0.0004068219623300449
13-Jun 11:31:56:INFO:root:END Outer loop
13-Jun 11:31:56:INFO:root:Model trade shares: [0.97209, 0.936303, 0.993692]
13-Jun 11:31:56:INFO:root:Data trade shares: [0.975035, 0.947137, 0.993826]
13-Jun 11:31:56:INFO:root:US prices: [1.19116, 1.1165, 1.10261]
13-Jun 11:31:56:INFO:root:in the data: [1.5623, 1.46271, 1.46271]
13-Jun 11:31:56:INFO:root:Nominal world expenditure: 9.333393896113625e6
13-Jun 11:31:56:INFO:root:--------------In the data: [1.27847e7]
13-Jun 11:31:56:INFO:root:--- Period 7 ---
13-Jun 11:31:56:INFO:root:BEGIN Outer loop
13-Jun 11:32:01:INFO:root:------ Middle 1: 0.005000297208491148
13-Jun 11:32:01:INFO:root:------ Middle 2: 0.002755589542558527
13-Jun 11:32:02:INFO:root:------ Middle 1: 0.004857282622507073
13-Jun 11:32:02:INFO:root:------ Middle 2: 0.0026768487220915197
13-Jun 11:32:03:INFO:root:------ Middle 3: 0.0020481457961660644
13-Jun 11:32:03:INFO:root:------ Middle 4: 0.0011343476167901322
13-Jun 11:32:03:INFO:root:------ Middle 3: 0.001994779179447907
13-Jun 11:32:04:INFO:root:------ Middle 4: 0.0011048686073473312
13-Jun 11:32:04:INFO:root:------ Middle 5: 0.0008837532949767167
13-Jun 11:32:04:INFO:root:------ Middle 6: 0.0004905397578186906
13-Jun 11:32:04:INFO:root:------ Middle 7: 0.00037602610676189393
13-Jun 11:32:04:INFO:root:------ Middle 8: 0.0002264661008960313
13-Jun 11:32:04:INFO:root:Starting from 1.2419614632605191e-17
13-Jun 11:32:04:INFO:root:-- Outer 1: 0.028067681929375587
13-Jun 11:32:05:INFO:root:------ Middle 1: 0.0027171727794550004
13-Jun 11:32:05:INFO:root:------ Middle 5: 0.0008629436205706986
13-Jun 11:32:05:INFO:root:------ Middle 6: 0.00047902849209312704
13-Jun 11:32:05:INFO:root:------ Middle 7: 0.0003678972715267214
13-Jun 11:32:05:INFO:root:------ Middle 8: 0.0002219902219594064
13-Jun 11:32:05:INFO:root:Starting from 1.2465501613426338e-17
13-Jun 11:32:05:INFO:root:-- Outer 1: 0.02683751484568026
13-Jun 11:32:05:INFO:root:------ Middle 1: 0.0026948793208955257
13-Jun 11:32:06:INFO:root:------ Middle 2: 0.0006871211918926042
13-Jun 11:32:06:INFO:root:------ Middle 3: 0.00038373610371275716
13-Jun 11:32:07:INFO:root:------ Middle 4: 0.00024855333521238676
13-Jun 11:32:07:INFO:root:Starting from 1.4876117171027445e-17
13-Jun 11:32:07:INFO:root:-- Outer 2: 0.013972787367577892
13-Jun 11:32:07:INFO:root:------ Middle 1: 0.0008391332185121112
13-Jun 11:32:07:INFO:root:------ Middle 2: 0.0006794628689886425
13-Jun 11:32:07:INFO:root:------ Middle 3: 0.0003791668226141726
13-Jun 11:32:07:INFO:root:------ Middle 4: 0.0002443067203827932
13-Jun 11:32:07:INFO:root:Starting from 1.6840071602867016e-17
13-Jun 11:32:07:INFO:root:-- Outer 2: 0.013510943400565405
13-Jun 11:32:08:INFO:root:------ Middle 1: 0.0008556896865723665
13-Jun 11:32:08:INFO:root:------ Middle 2: 0.00038709449131139575
13-Jun 11:32:08:INFO:root:------ Middle 3: 0.00021814533061383375
13-Jun 11:32:08:INFO:root:Starting from 1.7421004261781376e-17
13-Jun 11:32:08:INFO:root:-- Outer 3: 0.00642051227265648
13-Jun 11:32:09:INFO:root:------ Middle 1: 0.00043391591763886767
13-Jun 11:32:09:INFO:root:------ Middle 2: 0.00038329380324101997
13-Jun 11:32:09:INFO:root:------ Middle 3: 0.00021574543615456173
13-Jun 11:32:09:INFO:root:Starting from 1.4141036516692408e-17
13-Jun 11:32:09:INFO:root:-- Outer 3: 0.006294785529266124
13-Jun 11:32:09:INFO:root:------ Middle 1: 0.0004432298406022565
13-Jun 11:32:10:INFO:root:------ Middle 2: 0.000251872498350582
13-Jun 11:32:10:INFO:root:Starting from 1.6534704759252906e-17
13-Jun 11:32:10:INFO:root:-- Outer 4: 0.002928903632380967
13-Jun 11:32:10:INFO:root:------ Middle 1: 0.00030999170606377436
13-Jun 11:32:10:INFO:root:------ Middle 2: 0.00017668777332044492
13-Jun 11:32:10:INFO:root:Starting from 1.7545166937879118e-17
13-Jun 11:32:10:INFO:root:-- Outer 5: 0.0017308143612274347
13-Jun 11:32:10:INFO:root:------ Middle 1: 0.00023267949802840897
13-Jun 11:32:10:INFO:root:Starting from 1.598326719943951e-17
13-Jun 11:32:10:INFO:root:-- Outer 6: 0.0018313768407613087
13-Jun 11:32:10:INFO:root:------ Middle 2: 0.00025062413519583426
13-Jun 11:32:10:INFO:root:Starting from 1.527154264822832e-17
13-Jun 11:32:10:INFO:root:-- Outer 4: 0.00292615835264329
13-Jun 11:32:10:INFO:root:------ Middle 1: 0.0003167515433259573
13-Jun 11:32:11:INFO:root:------ Middle 1: 0.00025987382081687674
13-Jun 11:32:11:INFO:root:Starting from 1.4119098869161906e-17
13-Jun 11:32:11:INFO:root:-- Outer 7: 0.0006676066194091214
13-Jun 11:32:11:INFO:root:END Outer loop
13-Jun 11:32:11:INFO:root:Model trade shares: [0.958208, 0.929021, 0.991023]
13-Jun 11:32:11:INFO:root:Data trade shares: [0.959721, 0.934044, 0.992669]
13-Jun 11:32:11:INFO:root:US prices: [1.22331, 1.05492, 1.05291]
13-Jun 11:32:11:INFO:root:in the data: [1.70549, 1.50868, 1.50868]
13-Jun 11:32:11:INFO:root:Nominal world expenditure: 9.99990012926907e6
13-Jun 11:32:11:INFO:root:--------------In the data: [1.54393e7]
13-Jun 11:32:11:INFO:root:--- Period 8 ---
13-Jun 11:32:11:INFO:root:BEGIN Outer loop
13-Jun 11:32:11:INFO:root:------ Middle 2: 0.00017797660546788136
13-Jun 11:32:11:INFO:root:Starting from 1.6137710883529053e-17
13-Jun 11:32:11:INFO:root:-- Outer 5: 0.001753677493031344
13-Jun 11:32:11:INFO:root:------ Middle 1: 0.00023732312368591067
13-Jun 11:32:11:INFO:root:Starting from 1.9503131085658807e-17
13-Jun 11:32:11:INFO:root:-- Outer 6: 0.0018608856653466296
13-Jun 11:32:11:INFO:root:------ Middle 1: 0.00026474138215175765
13-Jun 11:32:11:INFO:root:Starting from 1.7781363644031162e-17
13-Jun 11:32:11:INFO:root:-- Outer 7: 0.0006728029191699526
13-Jun 11:32:11:INFO:root:END Outer loop
13-Jun 11:32:11:INFO:root:Model trade shares: [0.967404, 0.935428, 0.994026]
13-Jun 11:32:11:INFO:root:Data trade shares: [0.961487, 0.929057, 0.992737]
13-Jun 11:32:11:INFO:root:US prices: [1.28404, 1.06932, 1.0917]
13-Jun 11:32:11:INFO:root:in the data: [1.96012, 1.64035, 1.64035]
13-Jun 11:32:11:INFO:root:Nominal world expenditure: 1.1330601184083343e7
13-Jun 11:32:11:INFO:root:--------------In the data: [1.80704e7]
13-Jun 11:32:11:INFO:root:--- Period 9 ---
13-Jun 11:32:11:INFO:root:BEGIN Outer loop
13-Jun 11:32:17:INFO:root:------ Middle 1: 0.004727545356905268
13-Jun 11:32:17:INFO:root:------ Middle 2: 0.002605397451634331
13-Jun 11:32:17:INFO:root:------ Middle 1: 0.004482049896028505
13-Jun 11:32:17:INFO:root:------ Middle 2: 0.002470284410249541
13-Jun 11:32:18:INFO:root:------ Middle 3: 0.0019445920003273358
13-Jun 11:32:18:INFO:root:------ Middle 4: 0.0010770690238827815
13-Jun 11:32:19:INFO:root:------ Middle 3: 0.0018539359563374124
13-Jun 11:32:19:INFO:root:------ Middle 4: 0.0010270944381116673
13-Jun 11:32:19:INFO:root:------ Middle 5: 0.000842735257408298
13-Jun 11:32:19:INFO:root:------ Middle 6: 0.0004677534008260617
13-Jun 11:32:19:INFO:root:------ Middle 7: 0.00035963724596990953
13-Jun 11:32:20:INFO:root:------ Middle 8: 0.0002173021810055068
13-Jun 11:32:20:INFO:root:Starting from 1.2674205683693825e-17
13-Jun 11:32:20:INFO:root:-- Outer 1: 0.0256610572925939
13-Jun 11:32:20:INFO:root:------ Middle 1: 0.002687127912913684
13-Jun 11:32:20:INFO:root:------ Middle 5: 0.0008080307872542967
13-Jun 11:32:20:INFO:root:------ Middle 6: 0.00044875167399279983
13-Jun 11:32:20:INFO:root:------ Middle 7: 0.0003463089063872041
13-Jun 11:32:20:INFO:root:------ Middle 8: 0.00020939160852594108
13-Jun 11:32:20:INFO:root:Starting from 1.2288559043332126e-17
13-Jun 11:32:20:INFO:root:-- Outer 1: 0.02444192813857181
13-Jun 11:32:20:INFO:root:------ Middle 1: 0.0025717739280525743
13-Jun 11:32:21:INFO:root:------ Middle 2: 0.0006732288038324977
13-Jun 11:32:21:INFO:root:------ Middle 3: 0.0003755104526973118
13-Jun 11:32:22:INFO:root:------ Middle 4: 0.0002686134266536488
13-Jun 11:32:22:INFO:root:Starting from 1.8613710933863976e-17
13-Jun 11:32:22:INFO:root:-- Outer 2: 0.01295762697242282
13-Jun 11:32:22:INFO:root:------ Middle 1: 0.0008406209964431748
13-Jun 11:32:22:INFO:root:------ Middle 2: 0.000619743283352628
13-Jun 11:32:22:INFO:root:------ Middle 3: 0.0003465717864717306
13-Jun 11:32:22:INFO:root:------ Middle 4: 0.0002255111098138093
13-Jun 11:32:22:INFO:root:Starting from 1.900136454368897e-17
13-Jun 11:32:22:INFO:root:-- Outer 2: 0.012557198366333311
13-Jun 11:32:23:INFO:root:------ Middle 1: 0.0008192234004696684
13-Jun 11:32:23:INFO:root:------ Middle 2: 0.00036238310597803215
13-Jun 11:32:23:INFO:root:------ Middle 3: 0.00020402267065787268
13-Jun 11:32:23:INFO:root:Starting from 1.7515335924288642e-17
13-Jun 11:32:23:INFO:root:-- Outer 3: 0.0061466315551753975
13-Jun 11:32:24:INFO:root:------ Middle 1: 0.00043886864221116443
13-Jun 11:32:24:INFO:root:------ Middle 2: 0.00035989897441800916
13-Jun 11:32:24:INFO:root:------ Middle 3: 0.00020316320547282088
13-Jun 11:32:24:INFO:root:Starting from 1.608497368769393e-17
13-Jun 11:32:24:INFO:root:-- Outer 3: 0.005866457309918667
13-Jun 11:32:24:INFO:root:------ Middle 1: 0.0004136001025352994
13-Jun 11:32:25:INFO:root:------ Middle 2: 0.0002436005280572946
13-Jun 11:32:25:INFO:root:Starting from 1.5565216821179516e-17
13-Jun 11:32:25:INFO:root:-- Outer 4: 0.002885728173905755
13-Jun 11:32:25:INFO:root:------ Middle 1: 0.0003124872544916318
13-Jun 11:32:25:INFO:root:------ Middle 2: 0.00017483195366396664
13-Jun 11:32:25:INFO:root:Starting from 1.4949573419412706e-17
13-Jun 11:32:25:INFO:root:-- Outer 5: 0.001728707299069943
13-Jun 11:32:25:INFO:root:------ Middle 2: 0.00023459675024624802
13-Jun 11:32:25:INFO:root:Starting from 1.665779172474539e-17
13-Jun 11:32:25:INFO:root:-- Outer 4: 0.0026909490935423386
13-Jun 11:32:25:INFO:root:------ Middle 1: 0.00023412332258658554
13-Jun 11:32:25:INFO:root:Starting from 1.7501716079924522e-17
13-Jun 11:32:25:INFO:root:-- Outer 6: 0.0018351202729666683
13-Jun 11:32:25:INFO:root:------ Middle 1: 0.0002909156484428264
13-Jun 11:32:25:INFO:root:Starting from 1.6176742857531385e-17
13-Jun 11:32:25:INFO:root:-- Outer 5: 0.002908447759411512
13-Jun 11:32:26:INFO:root:------ Middle 1: 0.0002616170883739105
13-Jun 11:32:26:INFO:root:Starting from 1.6436441301075044e-17
13-Jun 11:32:26:INFO:root:-- Outer 7: 0.0006578646860257103
13-Jun 11:32:26:INFO:root:END Outer loop
13-Jun 11:32:26:INFO:root:Model trade shares: [0.970008, 0.929175, 0.994342]
13-Jun 11:32:26:INFO:root:Data trade shares: [0.966266, 0.92464, 0.992831]
13-Jun 11:32:26:INFO:root:US prices: [1.30668, 1.06465, 1.07881]
13-Jun 11:32:26:INFO:root:in the data: [2.27198, 1.79075, 1.79075]
13-Jun 11:32:26:INFO:root:Nominal world expenditure: 1.163884035880362e7
13-Jun 11:32:26:INFO:root:--------------In the data: [2.07618e7]
13-Jun 11:32:26:INFO:root:--- Period 10 ---
13-Jun 11:32:26:INFO:root:BEGIN Outer loop
13-Jun 11:32:26:INFO:root:------ Middle 1: 0.0003247507616869079
13-Jun 11:32:26:INFO:root:------ Middle 2: 0.00018321185485226815
13-Jun 11:32:26:INFO:root:Starting from 1.4691579406736546e-17
13-Jun 11:32:26:INFO:root:-- Outer 6: 0.0009313094641828164
13-Jun 11:32:26:INFO:root:END Outer loop
13-Jun 11:32:26:INFO:root:Model trade shares: [0.969002, 0.929247, 0.989167]
13-Jun 11:32:26:INFO:root:Data trade shares: [0.971471, 0.927429, 0.989384]
13-Jun 11:32:26:INFO:root:US prices: [1.55091, 1.07355, 1.07672]
13-Jun 11:32:26:INFO:root:in the data: [2.72526, 1.92631, 1.92631]
13-Jun 11:32:26:INFO:root:Nominal world expenditure: 1.1937938559760936e7
13-Jun 11:32:26:INFO:root:--------------In the data: [2.2953e7]
13-Jun 11:32:26:INFO:root:--- Period 11 ---
13-Jun 11:32:26:INFO:root:BEGIN Outer loop
13-Jun 11:32:32:INFO:root:------ Middle 1: 0.004244207536345084
13-Jun 11:32:32:INFO:root:------ Middle 2: 0.00233940843564384
13-Jun 11:32:32:INFO:root:------ Middle 1: 0.004061206830717385
13-Jun 11:32:32:INFO:root:------ Middle 2: 0.0022387147415606668
13-Jun 11:32:33:INFO:root:------ Middle 3: 0.0017651710389918515
13-Jun 11:32:33:INFO:root:------ Middle 4: 0.0009780569092362752
13-Jun 11:32:34:INFO:root:------ Middle 3: 0.001710718639459542
13-Jun 11:32:34:INFO:root:------ Middle 4: 0.0009463489147271047
13-Jun 11:32:34:INFO:root:------ Middle 5: 0.0007775571718885822
13-Jun 11:32:34:INFO:root:------ Middle 6: 0.00043184703691919477
13-Jun 11:32:35:INFO:root:------ Middle 7: 0.00033465945739656903
13-Jun 11:32:35:INFO:root:------ Middle 8: 0.000201598968932378
13-Jun 11:32:35:INFO:root:Starting from 1.2579142917920576e-17
13-Jun 11:32:35:INFO:root:-- Outer 1: 0.02367940663049719
13-Jun 11:32:35:INFO:root:------ Middle 1: 0.0026091345686212212
13-Jun 11:32:35:INFO:root:------ Middle 5: 0.000752344387014735
13-Jun 11:32:35:INFO:root:------ Middle 6: 0.00041806097647168546
13-Jun 11:32:36:INFO:root:------ Middle 7: 0.0003259331879006135
13-Jun 11:32:36:INFO:root:------ Middle 8: 0.0001954032379315742
13-Jun 11:32:36:INFO:root:Starting from 1.2104659884265011e-17
13-Jun 11:32:36:INFO:root:-- Outer 1: 0.02378409827732583
13-Jun 11:32:36:INFO:root:------ Middle 1: 0.0027120646371511506
13-Jun 11:32:37:INFO:root:------ Middle 2: 0.0005874186148156828
13-Jun 11:32:37:INFO:root:------ Middle 3: 0.00032871685762272333
13-Jun 11:32:37:INFO:root:------ Middle 4: 0.0002154754523934436
13-Jun 11:32:37:INFO:root:Starting from 2.0048613544277433e-17
13-Jun 11:32:37:INFO:root:-- Outer 2: 0.012361981911340579
13-Jun 11:32:37:INFO:root:------ Middle 1: 0.0008281540704266077
13-Jun 11:32:38:INFO:root:------ Middle 2: 0.0006056046456261854
13-Jun 11:32:38:INFO:root:------ Middle 3: 0.0003378157152471516
13-Jun 11:32:38:INFO:root:------ Middle 4: 0.00022018657411134078
13-Jun 11:32:38:INFO:root:Starting from 1.908638891059982e-17
13-Jun 11:32:38:INFO:root:-- Outer 2: 0.012466874791185797
13-Jun 11:32:38:INFO:root:------ Middle 1: 0.0008282833106750698
13-Jun 11:32:38:INFO:root:------ Middle 2: 0.0003453290247371342
13-Jun 11:32:39:INFO:root:------ Middle 3: 0.00019524471304367206
13-Jun 11:32:39:INFO:root:Starting from 2.1274031090940392e-17
13-Jun 11:32:39:INFO:root:-- Outer 3: 0.005829590172493964
13-Jun 11:32:39:INFO:root:------ Middle 1: 0.0004116167555515502
13-Jun 11:32:40:INFO:root:------ Middle 2: 0.0003414746921315909
13-Jun 11:32:40:INFO:root:------ Middle 3: 0.00019285445615049228
13-Jun 11:32:40:INFO:root:Starting from 2.1593519430408808e-17
13-Jun 11:32:40:INFO:root:-- Outer 3: 0.0058626990352174885
13-Jun 11:32:40:INFO:root:------ Middle 2: 0.00022694343580366487
13-Jun 11:32:40:INFO:root:Starting from 1.8856038469257156e-17
13-Jun 11:32:40:INFO:root:-- Outer 4: 0.0026942251578312535
13-Jun 11:32:40:INFO:root:------ Middle 1: 0.00040260134945785717
13-Jun 11:32:40:INFO:root:------ Middle 1: 0.00028691128918826957
13-Jun 11:32:40:INFO:root:Starting from 2.0017594620541494e-17
13-Jun 11:32:40:INFO:root:-- Outer 5: 0.0029108967198508717
13-Jun 11:32:40:INFO:root:------ Middle 1: 0.0003208529524715661
13-Jun 11:32:41:INFO:root:------ Middle 2: 0.0001801792310004593
13-Jun 11:32:41:INFO:root:Starting from 2.183551849458391e-17
13-Jun 11:32:41:INFO:root:-- Outer 6: 0.00091823272626506
13-Jun 11:32:41:INFO:root:END Outer loop
13-Jun 11:32:41:INFO:root:Model trade shares: [0.972331, 0.928729, 0.982745]
13-Jun 11:32:41:INFO:root:Data trade shares: [0.976496, 0.933524, 0.973934]
13-Jun 11:32:41:INFO:root:US prices: [1.44271, 1.01118, 1.06331]
13-Jun 11:32:41:INFO:root:in the data: [2.96155, 2.01858, 2.01858]
13-Jun 11:32:41:INFO:root:Nominal world expenditure: 1.0969927289859993e7
13-Jun 11:32:41:INFO:root:--------------In the data: [2.33649e7]
13-Jun 11:32:41:INFO:root:--- Period 12 ---
13-Jun 11:32:41:INFO:root:BEGIN Outer loop
13-Jun 11:32:41:INFO:root:------ Middle 2: 0.00022144533977992343
13-Jun 11:32:41:INFO:root:Starting from 1.5931246446678334e-17
13-Jun 11:32:41:INFO:root:-- Outer 4: 0.0026720085763012294
13-Jun 11:32:41:INFO:root:------ Middle 1: 0.00027696906181774153
13-Jun 11:32:41:INFO:root:Starting from 1.3152803807747864e-17
13-Jun 11:32:41:INFO:root:-- Outer 5: 0.0028731697734792065
13-Jun 11:32:42:INFO:root:------ Middle 1: 0.00031072276078270825
13-Jun 11:32:42:INFO:root:------ Middle 2: 0.00017382574607248337
13-Jun 11:32:42:INFO:root:Starting from 1.7274324022099758e-17
13-Jun 11:32:42:INFO:root:-- Outer 6: 0.0008859296638540354
13-Jun 11:32:42:INFO:root:END Outer loop
13-Jun 11:32:42:INFO:root:Model trade shares: [0.972202, 0.928481, 0.986546]
13-Jun 11:32:42:INFO:root:Data trade shares: [0.97676, 0.939693, 0.972749]
13-Jun 11:32:42:INFO:root:US prices: [1.458, 0.970658, 0.951135]
13-Jun 11:32:42:INFO:root:in the data: [3.07991, 2.04761, 2.04761]
13-Jun 11:32:42:INFO:root:Nominal world expenditure: 1.06890570529129e7
13-Jun 11:32:42:INFO:root:--------------In the data: [2.31824e7]
13-Jun 11:32:42:INFO:root:--- Period 13 ---
13-Jun 11:32:42:INFO:root:BEGIN Outer loop
13-Jun 11:32:47:INFO:root:------ Middle 1: 0.003994010078453156
13-Jun 11:32:47:INFO:root:------ Middle 2: 0.002201596077267687
13-Jun 11:32:48:INFO:root:------ Middle 1: 0.00399960615974692
13-Jun 11:32:48:INFO:root:------ Middle 2: 0.0022047793333212877
13-Jun 11:32:49:INFO:root:------ Middle 3: 0.001692086494142704
13-Jun 11:32:49:INFO:root:------ Middle 4: 0.0009356617145464554
13-Jun 11:32:50:INFO:root:------ Middle 5: 0.0007457079513430181
13-Jun 11:32:50:INFO:root:------ Middle 6: 0.000414568337588247
13-Jun 11:32:50:INFO:root:------ Middle 3: 0.001707856131531814
13-Jun 11:32:50:INFO:root:------ Middle 4: 0.0009442157646716569
13-Jun 11:32:50:INFO:root:------ Middle 7: 0.00032492215037071366
13-Jun 11:32:50:INFO:root:------ Middle 8: 0.00019437930473176993
13-Jun 11:32:50:INFO:root:Starting from 1.237607208020892e-17
13-Jun 11:32:50:INFO:root:-- Outer 1: 0.024130029380162323
13-Jun 11:32:51:INFO:root:------ Middle 1: 0.0027374336429026157
13-Jun 11:32:51:INFO:root:------ Middle 5: 0.0007552541635861557
13-Jun 11:32:51:INFO:root:------ Middle 6: 0.0004199391298707043
13-Jun 11:32:52:INFO:root:------ Middle 7: 0.0003313777196729721
13-Jun 11:32:52:INFO:root:------ Middle 8: 0.00019779036477607614
13-Jun 11:32:52:INFO:root:Starting from 1.2400113697702654e-17
13-Jun 11:32:52:INFO:root:-- Outer 1: 0.02474555172970363
13-Jun 11:32:52:INFO:root:------ Middle 1: 0.002771166008338292
13-Jun 11:32:52:INFO:root:------ Middle 2: 0.0005979326815517358
13-Jun 11:32:53:INFO:root:------ Middle 3: 0.00033319172267579165
13-Jun 11:32:53:INFO:root:------ Middle 4: 0.0002183768826975584
13-Jun 11:32:53:INFO:root:Starting from 1.8904232819830384e-17
13-Jun 11:32:53:INFO:root:-- Outer 2: 0.012646784712119883
13-Jun 11:32:53:INFO:root:------ Middle 1: 0.0008142610073285079
13-Jun 11:32:54:INFO:root:------ Middle 2: 0.0006334695936567289
13-Jun 11:32:54:INFO:root:------ Middle 3: 0.0003526018094308229
13-Jun 11:32:54:INFO:root:------ Middle 4: 0.00023194539560200363
13-Jun 11:32:54:INFO:root:Starting from 1.7093308872439147e-17
13-Jun 11:32:54:INFO:root:-- Outer 2: 0.012895407555567643
13-Jun 11:32:55:INFO:root:------ Middle 1: 0.0008388147774685776
13-Jun 11:32:55:INFO:root:------ Middle 2: 0.00034596014650913444
13-Jun 11:32:55:INFO:root:------ Middle 3: 0.00019447377839958304
13-Jun 11:32:55:INFO:root:Starting from 1.7995299216497385e-17
13-Jun 11:32:55:INFO:root:-- Outer 3: 0.0058579056058499345
13-Jun 11:32:55:INFO:root:------ Middle 1: 0.00039683857122807607
13-Jun 11:32:55:INFO:root:------ Middle 2: 0.00020200087832599798
13-Jun 11:32:55:INFO:root:Starting from 2.141176768365768e-17
13-Jun 11:32:55:INFO:root:-- Outer 4: 0.003000661774134326
13-Jun 11:32:56:INFO:root:------ Middle 1: 0.0002694745053987114
13-Jun 11:32:56:INFO:root:Starting from 1.4850166053457997e-17
13-Jun 11:32:56:INFO:root:-- Outer 5: 0.001668178609669397
13-Jun 11:32:56:INFO:root:------ Middle 1: 0.00025985039336887247
13-Jun 11:32:56:INFO:root:Starting from 1.579856771276008e-17
13-Jun 11:32:56:INFO:root:-- Outer 6: 0.0009548554290967998
13-Jun 11:32:56:INFO:root:END Outer loop
13-Jun 11:32:56:INFO:root:------ Middle 2: 0.00036144918857969593
13-Jun 11:32:56:INFO:root:Model trade shares: [0.958563, 0.922087, 0.990515]
13-Jun 11:32:56:INFO:root:Data trade shares: [0.972765, 0.936372, 0.980463]
13-Jun 11:32:56:INFO:root:US prices: [1.49209, 0.962623, 0.949355]
13-Jun 11:32:56:INFO:root:in the data: [3.02084, 2.07936, 2.07936]
13-Jun 11:32:56:INFO:root:Nominal world expenditure: 1.053133333314906e7
13-Jun 11:32:56:INFO:root:--------------In the data: [2.36221e7]
13-Jun 11:32:56:INFO:root:--- Period 14 ---
13-Jun 11:32:56:INFO:root:BEGIN Outer loop
13-Jun 11:32:56:INFO:root:------ Middle 3: 0.0002026852257448517
13-Jun 11:32:56:INFO:root:Starting from 1.7827094416739873e-17
13-Jun 11:32:56:INFO:root:-- Outer 3: 0.005966887583250497
13-Jun 11:32:57:INFO:root:------ Middle 1: 0.0004159965530645836
13-Jun 11:32:57:INFO:root:------ Middle 2: 0.00021184650077418743
13-Jun 11:32:57:INFO:root:Starting from 1.8138389879303062e-17
13-Jun 11:32:57:INFO:root:-- Outer 4: 0.0030815550995274984
13-Jun 11:32:58:INFO:root:------ Middle 1: 0.0002854214165038377
13-Jun 11:32:58:INFO:root:Starting from 1.3074558298625778e-17
13-Jun 11:32:58:INFO:root:-- Outer 5: 0.0017393280433146193
13-Jun 11:32:58:INFO:root:------ Middle 1: 0.0002757710800876472
13-Jun 11:32:58:INFO:root:Starting from 1.4769069458479854e-17
13-Jun 11:32:58:INFO:root:-- Outer 6: 0.0010096863080685172
13-Jun 11:32:58:INFO:root:------ Middle 1: 0.00023725636731832317
13-Jun 11:32:58:INFO:root:Starting from 2.0619136407449335e-17
13-Jun 11:32:58:INFO:root:-- Outer 7: 0.001011177919544024
13-Jun 11:32:58:INFO:root:------ Middle 1: 0.00022815251127873533
13-Jun 11:32:58:INFO:root:Starting from 1.6157183503733204e-17
13-Jun 11:32:58:INFO:root:-- Outer 8: 0.0007845530952056618
13-Jun 11:32:58:INFO:root:END Outer loop
13-Jun 11:32:58:INFO:root:Model trade shares: [0.965449, 0.927302, 0.994656]
13-Jun 11:32:58:INFO:root:Data trade shares: [0.971404, 0.929028, 0.993445]
13-Jun 11:32:58:INFO:root:US prices: [1.27812, 0.954094, 0.953944]
13-Jun 11:32:58:INFO:root:in the data: [2.9591, 2.1512, 2.1512]
13-Jun 11:32:58:INFO:root:Nominal world expenditure: 1.0473448570339724e7
13-Jun 11:32:58:INFO:root:--------------In the data: [2.42511e7]
13-Jun 11:32:58:INFO:root:--- Period 15 ---
13-Jun 11:32:58:INFO:root:BEGIN Outer loop
13-Jun 11:33:03:INFO:root:------ Middle 1: 0.0041837490977264784
13-Jun 11:33:04:INFO:root:------ Middle 2: 0.0023059867212353456
13-Jun 11:33:05:INFO:root:------ Middle 3: 0.0017858408131530114
13-Jun 11:33:05:INFO:root:------ Middle 4: 0.0009869113908994576
13-Jun 11:33:06:INFO:root:------ Middle 1: 0.004437625194758919
13-Jun 11:33:06:INFO:root:------ Middle 2: 0.0024455026659305538
13-Jun 11:33:06:INFO:root:------ Middle 5: 0.0007868447842580365
13-Jun 11:33:07:INFO:root:------ Middle 6: 0.0004372117733288948
13-Jun 11:33:07:INFO:root:------ Middle 7: 0.00034554881270341405
13-Jun 11:33:07:INFO:root:------ Middle 8: 0.00020613040413980336
13-Jun 11:33:07:INFO:root:Starting from 1.2312438257955232e-17
13-Jun 11:33:07:INFO:root:-- Outer 1: 0.025451457888540068
13-Jun 11:33:07:INFO:root:------ Middle 1: 0.002784227000780755
13-Jun 11:33:08:INFO:root:------ Middle 3: 0.0018870416559593668
13-Jun 11:33:08:INFO:root:------ Middle 4: 0.0010427345933533714
13-Jun 11:33:09:INFO:root:------ Middle 5: 0.0008297556620201148
13-Jun 11:33:09:INFO:root:------ Middle 6: 0.00046100202986182706
13-Jun 11:33:09:INFO:root:------ Middle 7: 0.0003641823551301254
13-Jun 11:33:09:INFO:root:------ Middle 8: 0.0002170575577889835
13-Jun 11:33:09:INFO:root:Starting from 1.2098850444561991e-17
13-Jun 11:33:09:INFO:root:-- Outer 1: 0.02628364353876279
13-Jun 11:33:09:INFO:root:------ Middle 2: 0.0006644317528823145
13-Jun 11:33:09:INFO:root:------ Middle 3: 0.00036968150428476646
13-Jun 11:33:09:INFO:root:------ Middle 1: 0.002974251803429493
13-Jun 11:33:10:INFO:root:------ Middle 4: 0.00024395627123244696
13-Jun 11:33:10:INFO:root:Starting from 2.007162447238069e-17
13-Jun 11:33:10:INFO:root:-- Outer 2: 0.013140815458163983
13-Jun 11:33:10:INFO:root:------ Middle 1: 0.0008789121767674375
13-Jun 11:33:12:INFO:root:------ Middle 2: 0.0007425750845166167
13-Jun 11:33:12:INFO:root:------ Middle 2: 0.00037679150084478884
13-Jun 11:33:12:INFO:root:------ Middle 3: 0.0004127801787510742
13-Jun 11:33:12:INFO:root:------ Middle 3: 0.00021080095421840872
13-Jun 11:33:12:INFO:root:Starting from 1.9228547186193326e-17
13-Jun 11:33:12:INFO:root:-- Outer 3: 0.006112565848848974
13-Jun 11:33:12:INFO:root:------ Middle 1: 0.00045063551418483394
13-Jun 11:33:12:INFO:root:------ Middle 4: 0.0002724941729568971
13-Jun 11:33:12:INFO:root:Starting from 1.7352575391664792e-17
13-Jun 11:33:12:INFO:root:-- Outer 2: 0.013533375624118715
13-Jun 11:33:12:INFO:root:------ Middle 1: 0.0008795455155567816
13-Jun 11:33:12:INFO:root:------ Middle 2: 0.00022552298591373355
13-Jun 11:33:12:INFO:root:Starting from 1.6022373978561552e-17
13-Jun 11:33:12:INFO:root:-- Outer 4: 0.0032130196214720914
13-Jun 11:33:13:INFO:root:------ Middle 1: 0.00031016355510725873
13-Jun 11:33:14:INFO:root:------ Middle 2: 0.0001806922669220764
13-Jun 11:33:14:INFO:root:Starting from 1.3870295285791367e-17
13-Jun 11:33:14:INFO:root:-- Outer 5: 0.0015308283448191569
13-Jun 11:33:14:INFO:root:------ Middle 1: 0.00022622642885878485
13-Jun 11:33:14:INFO:root:Starting from 1.7753890023480742e-17
13-Jun 11:33:14:INFO:root:-- Outer 6: 0.0016116407441019987
13-Jun 11:33:14:INFO:root:------ Middle 2: 0.00039918948484583627
13-Jun 11:33:14:INFO:root:------ Middle 3: 0.00022312134817627184
13-Jun 11:33:14:INFO:root:Starting from 1.423019452730298e-17
13-Jun 11:33:14:INFO:root:-- Outer 3: 0.00626490914388888
13-Jun 11:33:14:INFO:root:------ Middle 1: 0.0004464003245555792
13-Jun 11:33:14:INFO:root:------ Middle 1: 0.0002460260081766064
13-Jun 11:33:14:INFO:root:Starting from 1.5989737204088774e-17
13-Jun 11:33:14:INFO:root:-- Outer 7: 0.0006433393596270413
13-Jun 11:33:14:INFO:root:END Outer loop
13-Jun 11:33:14:INFO:root:Model trade shares: [0.968505, 0.936199, 0.994941]
13-Jun 11:33:14:INFO:root:Data trade shares: [0.967576, 0.927756, 0.993556]
13-Jun 11:33:14:INFO:root:US prices: [1.19168, 0.920616, 0.91837]
13-Jun 11:33:14:INFO:root:in the data: [2.78451, 2.12334, 2.12334]
13-Jun 11:33:14:INFO:root:Nominal world expenditure: 1.1005963475001229e7
13-Jun 11:33:14:INFO:root:--------------In the data: [2.5209e7]
13-Jun 11:33:14:INFO:root:--- Period 16 ---
13-Jun 11:33:14:INFO:root:BEGIN Outer loop
13-Jun 11:33:15:INFO:root:------ Middle 2: 0.00022767690521639737
13-Jun 11:33:15:INFO:root:Starting from 1.5400774892951418e-17
13-Jun 11:33:15:INFO:root:-- Outer 4: 0.0032945815728962205
13-Jun 11:33:15:INFO:root:------ Middle 1: 0.0003075663823616823
13-Jun 11:33:16:INFO:root:------ Middle 2: 0.00018280030765106903
13-Jun 11:33:16:INFO:root:Starting from 1.4843394248865135e-17
13-Jun 11:33:16:INFO:root:-- Outer 5: 0.0015841256559455856
13-Jun 11:33:16:INFO:root:------ Middle 1: 0.00022621474698320776
13-Jun 11:33:16:INFO:root:Starting from 1.7419433315807533e-17
13-Jun 11:33:16:INFO:root:-- Outer 6: 0.0016588141186846808
13-Jun 11:33:17:INFO:root:------ Middle 1: 0.000242794698685791
13-Jun 11:33:17:INFO:root:Starting from 1.5410925070033978e-17
13-Jun 11:33:17:INFO:root:-- Outer 7: 0.0006594360348803031
13-Jun 11:33:17:INFO:root:END Outer loop
13-Jun 11:33:17:INFO:root:Model trade shares: [0.962879, 0.941074, 0.993851]
13-Jun 11:33:17:INFO:root:Data trade shares: [0.953126, 0.923314, 0.993566]
13-Jun 11:33:17:INFO:root:US prices: [1.00916, 0.928705, 0.932556]
13-Jun 11:33:17:INFO:root:in the data: [2.3065, 2.15345, 2.15345]
13-Jun 11:33:17:INFO:root:Nominal world expenditure: 1.3045423173744088e7
13-Jun 11:33:17:INFO:root:--------------In the data: [2.91447e7]
13-Jun 11:33:17:INFO:root:--- Period 17 ---
13-Jun 11:33:17:INFO:root:BEGIN Outer loop
13-Jun 11:33:21:INFO:root:------ Middle 1: 0.004939235481604314
13-Jun 11:33:21:INFO:root:------ Middle 2: 0.002721441038632554
13-Jun 11:33:23:INFO:root:------ Middle 3: 0.0020666586905491342
13-Jun 11:33:23:INFO:root:------ Middle 4: 0.0011414389568218052
13-Jun 11:33:24:INFO:root:------ Middle 1: 0.0049209343835182814
13-Jun 11:33:24:INFO:root:------ Middle 2: 0.002711507473400553
13-Jun 11:33:24:INFO:root:------ Middle 5: 0.0008958366313984486
13-Jun 11:33:24:INFO:root:------ Middle 6: 0.0004971068667038556
13-Jun 11:33:25:INFO:root:------ Middle 7: 0.0003888706147824851
13-Jun 11:33:25:INFO:root:------ Middle 8: 0.00023217233722659468
13-Jun 11:33:25:INFO:root:Starting from 1.1407100252752981e-17
13-Jun 11:33:25:INFO:root:-- Outer 1: 0.026697351918584324
13-Jun 11:33:25:INFO:root:------ Middle 1: 0.0029062041503499724
13-Jun 11:33:25:INFO:root:------ Middle 3: 0.0020745032079294633
13-Jun 11:33:26:INFO:root:------ Middle 4: 0.0011460563256251173
13-Jun 11:33:27:INFO:root:------ Middle 5: 0.0009082773998111695
13-Jun 11:33:27:INFO:root:------ Middle 6: 0.0005040235413856215
13-Jun 11:33:27:INFO:root:------ Middle 7: 0.00039639561936117375
13-Jun 11:33:27:INFO:root:------ Middle 8: 0.0002372764172327667
13-Jun 11:33:27:INFO:root:Starting from 1.1659194364287723e-17
13-Jun 11:33:27:INFO:root:-- Outer 1: 0.026622691447862973
13-Jun 11:33:27:INFO:root:------ Middle 2: 0.0007428639822507406
13-Jun 11:33:27:INFO:root:------ Middle 1: 0.0028654144960034164
13-Jun 11:33:27:INFO:root:------ Middle 3: 0.00041279364460923264
13-Jun 11:33:28:INFO:root:------ Middle 4: 0.00027293441334913477
13-Jun 11:33:28:INFO:root:Starting from 2.3165261947805435e-17
13-Jun 11:33:28:INFO:root:-- Outer 2: 0.013547883395984865
13-Jun 11:33:28:INFO:root:------ Middle 1: 0.0008922618946187752
13-Jun 11:33:30:INFO:root:------ Middle 2: 0.0007539841809345747
13-Jun 11:33:30:INFO:root:------ Middle 3: 0.00041915836901842117
13-Jun 11:33:30:INFO:root:------ Middle 2: 0.0004046377958652923
13-Jun 11:33:30:INFO:root:------ Middle 3: 0.0002259361699476108
13-Jun 11:33:30:INFO:root:Starting from 1.5367095564548455e-17
13-Jun 11:33:30:INFO:root:-- Outer 3: 0.006191656390926633
13-Jun 11:33:30:INFO:root:------ Middle 4: 0.000278637225691297
13-Jun 11:33:30:INFO:root:Starting from 2.049258843329557e-17
13-Jun 11:33:30:INFO:root:-- Outer 2: 0.01345378704231889
13-Jun 11:33:30:INFO:root:------ Middle 1: 0.0004556925655162759
13-Jun 11:33:30:INFO:root:------ Middle 1: 0.0008580662984118851
13-Jun 11:33:30:INFO:root:------ Middle 2: 0.0002282839249108356
13-Jun 11:33:30:INFO:root:Starting from 1.5446014953598187e-17
13-Jun 11:33:30:INFO:root:-- Outer 4: 0.0031738550114431704
13-Jun 11:33:31:INFO:root:------ Middle 1: 0.0003066240035830768
13-Jun 11:33:32:INFO:root:------ Middle 2: 0.00018216336717743754
13-Jun 11:33:32:INFO:root:Starting from 1.909688278332294e-17
13-Jun 11:33:32:INFO:root:-- Outer 5: 0.0015330705819596943
13-Jun 11:33:32:INFO:root:------ Middle 1: 0.00022902127857767077
13-Jun 11:33:32:INFO:root:Starting from 1.83612580667477e-17
13-Jun 11:33:32:INFO:root:-- Outer 6: 0.0016046073273904156
13-Jun 11:33:32:INFO:root:------ Middle 2: 0.00040733230291745826
13-Jun 11:33:32:INFO:root:------ Middle 3: 0.00022763677209622018
13-Jun 11:33:32:INFO:root:Starting from 1.778260761855189e-17
13-Jun 11:33:32:INFO:root:-- Outer 3: 0.006089689744879024
13-Jun 11:33:32:INFO:root:------ Middle 1: 0.00043010509430803015
13-Jun 11:33:32:INFO:root:------ Middle 1: 0.00024516437712530985
13-Jun 11:33:32:INFO:root:Starting from 1.660585451177382e-17
13-Jun 11:33:32:INFO:root:-- Outer 7: 0.0006444251033417474
13-Jun 11:33:32:INFO:root:END Outer loop
13-Jun 11:33:32:INFO:root:Model trade shares: [0.967757, 0.940346, 0.994044]
13-Jun 11:33:32:INFO:root:Data trade shares: [0.958317, 0.928046, 0.993489]
13-Jun 11:33:32:INFO:root:US prices: [1.00336, 0.91138, 0.931181]
13-Jun 11:33:32:INFO:root:in the data: [2.43661, 2.20422, 2.20422]
13-Jun 11:33:32:INFO:root:Nominal world expenditure: 1.3860538879214937e7
13-Jun 11:33:32:INFO:root:--------------In the data: [3.25615e7]
13-Jun 11:33:33:INFO:root:--- Period 18 ---
13-Jun 11:33:33:INFO:root:BEGIN Outer loop
13-Jun 11:33:33:INFO:root:------ Middle 2: 0.0002215176546086537
13-Jun 11:33:33:INFO:root:Starting from 1.5125821753818694e-17
13-Jun 11:33:33:INFO:root:-- Outer 4: 0.0030421731611631323
13-Jun 11:33:33:INFO:root:------ Middle 1: 0.00028693546339668283
13-Jun 11:33:33:INFO:root:Starting from 1.2201027979092498e-17
13-Jun 11:33:33:INFO:root:-- Outer 5: 0.0017190319610803978
13-Jun 11:33:34:INFO:root:------ Middle 1: 0.0002844643272631324
13-Jun 11:33:34:INFO:root:Starting from 1.5631637491476175e-17
13-Jun 11:33:34:INFO:root:-- Outer 6: 0.0010976149468020285
13-Jun 11:33:34:INFO:root:------ Middle 1: 0.0002417264952569082
13-Jun 11:33:34:INFO:root:Starting from 1.5228406520886053e-17
13-Jun 11:33:34:INFO:root:-- Outer 7: 0.0010631515889784028
13-Jun 11:33:34:INFO:root:------ Middle 1: 0.00023074025226894673
13-Jun 11:33:34:INFO:root:Starting from 1.6947303183566887e-17
13-Jun 11:33:34:INFO:root:-- Outer 8: 0.0008012101225889359
13-Jun 11:33:34:INFO:root:END Outer loop
13-Jun 11:33:34:INFO:root:Model trade shares: [0.965006, 0.934961, 0.993574]
13-Jun 11:33:34:INFO:root:Data trade shares: [0.960962, 0.931588, 0.993893]
13-Jun 11:33:34:INFO:root:US prices: [0.990522, 0.903511, 0.899906]
13-Jun 11:33:34:INFO:root:in the data: [2.50767, 2.31742, 2.31742]
13-Jun 11:33:34:INFO:root:Nominal world expenditure: 1.4213264208927203e7
13-Jun 11:33:34:INFO:root:--------------In the data: [3.61928e7]
13-Jun 11:33:34:INFO:root:--- Period 19 ---
13-Jun 11:33:34:INFO:root:BEGIN Outer loop
13-Jun 11:33:40:INFO:root:------ Middle 1: 0.004988068895724213
13-Jun 11:33:40:INFO:root:------ Middle 2: 0.002748184506588404
13-Jun 11:33:42:INFO:root:------ Middle 1: 0.004952577691759513
13-Jun 11:33:42:INFO:root:------ Middle 3: 0.002103206334018194
13-Jun 11:33:42:INFO:root:------ Middle 2: 0.002728422395076031
13-Jun 11:33:42:INFO:root:------ Middle 4: 0.0011616861374053864
13-Jun 11:33:43:INFO:root:------ Middle 5: 0.000921086695288904
13-Jun 11:33:43:INFO:root:------ Middle 6: 0.0005108264646817171
13-Jun 11:33:43:INFO:root:------ Middle 3: 0.002085882204452171
13-Jun 11:33:43:INFO:root:------ Middle 7: 0.00040201817094618855
13-Jun 11:33:43:INFO:root:------ Middle 4: 0.0011528535154941351
13-Jun 11:33:43:INFO:root:------ Middle 8: 0.00024084121109866372
13-Jun 11:33:43:INFO:root:Starting from 1.1950424098929826e-17
13-Jun 11:33:43:INFO:root:-- Outer 1: 0.026258344343952113
13-Jun 11:33:43:INFO:root:------ Middle 1: 0.0028521814451647975
13-Jun 11:33:44:INFO:root:------ Middle 5: 0.0009207237121035551
13-Jun 11:33:44:INFO:root:------ Middle 6: 0.0005106408913861621
13-Jun 11:33:45:INFO:root:------ Middle 7: 0.0004037449837999664
13-Jun 11:33:45:INFO:root:------ Middle 8: 0.000242306981700949
13-Jun 11:33:45:INFO:root:Starting from 1.160685407246994e-17
13-Jun 11:33:45:INFO:root:-- Outer 1: 0.02582803404329584
13-Jun 11:33:45:INFO:root:------ Middle 1: 0.002849360849977528
13-Jun 11:33:46:INFO:root:------ Middle 2: 0.0007734618378772294
13-Jun 11:33:46:INFO:root:------ Middle 3: 0.0004298855968020969
13-Jun 11:33:46:INFO:root:------ Middle 4: 0.0003163246732494257
13-Jun 11:33:46:INFO:root:------ Middle 5: 0.00019088777359947047
13-Jun 11:33:46:INFO:root:Starting from 1.9115831010914297e-17
13-Jun 11:33:46:INFO:root:-- Outer 2: 0.013116080208939234
13-Jun 11:33:46:INFO:root:------ Middle 1: 0.0008464538762312949
13-Jun 11:33:47:INFO:root:------ Middle 2: 0.0008169048436507466
13-Jun 11:33:47:INFO:root:------ Middle 3: 0.00045377967873601956
13-Jun 11:33:48:INFO:root:------ Middle 4: 0.0003337934953732844
13-Jun 11:33:48:INFO:root:------ Middle 5: 0.00020166531963728882
13-Jun 11:33:48:INFO:root:Starting from 2.605920961196232e-17
13-Jun 11:33:48:INFO:root:-- Outer 2: 0.012789106303862529
13-Jun 11:33:48:INFO:root:------ Middle 1: 0.0008461292792126211
13-Jun 11:33:48:INFO:root:------ Middle 2: 0.00035634074806124535
13-Jun 11:33:48:INFO:root:------ Middle 3: 0.00019974132428150627
13-Jun 11:33:48:INFO:root:Starting from 1.5292498921757065e-17
13-Jun 11:33:48:INFO:root:-- Outer 3: 0.005973241656457834
13-Jun 11:33:49:INFO:root:------ Middle 1: 0.0004200306376610017
13-Jun 11:33:49:INFO:root:------ Middle 2: 0.00020844143230803452
13-Jun 11:33:49:INFO:root:Starting from 1.5294794075528612e-17
13-Jun 11:33:49:INFO:root:-- Outer 4: 0.002973081518764773
13-Jun 11:33:50:INFO:root:------ Middle 1: 0.00027235752910588273
13-Jun 11:33:50:INFO:root:Starting from 1.5210097765042935e-17
13-Jun 11:33:50:INFO:root:-- Outer 5: 0.0016468042710645898
13-Jun 11:33:50:INFO:root:------ Middle 1: 0.00026938817638396875
13-Jun 11:33:50:INFO:root:Starting from 1.6128632454011972e-17
13-Jun 11:33:50:INFO:root:-- Outer 6: 0.001028410110506592
13-Jun 11:33:50:INFO:root:------ Middle 2: 0.00036979262058131314
13-Jun 11:33:50:INFO:root:------ Middle 3: 0.00020711385513357103
13-Jun 11:33:50:INFO:root:------ Middle 1: 0.0002284614260654704
13-Jun 11:33:50:INFO:root:Starting from 1.6063368955071473e-17
13-Jun 11:33:50:INFO:root:Starting from 1.3475759285828177e-17
13-Jun 11:33:50:INFO:root:-- Outer 3: 0.005809086145124205
13-Jun 11:33:50:INFO:root:-- Outer 7: 0.0009802397743644132
13-Jun 11:33:50:INFO:root:END Outer loop
13-Jun 11:33:50:INFO:root:Model trade shares: [0.963089, 0.933595, 0.994318]
13-Jun 11:33:50:INFO:root:Data trade shares: [0.961578, 0.934257, 0.993842]
13-Jun 11:33:50:INFO:root:US prices: [0.958119, 0.920672, 0.926913]
13-Jun 11:33:50:INFO:root:in the data: [2.5813, 2.43608, 2.43608]
13-Jun 11:33:50:INFO:root:Nominal world expenditure: 1.424759735925134e7
13-Jun 11:33:50:INFO:root:--------------In the data: [3.7723e7]
13-Jun 11:33:50:INFO:root:------ Middle 1: 0.0004350461984247599
13-Jun 11:33:50:INFO:root:--- Period 20 ---
13-Jun 11:33:50:INFO:root:BEGIN Outer loop
13-Jun 11:33:51:INFO:root:------ Middle 2: 0.00021768396204794455
13-Jun 11:33:51:INFO:root:Starting from 1.6562468866637156e-17
13-Jun 11:33:51:INFO:root:-- Outer 4: 0.002876768296807005
13-Jun 11:33:51:INFO:root:------ Middle 1: 0.00028444682054704014
13-Jun 11:33:51:INFO:root:Starting from 1.941082197689629e-17
13-Jun 11:33:51:INFO:root:-- Outer 5: 0.0016013847654863026
13-Jun 11:33:52:INFO:root:------ Middle 1: 0.0002798595844623832
13-Jun 11:33:52:INFO:root:Starting from 2.0328475950539636e-17
13-Jun 11:33:52:INFO:root:-- Outer 6: 0.0009938139988342064
13-Jun 11:33:52:INFO:root:END Outer loop
13-Jun 11:33:52:INFO:root:Model trade shares: [0.964342, 0.939993, 0.993033]
13-Jun 11:33:52:INFO:root:Data trade shares: [0.963666, 0.934551, 0.994086]
13-Jun 11:33:52:INFO:root:US prices: [0.954894, 0.920618, 0.900793]
13-Jun 11:33:52:INFO:root:in the data: [2.67778, 2.5352, 2.5352]
13-Jun 11:33:52:INFO:root:Nominal world expenditure: 1.5046931543332903e7
13-Jun 11:33:52:INFO:root:--------------In the data: [4.12361e7]
13-Jun 11:33:52:INFO:root:--- Period 21 ---
13-Jun 11:33:52:INFO:root:BEGIN Outer loop
13-Jun 11:33:58:INFO:root:------ Middle 1: 0.005070368226195565
13-Jun 11:33:58:INFO:root:------ Middle 2: 0.002793254544680826
13-Jun 11:33:59:INFO:root:------ Middle 1: 0.004955862330164533
13-Jun 11:33:59:INFO:root:------ Middle 2: 0.0027304520904122614
13-Jun 11:33:59:INFO:root:------ Middle 3: 0.002129346457742104
13-Jun 11:34:00:INFO:root:------ Middle 4: 0.0011766624510163963
13-Jun 11:34:01:INFO:root:------ Middle 5: 0.0009365116371558092
13-Jun 11:34:01:INFO:root:------ Middle 6: 0.0005191904854195823
13-Jun 11:34:01:INFO:root:------ Middle 3: 0.0021044049150437056
13-Jun 11:34:01:INFO:root:------ Middle 4: 0.0011621818755972028
13-Jun 11:34:01:INFO:root:------ Middle 7: 0.00040989866156200983
13-Jun 11:34:01:INFO:root:------ Middle 8: 0.00024578497513607977
13-Jun 11:34:01:INFO:root:Starting from 1.1672274096363545e-17
13-Jun 11:34:01:INFO:root:-- Outer 1: 0.026082266850367762
13-Jun 11:34:01:INFO:root:------ Middle 1: 0.0027024621413174756
13-Jun 11:34:02:INFO:root:------ Middle 5: 0.00092728133116748
13-Jun 11:34:02:INFO:root:------ Middle 6: 0.0005138917911587394
13-Jun 11:34:02:INFO:root:------ Middle 7: 0.0004076346261149303
13-Jun 11:34:02:INFO:root:------ Middle 8: 0.0002437845184268385
13-Jun 11:34:02:INFO:root:Starting from 1.1241567514817761e-17
13-Jun 11:34:02:INFO:root:-- Outer 1: 0.02697310866017482
13-Jun 11:34:03:INFO:root:------ Middle 1: 0.0027123622222844637
13-Jun 11:34:04:INFO:root:------ Middle 2: 0.0008092102858878029
13-Jun 11:34:04:INFO:root:------ Middle 3: 0.0004494792767822606
13-Jun 11:34:04:INFO:root:------ Middle 4: 0.00033203203249057193
13-Jun 11:34:04:INFO:root:------ Middle 5: 0.00020046241171427234
13-Jun 11:34:04:INFO:root:Starting from 1.8764726579457734e-17
13-Jun 11:34:04:INFO:root:-- Outer 2: 0.012646864422075882
13-Jun 11:34:04:INFO:root:------ Middle 1: 0.000777436158789592
13-Jun 11:34:05:INFO:root:------ Middle 2: 0.0008297097081352141
13-Jun 11:34:05:INFO:root:------ Middle 3: 0.0004599460750323286
13-Jun 11:34:06:INFO:root:------ Middle 4: 0.0003377143652945024
13-Jun 11:34:06:INFO:root:------ Middle 5: 0.0002031741769982349
13-Jun 11:34:06:INFO:root:Starting from 1.972590746530124e-17
13-Jun 11:34:06:INFO:root:-- Outer 2: 0.01297224155023548
13-Jun 11:34:06:INFO:root:------ Middle 1: 0.0007693561345317867
13-Jun 11:34:06:INFO:root:------ Middle 2: 0.00037728033891951677
13-Jun 11:34:07:INFO:root:------ Middle 3: 0.00021108841713107538
13-Jun 11:34:07:INFO:root:Starting from 2.2039188516875478e-17
13-Jun 11:34:07:INFO:root:-- Outer 3: 0.005588911219818448
13-Jun 11:34:07:INFO:root:------ Middle 1: 0.0004114159757893627
13-Jun 11:34:07:INFO:root:------ Middle 2: 0.00021770629409371812
13-Jun 11:34:07:INFO:root:Starting from 1.846195476892806e-17
13-Jun 11:34:07:INFO:root:-- Outer 4: 0.0026623430444483037
13-Jun 11:34:08:INFO:root:------ Middle 1: 0.0002829503407063776
13-Jun 11:34:08:INFO:root:Starting from 1.5099499004987882e-17
13-Jun 11:34:08:INFO:root:-- Outer 5: 0.0014773086662902269
13-Jun 11:34:08:INFO:root:------ Middle 2: 0.0003727494035424738
13-Jun 11:34:08:INFO:root:------ Middle 1: 0.00027479609989121005
13-Jun 11:34:08:INFO:root:Starting from 1.757691747830452e-17
13-Jun 11:34:08:INFO:root:-- Outer 6: 0.0008447588659056711
13-Jun 11:34:08:INFO:root:END Outer loop
13-Jun 11:34:08:INFO:root:Model trade shares: [0.958957, 0.93402, 0.993187]
13-Jun 11:34:08:INFO:root:Data trade shares: [0.960926, 0.936095, 0.990604]
13-Jun 11:34:08:INFO:root:US prices: [0.909944, 0.900085, 0.867519]
13-Jun 11:34:08:INFO:root:in the data: [2.54462, 2.53886, 2.53886]
13-Jun 11:34:08:INFO:root:Nominal world expenditure: 1.527639511443333e7
13-Jun 11:34:08:INFO:root:--------------In the data: [4.29516e7]
13-Jun 11:34:08:INFO:root:--- Period 22 ---
13-Jun 11:34:08:INFO:root:------ Middle 3: 0.00020825516779752725
13-Jun 11:34:08:INFO:root:BEGIN Outer loop
13-Jun 11:34:08:INFO:root:Starting from 1.66794128320411e-17
13-Jun 11:34:08:INFO:root:-- Outer 3: 0.00574823262363471
13-Jun 11:34:08:INFO:root:------ Middle 1: 0.0004053277534854703
13-Jun 11:34:09:INFO:root:------ Middle 2: 0.0002131825081016548
13-Jun 11:34:09:INFO:root:Starting from 1.516271974656802e-17
13-Jun 11:34:09:INFO:root:-- Outer 4: 0.0027799853498535606
13-Jun 11:34:09:INFO:root:------ Middle 1: 0.0002796639136197943
13-Jun 11:34:09:INFO:root:Starting from 1.5940607891405552e-17
13-Jun 11:34:09:INFO:root:-- Outer 5: 0.0015745677305692002
13-Jun 11:34:10:INFO:root:------ Middle 1: 0.0002800134835379633
13-Jun 11:34:10:INFO:root:Starting from 1.6975096401883947e-17
13-Jun 11:34:10:INFO:root:-- Outer 6: 0.00101115007785523
13-Jun 11:34:10:INFO:root:------ Middle 1: 0.00023826224878924402
13-Jun 11:34:10:INFO:root:Starting from 1.7266462889194795e-17
13-Jun 11:34:10:INFO:root:-- Outer 7: 0.0009818379525205747
13-Jun 11:34:10:INFO:root:END Outer loop
13-Jun 11:34:10:INFO:root:Model trade shares: [0.964156, 0.932523, 0.993428]
13-Jun 11:34:10:INFO:root:Data trade shares: [0.960491, 0.93458, 0.986591]
13-Jun 11:34:10:INFO:root:US prices: [0.86149, 0.882748, 0.837284]
13-Jun 11:34:10:INFO:root:in the data: [2.52256, 2.5595, 2.5595]
13-Jun 11:34:10:INFO:root:Nominal world expenditure: 1.5692171664661776e7
13-Jun 11:34:10:INFO:root:--------------In the data: [4.55098e7]
13-Jun 11:34:10:INFO:root:--- Period 23 ---
13-Jun 11:34:10:INFO:root:BEGIN Outer loop
13-Jun 11:34:15:INFO:root:------ Middle 1: 0.004880405060001434
13-Jun 11:34:15:INFO:root:------ Middle 2: 0.002689089137657885
13-Jun 11:34:17:INFO:root:------ Middle 1: 0.0048971781647437415
13-Jun 11:34:17:INFO:root:------ Middle 2: 0.002698186286413277
13-Jun 11:34:17:INFO:root:------ Middle 3: 0.0020914374338219847
13-Jun 11:34:17:INFO:root:------ Middle 4: 0.0011547395652485221
13-Jun 11:34:18:INFO:root:------ Middle 5: 0.0009251016713735339
13-Jun 11:34:18:INFO:root:------ Middle 6: 0.0005128131220879177
13-Jun 11:34:19:INFO:root:------ Middle 7: 0.00040687870747565207
13-Jun 11:34:19:INFO:root:------ Middle 3: 0.0020957285437933253
13-Jun 11:34:19:INFO:root:------ Middle 8: 0.00024256482450915918
13-Jun 11:34:19:INFO:root:Starting from 1.2084219643974977e-17
13-Jun 11:34:19:INFO:root:-- Outer 1: 0.02763988950973762
13-Jun 11:34:19:INFO:root:------ Middle 4: 0.0011568160240792511
13-Jun 11:34:20:INFO:root:------ Middle 5: 0.0009228509065640751
13-Jun 11:34:20:INFO:root:------ Middle 6: 0.0005115010029586803
13-Jun 11:34:20:INFO:root:------ Middle 7: 0.000405271509340562
13-Jun 11:34:21:INFO:root:------ Middle 8: 0.00024114406849182055
13-Jun 11:34:21:INFO:root:Starting from 1.1790379700987605e-17
13-Jun 11:34:21:INFO:root:-- Outer 1: 0.027726215668367766
13-Jun 11:34:22:INFO:root:------ Middle 1: 0.0007500914151071672
13-Jun 11:34:22:INFO:root:------ Middle 2: 0.00041238790887165844
13-Jun 11:34:23:INFO:root:------ Middle 3: 0.0002763797881641931
13-Jun 11:34:23:INFO:root:Starting from 1.290410070208818e-17
13-Jun 11:34:23:INFO:root:-- Outer 2: 0.012439370415885352
13-Jun 11:34:23:INFO:root:------ Middle 1: 0.0008875610245817084
13-Jun 11:34:24:INFO:root:------ Middle 1: 0.0008003061891070553
13-Jun 11:34:24:INFO:root:------ Middle 2: 0.0004399572425053895
13-Jun 11:34:24:INFO:root:------ Middle 3: 0.00029237785300453075
13-Jun 11:34:24:INFO:root:Starting from 1.3997209489215996e-17
13-Jun 11:34:24:INFO:root:-- Outer 2: 0.012536423718651157
13-Jun 11:34:25:INFO:root:------ Middle 1: 0.0009387112883634004
13-Jun 11:34:25:INFO:root:------ Middle 2: 0.00032239357874682615
13-Jun 11:34:25:INFO:root:------ Middle 3: 0.00017896090593807223
13-Jun 11:34:25:INFO:root:Starting from 1.968892693717485e-17
13-Jun 11:34:25:INFO:root:-- Outer 3: 0.006053274165405224
13-Jun 11:34:25:INFO:root:------ Middle 1: 0.0004560905606591708
13-Jun 11:34:25:INFO:root:------ Middle 2: 0.0002150714432528293
13-Jun 11:34:25:INFO:root:Starting from 1.6457744709309816e-17
13-Jun 11:34:25:INFO:root:-- Outer 4: 0.003206031831198178
13-Jun 11:34:26:INFO:root:------ Middle 1: 0.00030862817477363336
13-Jun 11:34:27:INFO:root:------ Middle 2: 0.0003288861958370098
13-Jun 11:34:27:INFO:root:------ Middle 3: 0.00018227075097417277
13-Jun 11:34:27:INFO:root:Starting from 1.6917694698010023e-17
13-Jun 11:34:27:INFO:root:-- Outer 3: 0.006168496836613703
13-Jun 11:34:27:INFO:root:------ Middle 1: 0.0004895778830467607
13-Jun 11:34:27:INFO:root:------ Middle 2: 0.0001850053333626664
13-Jun 11:34:27:INFO:root:Starting from 1.7354788511903498e-17
13-Jun 11:34:27:INFO:root:-- Outer 5: 0.0015744124900924316
13-Jun 11:34:27:INFO:root:------ Middle 1: 0.00023647461648380194
13-Jun 11:34:27:INFO:root:Starting from 1.7489778023777607e-17
13-Jun 11:34:27:INFO:root:-- Outer 6: 0.0016664933184861305
13-Jun 11:34:27:INFO:root:------ Middle 1: 0.00025013532053321457
13-Jun 11:34:27:INFO:root:Starting from 1.6561671044883724e-17
13-Jun 11:34:27:INFO:root:-- Outer 7: 0.0006557687870222218
13-Jun 11:34:27:INFO:root:END Outer loop
13-Jun 11:34:27:INFO:root:Model trade shares: [0.960184, 0.937222, 0.991058]
13-Jun 11:34:27:INFO:root:Data trade shares: [0.959588, 0.937566, 0.971212]
13-Jun 11:34:27:INFO:root:US prices: [0.923354, 0.875298, 0.92938]
13-Jun 11:34:27:INFO:root:in the data: [2.70826, 2.57595, 2.57595]
13-Jun 11:34:28:INFO:root:Nominal world expenditure: 1.5636438960152708e7
13-Jun 11:34:28:INFO:root:--------------In the data: [4.5848e7]
13-Jun 11:34:28:INFO:root:--- Period 24 ---
13-Jun 11:34:28:INFO:root:BEGIN Outer loop
13-Jun 11:34:28:INFO:root:------ Middle 2: 0.0002337599934143384
13-Jun 11:34:28:INFO:root:Starting from 1.4971886439729616e-17
13-Jun 11:34:28:INFO:root:-- Outer 4: 0.003102682237586206
13-Jun 11:34:28:INFO:root:------ Middle 1: 0.0003488528577272997
13-Jun 11:34:29:INFO:root:------ Middle 2: 0.00018158437620838686
13-Jun 11:34:29:INFO:root:Starting from 1.5323283140640396e-17
13-Jun 11:34:29:INFO:root:-- Outer 5: 0.0018960676771925993
13-Jun 11:34:29:INFO:root:------ Middle 1: 0.0002565621982213708
13-Jun 11:34:29:INFO:root:Starting from 1.7443940351022653e-17
13-Jun 11:34:29:INFO:root:-- Outer 6: 0.002035733436124013
13-Jun 11:34:29:INFO:root:------ Middle 1: 0.0002854196849293933
13-Jun 11:34:29:INFO:root:Starting from 1.313192830288421e-17
13-Jun 11:34:29:INFO:root:-- Outer 7: 0.0007320645773999001
13-Jun 11:34:29:INFO:root:END Outer loop
13-Jun 11:34:29:INFO:root:Model trade shares: [0.952735, 0.935296, 0.991524]
13-Jun 11:34:29:INFO:root:Data trade shares: [0.955615, 0.931697, 0.991754]
13-Jun 11:34:29:INFO:root:US prices: [0.84755, 0.857721, 0.883537]
13-Jun 11:34:29:INFO:root:in the data: [2.59006, 2.59665, 2.59665]
13-Jun 11:34:29:INFO:root:Nominal world expenditure: 1.639455759484284e7
13-Jun 11:34:29:INFO:root:--------------In the data: [4.90999e7]
13-Jun 11:34:29:INFO:root:--- Period 25 ---
13-Jun 11:34:29:INFO:root:BEGIN Outer loop
13-Jun 11:34:35:INFO:root:------ Middle 1: 0.004762452227452074
13-Jun 11:34:35:INFO:root:------ Middle 2: 0.002623696424458113
13-Jun 11:34:37:INFO:root:------ Middle 1: 0.004641438885066138
13-Jun 11:34:37:INFO:root:------ Middle 2: 0.0025569509759883484
13-Jun 11:34:37:INFO:root:------ Middle 3: 0.0020380682970411587
13-Jun 11:34:37:INFO:root:------ Middle 4: 0.0011246834264757577
13-Jun 11:34:38:INFO:root:------ Middle 5: 0.0008956931947896188
13-Jun 11:34:38:INFO:root:------ Middle 6: 0.0004963064785919979
13-Jun 11:34:39:INFO:root:------ Middle 7: 0.00039338714041566725
13-Jun 11:34:39:INFO:root:------ Middle 8: 0.00023398776265908715
13-Jun 11:34:39:INFO:root:Starting from 1.2041245109198273e-17
13-Jun 11:34:39:INFO:root:-- Outer 1: 0.02699771338282904
13-Jun 11:34:39:INFO:root:------ Middle 3: 0.0019827641756110428
13-Jun 11:34:39:INFO:root:------ Middle 4: 0.001094060726402076
13-Jun 11:34:40:INFO:root:------ Middle 5: 0.0008711483704073699
13-Jun 11:34:40:INFO:root:------ Middle 6: 0.0004825488389308988
13-Jun 11:34:40:INFO:root:------ Middle 7: 0.00038254639961773945
13-Jun 11:34:41:INFO:root:------ Middle 8: 0.00022818347708138795
13-Jun 11:34:41:INFO:root:Starting from 1.197500346268061e-17
13-Jun 11:34:41:INFO:root:-- Outer 1: 0.02538913838940099
13-Jun 11:34:42:INFO:root:------ Middle 1: 0.0007580049266217666
13-Jun 11:34:42:INFO:root:------ Middle 2: 0.00041671020726211203
13-Jun 11:34:43:INFO:root:------ Middle 3: 0.00028161504000513314
13-Jun 11:34:43:INFO:root:Starting from 1.934677107826297e-17
13-Jun 11:34:43:INFO:root:-- Outer 2: 0.01228308452458397
13-Jun 11:34:43:INFO:root:------ Middle 1: 0.0008954808873780176
13-Jun 11:34:44:INFO:root:------ Middle 1: 0.0007804818897886449
13-Jun 11:34:44:INFO:root:------ Middle 2: 0.00042894063261723875
13-Jun 11:34:44:INFO:root:------ Middle 3: 0.000285684699518953
13-Jun 11:34:44:INFO:root:Starting from 1.6084267177044178e-17
13-Jun 11:34:44:INFO:root:-- Outer 2: 0.011677439389008512
13-Jun 11:34:44:INFO:root:------ Middle 1: 0.0009174912417258165
13-Jun 11:34:45:INFO:root:------ Middle 2: 0.00032764805176253256
13-Jun 11:34:45:INFO:root:------ Middle 3: 0.00018142685197764213
13-Jun 11:34:45:INFO:root:Starting from 1.58454710702332e-17
13-Jun 11:34:45:INFO:root:-- Outer 3: 0.00613972191017409
13-Jun 11:34:45:INFO:root:------ Middle 1: 0.00048217173882022845
13-Jun 11:34:46:INFO:root:------ Middle 2: 0.00031987596684148584
13-Jun 11:34:46:INFO:root:------ Middle 2: 0.0002347115374639613
13-Jun 11:34:46:INFO:root:Starting from 1.6159229072322154e-17
13-Jun 11:34:46:INFO:root:-- Outer 4: 0.0032303195782279535
13-Jun 11:34:46:INFO:root:------ Middle 3: 0.0001770661212817926
13-Jun 11:34:46:INFO:root:Starting from 1.618954584718268e-17
13-Jun 11:34:46:INFO:root:-- Outer 3: 0.005880919978557657
13-Jun 11:34:46:INFO:root:------ Middle 1: 0.0003528830159486632
13-Jun 11:34:47:INFO:root:------ Middle 1: 0.0004920671496911698
13-Jun 11:34:47:INFO:root:------ Middle 2: 0.00018515372927474118
13-Jun 11:34:47:INFO:root:Starting from 1.2950894924785846e-17
13-Jun 11:34:47:INFO:root:-- Outer 5: 0.0020631117870942217
13-Jun 11:34:47:INFO:root:------ Middle 1: 0.00026158923201704865
13-Jun 11:34:47:INFO:root:Starting from 1.8439265559657776e-17
13-Jun 11:34:47:INFO:root:-- Outer 6: 0.0022324424925708702
13-Jun 11:34:47:INFO:root:------ Middle 1: 0.0002922496312239122
13-Jun 11:34:47:INFO:root:Starting from 1.4872926850283914e-17
13-Jun 11:34:47:INFO:root:-- Outer 7: 0.0008142698143380354
13-Jun 11:34:47:INFO:root:END Outer loop
13-Jun 11:34:47:INFO:root:Model trade shares: [0.946998, 0.932452, 0.994042]
13-Jun 11:34:47:INFO:root:Data trade shares: [0.950579, 0.929714, 0.991388]
13-Jun 11:34:47:INFO:root:US prices: [0.90754, 0.866115, 0.8665]
13-Jun 11:34:47:INFO:root:in the data: [2.71827, 2.64842, 2.64842]
13-Jun 11:34:47:INFO:root:Nominal world expenditure: 1.7445321206785727e7
13-Jun 11:34:47:INFO:root:--------------In the data: [5.43532e7]
13-Jun 11:34:48:INFO:root:--- Period 26 ---
13-Jun 11:34:48:INFO:root:BEGIN Outer loop
13-Jun 11:34:48:INFO:root:------ Middle 2: 0.0002288981171653943
13-Jun 11:34:48:INFO:root:Starting from 1.3783722747762258e-17
13-Jun 11:34:48:INFO:root:-- Outer 4: 0.003125529523044955
13-Jun 11:34:48:INFO:root:------ Middle 1: 0.0003560436007754419
13-Jun 11:34:48:INFO:root:------ Middle 2: 0.00018276620096376075
13-Jun 11:34:48:INFO:root:Starting from 1.4099051589502815e-17
13-Jun 11:34:48:INFO:root:-- Outer 5: 0.001980810766756547
13-Jun 11:34:48:INFO:root:------ Middle 1: 0.0002618312912030321
13-Jun 11:34:48:INFO:root:Starting from 1.8867759973165188e-17
13-Jun 11:34:48:INFO:root:-- Outer 6: 0.0021386503535450897
13-Jun 11:34:49:INFO:root:------ Middle 1: 0.0002911543271851896
13-Jun 11:34:49:INFO:root:Starting from 1.7211928486302505e-17
13-Jun 11:34:49:INFO:root:-- Outer 7: 0.000773485210181192
13-Jun 11:34:49:INFO:root:END Outer loop
13-Jun 11:34:49:INFO:root:Model trade shares: [0.957716, 0.920292, 0.988582]
13-Jun 11:34:49:INFO:root:Data trade shares: [0.954902, 0.927282, 0.98849]
13-Jun 11:34:49:INFO:root:US prices: [0.849063, 0.876679, 0.905047]
13-Jun 11:34:49:INFO:root:in the data: [2.81662, 2.76323, 2.76323]
13-Jun 11:34:49:INFO:root:Nominal world expenditure: 1.68392574206421e7
13-Jun 11:34:49:INFO:root:--------------In the data: [5.52518e7]
13-Jun 11:34:49:INFO:root:--- Period 27 ---
13-Jun 11:34:49:INFO:root:BEGIN Outer loop
13-Jun 11:34:55:INFO:root:------ Middle 1: 0.00455191926393511
13-Jun 11:34:55:INFO:root:------ Middle 2: 0.0025076029094377003
13-Jun 11:34:57:INFO:root:------ Middle 1: 0.004348145119689318
13-Jun 11:34:57:INFO:root:------ Middle 2: 0.0023953061346995695
13-Jun 11:34:57:INFO:root:------ Middle 3: 0.0019387603045391366
13-Jun 11:34:57:INFO:root:------ Middle 4: 0.0010699384870123305
13-Jun 11:34:58:INFO:root:------ Middle 5: 0.0008522669206843981
13-Jun 11:34:58:INFO:root:------ Middle 6: 0.0004721673458420225
13-Jun 11:34:59:INFO:root:------ Middle 7: 0.00037418846159937983
13-Jun 11:34:59:INFO:root:------ Middle 8: 0.00022359942201213574
13-Jun 11:34:59:INFO:root:Starting from 1.22339664485987e-17
13-Jun 11:34:59:INFO:root:-- Outer 1: 0.02340773477338975
13-Jun 11:34:59:INFO:root:------ Middle 3: 0.001854815983377443
13-Jun 11:34:59:INFO:root:------ Middle 4: 0.0010236245121317594
13-Jun 11:35:00:INFO:root:------ Middle 5: 0.0008162195172819428
13-Jun 11:35:00:INFO:root:------ Middle 6: 0.00045238720487197345
13-Jun 11:35:01:INFO:root:------ Middle 7: 0.00035919971663681195
13-Jun 11:35:01:INFO:root:------ Middle 8: 0.00021495576364978993
13-Jun 11:35:01:INFO:root:Starting from 1.2050019132070546e-17
13-Jun 11:35:01:INFO:root:-- Outer 1: 0.021753282621917242
13-Jun 11:35:01:INFO:root:------ Middle 1: 0.002657059610991149
13-Jun 11:35:02:INFO:root:------ Middle 1: 0.0007508461862366449
13-Jun 11:35:02:INFO:root:------ Middle 2: 0.0004123396522765101
13-Jun 11:35:02:INFO:root:------ Middle 3: 0.0002741246530900333
13-Jun 11:35:02:INFO:root:Starting from 2.1057548507522904e-17
13-Jun 11:35:02:INFO:root:-- Outer 2: 0.010903946384886053
13-Jun 11:35:02:INFO:root:------ Middle 1: 0.0008778681166278242
13-Jun 11:35:03:INFO:root:------ Middle 2: 0.0008071214018848535
13-Jun 11:35:03:INFO:root:------ Middle 3: 0.0004472935874108354
13-Jun 11:35:04:INFO:root:------ Middle 4: 0.00032513573667139326
13-Jun 11:35:04:INFO:root:------ Middle 5: 0.00019802572581467193
13-Jun 11:35:04:INFO:root:Starting from 1.751534694522891e-17
13-Jun 11:35:04:INFO:root:-- Outer 2: 0.010919984818855092
13-Jun 11:35:04:INFO:root:------ Middle 1: 0.0007166300031992431
13-Jun 11:35:04:INFO:root:------ Middle 2: 0.0002973434827512063
13-Jun 11:35:04:INFO:root:Starting from 1.969307571097907e-17
13-Jun 11:35:04:INFO:root:-- Outer 3: 0.005529817801944376
13-Jun 11:35:04:INFO:root:------ Middle 1: 0.0005177052376003651
13-Jun 11:35:05:INFO:root:------ Middle 2: 0.0002521020225821524
13-Jun 11:35:05:INFO:root:Starting from 1.7214176379894086e-17
13-Jun 11:35:05:INFO:root:-- Outer 4: 0.002898030349968458
13-Jun 11:35:06:INFO:root:------ Middle 1: 0.00034951729509873265
13-Jun 11:35:06:INFO:root:------ Middle 2: 0.00018332307837878918
13-Jun 11:35:06:INFO:root:Starting from 1.6833908196314338e-17
13-Jun 11:35:06:INFO:root:-- Outer 5: 0.0018086308027228954
13-Jun 11:35:06:INFO:root:------ Middle 2: 0.00033743993896179095
13-Jun 11:35:06:INFO:root:------ Middle 3: 0.0001883663196554441
13-Jun 11:35:06:INFO:root:Starting from 1.8726965038060396e-17
13-Jun 11:35:06:INFO:root:-- Outer 3: 0.005050534191262957
13-Jun 11:35:06:INFO:root:------ Middle 1: 0.0002514559462527935
13-Jun 11:35:06:INFO:root:Starting from 1.754160503846997e-17
13-Jun 11:35:06:INFO:root:-- Outer 6: 0.001954236216662538
13-Jun 11:35:06:INFO:root:------ Middle 1: 0.000402936058781786
13-Jun 11:35:07:INFO:root:------ Middle 1: 0.00027634807444089414
13-Jun 11:35:07:INFO:root:Starting from 1.9170007483492584e-17
13-Jun 11:35:07:INFO:root:-- Outer 7: 0.000714660285146296
13-Jun 11:35:07:INFO:root:END Outer loop
13-Jun 11:35:07:INFO:root:Model trade shares: [0.95315, 0.928907, 0.99132]
13-Jun 11:35:07:INFO:root:Data trade shares: [0.951101, 0.932187, 0.983861]
13-Jun 11:35:07:INFO:root:US prices: [0.864962, 0.833991, 0.896327]
13-Jun 11:35:07:INFO:root:in the data: [2.96009, 2.78199, 2.78199]
13-Jun 11:35:07:INFO:root:Nominal world expenditure: 1.6117015278751757e7
13-Jun 11:35:07:INFO:root:--------------In the data: [5.49713e7]
13-Jun 11:35:07:INFO:root:--- Period 28 ---
13-Jun 11:35:07:INFO:root:BEGIN Outer loop
13-Jun 11:35:07:INFO:root:------ Middle 2: 0.00022195300268515835
13-Jun 11:35:07:INFO:root:Starting from 1.6036280825938205e-17
13-Jun 11:35:07:INFO:root:-- Outer 4: 0.002545978003350183
13-Jun 11:35:08:INFO:root:------ Middle 1: 0.0003047528530735484
13-Jun 11:35:08:INFO:root:------ Middle 2: 0.00016434373900947493
13-Jun 11:35:08:INFO:root:Starting from 2.2367033839506095e-17
13-Jun 11:35:08:INFO:root:-- Outer 5: 0.0016204032049356794
13-Jun 11:35:08:INFO:root:------ Middle 1: 0.00022773847738351117
13-Jun 11:35:08:INFO:root:Starting from 1.6934284210685263e-17
13-Jun 11:35:08:INFO:root:-- Outer 6: 0.0017697639736784204
13-Jun 11:35:09:INFO:root:------ Middle 1: 0.0002529173036117347
13-Jun 11:35:09:INFO:root:Starting from 1.9077393498885034e-17
13-Jun 11:35:09:INFO:root:-- Outer 7: 0.0006629444856902625
13-Jun 11:35:09:INFO:root:END Outer loop
13-Jun 11:35:09:INFO:root:Model trade shares: [0.938332, 0.933619, 0.99253]
13-Jun 11:35:09:INFO:root:Data trade shares: [0.944757, 0.931965, 0.986375]
13-Jun 11:35:09:INFO:root:US prices: [0.880601, 0.816949, 0.826063]
13-Jun 11:35:09:INFO:root:in the data: [2.85731, 2.74066, 2.74066]
13-Jun 11:35:09:INFO:root:Nominal world expenditure: 1.5821957856494565e7
13-Jun 11:35:09:INFO:root:--------------In the data: [5.4623e7]
13-Jun 11:35:09:INFO:root:--- Period 29 ---
13-Jun 11:35:09:INFO:root:BEGIN Outer loop
13-Jun 11:35:15:INFO:root:------ Middle 1: 0.004320754412338515
13-Jun 11:35:15:INFO:root:------ Middle 2: 0.0023801046366525983
13-Jun 11:35:17:INFO:root:------ Middle 1: 0.004341992977008732
13-Jun 11:35:17:INFO:root:------ Middle 2: 0.0023916783927472943
13-Jun 11:35:17:INFO:root:------ Middle 3: 0.0018378893977740634
13-Jun 11:35:17:INFO:root:------ Middle 4: 0.0010141919493964783
13-Jun 11:35:18:INFO:root:------ Middle 5: 0.0008068175852865681
13-Jun 11:35:18:INFO:root:------ Middle 6: 0.0004472260171039207
13-Jun 11:35:19:INFO:root:------ Middle 7: 0.0003549885773303649
13-Jun 11:35:19:INFO:root:------ Middle 8: 0.00021278738667608203
13-Jun 11:35:19:INFO:root:Starting from 1.1845453073376377e-17
13-Jun 11:35:19:INFO:root:-- Outer 1: 0.020884785467962602
13-Jun 11:35:19:INFO:root:------ Middle 3: 0.00185076888871713
13-Jun 11:35:19:INFO:root:------ Middle 4: 0.001021247477149025
13-Jun 11:35:21:INFO:root:------ Middle 5: 0.0008165200065290783
13-Jun 11:35:21:INFO:root:------ Middle 6: 0.00045277555096809665
13-Jun 11:35:21:INFO:root:------ Middle 7: 0.0003584090937454
13-Jun 11:35:21:INFO:root:------ Middle 8: 0.00021487662705705344
13-Jun 11:35:21:INFO:root:Starting from 1.2312965730873624e-17
13-Jun 11:35:21:INFO:root:-- Outer 1: 0.02131199664949661
13-Jun 11:35:22:INFO:root:------ Middle 1: 0.000726625329880568
13-Jun 11:35:22:INFO:root:------ Middle 2: 0.0003986375281939539
13-Jun 11:35:22:INFO:root:------ Middle 3: 0.00026224664426463995
13-Jun 11:35:22:INFO:root:Starting from 2.2271615572317707e-17
13-Jun 11:35:22:INFO:root:-- Outer 2: 0.009904119158142138
13-Jun 11:35:22:INFO:root:------ Middle 1: 0.0008491744221369935
13-Jun 11:35:24:INFO:root:------ Middle 1: 0.000720273454350154
13-Jun 11:35:24:INFO:root:------ Middle 2: 0.00039536148939334193
13-Jun 11:35:24:INFO:root:------ Middle 2: 0.000281122517080096
13-Jun 11:35:24:INFO:root:Starting from 2.040458044502035e-17
13-Jun 11:35:24:INFO:root:-- Outer 3: 0.0050503621890448935
13-Jun 11:35:24:INFO:root:------ Middle 1: 0.0004915075473970074
13-Jun 11:35:25:INFO:root:------ Middle 3: 0.00026337080042572496
13-Jun 11:35:25:INFO:root:Starting from 2.1700806787250564e-17
13-Jun 11:35:25:INFO:root:-- Outer 2: 0.010041200897035973
13-Jun 11:35:25:INFO:root:------ Middle 1: 0.0008504119960714928
13-Jun 11:35:26:INFO:root:------ Middle 2: 0.0002379481950764121
13-Jun 11:35:26:INFO:root:Starting from 2.2767842951176747e-17
13-Jun 11:35:26:INFO:root:-- Outer 4: 0.0026337561140535645
13-Jun 11:35:26:INFO:root:------ Middle 1: 0.0003281310592627894
13-Jun 11:35:26:INFO:root:------ Middle 2: 0.00017055205422670231
13-Jun 11:35:26:INFO:root:Starting from 1.964080290551702e-17
13-Jun 11:35:26:INFO:root:-- Outer 5: 0.001648119851746748
13-Jun 11:35:26:INFO:root:------ Middle 1: 0.00023559753934690136
13-Jun 11:35:26:INFO:root:Starting from 1.80887470845108e-17
13-Jun 11:35:26:INFO:root:-- Outer 6: 0.0017865194895372517
13-Jun 11:35:27:INFO:root:------ Middle 2: 0.00029849307476280396
13-Jun 11:35:27:INFO:root:Starting from 1.738869724327614e-17
13-Jun 11:35:27:INFO:root:-- Outer 3: 0.00513976901323533
13-Jun 11:35:27:INFO:root:------ Middle 1: 0.0005094458103856356
13-Jun 11:35:27:INFO:root:------ Middle 1: 0.00025689234148304247
13-Jun 11:35:27:INFO:root:Starting from 1.7198051379147205e-17
13-Jun 11:35:27:INFO:root:-- Outer 7: 0.0006415237959022457
13-Jun 11:35:27:INFO:root:END Outer loop
13-Jun 11:35:27:INFO:root:Model trade shares: [0.941996, 0.930946, 0.990951]
13-Jun 11:35:27:INFO:root:Data trade shares: [0.943324, 0.928045, 0.988948]
13-Jun 11:35:27:INFO:root:US prices: [0.904664, 0.838758, 0.85701]
13-Jun 11:35:27:INFO:root:in the data: [2.94743, 2.7898, 2.7898]
13-Jun 11:35:27:INFO:root:Nominal world expenditure: 1.6334585924166873e7
13-Jun 11:35:27:INFO:root:--------------In the data: [5.65242e7]
13-Jun 11:35:27:INFO:root:--- Period 30 ---
13-Jun 11:35:27:INFO:root:BEGIN Outer loop
13-Jun 11:35:28:INFO:root:------ Middle 2: 0.00025287190259890783
13-Jun 11:35:28:INFO:root:Starting from 2.2203968257968076e-17
13-Jun 11:35:28:INFO:root:-- Outer 4: 0.002744259877771731
13-Jun 11:35:28:INFO:root:------ Middle 1: 0.0003481611248534868
13-Jun 11:35:29:INFO:root:------ Middle 2: 0.00018224269918071015
13-Jun 11:35:29:INFO:root:Starting from 1.8887899925751527e-17
13-Jun 11:35:29:INFO:root:-- Outer 5: 0.0017599113493874847
13-Jun 11:35:29:INFO:root:------ Middle 1: 0.0002515941680860071
13-Jun 11:35:29:INFO:root:Starting from 1.8515599209288692e-17
13-Jun 11:35:29:INFO:root:-- Outer 6: 0.0019258557100809545
13-Jun 11:35:29:INFO:root:------ Middle 1: 0.0002756274698405424
13-Jun 11:35:29:INFO:root:Starting from 1.964407268120225e-17
13-Jun 11:35:29:INFO:root:-- Outer 7: 0.0006975921681824789
13-Jun 11:35:29:INFO:root:END Outer loop
13-Jun 11:35:29:INFO:root:Model trade shares: [0.946234, 0.928809, 0.987475]
13-Jun 11:35:29:INFO:root:Data trade shares: [0.949239, 0.924453, 0.987338]
13-Jun 11:35:29:INFO:root:US prices: [0.880435, 0.833312, 0.838598]
13-Jun 11:35:29:INFO:root:in the data: [2.95883, 2.79593, 2.79593]
13-Jun 11:35:29:INFO:root:Nominal world expenditure: 1.6717917340941925e7
13-Jun 11:35:29:INFO:root:--------------In the data: [5.8302e7]
13-Jun 11:35:29:INFO:root:--- Period 31 ---
13-Jun 11:35:29:INFO:root:BEGIN Outer loop
13-Jun 11:35:35:INFO:root:------ Middle 1: 0.0045849271566661244
13-Jun 11:35:35:INFO:root:------ Middle 2: 0.002525335530058639
13-Jun 11:35:37:INFO:root:------ Middle 1: 0.004912416834384667
13-Jun 11:35:38:INFO:root:------ Middle 2: 0.002705562086749574
13-Jun 11:35:38:INFO:root:------ Middle 3: 0.0019425379734042325
13-Jun 11:35:38:INFO:root:------ Middle 4: 0.0010717524930525632
13-Jun 11:35:39:INFO:root:------ Middle 5: 0.0008501757435942405
13-Jun 11:35:39:INFO:root:------ Middle 6: 0.00047128474470643165
13-Jun 11:35:39:INFO:root:------ Middle 7: 0.0003705385187447244
13-Jun 11:35:40:INFO:root:------ Middle 8: 0.0002214586435680698
13-Jun 11:35:40:INFO:root:Starting from 1.175640197753643e-17
13-Jun 11:35:40:INFO:root:-- Outer 1: 0.02272912429321854
13-Jun 11:35:40:INFO:root:------ Middle 3: 0.0020605252391692717
13-Jun 11:35:40:INFO:root:------ Middle 4: 0.0011365918334106007
13-Jun 11:35:41:INFO:root:------ Middle 5: 0.0008886211478527942
13-Jun 11:35:41:INFO:root:------ Middle 6: 0.0004919419921027493
13-Jun 11:35:41:INFO:root:------ Middle 7: 0.0003836341107652963
13-Jun 11:35:41:INFO:root:------ Middle 8: 0.00022896579688725963
13-Jun 11:35:41:INFO:root:Starting from 1.1828860587283375e-17
13-Jun 11:35:41:INFO:root:-- Outer 1: 0.024183819259781972
13-Jun 11:35:42:INFO:root:------ Middle 1: 0.0007820222230117282
13-Jun 11:35:42:INFO:root:------ Middle 2: 0.0004291982341890532
13-Jun 11:35:43:INFO:root:------ Middle 3: 0.00028257370708001064
13-Jun 11:35:43:INFO:root:Starting from 1.788503453074486e-17
13-Jun 11:35:43:INFO:root:-- Outer 2: 0.010614697514372851
13-Jun 11:35:43:INFO:root:------ Middle 1: 0.0009172894114583171
13-Jun 11:35:44:INFO:root:------ Middle 1: 0.0007735333308574207
13-Jun 11:35:44:INFO:root:------ Middle 2: 0.00042458539764994325
13-Jun 11:35:45:INFO:root:------ Middle 3: 0.000281242034073144
13-Jun 11:35:45:INFO:root:Starting from 1.6029833950227946e-17
13-Jun 11:35:45:INFO:root:-- Outer 2: 0.011159325329483109
13-Jun 11:35:45:INFO:root:------ Middle 1: 0.0009106875073160624
13-Jun 11:35:45:INFO:root:------ Middle 2: 0.0003185140134080359
13-Jun 11:35:45:INFO:root:------ Middle 3: 0.00017633758568487933
13-Jun 11:35:45:INFO:root:Starting from 1.6030640102511594e-17
13-Jun 11:35:45:INFO:root:-- Outer 3: 0.005381480380566105
13-Jun 11:35:45:INFO:root:------ Middle 1: 0.0004924198272113396
13-Jun 11:35:46:INFO:root:------ Middle 2: 0.00032758425237046845
13-Jun 11:35:47:INFO:root:------ Middle 3: 0.00018161432739797535
13-Jun 11:35:47:INFO:root:------ Middle 2: 0.00022860801447475155
13-Jun 11:35:47:INFO:root:Starting from 1.7765171395944482e-17
13-Jun 11:35:47:INFO:root:-- Outer 3: 0.005625856558726591
13-Jun 11:35:47:INFO:root:Starting from 1.9384750933940464e-17
13-Jun 11:35:47:INFO:root:-- Outer 4: 0.0028641674190467824
13-Jun 11:35:47:INFO:root:------ Middle 1: 0.00035632045220221543
13-Jun 11:35:47:INFO:root:------ Middle 1: 0.0005018640117968655
13-Jun 11:35:47:INFO:root:------ Middle 2: 0.0001809505483108359
13-Jun 11:35:47:INFO:root:Starting from 2.1647888284796502e-17
13-Jun 11:35:47:INFO:root:-- Outer 5: 0.0018407534115441888
13-Jun 11:35:47:INFO:root:------ Middle 1: 0.00026268928710547175
13-Jun 11:35:47:INFO:root:Starting from 1.7985950049383194e-17
13-Jun 11:35:47:INFO:root:-- Outer 6: 0.0020022629743542656
13-Jun 11:35:48:INFO:root:------ Middle 1: 0.0002896316958379338
13-Jun 11:35:48:INFO:root:Starting from 1.4614302893309103e-17
13-Jun 11:35:48:INFO:root:-- Outer 7: 0.0007226829694124912
13-Jun 11:35:48:INFO:root:END Outer loop
13-Jun 11:35:48:INFO:root:Model trade shares: [0.945379, 0.929903, 0.988118]
13-Jun 11:35:48:INFO:root:Data trade shares: [0.951781, 0.9268, 0.989231]
13-Jun 11:35:48:INFO:root:US prices: [0.861153, 0.853438, 0.836593]
13-Jun 11:35:48:INFO:root:in the data: [2.94894, 2.90959, 2.90959]
13-Jun 11:35:48:INFO:root:Nominal world expenditure: 1.6769189440562805e7
13-Jun 11:35:48:INFO:root:--------------In the data: [5.76528e7]
13-Jun 11:35:48:INFO:root:--- Period 32 ---
13-Jun 11:35:48:INFO:root:BEGIN Outer loop
13-Jun 11:35:48:INFO:root:------ Middle 2: 0.00023887001145657733
13-Jun 11:35:48:INFO:root:Starting from 1.410288850185507e-17
13-Jun 11:35:48:INFO:root:-- Outer 4: 0.0030116966174505303
13-Jun 11:35:48:INFO:root:------ Middle 1: 0.0003713653453108922
13-Jun 11:35:49:INFO:root:------ Middle 2: 0.00018977147655232756
13-Jun 11:35:49:INFO:root:Starting from 1.8074403704454918e-17
13-Jun 11:35:49:INFO:root:-- Outer 5: 0.001935759403045321
13-Jun 11:35:49:INFO:root:------ Middle 1: 0.0002737970755428022
13-Jun 11:35:49:INFO:root:Starting from 1.905253547453252e-17
13-Jun 11:35:49:INFO:root:-- Outer 6: 0.002102043978697362
13-Jun 11:35:49:INFO:root:------ Middle 1: 0.0002927337067065977
13-Jun 11:35:49:INFO:root:Starting from 1.900540166960507e-17
13-Jun 11:35:49:INFO:root:-- Outer 7: 0.000749535384047644
13-Jun 11:35:49:INFO:root:END Outer loop
13-Jun 11:35:49:INFO:root:Model trade shares: [0.934681, 0.921742, 0.978852]
13-Jun 11:35:49:INFO:root:Data trade shares: [0.946294, 0.923226, 0.982471]
13-Jun 11:35:49:INFO:root:US prices: [0.826607, 0.846213, 0.916223]
13-Jun 11:35:49:INFO:root:in the data: [2.69951, 2.89119, 2.89119]
13-Jun 11:35:49:INFO:root:Nominal world expenditure: 1.7385742013039723e7
13-Jun 11:35:49:INFO:root:--------------In the data: [5.96564e7]
13-Jun 11:35:49:INFO:root:--- Period 33 ---
13-Jun 11:35:49:INFO:root:BEGIN Outer loop
13-Jun 11:35:56:INFO:root:------ Middle 1: 0.005272671362455833
13-Jun 11:35:56:INFO:root:------ Middle 2: 0.002903891948204675
13-Jun 11:35:57:INFO:root:------ Middle 1: 0.005540285011795124
13-Jun 11:35:57:INFO:root:------ Middle 2: 0.0030512157994069286
13-Jun 11:35:58:INFO:root:------ Middle 3: 0.0022008376874134315
13-Jun 11:35:58:INFO:root:------ Middle 4: 0.0012137874739751148
13-Jun 11:35:59:INFO:root:------ Middle 5: 0.0009426016397318672
13-Jun 11:35:59:INFO:root:------ Middle 3: 0.002300796194037775
13-Jun 11:35:59:INFO:root:------ Middle 6: 0.0005214158370719261
13-Jun 11:35:59:INFO:root:------ Middle 4: 0.0012688270572365707
13-Jun 11:36:00:INFO:root:------ Middle 7: 0.00040320475571371014
13-Jun 11:36:00:INFO:root:------ Middle 8: 0.0002403160424617871
13-Jun 11:36:00:INFO:root:Starting from 1.1979507289047783e-17
13-Jun 11:36:00:INFO:root:-- Outer 1: 0.025858742622154568
13-Jun 11:36:00:INFO:root:------ Middle 1: 0.0029750200512121574
13-Jun 11:36:00:INFO:root:------ Middle 5: 0.0009804473411569594
13-Jun 11:36:00:INFO:root:------ Middle 6: 0.0005420653482380112
13-Jun 11:36:01:INFO:root:------ Middle 7: 0.0004164839738803025
13-Jun 11:36:01:INFO:root:------ Middle 8: 0.0002480716390349488
13-Jun 11:36:01:INFO:root:Starting from 1.2315482492483461e-17
13-Jun 11:36:01:INFO:root:-- Outer 1: 0.026855972857605766
13-Jun 11:36:01:INFO:root:------ Middle 1: 0.0030988097325845166
13-Jun 11:36:02:INFO:root:------ Middle 2: 0.0009139700966734746
13-Jun 11:36:02:INFO:root:------ Middle 3: 0.0005069101367459642
13-Jun 11:36:02:INFO:root:------ Middle 4: 0.0003692184023561547
13-Jun 11:36:03:INFO:root:------ Middle 5: 0.00022496877874166526
13-Jun 11:36:03:INFO:root:Starting from 1.5219281796485855e-17
13-Jun 11:36:03:INFO:root:-- Outer 2: 0.01250158187421357
13-Jun 11:36:03:INFO:root:------ Middle 1: 0.0008134665751774466
13-Jun 11:36:03:INFO:root:------ Middle 2: 0.0009610707270984064
13-Jun 11:36:03:INFO:root:------ Middle 3: 0.0005330853228993969
13-Jun 11:36:04:INFO:root:------ Middle 4: 0.00038827580091659774
13-Jun 11:36:04:INFO:root:------ Middle 5: 0.00023695674352626424
13-Jun 11:36:04:INFO:root:Starting from 1.241231791442438e-17
13-Jun 11:36:04:INFO:root:-- Outer 2: 0.012892067628321673
13-Jun 11:36:04:INFO:root:------ Middle 1: 0.0008222102669723258
13-Jun 11:36:05:INFO:root:------ Middle 2: 0.00038324509131660076
13-Jun 11:36:05:INFO:root:------ Middle 3: 0.00021386247096629945
13-Jun 11:36:05:INFO:root:Starting from 1.4083347660494996e-17
13-Jun 11:36:05:INFO:root:-- Outer 3: 0.005794205898549103
13-Jun 11:36:05:INFO:root:------ Middle 1: 0.0004784574414688492
13-Jun 11:36:06:INFO:root:------ Middle 2: 0.00038816070924975807
13-Jun 11:36:06:INFO:root:------ Middle 3: 0.00021708353753842135
13-Jun 11:36:06:INFO:root:Starting from 2.005168040074316e-17
13-Jun 11:36:06:INFO:root:-- Outer 3: 0.0060128143288697205
13-Jun 11:36:06:INFO:root:------ Middle 1: 0.000488785927438349
13-Jun 11:36:06:INFO:root:------ Middle 2: 0.00025724961646926504
13-Jun 11:36:06:INFO:root:Starting from 1.5868920517084672e-17
13-Jun 11:36:06:INFO:root:-- Outer 4: 0.0030132265145100252
13-Jun 11:36:06:INFO:root:------ Middle 1: 0.00036858959467301933
13-Jun 11:36:07:INFO:root:------ Middle 2: 0.00019407375475045643
13-Jun 11:36:07:INFO:root:Starting from 1.4879852178980986e-17
13-Jun 11:36:07:INFO:root:-- Outer 5: 0.00195924306922404
13-Jun 11:36:07:INFO:root:------ Middle 1: 0.0002738631012523408
13-Jun 11:36:07:INFO:root:Starting from 1.2915616500960834e-17
13-Jun 11:36:07:INFO:root:-- Outer 6: 0.0021219855989360694
13-Jun 11:36:07:INFO:root:------ Middle 2: 0.0002605980606713842
13-Jun 11:36:07:INFO:root:Starting from 1.4630604497243426e-17
13-Jun 11:36:07:INFO:root:-- Outer 4: 0.0031471658758954442
13-Jun 11:36:07:INFO:root:------ Middle 1: 0.0003752277397724594
13-Jun 11:36:07:INFO:root:------ Middle 1: 0.00029359023177294815
13-Jun 11:36:07:INFO:root:Starting from 1.5778223730501956e-17
13-Jun 11:36:07:INFO:root:-- Outer 7: 0.0007789652944366887
13-Jun 11:36:07:INFO:root:END Outer loop
13-Jun 11:36:07:INFO:root:Model trade shares: [0.944135, 0.924711, 0.974801]
13-Jun 11:36:07:INFO:root:Data trade shares: [0.95138, 0.919234, 0.983181]
13-Jun 11:36:07:INFO:root:US prices: [0.894108, 0.869333, 0.947937]
13-Jun 11:36:07:INFO:root:in the data: [3.11354, 3.01039, 3.01039]
13-Jun 11:36:07:INFO:root:Nominal world expenditure: 2.0013381365134522e7
13-Jun 11:36:07:INFO:root:--------------In the data: [6.70931e7]
13-Jun 11:36:07:INFO:root:--- Period 34 ---
13-Jun 11:36:07:INFO:root:BEGIN Outer loop
13-Jun 11:36:08:INFO:root:------ Middle 2: 0.00019596975218318753
13-Jun 11:36:08:INFO:root:Starting from 1.573254809055237e-17
13-Jun 11:36:08:INFO:root:-- Outer 5: 0.0020242241466743977
13-Jun 11:36:08:INFO:root:------ Middle 1: 0.0002763792906091545
13-Jun 11:36:08:INFO:root:Starting from 1.8525547677223247e-17
13-Jun 11:36:08:INFO:root:-- Outer 6: 0.0021671613122505773
13-Jun 11:36:08:INFO:root:------ Middle 1: 0.0002943623921049943
13-Jun 11:36:08:INFO:root:Starting from 1.6253562320222194e-17
13-Jun 11:36:08:INFO:root:-- Outer 7: 0.0007998014558028992
13-Jun 11:36:08:INFO:root:END Outer loop
13-Jun 11:36:08:INFO:root:Model trade shares: [0.946185, 0.899249, 0.967434]
13-Jun 11:36:08:INFO:root:Data trade shares: [0.95528, 0.914832, 0.982791]
13-Jun 11:36:08:INFO:root:US prices: [0.91573, 0.896193, 0.990843]
13-Jun 11:36:08:INFO:root:in the data: [3.32883, 3.15407, 3.15407]
13-Jun 11:36:08:INFO:root:Nominal world expenditure: 2.235472450325178e7
13-Jun 11:36:08:INFO:root:--------------In the data: [7.56745e7]
13-Jun 11:36:08:INFO:root:--- Period 35 ---
13-Jun 11:36:08:INFO:root:BEGIN Outer loop
13-Jun 11:36:15:INFO:root:------ Middle 1: 0.005475187478034007
13-Jun 11:36:15:INFO:root:------ Middle 2: 0.0030154195535060705
13-Jun 11:36:16:INFO:root:------ Middle 1: 0.005270311429572784
13-Jun 11:36:16:INFO:root:------ Middle 2: 0.0029025303864901823
13-Jun 11:36:17:INFO:root:------ Middle 3: 0.002269785415243903
13-Jun 11:36:17:INFO:root:------ Middle 4: 0.0012516715557264744
13-Jun 11:36:18:INFO:root:------ Middle 3: 0.002167922075211912
13-Jun 11:36:18:INFO:root:------ Middle 4: 0.0011954673380044259
13-Jun 11:36:18:INFO:root:------ Middle 5: 0.0009656073730715033
13-Jun 11:36:18:INFO:root:------ Middle 6: 0.0005337354287122644
13-Jun 11:36:19:INFO:root:------ Middle 7: 0.00040955110866583156
13-Jun 11:36:19:INFO:root:------ Middle 8: 0.0002442627579084054
13-Jun 11:36:19:INFO:root:Starting from 1.2374307206292641e-17
13-Jun 11:36:19:INFO:root:-- Outer 1: 0.02630070970494164
13-Jun 11:36:19:INFO:root:------ Middle 1: 0.0031310923427209265
13-Jun 11:36:19:INFO:root:------ Middle 5: 0.0009191466347125138
13-Jun 11:36:19:INFO:root:------ Middle 6: 0.0005078720574887722
13-Jun 11:36:19:INFO:root:------ Middle 7: 0.000388394083520011
13-Jun 11:36:20:INFO:root:------ Middle 8: 0.0002331560653401256
13-Jun 11:36:20:INFO:root:Starting from 1.1968350509884914e-17
13-Jun 11:36:20:INFO:root:-- Outer 1: 0.02377781343018348
13-Jun 11:36:20:INFO:root:------ Middle 1: 0.0030617977743902795
13-Jun 11:36:21:INFO:root:------ Middle 2: 0.0010016386738158876
13-Jun 11:36:21:INFO:root:------ Middle 3: 0.0005567855740180242
13-Jun 11:36:21:INFO:root:------ Middle 4: 0.0004037864134340989
13-Jun 11:36:21:INFO:root:------ Middle 5: 0.0002480574558898348
13-Jun 11:36:21:INFO:root:Starting from 1.6143344958913878e-17
13-Jun 11:36:21:INFO:root:-- Outer 2: 0.01267409496567642
13-Jun 11:36:21:INFO:root:------ Middle 2: 0.0009414632330560049
13-Jun 11:36:21:INFO:root:------ Middle 3: 0.0005201278372697089
13-Jun 11:36:22:INFO:root:------ Middle 4: 0.0004055347221131902
13-Jun 11:36:22:INFO:root:------ Middle 5: 0.00023175552567203828
13-Jun 11:36:22:INFO:root:Starting from 1.5219234387602697e-17
13-Jun 11:36:22:INFO:root:-- Outer 2: 0.011650956361119751
13-Jun 11:36:23:INFO:root:------ Middle 1: 0.0005489248337413748
13-Jun 11:36:23:INFO:root:------ Middle 2: 0.0003034750221741966
13-Jun 11:36:24:INFO:root:------ Middle 3: 0.0001942615479633656
13-Jun 11:36:24:INFO:root:Starting from 2.107819392952369e-17
13-Jun 11:36:24:INFO:root:-- Outer 3: 0.005567270935312635
13-Jun 11:36:24:INFO:root:------ Middle 1: 0.0005263381637615934
13-Jun 11:36:24:INFO:root:------ Middle 1: 0.0005271647345801544
13-Jun 11:36:24:INFO:root:------ Middle 2: 0.0002907506838820851
13-Jun 11:36:24:INFO:root:Starting from 1.2968352613576399e-17
13-Jun 11:36:24:INFO:root:-- Outer 3: 0.005241901515599277
13-Jun 11:36:24:INFO:root:------ Middle 2: 0.0002322169948176863
13-Jun 11:36:24:INFO:root:Starting from 1.9045080369179928e-17
13-Jun 11:36:24:INFO:root:-- Outer 4: 0.003259190607482255
13-Jun 11:36:25:INFO:root:------ Middle 1: 0.00035573878580215065
13-Jun 11:36:25:INFO:root:------ Middle 2: 0.00019342335923697753
13-Jun 11:36:25:INFO:root:Starting from 1.4408214456370852e-17
13-Jun 11:36:25:INFO:root:-- Outer 5: 0.002069958815745055
13-Jun 11:36:25:INFO:root:------ Middle 1: 0.00048530541684678994
13-Jun 11:36:25:INFO:root:------ Middle 2: 0.0002670056683942148
13-Jun 11:36:25:INFO:root:Starting from 1.4324589461689944e-17
13-Jun 11:36:25:INFO:root:-- Outer 4: 0.002857055646256063
13-Jun 11:36:25:INFO:root:------ Middle 1: 0.000414160930762085
13-Jun 11:36:25:INFO:root:------ Middle 1: 0.00027586804039265924
13-Jun 11:36:25:INFO:root:Starting from 1.5241457107136923e-17
13-Jun 11:36:25:INFO:root:-- Outer 6: 0.001409131113933934
13-Jun 11:36:25:INFO:root:------ Middle 1: 0.0002674113254453507
13-Jun 11:36:25:INFO:root:Starting from 1.491362646465434e-17
13-Jun 11:36:25:INFO:root:-- Outer 7: 0.0014405167450081513
13-Jun 11:36:26:INFO:root:------ Middle 2: 0.0002111578070288171
13-Jun 11:36:26:INFO:root:Starting from 1.4385381008303688e-17
13-Jun 11:36:26:INFO:root:-- Outer 5: 0.0019184964803480484
13-Jun 11:36:26:INFO:root:------ Middle 1: 0.0002965483011364629
13-Jun 11:36:26:INFO:root:Starting from 1.9052604712243173e-17
13-Jun 11:36:26:INFO:root:-- Outer 6: 0.0020377207275380166
13-Jun 11:36:26:INFO:root:------ Middle 1: 0.0002559336928209902
13-Jun 11:36:26:INFO:root:Starting from 1.5383480456840298e-17
13-Jun 11:36:26:INFO:root:-- Outer 8: 0.000566173150665261
13-Jun 11:36:26:INFO:root:END Outer loop
13-Jun 11:36:26:INFO:root:Model trade shares: [0.942574, 0.892804, 0.975617]
13-Jun 11:36:26:INFO:root:Data trade shares: [0.956446, 0.911974, 0.985299]
13-Jun 11:36:26:INFO:root:US prices: [1.04242, 0.898017, 0.990446]
13-Jun 11:36:26:INFO:root:in the data: [3.74316, 3.20378, 3.20378]
13-Jun 11:36:26:INFO:root:Nominal world expenditure: 2.358351018965781e7
13-Jun 11:36:26:INFO:root:--------------In the data: [8.18345e7]
13-Jun 11:36:26:INFO:root:--- Period 36 ---
13-Jun 11:36:26:INFO:root:BEGIN Outer loop
13-Jun 11:36:26:INFO:root:------ Middle 1: 0.0003028378881075441
13-Jun 11:36:26:INFO:root:------ Middle 2: 0.00016210676316148553
13-Jun 11:36:26:INFO:root:Starting from 1.3488188502280362e-17
13-Jun 11:36:26:INFO:root:-- Outer 7: 0.0007526727666828163
13-Jun 11:36:26:INFO:root:END Outer loop
13-Jun 11:36:26:INFO:root:Model trade shares: [0.93669, 0.892946, 0.97468]
13-Jun 11:36:26:INFO:root:Data trade shares: [0.954831, 0.902146, 0.983572]
13-Jun 11:36:26:INFO:root:US prices: [1.14936, 0.925563, 1.04627]
13-Jun 11:36:26:INFO:root:in the data: [3.88449, 3.20236, 3.20236]
13-Jun 11:36:26:INFO:root:Nominal world expenditure: 2.551061596489286e7
13-Jun 11:36:26:INFO:root:--------------In the data: [8.8489e7]
13-Jun 11:36:34:INFO:root:------ Middle 1: 0.004951696212078619
13-Jun 11:36:34:INFO:root:------ Middle 2: 0.0027270035909282855
13-Jun 11:36:36:INFO:root:------ Middle 3: 0.0020256850727878597
13-Jun 11:36:36:INFO:root:------ Middle 4: 0.001117030472368258
13-Jun 11:36:37:INFO:root:------ Middle 5: 0.0008592377034356408
13-Jun 11:36:37:INFO:root:------ Middle 6: 0.0004740871886594439
13-Jun 11:36:37:INFO:root:------ Middle 7: 0.00036277918255182807
13-Jun 11:36:37:INFO:root:------ Middle 8: 0.00022029834762357918
13-Jun 11:36:37:INFO:root:Starting from 1.0490008794654493e-17
13-Jun 11:36:37:INFO:root:-- Outer 1: 0.020152046687813025
13-Jun 11:36:38:INFO:root:------ Middle 1: 0.0028596774335358636
13-Jun 11:36:39:INFO:root:------ Middle 2: 0.0008632084965577186
13-Jun 11:36:39:INFO:root:------ Middle 3: 0.00048637576860810933
13-Jun 11:36:39:INFO:root:------ Middle 4: 0.00037580619278933925
13-Jun 11:36:39:INFO:root:------ Middle 5: 0.0002183865506606817
13-Jun 11:36:39:INFO:root:Starting from 1.6234329837697878e-17
13-Jun 11:36:39:INFO:root:-- Outer 2: 0.010219667685803985
13-Jun 11:36:41:INFO:root:------ Middle 1: 0.00048618918084690694
13-Jun 11:36:41:INFO:root:------ Middle 2: 0.0002686419047354704
13-Jun 11:36:41:INFO:root:Starting from 1.5117625540739017e-17
13-Jun 11:36:41:INFO:root:-- Outer 3: 0.004698636615297467
13-Jun 11:36:42:INFO:root:------ Middle 1: 0.00044996867395844106
13-Jun 11:36:42:INFO:root:------ Middle 2: 0.00024783364831682035
13-Jun 11:36:42:INFO:root:Starting from 1.7905497226917116e-17
13-Jun 11:36:42:INFO:root:-- Outer 4: 0.0025714388646223274
13-Jun 11:36:42:INFO:root:------ Middle 1: 0.00038507110947122247
13-Jun 11:36:43:INFO:root:------ Middle 2: 0.00019510659071783127
13-Jun 11:36:43:INFO:root:Starting from 1.814656404301381e-17
13-Jun 11:36:43:INFO:root:-- Outer 5: 0.0017298966124288603
13-Jun 11:36:43:INFO:root:------ Middle 1: 0.0002743680364146059
13-Jun 11:36:43:INFO:root:Starting from 2.0613628628621492e-17
13-Jun 11:36:43:INFO:root:-- Outer 6: 0.0018379956554649326
13-Jun 11:36:43:INFO:root:------ Middle 1: 0.00027865302241763206
13-Jun 11:36:43:INFO:root:Starting from 1.9797045573266888e-17
13-Jun 11:36:43:INFO:root:-- Outer 7: 0.0006903226432900326
13-Jun 11:36:43:INFO:root:END Outer loop
13-Jun 11:36:44:INFO:root:Model trade shares: [0.954822, 0.908322, 0.981425]
13-Jun 11:36:44:INFO:root:Data trade shares: [0.955026, 0.900005, 0.981768]
13-Jun 11:36:44:INFO:root:US prices: [1.24311, 1.00922, 1.08492]
13-Jun 11:36:44:INFO:root:in the data: [4.23838, 3.41193, 3.41193]
13-Jun 11:36:44:INFO:root:Nominal world expenditure: 2.990275755453536e7
13-Jun 11:36:44:INFO:root:--------------In the data: [9.98292e7]
329.438193 seconds (916.97 k allocations: 654.746 MiB, 0.10% gc time)
