WARNING: Method definition warn(Any...) in module Base at util.jl:589 overwritten in module Logging at /Applications/JuliaPro-0.6.4.1.app/Contents/Resources/pkgs-0.6.4.1/v0.6/Logging/src/Logging.jl:115.
WARNING: Method definition info(Any...) in module Base at util.jl:534 overwritten in module Logging at /Applications/JuliaPro-0.6.4.1.app/Contents/Resources/pkgs-0.6.4.1/v0.6/Logging/src/Logging.jl:115.
WARNING: Method definition warn(WARNING: Method definition Anywarn(...)Any...) in module Base in module Base at util.jl:589 overwritten in module Logging at /Applications/JuliaPro-0.6.4.1.app/Contents/Resources/pkgs-0.6.4.1/v0.6/Logging/src/Logging.jl:115.
 at util.jl:589 overwritten in module Logging at /Applications/JuliaPro-0.6.4.1.app/Contents/Resources/pkgs-0.6.4.1/v0.6/Logging/src/Logging.jl:115.
WARNING: Method definition info(Any...) in module Base at util.jl:534 overwritten in module Logging at /Applications/JuliaPro-0.6.4.1.app/Contents/Resources/pkgs-0.6.4.1/v0.6/Logging/src/Logging.jl:115WARNING: Method definition .
info(Any...) in module Base at util.jl:534 overwritten in module Logging at /Applications/JuliaPro-0.6.4.1.app/Contents/Resources/pkgs-0.6.4.1/v0.6/Logging/src/Logging.jl:115.
13-Jun 11:37:06:INFO:root:--- Period 1 ---
13-Jun 11:37:06:INFO:root:--- Period 2 ---
13-Jun 11:37:08:INFO:root:BEGIN Outer loop
13-Jun 11:37:08:INFO:root:BEGIN Outer loop
13-Jun 11:37:11:INFO:root:------ Middle 1: 0.0055618923032257645
13-Jun 11:37:11:INFO:root:------ Middle 2: 0.0030663965594343373
13-Jun 11:37:11:INFO:root:------ Middle 3: 0.002346865267252742
13-Jun 11:37:11:INFO:root:------ Middle 4: 0.0012964461001725514
13-Jun 11:37:11:INFO:root:------ Middle 5: 0.001005522298292124
13-Jun 11:37:11:INFO:root:------ Middle 6: 0.0005584548421292025
13-Jun 11:37:11:INFO:root:------ Middle 7: 0.0004281251163801947
13-Jun 11:37:11:INFO:root:------ Middle 8: 0.00025278516886564125
13-Jun 11:37:11:INFO:root:Starting from 1.3887991619742127e-17
13-Jun 11:37:12:INFO:root:-- Outer 1: 0.03904244504033241
13-Jun 11:37:12:INFO:root:------ Middle 1: 0.00280494050140639
13-Jun 11:37:12:INFO:root:------ Middle 2: 0.0009039192180889363
13-Jun 11:37:12:INFO:root:------ Middle 3: 0.0005010610993534514
13-Jun 11:37:12:INFO:root:------ Middle 4: 0.00032361296574360057
13-Jun 11:37:12:INFO:root:------ Middle 5: 0.00021069734670879994
13-Jun 11:37:12:INFO:root:Starting from 6.183062942862418e-18
13-Jun 11:37:12:INFO:root:-- Outer 2: 0.0180230448927773
13-Jun 11:37:12:INFO:root:------ Middle 1: 0.0005728772171360026
13-Jun 11:37:12:INFO:root:------ Middle 2: 0.00037311870164674827
13-Jun 11:37:12:INFO:root:------ Middle 3: 0.00020927851404134112
13-Jun 11:37:12:INFO:root:Starting from 9.773081482412654e-18
13-Jun 11:37:12:INFO:root:-- Outer 3: 0.00742560288492263
13-Jun 11:37:12:INFO:root:------ Middle 1: 0.00017875409211301347
13-Jun 11:37:12:INFO:root:Starting from 9.8077832403552e-18
13-Jun 11:37:12:INFO:root:-- Outer 4: 0.007476505685164883
13-Jun 11:37:12:INFO:root:------ Middle 1: 0.0002384896061532169
13-Jun 11:37:12:INFO:root:Starting from 1.1648067592847146e-17
13-Jun 11:37:12:INFO:root:-- Outer 5: 0.0017938076937011804
13-Jun 11:37:12:INFO:root:------ Middle 1: 0.00020340190028695688
13-Jun 11:37:12:INFO:root:Starting from 1.0720201381047349e-17
13-Jun 11:37:12:INFO:root:-- Outer 6: 0.0018152734205035307
13-Jun 11:37:12:INFO:root:------ Middle 1: 0.00013408020503506078
13-Jun 11:37:12:INFO:root:Starting from 9.82608352994216e-18
13-Jun 11:37:12:INFO:root:-- Outer 7: 0.0003544927553762364
13-Jun 11:37:12:INFO:root:END Outer loop
13-Jun 11:37:12:INFO:root:Model trade shares: [0.970686, 0.941348, 0.995683]
13-Jun 11:37:12:INFO:root:Data trade shares: [0.970499, 0.941882, 0.994321]
13-Jun 11:37:12:INFO:root:US prices: [1.00864, 1.00751, 1.00585]
13-Jun 11:37:12:INFO:root:in the data: [1.0, 1.0, 1.0]
13-Jun 11:37:12:INFO:root:Nominal world expenditure: 8.288413220933713e6
13-Jun 11:37:12:INFO:root:--------------In the data: [8.33469e6]
13-Jun 11:37:13:INFO:root:--- Period 3 ---
13-Jun 11:37:13:INFO:root:BEGIN Outer loop
13-Jun 11:37:16:INFO:root:------ Middle 1: 0.005320704342758454
13-Jun 11:37:16:INFO:root:------ Middle 2: 0.0029335938434123443
13-Jun 11:37:18:INFO:root:------ Middle 3: 0.002243330904329223
13-Jun 11:37:18:INFO:root:------ Middle 4: 0.0012400512090035062
13-Jun 11:37:18:INFO:root:------ Middle 1: 0.005159167658965289
13-Jun 11:37:18:INFO:root:------ Middle 2: 0.0028438808785615235
13-Jun 11:37:19:INFO:root:------ Middle 5: 0.0009703867914981355
13-Jun 11:37:19:INFO:root:------ Middle 6: 0.0005389057850168739
13-Jun 11:37:19:INFO:root:------ Middle 7: 0.0004130842173961342
13-Jun 11:37:19:INFO:root:------ Middle 8: 0.0002454562325184784
13-Jun 11:37:19:INFO:root:------ Middle 3: 0.002154467675303987
13-Jun 11:37:20:INFO:root:Starting from 1.2004225016170591e-17
13-Jun 11:37:20:INFO:root:------ Middle 4: 0.0011926863747443663
13-Jun 11:37:20:INFO:root:-- Outer 1: 0.035857898466945065
13-Jun 11:37:20:INFO:root:------ Middle 1: 0.002560033738450073
13-Jun 11:37:21:INFO:root:------ Middle 5: 0.0009321197526857701
13-Jun 11:37:21:INFO:root:------ Middle 6: 0.0005183158282851514
13-Jun 11:37:21:INFO:root:------ Middle 7: 0.00039712773024518094
13-Jun 11:37:21:INFO:root:------ Middle 8: 0.00023711857960557605
13-Jun 11:37:21:INFO:root:Starting from 1.1947646304328712e-17
13-Jun 11:37:21:INFO:root:-- Outer 1: 0.033117721118807404
13-Jun 11:37:21:INFO:root:------ Middle 1: 0.0023819834876247312
13-Jun 11:37:22:INFO:root:------ Middle 2: 0.0007855004296920664
13-Jun 11:37:22:INFO:root:------ Middle 3: 0.0004370077640810194
13-Jun 11:37:23:INFO:root:------ Middle 4: 0.0002853317360985312
13-Jun 11:37:23:INFO:root:Starting from 1.4305866352065403e-17
13-Jun 11:37:23:INFO:root:-- Outer 2: 0.016756467964623163
13-Jun 11:37:23:INFO:root:------ Middle 1: 0.0005119501809936261
13-Jun 11:37:24:INFO:root:------ Middle 2: 0.0007094894224478119
13-Jun 11:37:24:INFO:root:------ Middle 3: 0.000395082851880418
13-Jun 11:37:24:INFO:root:------ Middle 4: 0.00025807755819080646
13-Jun 11:37:24:INFO:root:Starting from 1.4654045638649325e-17
13-Jun 11:37:24:INFO:root:-- Outer 2: 0.015578539870379226
13-Jun 11:37:24:INFO:root:------ Middle 1: 0.0005213807025691168
13-Jun 11:37:24:INFO:root:------ Middle 2: 0.0003942912997138811
13-Jun 11:37:25:INFO:root:------ Middle 3: 0.00022185662192382536
13-Jun 11:37:25:INFO:root:Starting from 1.4717529857440194e-17
13-Jun 11:37:25:INFO:root:-- Outer 3: 0.006922114389584723
13-Jun 11:37:25:INFO:root:------ Middle 1: 0.00016903605281476066
13-Jun 11:37:25:INFO:root:Starting from 1.621845695500532e-17
13-Jun 11:37:25:INFO:root:-- Outer 4: 0.006968567813421635
13-Jun 11:37:26:INFO:root:------ Middle 2: 0.0003693486560716698
13-Jun 11:37:26:INFO:root:------ Middle 3: 0.00020834682207892497
13-Jun 11:37:26:INFO:root:Starting from 1.5505608440254083e-17
13-Jun 11:37:26:INFO:root:-- Outer 3: 0.006505212048939173
13-Jun 11:37:26:INFO:root:------ Middle 1: 0.00020295082845013098
13-Jun 11:37:26:INFO:root:Starting from 1.4367850023321694e-17
13-Jun 11:37:26:INFO:root:-- Outer 4: 0.006582408732255854
13-Jun 11:37:26:INFO:root:------ Middle 1: 0.00024078577176376718
13-Jun 11:37:26:INFO:root:Starting from 1.4986397394067348e-17
13-Jun 11:37:26:INFO:root:-- Outer 5: 0.0016983372041596131
13-Jun 11:37:26:INFO:root:------ Middle 1: 0.00020403545925133388
13-Jun 11:37:26:INFO:root:Starting from 1.68872428399372e-17
13-Jun 11:37:26:INFO:root:-- Outer 6: 0.0017259400495077764
13-Jun 11:37:27:INFO:root:------ Middle 1: 0.000140836978258682
13-Jun 11:37:27:INFO:root:Starting from 1.415035099503671e-17
13-Jun 11:37:27:INFO:root:-- Outer 7: 0.0003823378779383194
13-Jun 11:37:27:INFO:root:END Outer loop
13-Jun 11:37:27:INFO:root:Model trade shares: [0.966483, 0.936037, 0.994047]
13-Jun 11:37:27:INFO:root:Data trade shares: [0.970394, 0.938128, 0.99445]
13-Jun 11:37:27:INFO:root:US prices: [1.07455, 1.04953, 1.05426]
13-Jun 11:37:27:INFO:root:in the data: [1.21921, 1.17859, 1.17859]
13-Jun 11:37:27:INFO:root:------ Middle 1: 0.00026585343813850874
13-Jun 11:37:27:INFO:root:Starting from 1.3768633062814541e-17
13-Jun 11:37:27:INFO:root:-- Outer 5: 0.0016027455638213002
13-Jun 11:37:27:INFO:root:Nominal world expenditure: 8.555505899459377e6
13-Jun 11:37:28:INFO:root:------ Middle 1: 0.00022339420807040143
13-Jun 11:37:28:INFO:root:Starting from 1.6606489979213352e-17
13-Jun 11:37:28:INFO:root:-- Outer 6: 0.0016422563009186293
13-Jun 11:37:28:INFO:root:--------------In the data: [1.02443e7]
13-Jun 11:37:28:INFO:root:--- Period 4 ---
13-Jun 11:37:28:INFO:root:BEGIN Outer loop
13-Jun 11:37:28:INFO:root:------ Middle 1: 0.00016783218060590713
13-Jun 11:37:28:INFO:root:Starting from 1.5472963488662142e-17
13-Jun 11:37:28:INFO:root:-- Outer 7: 0.000423469796892115
13-Jun 11:37:28:INFO:root:END Outer loop
13-Jun 11:37:28:INFO:root:Model trade shares: [0.965949, 0.92519, 0.993663]
13-Jun 11:37:28:INFO:root:Data trade shares: [0.973362, 0.938447, 0.994052]
13-Jun 11:37:28:INFO:root:US prices: [1.13709, 1.07918, 1.08796]
13-Jun 11:37:28:INFO:root:in the data: [1.46789, 1.34924, 1.34924]
13-Jun 11:37:28:INFO:root:Nominal world expenditure: 9.33530583419671e6
13-Jun 11:37:28:INFO:root:--------------In the data: [1.15794e7]
13-Jun 11:37:28:INFO:root:--- Period 5 ---
13-Jun 11:37:28:INFO:root:BEGIN Outer loop
13-Jun 11:37:33:INFO:root:------ Middle 1: 0.004974176200495631
13-Jun 11:37:33:INFO:root:------ Middle 2: 0.0027426272410341936
13-Jun 11:37:33:INFO:root:------ Middle 1: 0.0049573419723778975
13-Jun 11:37:34:INFO:root:------ Middle 2: 0.0027333667444314233
13-Jun 11:37:35:INFO:root:------ Middle 3: 0.0020839033927444366
13-Jun 11:37:35:INFO:root:------ Middle 4: 0.0011538200455430041
13-Jun 11:37:35:INFO:root:------ Middle 3: 0.0020659921670784604
13-Jun 11:37:35:INFO:root:------ Middle 4: 0.0011451492300938399
13-Jun 11:37:36:INFO:root:------ Middle 5: 0.0009053091409414027
13-Jun 11:37:36:INFO:root:------ Middle 6: 0.0005031331187388745
13-Jun 11:37:36:INFO:root:------ Middle 5: 0.0009013807264125045
13-Jun 11:37:36:INFO:root:------ Middle 6: 0.0005010963553149501
13-Jun 11:37:36:INFO:root:------ Middle 7: 0.000386446335524068
13-Jun 11:37:36:INFO:root:------ Middle 8: 0.0002317088387132423
13-Jun 11:37:36:INFO:root:Starting from 1.2018533660815791e-17
13-Jun 11:37:36:INFO:root:-- Outer 1: 0.03101498158239248
13-Jun 11:37:36:INFO:root:------ Middle 7: 0.00038462969869126657
13-Jun 11:37:36:INFO:root:------ Middle 1: 0.002174147853463658
13-Jun 11:37:36:INFO:root:------ Middle 8: 0.00023107960686039516
13-Jun 11:37:36:INFO:root:Starting from 1.2503756009601979e-17
13-Jun 11:37:36:INFO:root:-- Outer 1: 0.0292332635155423
13-Jun 11:37:37:INFO:root:------ Middle 1: 0.00222513826525698
13-Jun 11:37:38:INFO:root:------ Middle 2: 0.000625140587683707
13-Jun 11:37:38:INFO:root:------ Middle 2: 0.0006521451810215641
13-Jun 11:37:38:INFO:root:------ Middle 3: 0.00035111247252346225
13-Jun 11:37:38:INFO:root:------ Middle 3: 0.0003638909634323525
13-Jun 11:37:39:INFO:root:------ Middle 4: 0.00023312652068120332
13-Jun 11:37:39:INFO:root:Starting from 1.2967714650355761e-17
13-Jun 11:37:39:INFO:root:-- Outer 2: 0.013950731092334667
13-Jun 11:37:39:INFO:root:------ Middle 4: 0.0002387319201715354
13-Jun 11:37:39:INFO:root:Starting from 1.7726667506087356e-17
13-Jun 11:37:39:INFO:root:-- Outer 2: 0.014693658952335185
13-Jun 11:37:39:INFO:root:------ Middle 1: 0.0004990823210309781
13-Jun 11:37:39:INFO:root:------ Middle 1: 0.0004908116531497113
13-Jun 11:37:40:INFO:root:------ Middle 2: 0.0003333345744586895
13-Jun 11:37:40:INFO:root:------ Middle 3: 0.00019115539322983588
13-Jun 11:37:40:INFO:root:Starting from 1.6841955146806046e-17
13-Jun 11:37:40:INFO:root:-- Outer 3: 0.005878288058644148
13-Jun 11:37:40:INFO:root:------ Middle 2: 0.00037016524593165714
13-Jun 11:37:40:INFO:root:------ Middle 1: 0.00017555631472409566
13-Jun 11:37:40:INFO:root:Starting from 1.8217979917598715e-17
13-Jun 11:37:40:INFO:root:-- Outer 4: 0.005917945777506199
13-Jun 11:37:40:INFO:root:------ Middle 3: 0.00020904464766738617
13-Jun 11:37:40:INFO:root:Starting from 1.381745654413429e-17
13-Jun 11:37:40:INFO:root:-- Outer 3: 0.006157113890676763
13-Jun 11:37:41:INFO:root:------ Middle 1: 0.00021719131146466568
13-Jun 11:37:41:INFO:root:Starting from 1.3045633778014424e-17
13-Jun 11:37:41:INFO:root:-- Outer 4: 0.006328893345908312
13-Jun 11:37:42:INFO:root:------ Middle 1: 0.0002273434717342325
13-Jun 11:37:42:INFO:root:Starting from 1.3881204568569446e-17
13-Jun 11:37:42:INFO:root:-- Outer 5: 0.0014831645809633284
13-Jun 11:37:42:INFO:root:------ Middle 1: 0.0001943912190933995
13-Jun 11:37:42:INFO:root:Starting from 1.85507897966395e-17
13-Jun 11:37:42:INFO:root:-- Outer 6: 0.0015215701062456972
13-Jun 11:37:42:INFO:root:------ Middle 1: 0.0003427711769548267
13-Jun 11:37:42:INFO:root:------ Middle 2: 0.00019210817642051364
13-Jun 11:37:42:INFO:root:Starting from 1.5944374760405142e-17
13-Jun 11:37:42:INFO:root:-- Outer 5: 0.001633252750058221
13-Jun 11:37:42:INFO:root:------ Middle 1: 0.00020050054129101887
13-Jun 11:37:42:INFO:root:Starting from 1.4717216733520376e-17
13-Jun 11:37:42:INFO:root:-- Outer 6: 0.001718505145559219
13-Jun 11:37:43:INFO:root:------ Middle 1: 0.00014035666092490905
13-Jun 11:37:43:INFO:root:Starting from 2.0429458135149123e-17
13-Jun 11:37:43:INFO:root:-- Outer 7: 0.00039589927977174024
13-Jun 11:37:43:INFO:root:END Outer loop
13-Jun 11:37:43:INFO:root:Model trade shares: [0.960692, 0.924956, 0.990479]
13-Jun 11:37:43:INFO:root:Data trade shares: [0.967429, 0.940539, 0.992695]
13-Jun 11:37:43:INFO:root:US prices: [1.22335, 1.08862, 1.08807]
13-Jun 11:37:43:INFO:root:in the data: [1.63396, 1.43854, 1.43854]
13-Jun 11:37:43:INFO:root:Nominal world expenditure: 9.998758089174496e6
13-Jun 11:37:43:INFO:root:--------------In the data: [1.37348e7]
13-Jun 11:37:43:INFO:root:--- Period 6 ---
13-Jun 11:37:43:INFO:root:BEGIN Outer loop
13-Jun 11:37:43:INFO:root:------ Middle 1: 0.00017681330901348448
13-Jun 11:37:43:INFO:root:Starting from 1.3983979833758426e-17
13-Jun 11:37:43:INFO:root:-- Outer 7: 0.00043388593531969443
13-Jun 11:37:43:INFO:root:END Outer loop
13-Jun 11:37:43:INFO:root:Model trade shares: [0.963941, 0.926861, 0.992788]
13-Jun 11:37:43:INFO:root:Data trade shares: [0.975035, 0.947137, 0.993826]
13-Jun 11:37:43:INFO:root:US prices: [1.18569, 1.09499, 1.0978]
13-Jun 11:37:43:INFO:root:in the data: [1.5623, 1.46271, 1.46271]
13-Jun 11:37:43:INFO:root:Nominal world expenditure: 9.693430412775043e6
13-Jun 11:37:43:INFO:root:--------------In the data: [1.27847e7]
13-Jun 11:37:43:INFO:root:--- Period 7 ---
13-Jun 11:37:43:INFO:root:BEGIN Outer loop
13-Jun 11:37:48:INFO:root:------ Middle 1: 0.004828423102856501
13-Jun 11:37:48:INFO:root:------ Middle 2: 0.0026623679625205404
13-Jun 11:37:48:INFO:root:------ Middle 1: 0.004800578259722687
13-Jun 11:37:49:INFO:root:------ Middle 2: 0.002645678449427895
13-Jun 11:37:49:INFO:root:------ Middle 3: 0.0020137462083985296
13-Jun 11:37:49:INFO:root:------ Middle 4: 0.0011162532335348193
13-Jun 11:37:50:INFO:root:------ Middle 3: 0.0019865564094363212
13-Jun 11:37:50:INFO:root:------ Middle 4: 0.0011012025724369094
13-Jun 11:37:50:INFO:root:------ Middle 5: 0.0008800417498241588
13-Jun 11:37:50:INFO:root:------ Middle 6: 0.0004894011832327019
13-Jun 11:37:51:INFO:root:------ Middle 7: 0.00037625122289391586
13-Jun 11:37:51:INFO:root:------ Middle 8: 0.00022637521875733325
13-Jun 11:37:51:INFO:root:Starting from 1.2572888387044809e-17
13-Jun 11:37:51:INFO:root:-- Outer 1: 0.027706251651553254
13-Jun 11:37:51:INFO:root:------ Middle 5: 0.0008722821217042005
13-Jun 11:37:51:INFO:root:------ Middle 1: 0.002129879128481031
13-Jun 11:37:51:INFO:root:------ Middle 6: 0.000484816791771429
13-Jun 11:37:51:INFO:root:------ Middle 7: 0.00037280574625907654
13-Jun 11:37:51:INFO:root:------ Middle 8: 0.00022468606745694545
13-Jun 11:37:51:INFO:root:Starting from 1.2613041242406806e-17
13-Jun 11:37:51:INFO:root:-- Outer 1: 0.02649329968570582
13-Jun 11:37:52:INFO:root:------ Middle 1: 0.002288416211468246
13-Jun 11:37:52:INFO:root:------ Middle 2: 0.0006052586557388739
13-Jun 11:37:53:INFO:root:------ Middle 3: 0.00034044102439531344
13-Jun 11:37:53:INFO:root:------ Middle 4: 0.0002262790429503789
13-Jun 11:37:53:INFO:root:Starting from 1.8223210868763885e-17
13-Jun 11:37:53:INFO:root:-- Outer 2: 0.013293227631683145
13-Jun 11:37:53:INFO:root:------ Middle 1: 0.000506935050285501
13-Jun 11:37:53:INFO:root:------ Middle 2: 0.0006312786523951118
13-Jun 11:37:53:INFO:root:------ Middle 3: 0.0003545160482852721
13-Jun 11:37:54:INFO:root:------ Middle 4: 0.00023565329775066543
13-Jun 11:37:54:INFO:root:Starting from 1.8482424299294965e-17
13-Jun 11:37:54:INFO:root:-- Outer 2: 0.012782031625460969
13-Jun 11:37:54:INFO:root:------ Middle 1: 0.0006316040441921284
13-Jun 11:37:54:INFO:root:------ Middle 2: 0.00034600000917424904
13-Jun 11:37:54:INFO:root:------ Middle 3: 0.00019777944152354755
13-Jun 11:37:54:INFO:root:Starting from 1.597498141446296e-17
13-Jun 11:37:54:INFO:root:-- Outer 3: 0.005574353608367059
13-Jun 11:37:55:INFO:root:------ Middle 1: 0.00022703879707417155
13-Jun 11:37:55:INFO:root:Starting from 1.7349025611714298e-17
13-Jun 11:37:55:INFO:root:-- Outer 4: 0.005729688833067644
13-Jun 11:37:55:INFO:root:------ Middle 2: 0.00035890218209115013
13-Jun 11:37:55:INFO:root:------ Middle 3: 0.00020418160748837655
13-Jun 11:37:55:INFO:root:Starting from 1.901772183786879e-17
13-Jun 11:37:55:INFO:root:-- Outer 3: 0.005485657426807818
13-Jun 11:37:55:INFO:root:------ Middle 1: 0.0003155459926145176
13-Jun 11:37:56:INFO:root:------ Middle 2: 0.00019668453966319947
13-Jun 11:37:56:INFO:root:Starting from 1.3707235741971591e-17
13-Jun 11:37:56:INFO:root:-- Outer 4: 0.002383699475511743
13-Jun 11:37:56:INFO:root:------ Middle 1: 0.0003190335470392081
13-Jun 11:37:56:INFO:root:------ Middle 2: 0.00018014868221336182
13-Jun 11:37:56:INFO:root:Starting from 1.9709171245238206e-17
13-Jun 11:37:56:INFO:root:-- Outer 5: 0.0015514542574340256
13-Jun 11:37:56:INFO:root:------ Middle 1: 0.0002342407956498546
13-Jun 11:37:56:INFO:root:Starting from 1.4538060799204486e-17
13-Jun 11:37:56:INFO:root:-- Outer 5: 0.001328999462802897
13-Jun 11:37:56:INFO:root:------ Middle 1: 0.00018546202693161607
13-Jun 11:37:56:INFO:root:Starting from 1.4404282739161247e-17
13-Jun 11:37:56:INFO:root:-- Outer 6: 0.0016432325081209534
13-Jun 11:37:56:INFO:root:------ Middle 1: 0.00023374779868519827
13-Jun 11:37:56:INFO:root:Starting from 1.6318705798146437e-17
13-Jun 11:37:56:INFO:root:-- Outer 6: 0.001306029637887992
13-Jun 11:37:57:INFO:root:------ Middle 1: 0.0002320781330479643
13-Jun 11:37:57:INFO:root:Starting from 1.5432468870507136e-17
13-Jun 11:37:57:INFO:root:-- Outer 7: 0.0005296430640501872
13-Jun 11:37:57:INFO:root:END Outer loop
13-Jun 11:37:57:INFO:root:Model trade shares: [0.958564, 0.911632, 0.989367]
13-Jun 11:37:57:INFO:root:Data trade shares: [0.961487, 0.929057, 0.992737]
13-Jun 11:37:57:INFO:root:US prices: [1.29847, 1.04993, 1.06741]
13-Jun 11:37:57:INFO:root:in the data: [1.96012, 1.64035, 1.64035]
13-Jun 11:37:57:INFO:root:Nominal world expenditure: 1.087310477694973e7
13-Jun 11:37:57:INFO:root:--------------In the data: [1.80704e7]
13-Jun 11:37:57:INFO:root:------ Middle 1: 0.00016040422190981057
13-Jun 11:37:57:INFO:root:--- Period 8 ---
13-Jun 11:37:57:INFO:root:Starting from 1.9086287144601943e-17
13-Jun 11:37:57:INFO:root:-- Outer 7: 0.0004401780899048019
13-Jun 11:37:57:INFO:root:END Outer loop
13-Jun 11:37:57:INFO:root:BEGIN Outer loop
13-Jun 11:37:57:INFO:root:Model trade shares: [0.958895, 0.917547, 0.989873]
13-Jun 11:37:57:INFO:root:Data trade shares: [0.959721, 0.934044, 0.992669]
13-Jun 11:37:57:INFO:root:US prices: [1.25891, 1.07336, 1.07495]
13-Jun 11:37:57:INFO:root:in the data: [1.70549, 1.50868, 1.50868]
13-Jun 11:37:57:INFO:root:Nominal world expenditure: 1.0489114306393443e7
13-Jun 11:37:57:INFO:root:--------------In the data: [1.54393e7]
13-Jun 11:37:57:INFO:root:--- Period 9 ---
13-Jun 11:37:57:INFO:root:BEGIN Outer loop
13-Jun 11:38:02:INFO:root:------ Middle 1: 0.004462122058010876
13-Jun 11:38:02:INFO:root:------ Middle 2: 0.0024602260407704164
13-Jun 11:38:02:INFO:root:------ Middle 1: 0.004691245745909749
13-Jun 11:38:02:INFO:root:------ Middle 2: 0.0025854334701086714
13-Jun 11:38:03:INFO:root:------ Middle 3: 0.0018480735966532082
13-Jun 11:38:03:INFO:root:------ Middle 4: 0.0010256246178332994
13-Jun 11:38:04:INFO:root:------ Middle 3: 0.0019415474646895903
13-Jun 11:38:04:INFO:root:------ Middle 4: 0.0010764074699194386
13-Jun 11:38:04:INFO:root:------ Middle 5: 0.0008216759002297918
13-Jun 11:38:04:INFO:root:------ Middle 6: 0.00045758139202544366
13-Jun 11:38:05:INFO:root:------ Middle 5: 0.0008521901598904898
13-Jun 11:38:05:INFO:root:------ Middle 7: 0.0003204804491114875
13-Jun 11:38:05:INFO:root:------ Middle 6: 0.0004738974031202125
13-Jun 11:38:05:INFO:root:------ Middle 8: 0.00020877213921298383
13-Jun 11:38:05:INFO:root:Starting from 1.248522688192836e-17
13-Jun 11:38:05:INFO:root:-- Outer 1: 0.024081507715288754
13-Jun 11:38:05:INFO:root:------ Middle 1: 0.0019435289989958612
13-Jun 11:38:05:INFO:root:------ Middle 7: 0.00036383703068926183
13-Jun 11:38:05:INFO:root:------ Middle 8: 0.00021943380718396902
13-Jun 11:38:05:INFO:root:Starting from 1.2482264883662999e-17
13-Jun 11:38:05:INFO:root:-- Outer 1: 0.025239321445308306
13-Jun 11:38:05:INFO:root:------ Middle 1: 0.0020817174329494682
13-Jun 11:38:06:INFO:root:------ Middle 2: 0.0005501059463038398
13-Jun 11:38:06:INFO:root:------ Middle 3: 0.00031033615718981697
13-Jun 11:38:07:INFO:root:------ Middle 4: 0.00021058093824901205
13-Jun 11:38:07:INFO:root:Starting from 2.0532491985514602e-17
13-Jun 11:38:07:INFO:root:-- Outer 2: 0.011748834650026017
13-Jun 11:38:07:INFO:root:------ Middle 2: 0.0005955703677433761
13-Jun 11:38:07:INFO:root:------ Middle 1: 0.0004551968850618483
13-Jun 11:38:07:INFO:root:------ Middle 3: 0.0003345654809057453
13-Jun 11:38:07:INFO:root:------ Middle 4: 0.00022475801841726815
13-Jun 11:38:07:INFO:root:Starting from 1.701153430183859e-17
13-Jun 11:38:07:INFO:root:-- Outer 2: 0.012223973420525839
13-Jun 11:38:07:INFO:root:------ Middle 1: 0.0004783568739376279
13-Jun 11:38:08:INFO:root:------ Middle 2: 0.0003206700514963235
13-Jun 11:38:08:INFO:root:------ Middle 3: 0.0001849531906152545
13-Jun 11:38:08:INFO:root:Starting from 1.5380964332809277e-17
13-Jun 11:38:08:INFO:root:-- Outer 3: 0.0050008583727923816
13-Jun 11:38:08:INFO:root:------ Middle 1: 0.0001919108816387496
13-Jun 11:38:08:INFO:root:Starting from 1.4635015463720703e-17
13-Jun 11:38:08:INFO:root:-- Outer 4: 0.005074703936949218
13-Jun 11:38:09:INFO:root:------ Middle 2: 0.0003260407575499272
13-Jun 11:38:09:INFO:root:------ Middle 3: 0.00018660349554812557
13-Jun 11:38:09:INFO:root:Starting from 1.40051024289167e-17
13-Jun 11:38:09:INFO:root:-- Outer 3: 0.00511837917042724
13-Jun 11:38:09:INFO:root:------ Middle 1: 0.00018385270173693917
13-Jun 11:38:09:INFO:root:Starting from 1.5549097805431526e-17
13-Jun 11:38:09:INFO:root:-- Outer 4: 0.005144895479272602
13-Jun 11:38:10:INFO:root:------ Middle 1: 0.0002832164688165728
13-Jun 11:38:10:INFO:root:Starting from 1.6818437506885867e-17
13-Jun 11:38:10:INFO:root:-- Outer 5: 0.0013275953819739184
13-Jun 11:38:10:INFO:root:------ Middle 1: 0.0002375231829620624
13-Jun 11:38:10:INFO:root:Starting from 1.8424284798889583e-17
13-Jun 11:38:10:INFO:root:-- Outer 6: 0.0013634137500921249
13-Jun 11:38:10:INFO:root:------ Middle 1: 0.00023455617292718716
13-Jun 11:38:10:INFO:root:Starting from 1.4884343385970218e-17
13-Jun 11:38:10:INFO:root:-- Outer 5: 0.001282825315154638
13-Jun 11:38:10:INFO:root:------ Middle 1: 0.000191443539840999
13-Jun 11:38:10:INFO:root:Starting from 1.3583886368139706e-17
13-Jun 11:38:10:INFO:root:-- Outer 7: 0.0004504980654532688
13-Jun 11:38:10:INFO:root:END Outer loop
13-Jun 11:38:10:INFO:root:------ Middle 1: 0.00019865016631894666
13-Jun 11:38:10:INFO:root:Model trade shares: [0.967879, 0.910912, 0.984807]
13-Jun 11:38:10:INFO:root:Data trade shares: [0.971471, 0.927429, 0.989384]
13-Jun 11:38:10:INFO:root:US prices: [1.40628, 1.02898, 1.04754]
13-Jun 11:38:10:INFO:root:in the data: [2.72526, 1.92631, 1.92631]
13-Jun 11:38:10:INFO:root:Nominal world expenditure: 1.1747206080348754e7
13-Jun 11:38:10:INFO:root:--------------In the data: [2.2953e7]
13-Jun 11:38:10:INFO:root:Starting from 1.34415418713184e-17
13-Jun 11:38:10:INFO:root:-- Outer 6: 0.0013245317157489704
13-Jun 11:38:11:INFO:root:--- Period 10 ---
13-Jun 11:38:11:INFO:root:BEGIN Outer loop
13-Jun 11:38:11:INFO:root:------ Middle 1: 0.00015072677997558822
13-Jun 11:38:11:INFO:root:Starting from 1.8546849652138898e-17
13-Jun 11:38:11:INFO:root:-- Outer 7: 0.00040107458620157574
13-Jun 11:38:11:INFO:root:END Outer loop
13-Jun 11:38:11:INFO:root:Model trade shares: [0.965523, 0.914766, 0.98936]
13-Jun 11:38:11:INFO:root:Data trade shares: [0.966266, 0.92464, 0.992831]
13-Jun 11:38:11:INFO:root:US prices: [1.35239, 1.04079, 1.06059]
13-Jun 11:38:11:INFO:root:in the data: [2.27198, 1.79075, 1.79075]
13-Jun 11:38:11:INFO:root:Nominal world expenditure: 1.1455120515561018e7
13-Jun 11:38:11:INFO:root:--------------In the data: [2.07618e7]
13-Jun 11:38:11:INFO:root:--- Period 11 ---
13-Jun 11:38:11:INFO:root:BEGIN Outer loop
13-Jun 11:38:15:INFO:root:------ Middle 1: 0.004155388712631866
13-Jun 11:38:16:INFO:root:------ Middle 2: 0.002292103498163891
13-Jun 11:38:17:INFO:root:------ Middle 1: 0.003921484087220109
13-Jun 11:38:17:INFO:root:------ Middle 2: 0.002162116367302607
13-Jun 11:38:17:INFO:root:------ Middle 3: 0.0017494355287008035
13-Jun 11:38:17:INFO:root:------ Middle 4: 0.0009713611401174246
13-Jun 11:38:18:INFO:root:------ Middle 5: 0.0007803874543314584
13-Jun 11:38:18:INFO:root:------ Middle 3: 0.0016598030718507338
13-Jun 11:38:18:INFO:root:------ Middle 6: 0.0004348980790326636
13-Jun 11:38:18:INFO:root:------ Middle 4: 0.0009206775363187573
13-Jun 11:38:18:INFO:root:------ Middle 7: 0.0003070972068382367
13-Jun 11:38:18:INFO:root:------ Middle 8: 0.00019946874010818658
13-Jun 11:38:18:INFO:root:Starting from 1.2441137032073933e-17
13-Jun 11:38:18:INFO:root:-- Outer 1: 0.023329222283089295
13-Jun 11:38:18:INFO:root:------ Middle 1: 0.0018346622175924624
13-Jun 11:38:19:INFO:root:------ Middle 5: 0.0007379952764899263
13-Jun 11:38:19:INFO:root:------ Middle 6: 0.0004113315767806867
13-Jun 11:38:19:INFO:root:------ Middle 7: 0.00029315191161532437
13-Jun 11:38:19:INFO:root:Starting from 1.2544157466730327e-17
13-Jun 11:38:19:INFO:root:-- Outer 1: 0.02306687203060171
13-Jun 11:38:19:INFO:root:------ Middle 1: 0.0018480805670246763
13-Jun 11:38:20:INFO:root:------ Middle 2: 0.0005103968924461843
13-Jun 11:38:20:INFO:root:------ Middle 3: 0.0002888028947835636
13-Jun 11:38:20:INFO:root:Starting from 2.0504179280638218e-17
13-Jun 11:38:20:INFO:root:-- Outer 2: 0.011902695996466631
13-Jun 11:38:21:INFO:root:------ Middle 2: 0.00048053619589452136
13-Jun 11:38:21:INFO:root:------ Middle 3: 0.000271258171675347
13-Jun 11:38:21:INFO:root:Starting from 1.504543250824933e-17
13-Jun 11:38:21:INFO:root:-- Outer 2: 0.011821777623431676
13-Jun 11:38:22:INFO:root:------ Middle 1: 0.0003344084091533575
13-Jun 11:38:22:INFO:root:------ Middle 2: 0.00018968099596642369
13-Jun 11:38:22:INFO:root:Starting from 1.6583155074083337e-17
13-Jun 11:38:22:INFO:root:-- Outer 3: 0.004356968895171097
13-Jun 11:38:22:INFO:root:------ Middle 1: 0.00022815683654477893
13-Jun 11:38:22:INFO:root:Starting from 1.8034035870246885e-17
13-Jun 11:38:22:INFO:root:-- Outer 4: 0.004452353173125073
13-Jun 11:38:23:INFO:root:------ Middle 1: 0.0003454783699529778
13-Jun 11:38:23:INFO:root:------ Middle 2: 0.00019379369845781336
13-Jun 11:38:23:INFO:root:Starting from 1.554400267227153e-17
13-Jun 11:38:23:INFO:root:-- Outer 3: 0.004369527851156904
13-Jun 11:38:23:INFO:root:------ Middle 1: 0.000275257523746594
13-Jun 11:38:23:INFO:root:Starting from 1.335627166984928e-17
13-Jun 11:38:23:INFO:root:-- Outer 5: 0.0010673591557143756
13-Jun 11:38:23:INFO:root:------ Middle 1: 0.00022360099572771926
13-Jun 11:38:23:INFO:root:Starting from 1.6385510899926956e-17
13-Jun 11:38:23:INFO:root:-- Outer 6: 0.001104501702478469
13-Jun 11:38:24:INFO:root:------ Middle 1: 0.0002374041773013542
13-Jun 11:38:24:INFO:root:Starting from 1.5668929586587914e-17
13-Jun 11:38:24:INFO:root:-- Outer 4: 0.001901501346197503
13-Jun 11:38:24:INFO:root:------ Middle 1: 0.00018530297813265444
13-Jun 11:38:24:INFO:root:Starting from 1.5290981300632473e-17
13-Jun 11:38:24:INFO:root:-- Outer 7: 0.00041298650540403184
13-Jun 11:38:24:INFO:root:END Outer loop
13-Jun 11:38:24:INFO:root:Model trade shares: [0.968892, 0.911121, 0.975415]
13-Jun 11:38:24:INFO:root:Data trade shares: [0.976496, 0.933524, 0.973934]
13-Jun 11:38:24:INFO:root:US prices: [1.43885, 1.01245, 1.02222]
13-Jun 11:38:24:INFO:root:in the data: [2.96155, 2.01858, 2.01858]
13-Jun 11:38:24:INFO:root:Nominal world expenditure: 1.1443761925792884e7
13-Jun 11:38:24:INFO:root:--------------In the data: [2.33649e7]
13-Jun 11:38:24:INFO:root:--- Period 12 ---
13-Jun 11:38:24:INFO:root:BEGIN Outer loop
13-Jun 11:38:24:INFO:root:------ Middle 1: 0.00023765530358111326
13-Jun 11:38:24:INFO:root:Starting from 1.863550559104758e-17
13-Jun 11:38:24:INFO:root:-- Outer 5: 0.001100314677023687
13-Jun 11:38:24:INFO:root:------ Middle 1: 0.00020945645377598644
13-Jun 11:38:24:INFO:root:Starting from 2.321653005187767e-17
13-Jun 11:38:24:INFO:root:-- Outer 6: 0.0010853931093461504
13-Jun 11:38:25:INFO:root:------ Middle 1: 0.0002070158585223786
13-Jun 11:38:25:INFO:root:Starting from 1.6651018528024702e-17
13-Jun 11:38:25:INFO:root:-- Outer 7: 0.0004467924940492704
13-Jun 11:38:25:INFO:root:END Outer loop
13-Jun 11:38:25:INFO:root:Model trade shares: [0.969676, 0.916201, 0.973412]
13-Jun 11:38:25:INFO:root:Data trade shares: [0.97676, 0.939693, 0.972749]
13-Jun 11:38:25:INFO:root:US prices: [1.43645, 0.99725, 0.998306]
13-Jun 11:38:25:INFO:root:in the data: [3.07991, 2.04761, 2.04761]
13-Jun 11:38:25:INFO:root:Nominal world expenditure: 1.1128149815597516e7
13-Jun 11:38:25:INFO:root:--------------In the data: [2.31824e7]
13-Jun 11:38:25:INFO:root:--- Period 13 ---
13-Jun 11:38:25:INFO:root:BEGIN Outer loop
13-Jun 11:38:29:INFO:root:------ Middle 1: 0.003780593071273021
13-Jun 11:38:29:INFO:root:------ Middle 2: 0.0020863689578205303
13-Jun 11:38:30:INFO:root:------ Middle 1: 0.003739801112051164
13-Jun 11:38:30:INFO:root:------ Middle 2: 0.002063042902826272
13-Jun 11:38:30:INFO:root:------ Middle 3: 0.0016357721748136796
13-Jun 11:38:30:INFO:root:------ Middle 4: 0.0009071888519764647
13-Jun 11:38:31:INFO:root:------ Middle 5: 0.0007328876703730513
13-Jun 11:38:31:INFO:root:------ Middle 3: 0.0016202494589116403
13-Jun 11:38:32:INFO:root:------ Middle 6: 0.0004092370894189351
13-Jun 11:38:32:INFO:root:------ Middle 4: 0.0008987397164040211
13-Jun 11:38:32:INFO:root:------ Middle 7: 0.00029558563959979995
13-Jun 11:38:32:INFO:root:Starting from 1.2257800221315222e-17
13-Jun 11:38:32:INFO:root:-- Outer 1: 0.023387089888265097
13-Jun 11:38:32:INFO:root:------ Middle 1: 0.0018657011483860773
13-Jun 11:38:33:INFO:root:------ Middle 5: 0.0007353634340915153
13-Jun 11:38:33:INFO:root:------ Middle 6: 0.00041062045985757915
13-Jun 11:38:33:INFO:root:------ Middle 7: 0.00029646199724273536
13-Jun 11:38:33:INFO:root:Starting from 1.2339467598347808e-17
13-Jun 11:38:33:INFO:root:-- Outer 1: 0.023976467674421412
13-Jun 11:38:33:INFO:root:------ Middle 1: 0.0019356840326335042
13-Jun 11:38:34:INFO:root:------ Middle 2: 0.000475064954675636
13-Jun 11:38:34:INFO:root:------ Middle 3: 0.0002679484594431241
13-Jun 11:38:34:INFO:root:Starting from 1.843629297474559e-17
13-Jun 11:38:34:INFO:root:-- Outer 2: 0.01199752354476196
13-Jun 11:38:35:INFO:root:------ Middle 2: 0.0005102687809218441
13-Jun 11:38:35:INFO:root:------ Middle 3: 0.0002864199921673676
13-Jun 11:38:35:INFO:root:Starting from 1.8247098001180922e-17
13-Jun 11:38:35:INFO:root:-- Outer 2: 0.01219099147897103
13-Jun 11:38:35:INFO:root:------ Middle 1: 0.0003010362464727774
13-Jun 11:38:36:INFO:root:------ Middle 2: 0.00017013804490399018
13-Jun 11:38:36:INFO:root:Starting from 1.749322086227282e-17
13-Jun 11:38:36:INFO:root:-- Outer 3: 0.004441847231566131
13-Jun 11:38:36:INFO:root:------ Middle 1: 0.00018105308324259297
13-Jun 11:38:36:INFO:root:Starting from 2.0395024179080143e-17
13-Jun 11:38:36:INFO:root:-- Outer 4: 0.0018415168999648863
13-Jun 11:38:37:INFO:root:------ Middle 1: 0.00016748861323088933
13-Jun 11:38:37:INFO:root:Starting from 1.7877459276782234e-17
13-Jun 11:38:37:INFO:root:-- Outer 5: 0.0009724878068232786
13-Jun 11:38:37:INFO:root:END Outer loop
13-Jun 11:38:37:INFO:root:Model trade shares: [0.964295, 0.911543, 0.978797]
13-Jun 11:38:37:INFO:root:Data trade shares: [0.972765, 0.936372, 0.980463]
13-Jun 11:38:37:INFO:root:US prices: [1.3535, 0.964206, 0.959603]
13-Jun 11:38:37:INFO:root:in the data: [3.02084, 2.07936, 2.07936]
13-Jun 11:38:37:INFO:root:Nominal world expenditure: 1.0911860360293327e7
13-Jun 11:38:37:INFO:root:--------------In the data: [2.36221e7]
13-Jun 11:38:37:INFO:root:--- Period 14 ---
13-Jun 11:38:37:INFO:root:BEGIN Outer loop
13-Jun 11:38:37:INFO:root:------ Middle 1: 0.0004208494198177986
13-Jun 11:38:37:INFO:root:------ Middle 2: 0.00023462343224533766
13-Jun 11:38:37:INFO:root:Starting from 1.952729313845332e-17
13-Jun 11:38:37:INFO:root:-- Outer 3: 0.00456313858468962
13-Jun 11:38:37:INFO:root:------ Middle 1: 0.00033060534291176375
13-Jun 11:38:38:INFO:root:------ Middle 2: 0.00019105577028272726
13-Jun 11:38:38:INFO:root:Starting from 1.5817050898792547e-17
13-Jun 11:38:38:INFO:root:-- Outer 4: 0.002084515593510897
13-Jun 11:38:38:INFO:root:------ Middle 1: 0.00023858901884792264
13-Jun 11:38:38:INFO:root:Starting from 1.6089163607802068e-17
13-Jun 11:38:38:INFO:root:-- Outer 5: 0.0011671353983659788
13-Jun 11:38:38:INFO:root:------ Middle 1: 0.00023049113148654934
13-Jun 11:38:38:INFO:root:Starting from 1.5545480003712427e-17
13-Jun 11:38:38:INFO:root:-- Outer 6: 0.0011115370718347397
13-Jun 11:38:39:INFO:root:------ Middle 1: 0.00022949211965559785
13-Jun 11:38:39:INFO:root:Starting from 1.6860903525086704e-17
13-Jun 11:38:39:INFO:root:-- Outer 7: 0.00039980271156446083
13-Jun 11:38:39:INFO:root:END Outer loop
13-Jun 11:38:39:INFO:root:Model trade shares: [0.964012, 0.912251, 0.989229]
13-Jun 11:38:39:INFO:root:Data trade shares: [0.971404, 0.929028, 0.993445]
13-Jun 11:38:39:INFO:root:US prices: [1.28342, 0.947996, 0.953141]
13-Jun 11:38:39:INFO:root:in the data: [2.9591, 2.1512, 2.1512]
13-Jun 11:38:39:INFO:root:Nominal world expenditure: 1.1381929853142567e7
13-Jun 11:38:39:INFO:root:--------------In the data: [2.42511e7]
13-Jun 11:38:39:INFO:root:--- Period 15 ---
13-Jun 11:38:39:INFO:root:BEGIN Outer loop
13-Jun 11:38:42:INFO:root:------ Middle 1: 0.00393622683253489
13-Jun 11:38:42:INFO:root:------ Middle 2: 0.0021717744377357687
13-Jun 11:38:43:INFO:root:------ Middle 3: 0.0016973752494222494
13-Jun 11:38:43:INFO:root:------ Middle 4: 0.0009412517093262364
13-Jun 11:38:44:INFO:root:------ Middle 1: 0.004145214914422059
13-Jun 11:38:44:INFO:root:------ Middle 2: 0.0022855860807182325
13-Jun 11:38:44:INFO:root:------ Middle 5: 0.0007601141175383921
13-Jun 11:38:44:INFO:root:------ Middle 6: 0.0004245346473744307
13-Jun 11:38:45:INFO:root:------ Middle 7: 0.00033518221938984587
13-Jun 11:38:45:INFO:root:------ Middle 8: 0.00019926371524542095
13-Jun 11:38:45:INFO:root:Starting from 1.2202532948183952e-17
13-Jun 11:38:45:INFO:root:-- Outer 1: 0.024775246302460124
13-Jun 11:38:45:INFO:root:------ Middle 1: 0.0019184328160953622
13-Jun 11:38:46:INFO:root:------ Middle 3: 0.001777657274184732
13-Jun 11:38:46:INFO:root:------ Middle 4: 0.0009853937968324216
13-Jun 11:38:47:INFO:root:------ Middle 5: 0.0007949182474668151
13-Jun 11:38:47:INFO:root:------ Middle 6: 0.0004437953879826623
13-Jun 11:38:47:INFO:root:------ Middle 2: 0.000576943765388964
13-Jun 11:38:47:INFO:root:------ Middle 3: 0.0003233074491881486
13-Jun 11:38:47:INFO:root:------ Middle 7: 0.00035067605259554295
13-Jun 11:38:47:INFO:root:------ Middle 8: 0.00020837239632583076
13-Jun 11:38:47:INFO:root:------ Middle 4: 0.00021993030346242589
13-Jun 11:38:47:INFO:root:Starting from 1.1376773554157946e-17
13-Jun 11:38:47:INFO:root:-- Outer 1: 0.02543481255301195
13-Jun 11:38:47:INFO:root:Starting from 1.8230036034727897e-17
13-Jun 11:38:47:INFO:root:-- Outer 2: 0.012064862238827676
13-Jun 11:38:47:INFO:root:------ Middle 1: 0.0020526993524776446
13-Jun 11:38:47:INFO:root:------ Middle 1: 0.000465204119932106
13-Jun 11:38:49:INFO:root:------ Middle 2: 0.00033904298564566525
13-Jun 11:38:49:INFO:root:------ Middle 3: 0.00019268702953555627
13-Jun 11:38:49:INFO:root:Starting from 1.3776377386672892e-17
13-Jun 11:38:49:INFO:root:-- Outer 3: 0.005132152166001516
13-Jun 11:38:49:INFO:root:------ Middle 1: 0.00022322233918093442
13-Jun 11:38:49:INFO:root:Starting from 1.2580133465692034e-17
13-Jun 11:38:49:INFO:root:-- Outer 4: 0.0052677053087250795
13-Jun 11:38:49:INFO:root:------ Middle 2: 0.0006165312994971848
13-Jun 11:38:49:INFO:root:------ Middle 3: 0.00034508487485645275
13-Jun 11:38:50:INFO:root:------ Middle 4: 0.00023517664038592997
13-Jun 11:38:50:INFO:root:Starting from 1.6382045465262313e-17
13-Jun 11:38:50:INFO:root:-- Outer 2: 0.012298894027823144
13-Jun 11:38:50:INFO:root:------ Middle 1: 0.0004413671687512415
13-Jun 11:38:51:INFO:root:------ Middle 1: 0.0003191005599926385
13-Jun 11:38:51:INFO:root:------ Middle 2: 0.00017926978152205976
13-Jun 11:38:51:INFO:root:Starting from 1.5544327896935785e-17
13-Jun 11:38:51:INFO:root:-- Outer 5: 0.0014236774463672378
13-Jun 11:38:51:INFO:root:------ Middle 1: 0.0001872182533912582
13-Jun 11:38:51:INFO:root:Starting from 1.534291613101808e-17
13-Jun 11:38:51:INFO:root:-- Outer 6: 0.0014984096200951135
13-Jun 11:38:51:INFO:root:------ Middle 2: 0.00034019941006233566
13-Jun 11:38:52:INFO:root:------ Middle 3: 0.00019387395793500034
13-Jun 11:38:52:INFO:root:------ Middle 1: 0.00016455866069224563
13-Jun 11:38:52:INFO:root:Starting from 1.901752202384704e-17
13-Jun 11:38:52:INFO:root:-- Outer 3: 0.005211128157768724
13-Jun 11:38:52:INFO:root:Starting from 1.7805671963836255e-17
13-Jun 11:38:52:INFO:root:-- Outer 7: 0.0004381486182601098
13-Jun 11:38:52:INFO:root:END Outer loop
13-Jun 11:38:52:INFO:root:Model trade shares: [0.96684, 0.922882, 0.991617]
13-Jun 11:38:52:INFO:root:Data trade shares: [0.967576, 0.927756, 0.993556]
13-Jun 11:38:52:INFO:root:US prices: [1.1899, 0.940224, 0.93971]
13-Jun 11:38:52:INFO:root:in the data: [2.78451, 2.12334, 2.12334]
13-Jun 11:38:52:INFO:root:Nominal world expenditure: 1.2274081117372181e7
13-Jun 11:38:52:INFO:root:--------------In the data: [2.5209e7]
13-Jun 11:38:52:INFO:root:--- Period 16 ---
13-Jun 11:38:52:INFO:root:BEGIN Outer loop
13-Jun 11:38:52:INFO:root:------ Middle 1: 0.00018016145480023157
13-Jun 11:38:52:INFO:root:Starting from 1.5535226528199852e-17
13-Jun 11:38:52:INFO:root:-- Outer 4: 0.0052633767699045274
13-Jun 11:38:53:INFO:root:------ Middle 1: 0.00027143547159626946
13-Jun 11:38:53:INFO:root:Starting from 1.7756424559287692e-17
13-Jun 11:38:53:INFO:root:-- Outer 5: 0.0013235188373682898
13-Jun 11:38:53:INFO:root:------ Middle 1: 0.00022700984425376412
13-Jun 11:38:53:INFO:root:Starting from 1.9340359053499285e-17
13-Jun 11:38:53:INFO:root:-- Outer 6: 0.0013533117621596519
13-Jun 11:38:54:INFO:root:------ Middle 1: 0.00017426917611818127
13-Jun 11:38:54:INFO:root:Starting from 1.473598342954788e-17
13-Jun 11:38:54:INFO:root:-- Outer 7: 0.0004230988958318026
13-Jun 11:38:54:INFO:root:END Outer loop
13-Jun 11:38:54:INFO:root:Model trade shares: [0.959893, 0.920818, 0.992501]
13-Jun 11:38:54:INFO:root:Data trade shares: [0.953126, 0.923314, 0.993566]
13-Jun 11:38:54:INFO:root:US prices: [1.10003, 0.930711, 0.93375]
13-Jun 11:38:54:INFO:root:in the data: [2.3065, 2.15345, 2.15345]
13-Jun 11:38:54:INFO:root:Nominal world expenditure: 1.2727134174735917e7
13-Jun 11:38:54:INFO:root:--------------In the data: [2.91447e7]
13-Jun 11:38:54:INFO:root:--- Period 17 ---
13-Jun 11:38:54:INFO:root:BEGIN Outer loop
13-Jun 11:38:57:INFO:root:------ Middle 1: 0.004378105643601728
13-Jun 11:38:57:INFO:root:------ Middle 2: 0.0024136713620764036
13-Jun 11:38:59:INFO:root:------ Middle 3: 0.0018673645061362382
13-Jun 11:38:59:INFO:root:------ Middle 4: 0.0010347812323660752
13-Jun 11:39:00:INFO:root:------ Middle 5: 0.0008373750948529849
13-Jun 11:39:00:INFO:root:------ Middle 6: 0.0004665624302667809
13-Jun 11:39:00:INFO:root:------ Middle 1: 0.00457245911499414
13-Jun 11:39:00:INFO:root:------ Middle 2: 0.0025197774094078487
13-Jun 11:39:00:INFO:root:------ Middle 7: 0.0003655323117506724
13-Jun 11:39:00:INFO:root:------ Middle 8: 0.00021741020489370074
13-Jun 11:39:00:INFO:root:Starting from 1.172664305610593e-17
13-Jun 11:39:00:INFO:root:-- Outer 1: 0.025834206911819705
13-Jun 11:39:01:INFO:root:------ Middle 1: 0.002205637888373993
13-Jun 11:39:02:INFO:root:------ Middle 3: 0.0019289257197576282
13-Jun 11:39:02:INFO:root:------ Middle 4: 0.001069549911292411
13-Jun 11:39:03:INFO:root:------ Middle 2: 0.0006817603377290154
13-Jun 11:39:03:INFO:root:------ Middle 5: 0.0008583271699921092
13-Jun 11:39:03:INFO:root:------ Middle 3: 0.00038107585188802776
13-Jun 11:39:03:INFO:root:------ Middle 6: 0.00047831182271699315
13-Jun 11:39:03:INFO:root:------ Middle 4: 0.0002580422935979595
13-Jun 11:39:03:INFO:root:Starting from 2.018276728269621e-17
13-Jun 11:39:03:INFO:root:-- Outer 2: 0.01244512527890632
13-Jun 11:39:03:INFO:root:------ Middle 7: 0.0003749843000632039
13-Jun 11:39:03:INFO:root:------ Middle 1: 0.00044845135258593874
13-Jun 11:39:03:INFO:root:------ Middle 8: 0.00022384848025748164
13-Jun 11:39:03:INFO:root:Starting from 1.1435786622046712e-17
13-Jun 11:39:03:INFO:root:-- Outer 1: 0.02587289847213355
13-Jun 11:39:03:INFO:root:------ Middle 1: 0.002326461885629992
13-Jun 11:39:05:INFO:root:------ Middle 2: 0.00036476141096417107
13-Jun 11:39:05:INFO:root:------ Middle 3: 0.0002074548510595445
13-Jun 11:39:05:INFO:root:Starting from 1.5493262004332872e-17
13-Jun 11:39:05:INFO:root:-- Outer 3: 0.00524408555361604
13-Jun 11:39:05:INFO:root:------ Middle 1: 0.00019124487685902202
13-Jun 11:39:05:INFO:root:Starting from 1.5376052030809993e-17
13-Jun 11:39:05:INFO:root:-- Outer 4: 0.005303621460330842
13-Jun 11:39:05:INFO:root:------ Middle 2: 0.000716461811625291
13-Jun 11:39:05:INFO:root:------ Middle 3: 0.0004000910912592109
13-Jun 11:39:06:INFO:root:------ Middle 4: 0.0002719286576728241
13-Jun 11:39:06:INFO:root:Starting from 1.741659318347183e-17
13-Jun 11:39:06:INFO:root:-- Outer 2: 0.0125126284973623
13-Jun 11:39:06:INFO:root:------ Middle 1: 0.00045327144717711645
13-Jun 11:39:06:INFO:root:------ Middle 1: 0.000297186362777997
13-Jun 11:39:06:INFO:root:Starting from 1.8752103420791476e-17
13-Jun 11:39:06:INFO:root:-- Outer 5: 0.001382629185561979
13-Jun 11:39:07:INFO:root:------ Middle 1: 0.0002472933529575926
13-Jun 11:39:07:INFO:root:Starting from 1.5711370927434126e-17
13-Jun 11:39:07:INFO:root:-- Outer 6: 0.001412061894575735
13-Jun 11:39:07:INFO:root:------ Middle 1: 0.00018995501271830214
13-Jun 11:39:07:INFO:root:Starting from 1.9141494350519446e-17
13-Jun 11:39:07:INFO:root:-- Outer 7: 0.00044025649537590976
13-Jun 11:39:07:INFO:root:END Outer loop
13-Jun 11:39:07:INFO:root:Model trade shares: [0.965258, 0.926297, 0.992222]
13-Jun 11:39:07:INFO:root:Data trade shares: [0.958317, 0.928046, 0.993489]
13-Jun 11:39:07:INFO:root:US prices: [1.03699, 0.921717, 0.926976]
13-Jun 11:39:07:INFO:root:in the data: [2.43661, 2.20422, 2.20422]
13-Jun 11:39:07:INFO:root:Nominal world expenditure: 1.3505336635347683e7
13-Jun 11:39:07:INFO:root:--------------In the data: [3.25615e7]
13-Jun 11:39:07:INFO:root:--- Period 18 ---
13-Jun 11:39:07:INFO:root:BEGIN Outer loop
13-Jun 11:39:07:INFO:root:------ Middle 2: 0.0003722463232088286
13-Jun 11:39:07:INFO:root:------ Middle 3: 0.0002115808170623551
13-Jun 11:39:07:INFO:root:Starting from 1.8358505464179203e-17
13-Jun 11:39:07:INFO:root:-- Outer 3: 0.005272687742853215
13-Jun 11:39:08:INFO:root:------ Middle 1: 0.00018557842265846358
13-Jun 11:39:08:INFO:root:Starting from 1.5442279214121963e-17
13-Jun 11:39:08:INFO:root:-- Outer 4: 0.005320766771294078
13-Jun 11:39:09:INFO:root:------ Middle 1: 0.00028973649853340094
13-Jun 11:39:09:INFO:root:Starting from 1.6347738191596794e-17
13-Jun 11:39:09:INFO:root:-- Outer 5: 0.0013800023577536158
13-Jun 11:39:09:INFO:root:------ Middle 1: 0.00024231497676052347
13-Jun 11:39:09:INFO:root:Starting from 1.4878593006809795e-17
13-Jun 11:39:09:INFO:root:-- Outer 6: 0.0014104386127573904
13-Jun 11:39:10:INFO:root:------ Middle 1: 0.00018600139438526737
13-Jun 11:39:10:INFO:root:Starting from 1.4564251002823308e-17
13-Jun 11:39:10:INFO:root:-- Outer 7: 0.00044892123953422765
13-Jun 11:39:10:INFO:root:END Outer loop
13-Jun 11:39:10:INFO:root:Model trade shares: [0.960932, 0.925437, 0.992929]
13-Jun 11:39:10:INFO:root:Data trade shares: [0.960962, 0.931588, 0.993893]
13-Jun 11:39:10:INFO:root:US prices: [0.994501, 0.912681, 0.918264]
13-Jun 11:39:10:INFO:root:in the data: [2.50767, 2.31742, 2.31742]
13-Jun 11:39:10:INFO:root:Nominal world expenditure: 1.4507628184420139e7
13-Jun 11:39:10:INFO:root:--------------In the data: [3.61928e7]
13-Jun 11:39:10:INFO:root:--- Period 19 ---
13-Jun 11:39:10:INFO:root:BEGIN Outer loop
13-Jun 11:39:14:INFO:root:------ Middle 1: 0.004703443365229527
13-Jun 11:39:14:INFO:root:------ Middle 2: 0.0025913552629649515
13-Jun 11:39:15:INFO:root:------ Middle 3: 0.0019646920642590352
13-Jun 11:39:15:INFO:root:------ Middle 4: 0.001089627154616279
13-Jun 11:39:16:INFO:root:------ Middle 5: 0.0008748562552073962
13-Jun 11:39:16:INFO:root:------ Middle 6: 0.00048725748387002255
13-Jun 11:39:17:INFO:root:------ Middle 7: 0.0003818644701886838
13-Jun 11:39:17:INFO:root:------ Middle 1: 0.004807605134671143
13-Jun 11:39:17:INFO:root:------ Middle 2: 0.002648563456510714
13-Jun 11:39:17:INFO:root:------ Middle 8: 0.00023851965167441666
13-Jun 11:39:17:INFO:root:Starting from 1.146191457570498e-17
13-Jun 11:39:17:INFO:root:-- Outer 1: 0.02576097820045055
13-Jun 11:39:17:INFO:root:------ Middle 1: 0.0023660953850715757
13-Jun 11:39:18:INFO:root:------ Middle 3: 0.0020132446140184146
13-Jun 11:39:18:INFO:root:------ Middle 4: 0.0011163850102001067
13-Jun 11:39:19:INFO:root:------ Middle 2: 0.000747294135592265
13-Jun 11:39:19:INFO:root:------ Middle 5: 0.0008986735501413647
13-Jun 11:39:19:INFO:root:------ Middle 3: 0.0004165432278753072
13-Jun 11:39:19:INFO:root:------ Middle 6: 0.0005002661137976652
13-Jun 11:39:19:INFO:root:------ Middle 4: 0.00028212643152052954
13-Jun 11:39:19:INFO:root:Starting from 1.775190124601708e-17
13-Jun 11:39:19:INFO:root:-- Outer 2: 0.012381224007744739
13-Jun 11:39:19:INFO:root:------ Middle 7: 0.0003921521146271189
13-Jun 11:39:19:INFO:root:------ Middle 1: 0.0004598516412745278
13-Jun 11:39:20:INFO:root:------ Middle 8: 0.00023476272792218725
13-Jun 11:39:20:INFO:root:Starting from 1.1871013963508131e-17
13-Jun 11:39:20:INFO:root:-- Outer 1: 0.02561997408723736
13-Jun 11:39:20:INFO:root:------ Middle 1: 0.0024372459314175765
13-Jun 11:39:21:INFO:root:------ Middle 2: 0.00038065180654832875
13-Jun 11:39:21:INFO:root:------ Middle 3: 0.00021574460052288725
13-Jun 11:39:21:INFO:root:Starting from 1.588095925840471e-17
13-Jun 11:39:21:INFO:root:-- Outer 3: 0.005212042083703074
13-Jun 11:39:21:INFO:root:------ Middle 1: 0.0001998800596741768
13-Jun 11:39:21:INFO:root:Starting from 1.5606504004266837e-17
13-Jun 11:39:21:INFO:root:-- Outer 4: 0.005256633579906155
13-Jun 11:39:22:INFO:root:------ Middle 2: 0.0007694231895052411
13-Jun 11:39:22:INFO:root:------ Middle 3: 0.000429005579418155
13-Jun 11:39:22:INFO:root:------ Middle 4: 0.00032083702173891094
13-Jun 11:39:22:INFO:root:------ Middle 5: 0.00019420740892183512
13-Jun 11:39:22:INFO:root:Starting from 1.6638797031708136e-17
13-Jun 11:39:22:INFO:root:-- Outer 2: 0.012295360024635705
13-Jun 11:39:22:INFO:root:------ Middle 1: 0.0005198643510476268
13-Jun 11:39:23:INFO:root:------ Middle 1: 0.0003045204021793739
13-Jun 11:39:23:INFO:root:------ Middle 2: 0.00017222115983701013
13-Jun 11:39:23:INFO:root:Starting from 1.688735675626027e-17
13-Jun 11:39:23:INFO:root:-- Outer 5: 0.0014329419475457037
13-Jun 11:39:23:INFO:root:------ Middle 1: 0.000183833915364718
13-Jun 11:39:23:INFO:root:Starting from 2.018996722274238e-17
13-Jun 11:39:23:INFO:root:-- Outer 6: 0.0015230880881587864
13-Jun 11:39:24:INFO:root:------ Middle 1: 0.0001601461116569549
13-Jun 11:39:24:INFO:root:Starting from 1.4283978812473066e-17
13-Jun 11:39:24:INFO:root:-- Outer 7: 0.0004454577169939919
13-Jun 11:39:24:INFO:root:END Outer loop
13-Jun 11:39:24:INFO:root:Model trade shares: [0.963078, 0.929488, 0.992914]
13-Jun 11:39:24:INFO:root:Data trade shares: [0.961578, 0.934257, 0.993842]
13-Jun 11:39:24:INFO:root:US prices: [0.966747, 0.909714, 0.906803]
13-Jun 11:39:24:INFO:root:in the data: [2.5813, 2.43608, 2.43608]
13-Jun 11:39:24:INFO:root:Nominal world expenditure: 1.516708227024322e7
13-Jun 11:39:24:INFO:root:--------------In the data: [3.7723e7]
13-Jun 11:39:24:INFO:root:--- Period 20 ---
13-Jun 11:39:24:INFO:root:BEGIN Outer loop
13-Jun 11:39:24:INFO:root:------ Middle 2: 0.0003452006768521216
13-Jun 11:39:24:INFO:root:------ Middle 3: 0.00019645739298242826
13-Jun 11:39:24:INFO:root:Starting from 1.471600968856723e-17
13-Jun 11:39:24:INFO:root:-- Outer 3: 0.005226471801921056
13-Jun 11:39:24:INFO:root:------ Middle 1: 0.00023606001200571629
13-Jun 11:39:24:INFO:root:Starting from 1.5469626407471176e-17
13-Jun 11:39:24:INFO:root:-- Outer 4: 0.005292818207090907
13-Jun 11:39:26:INFO:root:------ Middle 1: 0.0003419657410920485
13-Jun 11:39:26:INFO:root:------ Middle 2: 0.0001926631289060067
13-Jun 11:39:26:INFO:root:Starting from 1.4568789584053558e-17
13-Jun 11:39:26:INFO:root:-- Outer 5: 0.00140204100481422
13-Jun 11:39:26:INFO:root:------ Middle 1: 0.00020493663559978238
13-Jun 11:39:26:INFO:root:Starting from 1.4709586820164793e-17
13-Jun 11:39:26:INFO:root:-- Outer 6: 0.0014919298891089734
13-Jun 11:39:27:INFO:root:------ Middle 1: 0.00018500597131410602
13-Jun 11:39:27:INFO:root:Starting from 1.2865081316676214e-17
13-Jun 11:39:27:INFO:root:-- Outer 7: 0.00045487497804315164
13-Jun 11:39:27:INFO:root:END Outer loop
13-Jun 11:39:27:INFO:root:Model trade shares: [0.965664, 0.927114, 0.992528]
13-Jun 11:39:27:INFO:root:Data trade shares: [0.963666, 0.934551, 0.994086]
13-Jun 11:39:27:INFO:root:US prices: [0.948927, 0.908544, 0.898087]
13-Jun 11:39:27:INFO:root:in the data: [2.67778, 2.5352, 2.5352]
13-Jun 11:39:27:INFO:root:Nominal world expenditure: 1.5355449250194037e7
13-Jun 11:39:27:INFO:root:--------------In the data: [4.12361e7]
13-Jun 11:39:27:INFO:root:--- Period 21 ---
13-Jun 11:39:27:INFO:root:BEGIN Outer loop
13-Jun 11:39:30:INFO:root:------ Middle 1: 0.004923326354568621
13-Jun 11:39:30:INFO:root:------ Middle 2: 0.0027124806095785384
13-Jun 11:39:32:INFO:root:------ Middle 3: 0.0020555398196103643
13-Jun 11:39:32:INFO:root:------ Middle 4: 0.001139690439852813
13-Jun 11:39:33:INFO:root:------ Middle 1: 0.004865800532130914
13-Jun 11:39:33:INFO:root:------ Middle 5: 0.0009144424168227498
13-Jun 11:39:33:INFO:root:------ Middle 2: 0.0026815251221849116
13-Jun 11:39:33:INFO:root:------ Middle 6: 0.0005090338730909937
13-Jun 11:39:33:INFO:root:------ Middle 7: 0.0003991102992133972
13-Jun 11:39:33:INFO:root:------ Middle 8: 0.00023839307675367958
13-Jun 11:39:33:INFO:root:Starting from 1.1878171700224354e-17
13-Jun 11:39:33:INFO:root:-- Outer 1: 0.025984188671326864
13-Jun 11:39:33:INFO:root:------ Middle 1: 0.0026043731254887905
13-Jun 11:39:34:INFO:root:------ Middle 3: 0.002042135309728423
13-Jun 11:39:34:INFO:root:------ Middle 4: 0.0011322977882487191
13-Jun 11:39:35:INFO:root:------ Middle 5: 0.0009080532068973071
13-Jun 11:39:35:INFO:root:------ Middle 6: 0.0005054350243602251
13-Jun 11:39:35:INFO:root:------ Middle 7: 0.00039645658361869265
13-Jun 11:39:35:INFO:root:------ Middle 2: 0.0008458344117611533
13-Jun 11:39:36:INFO:root:------ Middle 8: 0.0002360458643975531
13-Jun 11:39:36:INFO:root:Starting from 1.1847046312613301e-17
13-Jun 11:39:36:INFO:root:-- Outer 1: 0.02668970071155333
13-Jun 11:39:36:INFO:root:------ Middle 3: 0.0004704229385534789
13-Jun 11:39:36:INFO:root:------ Middle 1: 0.0026279916529184295
13-Jun 11:39:36:INFO:root:------ Middle 4: 0.00034588067383327375
13-Jun 11:39:36:INFO:root:------ Middle 5: 0.00020901506048411541
13-Jun 11:39:36:INFO:root:Starting from 2.2175799082949098e-17
13-Jun 11:39:36:INFO:root:-- Outer 2: 0.01245126814206193
13-Jun 11:39:36:INFO:root:------ Middle 1: 0.0005767337761765142
13-Jun 11:39:38:INFO:root:------ Middle 2: 0.0008540806608468988
13-Jun 11:39:38:INFO:root:------ Middle 2: 0.0003672744186690416
13-Jun 11:39:38:INFO:root:------ Middle 3: 0.0004747658502635146
13-Jun 11:39:38:INFO:root:------ Middle 3: 0.00020747308970004794
13-Jun 11:39:38:INFO:root:Starting from 2.0831763014811253e-17
13-Jun 11:39:38:INFO:root:-- Outer 3: 0.005338420155723446
13-Jun 11:39:38:INFO:root:------ Middle 1: 0.0002923817754489617
13-Jun 11:39:38:INFO:root:Starting from 1.447530827126738e-17
13-Jun 11:39:38:INFO:root:-- Outer 4: 0.005470788724338601
13-Jun 11:39:38:INFO:root:------ Middle 4: 0.0003535726029158836
13-Jun 11:39:38:INFO:root:------ Middle 5: 0.0002130237765002671
13-Jun 11:39:38:INFO:root:Starting from 2.2931221257111226e-17
13-Jun 11:39:38:INFO:root:-- Outer 2: 0.012644084448122803
13-Jun 11:39:38:INFO:root:------ Middle 1: 0.0005373066917907632
13-Jun 11:39:40:INFO:root:------ Middle 1: 0.00039363889578870333
13-Jun 11:39:40:INFO:root:------ Middle 2: 0.00021991003587632857
13-Jun 11:39:40:INFO:root:Starting from 1.4056958047928712e-17
13-Jun 11:39:40:INFO:root:-- Outer 5: 0.0014641924526561454
13-Jun 11:39:40:INFO:root:------ Middle 1: 0.00022886854051925085
13-Jun 11:39:40:INFO:root:Starting from 1.6471070341001937e-17
13-Jun 11:39:40:INFO:root:-- Outer 6: 0.0015467859842053227
13-Jun 11:39:40:INFO:root:------ Middle 2: 0.0003478565419862171
13-Jun 11:39:40:INFO:root:------ Middle 3: 0.0001967629008011818
13-Jun 11:39:40:INFO:root:Starting from 1.3429024711165813e-17
13-Jun 11:39:40:INFO:root:-- Outer 3: 0.0053210918375809005
13-Jun 11:39:40:INFO:root:------ Middle 1: 0.0002529329697182825
13-Jun 11:39:40:INFO:root:Starting from 1.7654549124542553e-17
13-Jun 11:39:40:INFO:root:-- Outer 4: 0.00533468354473817
13-Jun 11:39:40:INFO:root:------ Middle 1: 0.0002111059850414905
13-Jun 11:39:40:INFO:root:Starting from 1.8474955451508665e-17
13-Jun 11:39:40:INFO:root:-- Outer 7: 0.00049878578702904
13-Jun 11:39:40:INFO:root:END Outer loop
13-Jun 11:39:40:INFO:root:Model trade shares: [0.962996, 0.928954, 0.992772]
13-Jun 11:39:40:INFO:root:Data trade shares: [0.960926, 0.936095, 0.990604]
13-Jun 11:39:40:INFO:root:US prices: [0.93035, 0.906414, 0.895618]
13-Jun 11:39:40:INFO:root:in the data: [2.54462, 2.53886, 2.53886]
13-Jun 11:39:40:INFO:root:Nominal world expenditure: 1.603736538287235e7
13-Jun 11:39:40:INFO:root:--------------In the data: [4.29516e7]
13-Jun 11:39:40:INFO:root:--- Period 22 ---
13-Jun 11:39:40:INFO:root:BEGIN Outer loop
13-Jun 11:39:42:INFO:root:------ Middle 1: 0.0003328406133729806
13-Jun 11:39:42:INFO:root:------ Middle 2: 0.00018694085671307412
13-Jun 11:39:42:INFO:root:Starting from 1.399556401091718e-17
13-Jun 11:39:42:INFO:root:-- Outer 5: 0.0013798791322011104
13-Jun 11:39:42:INFO:root:------ Middle 1: 0.00019913352515747823
13-Jun 11:39:42:INFO:root:Starting from 1.777655077765018e-17
13-Jun 11:39:42:INFO:root:-- Outer 6: 0.0014751894194160223
13-Jun 11:39:43:INFO:root:------ Middle 1: 0.00018681795003188
13-Jun 11:39:43:INFO:root:Starting from 1.7970263828142874e-17
13-Jun 11:39:43:INFO:root:-- Outer 7: 0.00046703522402531764
13-Jun 11:39:43:INFO:root:END Outer loop
13-Jun 11:39:43:INFO:root:Model trade shares: [0.956404, 0.918946, 0.991268]
13-Jun 11:39:43:INFO:root:Data trade shares: [0.960491, 0.93458, 0.986591]
13-Jun 11:39:43:INFO:root:US prices: [0.914026, 0.893141, 0.894752]
13-Jun 11:39:43:INFO:root:in the data: [2.52256, 2.5595, 2.5595]
13-Jun 11:39:43:INFO:root:Nominal world expenditure: 1.715444378524263e7
13-Jun 11:39:43:INFO:root:--------------In the data: [4.55098e7]
13-Jun 11:39:43:INFO:root:--- Period 23 ---
13-Jun 11:39:43:INFO:root:BEGIN Outer loop
13-Jun 11:39:46:INFO:root:------ Middle 1: 0.004800472271164381
13-Jun 11:39:46:INFO:root:------ Middle 2: 0.0026461202922499986
13-Jun 11:39:47:INFO:root:------ Middle 3: 0.0020242065263184504
13-Jun 11:39:47:INFO:root:------ Middle 4: 0.0011225018779090613
13-Jun 11:39:48:INFO:root:------ Middle 1: 0.004775534533335633
13-Jun 11:39:48:INFO:root:------ Middle 2: 0.002633310279456405
13-Jun 11:39:48:INFO:root:------ Middle 5: 0.0009026192784932761
13-Jun 11:39:48:INFO:root:------ Middle 6: 0.000502566984489853
13-Jun 11:39:49:INFO:root:------ Middle 7: 0.0003958482101505312
13-Jun 11:39:49:INFO:root:------ Middle 8: 0.00023524081247955675
13-Jun 11:39:49:INFO:root:Starting from 1.1884294868251343e-17
13-Jun 11:39:49:INFO:root:-- Outer 1: 0.027345409629360117
13-Jun 11:39:49:INFO:root:------ Middle 1: 0.0027105110496657373
13-Jun 11:39:49:INFO:root:------ Middle 3: 0.0020190779127539755
13-Jun 11:39:49:INFO:root:------ Middle 4: 0.0011202024482637025
13-Jun 11:39:50:INFO:root:------ Middle 5: 0.000901822545230611
13-Jun 11:39:50:INFO:root:------ Middle 6: 0.0005024839622844205
13-Jun 11:39:51:INFO:root:------ Middle 7: 0.00039486635035138897
13-Jun 11:39:51:INFO:root:------ Middle 8: 0.00023436837960979481
13-Jun 11:39:51:INFO:root:Starting from 1.1954276650925723e-17
13-Jun 11:39:51:INFO:root:-- Outer 1: 0.027194492607353116
13-Jun 11:39:51:INFO:root:------ Middle 1: 0.0028188550881024198
13-Jun 11:39:51:INFO:root:------ Middle 2: 0.0008917507047000127
13-Jun 11:39:51:INFO:root:------ Middle 3: 0.0004950838046473041
13-Jun 11:39:52:INFO:root:------ Middle 4: 0.0003674344316178038
13-Jun 11:39:52:INFO:root:------ Middle 5: 0.00022026516923143847
13-Jun 11:39:52:INFO:root:Starting from 1.53664654548769e-17
13-Jun 11:39:52:INFO:root:-- Outer 2: 0.012890109726117692
13-Jun 11:39:52:INFO:root:------ Middle 1: 0.000538467912413089
13-Jun 11:39:53:INFO:root:------ Middle 2: 0.0009138570289299544
13-Jun 11:39:53:INFO:root:------ Middle 3: 0.0005074018149638822
13-Jun 11:39:54:INFO:root:------ Middle 4: 0.000375517341875736
13-Jun 11:39:54:INFO:root:------ Middle 5: 0.00022545651131287156
13-Jun 11:39:54:INFO:root:------ Middle 2: 0.0003610137389881922
13-Jun 11:39:54:INFO:root:Starting from 1.6738160823214837e-17
13-Jun 11:39:54:INFO:root:-- Outer 2: 0.012809882901379256
13-Jun 11:39:54:INFO:root:------ Middle 3: 0.0002037077375447308
13-Jun 11:39:54:INFO:root:Starting from 1.7684249397329744e-17
13-Jun 11:39:54:INFO:root:-- Outer 3: 0.005451475456313152
13-Jun 11:39:54:INFO:root:------ Middle 1: 0.0005477768838059561
13-Jun 11:39:54:INFO:root:------ Middle 1: 0.0002615292583082476
13-Jun 11:39:54:INFO:root:Starting from 1.669926306012275e-17
13-Jun 11:39:54:INFO:root:-- Outer 4: 0.005481035113682581
13-Jun 11:39:55:INFO:root:------ Middle 2: 0.00035260754793634827
13-Jun 11:39:55:INFO:root:------ Middle 1: 0.0003667561186299202
13-Jun 11:39:55:INFO:root:------ Middle 3: 0.00019997695021558223
13-Jun 11:39:55:INFO:root:Starting from 1.354718026159372e-17
13-Jun 11:39:55:INFO:root:-- Outer 3: 0.005452806196144867
13-Jun 11:39:56:INFO:root:------ Middle 2: 0.00020499609187733694
13-Jun 11:39:56:INFO:root:Starting from 1.9812461115922208e-17
13-Jun 11:39:56:INFO:root:-- Outer 5: 0.0014293302260634376
13-Jun 11:39:56:INFO:root:------ Middle 1: 0.000253710707332614
13-Jun 11:39:56:INFO:root:Starting from 1.8927334987269602e-17
13-Jun 11:39:56:INFO:root:-- Outer 4: 0.005459354038287903
13-Jun 11:39:56:INFO:root:------ Middle 1: 0.00021874126224527717
13-Jun 11:39:56:INFO:root:Starting from 1.5238337251258406e-17
13-Jun 11:39:56:INFO:root:-- Outer 6: 0.0015251293762018289
13-Jun 11:39:56:INFO:root:------ Middle 1: 0.00021079530441173072
13-Jun 11:39:56:INFO:root:Starting from 1.439862768662373e-17
13-Jun 11:39:56:INFO:root:-- Outer 7: 0.0004930526095458216
13-Jun 11:39:56:INFO:root:END Outer loop
13-Jun 11:39:56:INFO:root:Model trade shares: [0.951346, 0.913649, 0.98864]
13-Jun 11:39:56:INFO:root:Data trade shares: [0.959588, 0.937566, 0.971212]
13-Jun 11:39:56:INFO:root:US prices: [0.907377, 0.893915, 0.901773]
13-Jun 11:39:56:INFO:root:in the data: [2.70826, 2.57595, 2.57595]
13-Jun 11:39:56:INFO:root:Nominal world expenditure: 1.7051933145668097e7
13-Jun 11:39:56:INFO:root:--------------In the data: [4.5848e7]
13-Jun 11:39:56:INFO:root:--- Period 24 ---
13-Jun 11:39:56:INFO:root:BEGIN Outer loop
13-Jun 11:39:57:INFO:root:------ Middle 1: 0.0003352610765047428
13-Jun 11:39:57:INFO:root:------ Middle 2: 0.0001879233432809154
13-Jun 11:39:57:INFO:root:Starting from 1.4913929240755207e-17
13-Jun 11:39:57:INFO:root:-- Outer 5: 0.001409542120683328
13-Jun 11:39:57:INFO:root:------ Middle 1: 0.00019913185215739623
13-Jun 11:39:57:INFO:root:Starting from 2.1232989820073366e-17
13-Jun 11:39:57:INFO:root:-- Outer 6: 0.001497616239983715
13-Jun 11:39:58:INFO:root:------ Middle 1: 0.00018104840193797184
13-Jun 11:39:58:INFO:root:Starting from 1.7621158517328297e-17
13-Jun 11:39:58:INFO:root:-- Outer 7: 0.00046961897984575704
13-Jun 11:39:58:INFO:root:END Outer loop
13-Jun 11:39:58:INFO:root:Model trade shares: [0.949654, 0.913515, 0.988645]
13-Jun 11:39:58:INFO:root:Data trade shares: [0.955615, 0.931697, 0.991754]
13-Jun 11:39:58:INFO:root:US prices: [0.902237, 0.889673, 0.908563]
13-Jun 11:39:58:INFO:root:in the data: [2.59006, 2.59665, 2.59665]
13-Jun 11:39:58:INFO:root:Nominal world expenditure: 1.7172331196112648e7
13-Jun 11:39:58:INFO:root:--------------In the data: [4.90999e7]
13-Jun 11:39:58:INFO:root:--- Period 25 ---
13-Jun 11:39:58:INFO:root:BEGIN Outer loop
13-Jun 11:40:01:INFO:root:------ Middle 1: 0.0045861560383102535
13-Jun 11:40:01:INFO:root:------ Middle 2: 0.002528841776688387
13-Jun 11:40:03:INFO:root:------ Middle 3: 0.001955142509897039
13-Jun 11:40:03:INFO:root:------ Middle 4: 0.0010848224492911096
13-Jun 11:40:03:INFO:root:------ Middle 1: 0.004453796482754941
13-Jun 11:40:03:INFO:root:------ Middle 2: 0.002456356102632275
13-Jun 11:40:04:INFO:root:------ Middle 5: 0.000877998384572739
13-Jun 11:40:04:INFO:root:------ Middle 6: 0.0004891474592770027
13-Jun 11:40:04:INFO:root:------ Middle 3: 0.0018991460135043292
13-Jun 11:40:04:INFO:root:------ Middle 7: 0.00038467821351788567
13-Jun 11:40:04:INFO:root:------ Middle 4: 0.0010538860396710756
13-Jun 11:40:04:INFO:root:------ Middle 8: 0.00023967538602666667
13-Jun 11:40:04:INFO:root:Starting from 1.1707714219747481e-17
13-Jun 11:40:04:INFO:root:-- Outer 1: 0.02639938876493384
13-Jun 11:40:05:INFO:root:------ Middle 1: 0.0027520077239515817
13-Jun 11:40:05:INFO:root:------ Middle 5: 0.0008544540246714571
13-Jun 11:40:05:INFO:root:------ Middle 6: 0.0004760696694924929
13-Jun 11:40:06:INFO:root:------ Middle 7: 0.0003751601341517533
13-Jun 11:40:06:INFO:root:------ Middle 8: 0.00022327713100674126
13-Jun 11:40:06:INFO:root:Starting from 1.2160467331026352e-17
13-Jun 11:40:06:INFO:root:-- Outer 1: 0.024722597507984893
13-Jun 11:40:06:INFO:root:------ Middle 1: 0.0026785499046665423
13-Jun 11:40:07:INFO:root:------ Middle 2: 0.00088846517917654
13-Jun 11:40:07:INFO:root:------ Middle 3: 0.0004933309666600658
13-Jun 11:40:07:INFO:root:------ Middle 4: 0.0003658578294926491
13-Jun 11:40:07:INFO:root:------ Middle 5: 0.00022026287519107514
13-Jun 11:40:07:INFO:root:Starting from 1.9030536274741066e-17
13-Jun 11:40:07:INFO:root:-- Outer 2: 0.012343806471788456
13-Jun 11:40:07:INFO:root:------ Middle 1: 0.0005055050545266615
13-Jun 11:40:08:INFO:root:------ Middle 2: 0.0008440956743990357
13-Jun 11:40:08:INFO:root:------ Middle 3: 0.0004690169496950413
13-Jun 11:40:08:INFO:root:------ Middle 4: 0.0003478915729573851
13-Jun 11:40:09:INFO:root:------ Middle 5: 0.00021054776695398033
13-Jun 11:40:09:INFO:root:Starting from 2.08188368137793e-17
13-Jun 11:40:09:INFO:root:-- Outer 2: 0.01180228893866641
13-Jun 11:40:09:INFO:root:------ Middle 1: 0.000504266064663556
13-Jun 11:40:09:INFO:root:------ Middle 2: 0.0003326344537004704
13-Jun 11:40:09:INFO:root:------ Middle 3: 0.00018879264332772816
13-Jun 11:40:09:INFO:root:Starting from 1.8698680124175955e-17
13-Jun 11:40:09:INFO:root:-- Outer 3: 0.0052170973290644835
13-Jun 11:40:09:INFO:root:------ Middle 1: 0.0002064764799184911
13-Jun 11:40:09:INFO:root:Starting from 1.7834909270745075e-17
13-Jun 11:40:09:INFO:root:-- Outer 4: 0.005198253135070995
13-Jun 11:40:10:INFO:root:------ Middle 2: 0.0003147419491019242
13-Jun 11:40:10:INFO:root:------ Middle 3: 0.00017966700722965446
13-Jun 11:40:10:INFO:root:Starting from 1.8476848164792736e-17
13-Jun 11:40:10:INFO:root:-- Outer 3: 0.0050601131942262885
13-Jun 11:40:10:INFO:root:------ Middle 1: 0.00021727815888270506
13-Jun 11:40:10:INFO:root:Starting from 1.497297342585012e-17
13-Jun 11:40:10:INFO:root:-- Outer 4: 0.005037124762825871
13-Jun 11:40:11:INFO:root:------ Middle 1: 0.0002732585957481288
13-Jun 11:40:11:INFO:root:Starting from 1.6276144891990435e-17
13-Jun 11:40:11:INFO:root:-- Outer 5: 0.0012364453587995483
13-Jun 11:40:11:INFO:root:------ Middle 1: 0.00022807552439021872
13-Jun 11:40:11:INFO:root:Starting from 1.942384596058981e-17
13-Jun 11:40:11:INFO:root:-- Outer 6: 0.0012758882161660232
13-Jun 11:40:11:INFO:root:------ Middle 1: 0.00017995334693696364
13-Jun 11:40:11:INFO:root:Starting from 1.4555785326459594e-17
13-Jun 11:40:11:INFO:root:-- Outer 7: 0.0004614252363831052
13-Jun 11:40:11:INFO:root:END Outer loop
13-Jun 11:40:11:INFO:root:Model trade shares: [0.948274, 0.909591, 0.987726]
13-Jun 11:40:11:INFO:root:Data trade shares: [0.950579, 0.929714, 0.991388]
13-Jun 11:40:11:INFO:root:US prices: [0.900833, 0.883942, 0.912893]
13-Jun 11:40:11:INFO:root:in the data: [2.71827, 2.64842, 2.64842]
13-Jun 11:40:11:INFO:root:Nominal world expenditure: 1.7827710413892042e7
13-Jun 11:40:11:INFO:root:--------------In the data: [5.43532e7]
13-Jun 11:40:11:INFO:root:--- Period 26 ---
13-Jun 11:40:11:INFO:root:BEGIN Outer loop
13-Jun 11:40:12:INFO:root:------ Middle 1: 0.000277183730067136
13-Jun 11:40:12:INFO:root:Starting from 1.7043047214616436e-17
13-Jun 11:40:12:INFO:root:-- Outer 5: 0.0012188434496834429
13-Jun 11:40:12:INFO:root:------ Middle 1: 0.0002315260179843284
13-Jun 11:40:12:INFO:root:Starting from 1.9671163252367353e-17
13-Jun 11:40:12:INFO:root:-- Outer 6: 0.001259234337221316
13-Jun 11:40:12:INFO:root:------ Middle 1: 0.00018509612220072005
13-Jun 11:40:13:INFO:root:Starting from 1.491493335576683e-17
13-Jun 11:40:13:INFO:root:-- Outer 7: 0.00046296308496525607
13-Jun 11:40:13:INFO:root:END Outer loop
13-Jun 11:40:13:INFO:root:Model trade shares: [0.946135, 0.910819, 0.986041]
13-Jun 11:40:13:INFO:root:Data trade shares: [0.954902, 0.927282, 0.98849]
13-Jun 11:40:13:INFO:root:US prices: [0.899744, 0.874721, 0.904927]
13-Jun 11:40:13:INFO:root:in the data: [2.81662, 2.76323, 2.76323]
13-Jun 11:40:13:INFO:root:Nominal world expenditure: 1.8057756011035413e7
13-Jun 11:40:13:INFO:root:--------------In the data: [5.52518e7]
13-Jun 11:40:13:INFO:root:--- Period 27 ---
13-Jun 11:40:13:INFO:root:BEGIN Outer loop
13-Jun 11:40:17:INFO:root:------ Middle 1: 0.004406676875293409
13-Jun 11:40:17:INFO:root:------ Middle 2: 0.00242959274138688
13-Jun 11:40:18:INFO:root:------ Middle 1: 0.004227898850609727
13-Jun 11:40:18:INFO:root:------ Middle 2: 0.002331585067109698
13-Jun 11:40:18:INFO:root:------ Middle 3: 0.0018597024358816734
13-Jun 11:40:18:INFO:root:------ Middle 4: 0.0010317561916084372
13-Jun 11:40:19:INFO:root:------ Middle 5: 0.0008327453383305781
13-Jun 11:40:19:INFO:root:------ Middle 3: 0.001793170727004212
13-Jun 11:40:19:INFO:root:------ Middle 6: 0.00046418985052382975
13-Jun 11:40:19:INFO:root:------ Middle 4: 0.0009954812150415795
13-Jun 11:40:19:INFO:root:------ Middle 7: 0.0003656528977664466
13-Jun 11:40:20:INFO:root:------ Middle 8: 0.00022861403841554606
13-Jun 11:40:20:INFO:root:Starting from 1.1980015158975588e-17
13-Jun 11:40:20:INFO:root:-- Outer 1: 0.023160505401614552
13-Jun 11:40:20:INFO:root:------ Middle 1: 0.0026392003713943874
13-Jun 11:40:20:INFO:root:------ Middle 5: 0.0008094589042710464
13-Jun 11:40:20:INFO:root:------ Middle 6: 0.00045184820293468796
13-Jun 11:40:20:INFO:root:------ Middle 7: 0.0003582993753090462
13-Jun 11:40:21:INFO:root:------ Middle 8: 0.00022426311614082682
13-Jun 11:40:21:INFO:root:Starting from 1.1920735376863409e-17
13-Jun 11:40:21:INFO:root:-- Outer 1: 0.021590427870345916
13-Jun 11:40:21:INFO:root:------ Middle 1: 0.0025942366551943347
13-Jun 11:40:22:INFO:root:------ Middle 2: 0.0008387860191669209
13-Jun 11:40:22:INFO:root:------ Middle 3: 0.00046544178335486576
13-Jun 11:40:22:INFO:root:------ Middle 4: 0.00034455143944586697
13-Jun 11:40:22:INFO:root:------ Middle 5: 0.00020845863944590239
13-Jun 11:40:22:INFO:root:Starting from 1.8162464928804544e-17
13-Jun 11:40:22:INFO:root:-- Outer 2: 0.011124436943791912
13-Jun 11:40:22:INFO:root:------ Middle 1: 0.0005472953664851374
13-Jun 11:40:23:INFO:root:------ Middle 2: 0.0008080869967579113
13-Jun 11:40:23:INFO:root:------ Middle 3: 0.0004488789692830229
13-Jun 11:40:23:INFO:root:------ Middle 4: 0.0003331624297228348
13-Jun 11:40:23:INFO:root:------ Middle 5: 0.00020183447252473426
13-Jun 11:40:23:INFO:root:Starting from 2.4711752590398672e-17
13-Jun 11:40:23:INFO:root:-- Outer 2: 0.01054404756336915
13-Jun 11:40:23:INFO:root:------ Middle 1: 0.0005275344284985219
13-Jun 11:40:24:INFO:root:------ Middle 2: 0.0003188997182244967
13-Jun 11:40:24:INFO:root:------ Middle 3: 0.00018134321796169355
13-Jun 11:40:24:INFO:root:Starting from 1.4197467128670767e-17
13-Jun 11:40:24:INFO:root:-- Outer 3: 0.004861346266600441
13-Jun 11:40:24:INFO:root:------ Middle 1: 0.0002876442954112554
13-Jun 11:40:24:INFO:root:Starting from 1.3740313659310504e-17
13-Jun 11:40:24:INFO:root:-- Outer 4: 0.004891398886599682
13-Jun 11:40:25:INFO:root:------ Middle 2: 0.0003058150053441748
13-Jun 11:40:25:INFO:root:------ Middle 3: 0.00017434232131299568
13-Jun 11:40:25:INFO:root:Starting from 1.4281174082225503e-17
13-Jun 11:40:25:INFO:root:-- Outer 3: 0.004607176903095832
13-Jun 11:40:25:INFO:root:------ Middle 1: 0.00026440822477272587
13-Jun 11:40:25:INFO:root:Starting from 1.6746760298083855e-17
13-Jun 11:40:25:INFO:root:-- Outer 4: 0.004625536256671408
13-Jun 11:40:26:INFO:root:------ Middle 1: 0.00035454383735915453
13-Jun 11:40:26:INFO:root:------ Middle 2: 0.00019811731249362588
13-Jun 11:40:26:INFO:root:Starting from 1.575874482462574e-17
13-Jun 11:40:26:INFO:root:-- Outer 5: 0.001282508143586343
13-Jun 11:40:26:INFO:root:------ Middle 1: 0.00020901218687056447
13-Jun 11:40:26:INFO:root:Starting from 1.2828051511354519e-17
13-Jun 11:40:26:INFO:root:-- Outer 6: 0.0013732386387293775
13-Jun 11:40:26:INFO:root:------ Middle 1: 0.00019980430498942476
13-Jun 11:40:26:INFO:root:Starting from 1.6867473221841236e-17
13-Jun 11:40:26:INFO:root:-- Outer 7: 0.0005004263904494206
13-Jun 11:40:26:INFO:root:END Outer loop
13-Jun 11:40:26:INFO:root:Model trade shares: [0.94409, 0.913195, 0.981861]
13-Jun 11:40:26:INFO:root:Data trade shares: [0.951101, 0.932187, 0.983861]
13-Jun 11:40:26:INFO:root:US prices: [0.891192, 0.856289, 0.88341]
13-Jun 11:40:26:INFO:root:in the data: [2.96009, 2.78199, 2.78199]
13-Jun 11:40:26:INFO:root:Nominal world expenditure: 1.801324197028759e7
13-Jun 11:40:26:INFO:root:--------------In the data: [5.49713e7]
13-Jun 11:40:26:INFO:root:--- Period 28 ---
13-Jun 11:40:26:INFO:root:BEGIN Outer loop
13-Jun 11:40:27:INFO:root:------ Middle 1: 0.000322531198521095
13-Jun 11:40:27:INFO:root:------ Middle 2: 0.00018071354632630203
13-Jun 11:40:27:INFO:root:Starting from 1.9801437994272454e-17
13-Jun 11:40:27:INFO:root:-- Outer 5: 0.0011928138226076272
13-Jun 11:40:27:INFO:root:------ Middle 1: 0.0001916069871332404
13-Jun 11:40:27:INFO:root:Starting from 1.8640396010320153e-17
13-Jun 11:40:27:INFO:root:-- Outer 6: 0.0012785777275014687
13-Jun 11:40:27:INFO:root:------ Middle 1: 0.000180284597430148
13-Jun 11:40:27:INFO:root:Starting from 1.907614138219213e-17
13-Jun 11:40:27:INFO:root:-- Outer 7: 0.0004728095624300777
13-Jun 11:40:27:INFO:root:END Outer loop
13-Jun 11:40:27:INFO:root:Model trade shares: [0.94069, 0.915904, 0.982458]
13-Jun 11:40:27:INFO:root:Data trade shares: [0.944757, 0.931965, 0.986375]
13-Jun 11:40:27:INFO:root:US prices: [0.877972, 0.832627, 0.856589]
13-Jun 11:40:27:INFO:root:in the data: [2.85731, 2.74066, 2.74066]
13-Jun 11:40:27:INFO:root:Nominal world expenditure: 1.7558726276199512e7
13-Jun 11:40:27:INFO:root:--------------In the data: [5.4623e7]
13-Jun 11:40:27:INFO:root:--- Period 29 ---
13-Jun 11:40:27:INFO:root:BEGIN Outer loop
13-Jun 11:40:32:INFO:root:------ Middle 1: 0.004070898636051949
13-Jun 11:40:32:INFO:root:------ Middle 2: 0.0022452751411971617
13-Jun 11:40:33:INFO:root:------ Middle 1: 0.0042119501077709206
13-Jun 11:40:33:INFO:root:------ Middle 2: 0.0023223784392849985
13-Jun 11:40:33:INFO:root:------ Middle 3: 0.0017459238976690074
13-Jun 11:40:33:INFO:root:------ Middle 4: 0.0009688086645796135
13-Jun 11:40:34:INFO:root:------ Middle 5: 0.0007894081045974321
13-Jun 11:40:34:INFO:root:------ Middle 6: 0.00044084549815681434
13-Jun 11:40:34:INFO:root:------ Middle 3: 0.0017888115280638324
13-Jun 11:40:34:INFO:root:------ Middle 4: 0.0009921831467785535
13-Jun 11:40:34:INFO:root:------ Middle 7: 0.0003512148826384618
13-Jun 11:40:35:INFO:root:------ Middle 8: 0.000219944497639987
13-Jun 11:40:35:INFO:root:Starting from 1.1889040764183718e-17
13-Jun 11:40:35:INFO:root:-- Outer 1: 0.02071845580971045
13-Jun 11:40:35:INFO:root:------ Middle 1: 0.0025141737232285033
13-Jun 11:40:35:INFO:root:------ Middle 5: 0.0008015651144900948
13-Jun 11:40:35:INFO:root:------ Middle 6: 0.0004474389145277196
13-Jun 11:40:36:INFO:root:------ Middle 7: 0.00035500229995902023
13-Jun 11:40:36:INFO:root:------ Middle 8: 0.00022157566919383541
13-Jun 11:40:36:INFO:root:Starting from 1.1970466579124838e-17
13-Jun 11:40:36:INFO:root:-- Outer 1: 0.0209813801072496
13-Jun 11:40:36:INFO:root:------ Middle 1: 0.002585824832416813
13-Jun 11:40:37:INFO:root:------ Middle 2: 0.0007692436838750235
13-Jun 11:40:37:INFO:root:------ Middle 3: 0.0004277655103895779
13-Jun 11:40:37:INFO:root:------ Middle 4: 0.00031874705942079427
13-Jun 11:40:37:INFO:root:------ Middle 5: 0.00019427405867642123
13-Jun 11:40:37:INFO:root:Starting from 1.9945262804200627e-17
13-Jun 11:40:37:INFO:root:-- Outer 2: 0.010193456453940835
13-Jun 11:40:37:INFO:root:------ Middle 1: 0.0004816538960596608
13-Jun 11:40:38:INFO:root:------ Middle 2: 0.0008119890063912359
13-Jun 11:40:38:INFO:root:------ Middle 3: 0.0004510026834327392
13-Jun 11:40:38:INFO:root:------ Middle 4: 0.00033566424487549375
13-Jun 11:40:39:INFO:root:------ Middle 5: 0.00020411978243141363
13-Jun 11:40:39:INFO:root:Starting from 2.0910578078301972e-17
13-Jun 11:40:39:INFO:root:-- Outer 2: 0.010311332682313734
13-Jun 11:40:39:INFO:root:------ Middle 1: 0.0005142174816224125
13-Jun 11:40:39:INFO:root:------ Middle 2: 0.0002960703479656048
13-Jun 11:40:39:INFO:root:Starting from 2.4703510904012986e-17
13-Jun 11:40:39:INFO:root:-- Outer 3: 0.004450978544941432
13-Jun 11:40:39:INFO:root:------ Middle 1: 0.00022110851622042074
13-Jun 11:40:39:INFO:root:Starting from 1.961247418825431e-17
13-Jun 11:40:39:INFO:root:-- Outer 4: 0.004528825811229206
13-Jun 11:40:40:INFO:root:------ Middle 2: 0.00030316798276598255
13-Jun 11:40:40:INFO:root:------ Middle 3: 0.00017295523726689838
13-Jun 11:40:40:INFO:root:Starting from 1.5229820325829098e-17
13-Jun 11:40:40:INFO:root:-- Outer 3: 0.004504309823414871
13-Jun 11:40:40:INFO:root:------ Middle 1: 0.00024919373946054806
13-Jun 11:40:40:INFO:root:Starting from 1.9986630864811082e-17
13-Jun 11:40:40:INFO:root:-- Outer 4: 0.004515811509882326
13-Jun 11:40:41:INFO:root:------ Middle 1: 0.00030183521998746816
13-Jun 11:40:41:INFO:root:------ Middle 2: 0.00017032868866659738
13-Jun 11:40:41:INFO:root:Starting from 2.294265404956517e-17
13-Jun 11:40:41:INFO:root:-- Outer 5: 0.0011530676388381274
13-Jun 11:40:41:INFO:root:------ Middle 1: 0.00017477646201229278
13-Jun 11:40:41:INFO:root:Starting from 1.520052138339259e-17
13-Jun 11:40:41:INFO:root:-- Outer 6: 0.0012421082243990534
13-Jun 11:40:41:INFO:root:------ Middle 1: 0.00016430284517346608
13-Jun 11:40:41:INFO:root:Starting from 1.6507940922803377e-17
13-Jun 11:40:41:INFO:root:-- Outer 7: 0.000474231990893704
13-Jun 11:40:41:INFO:root:END Outer loop
13-Jun 11:40:41:INFO:root:Model trade shares: [0.940287, 0.920078, 0.982093]
13-Jun 11:40:41:INFO:root:Data trade shares: [0.943324, 0.928045, 0.988948]
13-Jun 11:40:41:INFO:root:US prices: [0.862694, 0.814773, 0.835257]
13-Jun 11:40:41:INFO:root:in the data: [2.94743, 2.7898, 2.7898]
13-Jun 11:40:41:INFO:root:Nominal world expenditure: 1.7388260445412833e7
13-Jun 11:40:41:INFO:root:--------------In the data: [5.65242e7]
13-Jun 11:40:41:INFO:root:--- Period 30 ---
13-Jun 11:40:41:INFO:root:BEGIN Outer loop
13-Jun 11:40:42:INFO:root:------ Middle 1: 0.0003104306103673759
13-Jun 11:40:42:INFO:root:------ Middle 2: 0.00017398098210241527
13-Jun 11:40:42:INFO:root:Starting from 1.9189053085675655e-17
13-Jun 11:40:42:INFO:root:-- Outer 5: 0.0011920762322657867
13-Jun 11:40:42:INFO:root:------ Middle 1: 0.00018443497860888244
13-Jun 11:40:42:INFO:root:Starting from 1.6736199845667587e-17
13-Jun 11:40:42:INFO:root:-- Outer 6: 0.0012721241515913357
13-Jun 11:40:43:INFO:root:------ Middle 1: 0.00017229715014223355
13-Jun 11:40:43:INFO:root:Starting from 1.8951299495513423e-17
13-Jun 11:40:43:INFO:root:-- Outer 7: 0.0004613125707208375
13-Jun 11:40:43:INFO:root:END Outer loop
13-Jun 11:40:43:INFO:root:Model trade shares: [0.945308, 0.919422, 0.983818]
13-Jun 11:40:43:INFO:root:Data trade shares: [0.949239, 0.924453, 0.987338]
13-Jun 11:40:43:INFO:root:US prices: [0.860094, 0.817046, 0.839308]
13-Jun 11:40:43:INFO:root:in the data: [2.95883, 2.79593, 2.79593]
13-Jun 11:40:43:INFO:root:Nominal world expenditure: 1.790450331110547e7
13-Jun 11:40:43:INFO:root:--------------In the data: [5.8302e7]
13-Jun 11:40:43:INFO:root:--- Period 31 ---
13-Jun 11:40:43:INFO:root:BEGIN Outer loop
13-Jun 11:40:47:INFO:root:------ Middle 1: 0.004532408092311082
13-Jun 11:40:47:INFO:root:------ Middle 2: 0.0024987191585192424
13-Jun 11:40:48:INFO:root:------ Middle 1: 0.004960045739722899
13-Jun 11:40:48:INFO:root:------ Middle 2: 0.0027345034342595117
13-Jun 11:40:48:INFO:root:------ Middle 3: 0.0018987679306118393
13-Jun 11:40:48:INFO:root:------ Middle 4: 0.0010532061480925932
13-Jun 11:40:49:INFO:root:------ Middle 3: 0.0020361006495783025
13-Jun 11:40:49:INFO:root:------ Middle 4: 0.001128529545421402
13-Jun 11:40:49:INFO:root:------ Middle 5: 0.000845381130408682
13-Jun 11:40:49:INFO:root:------ Middle 6: 0.00047130329230874574
13-Jun 11:40:50:INFO:root:------ Middle 7: 0.00037035635598419597
13-Jun 11:40:50:INFO:root:------ Middle 8: 0.00023048876479028022
13-Jun 11:40:50:INFO:root:Starting from 1.1657620791358174e-17
13-Jun 11:40:50:INFO:root:-- Outer 1: 0.022215978892439144
13-Jun 11:40:50:INFO:root:------ Middle 5: 0.000885105218505979
13-Jun 11:40:50:INFO:root:------ Middle 1: 0.0027343706247458777
13-Jun 11:40:50:INFO:root:------ Middle 6: 0.0004930212069625456
13-Jun 11:40:50:INFO:root:------ Middle 7: 0.00035003823886979623
13-Jun 11:40:50:INFO:root:------ Middle 8: 0.00022512991174425368
13-Jun 11:40:50:INFO:root:Starting from 1.1658797374487292e-17
13-Jun 11:40:50:INFO:root:-- Outer 1: 0.023729120053184415
13-Jun 11:40:50:INFO:root:------ Middle 1: 0.0028901790862036125
13-Jun 11:40:52:INFO:root:------ Middle 2: 0.0008684343560657744
13-Jun 11:40:52:INFO:root:------ Middle 3: 0.00048210547746973533
13-Jun 11:40:53:INFO:root:------ Middle 2: 0.0009225946945915939
13-Jun 11:40:53:INFO:root:------ Middle 4: 0.00035693390565738983
13-Jun 11:40:53:INFO:root:------ Middle 3: 0.0005123644170968299
13-Jun 11:40:53:INFO:root:------ Middle 5: 0.00021794727633415195
13-Jun 11:40:53:INFO:root:Starting from 2.2218821305222735e-17
13-Jun 11:40:53:INFO:root:-- Outer 2: 0.010770985989582907
13-Jun 11:40:53:INFO:root:------ Middle 1: 0.000535122026801294
13-Jun 11:40:53:INFO:root:------ Middle 4: 0.0003768831328328022
13-Jun 11:40:53:INFO:root:------ Middle 5: 0.00022878222246086637
13-Jun 11:40:53:INFO:root:Starting from 1.9339775151400555e-17
13-Jun 11:40:53:INFO:root:-- Outer 2: 0.011498083921122263
13-Jun 11:40:53:INFO:root:------ Middle 1: 0.0005841894108111411
13-Jun 11:40:55:INFO:root:------ Middle 2: 0.00031720260795402245
13-Jun 11:40:55:INFO:root:------ Middle 3: 0.0001806636297860356
13-Jun 11:40:55:INFO:root:Starting from 1.5812056127427792e-17
13-Jun 11:40:55:INFO:root:-- Outer 3: 0.004676261762073953
13-Jun 11:40:55:INFO:root:------ Middle 1: 0.0002578399978339007
13-Jun 11:40:55:INFO:root:Starting from 1.7330495448943517e-17
13-Jun 11:40:55:INFO:root:-- Outer 4: 0.004678328259203093
13-Jun 11:40:55:INFO:root:------ Middle 2: 0.0003302907264453301
13-Jun 11:40:55:INFO:root:------ Middle 3: 0.00018812428864591223
13-Jun 11:40:55:INFO:root:Starting from 1.5762351615503846e-17
13-Jun 11:40:55:INFO:root:-- Outer 3: 0.005034415958552768
13-Jun 11:40:55:INFO:root:------ Middle 1: 0.0003065951244630022
13-Jun 11:40:56:INFO:root:------ Middle 2: 0.00021362946996610128
13-Jun 11:40:56:INFO:root:Starting from 1.7568752512648674e-17
13-Jun 11:40:56:INFO:root:-- Outer 4: 0.0020666918041735223
13-Jun 11:40:56:INFO:root:------ Middle 1: 0.00023302994296449828
13-Jun 11:40:56:INFO:root:Starting from 2.086929761420543e-17
13-Jun 11:40:56:INFO:root:-- Outer 5: 0.002053731744714857
13-Jun 11:40:56:INFO:root:------ Middle 1: 0.00031193302978914145
13-Jun 11:40:57:INFO:root:------ Middle 2: 0.00017479096384296182
13-Jun 11:40:57:INFO:root:Starting from 1.4914814383359566e-17
13-Jun 11:40:57:INFO:root:-- Outer 5: 0.0012414637314337779
13-Jun 11:40:57:INFO:root:------ Middle 1: 0.00018563440377451746
13-Jun 11:40:57:INFO:root:Starting from 1.762694246984737e-17
13-Jun 11:40:57:INFO:root:-- Outer 6: 0.00132298595423549
13-Jun 11:40:57:INFO:root:------ Middle 1: 0.0002523397546101701
13-Jun 11:40:57:INFO:root:Starting from 1.7624706321178085e-17
13-Jun 11:40:57:INFO:root:-- Outer 6: 0.0005577528932409186
13-Jun 11:40:57:INFO:root:END Outer loop
13-Jun 11:40:57:INFO:root:Model trade shares: [0.937431, 0.901431, 0.976508]
13-Jun 11:40:57:INFO:root:Data trade shares: [0.946294, 0.923226, 0.982471]
13-Jun 11:40:57:INFO:root:US prices: [0.904965, 0.88102, 0.929807]
13-Jun 11:40:57:INFO:root:in the data: [2.69951, 2.89119, 2.89119]
13-Jun 11:40:57:INFO:root:Nominal world expenditure: 2.0451399584419176e7
13-Jun 11:40:57:INFO:root:--------------In the data: [5.96564e7]
13-Jun 11:40:57:INFO:root:--- Period 32 ---
13-Jun 11:40:57:INFO:root:BEGIN Outer loop
13-Jun 11:40:57:INFO:root:------ Middle 1: 0.0001724238626255988
13-Jun 11:40:57:INFO:root:Starting from 1.87934478300209e-17
13-Jun 11:40:57:INFO:root:-- Outer 7: 0.00046250505532882794
13-Jun 11:40:57:INFO:root:END Outer loop
13-Jun 11:40:57:INFO:root:Model trade shares: [0.945809, 0.916539, 0.985116]
13-Jun 11:40:57:INFO:root:Data trade shares: [0.951781, 0.9268, 0.989231]
13-Jun 11:40:57:INFO:root:US prices: [0.871514, 0.843893, 0.873965]
13-Jun 11:40:57:INFO:root:in the data: [2.94894, 2.90959, 2.90959]
13-Jun 11:40:57:INFO:root:Nominal world expenditure: 1.878942419937762e7
13-Jun 11:40:57:INFO:root:--------------In the data: [5.76528e7]
13-Jun 11:40:57:INFO:root:--- Period 33 ---
13-Jun 11:40:57:INFO:root:BEGIN Outer loop
13-Jun 11:41:02:INFO:root:------ Middle 1: 0.005230536039425687
13-Jun 11:41:02:INFO:root:------ Middle 2: 0.00288367212065027
13-Jun 11:41:02:INFO:root:------ Middle 1: 0.005387586320247186
13-Jun 11:41:02:INFO:root:------ Middle 2: 0.0029707006942482966
13-Jun 11:41:03:INFO:root:------ Middle 3: 0.0021330366335848214
13-Jun 11:41:03:INFO:root:------ Middle 4: 0.001181690626130734
13-Jun 11:41:03:INFO:root:------ Middle 3: 0.002191834607555229
13-Jun 11:41:03:INFO:root:------ Middle 4: 0.0012141044860611392
13-Jun 11:41:04:INFO:root:------ Middle 5: 0.0009233634485310193
13-Jun 11:41:04:INFO:root:------ Middle 5: 0.0009388764414493268
13-Jun 11:41:04:INFO:root:------ Middle 6: 0.0005138304316457877
13-Jun 11:41:04:INFO:root:------ Middle 6: 0.0005204100507205773
13-Jun 11:41:04:INFO:root:------ Middle 7: 0.0003615315846999046
13-Jun 11:41:04:INFO:root:------ Middle 7: 0.00036222591483978887
13-Jun 11:41:04:INFO:root:------ Middle 8: 0.00023193275001507572
13-Jun 11:41:04:INFO:root:Starting from 1.2042534644760159e-17
13-Jun 11:41:04:INFO:root:-- Outer 1: 0.025229077629744925
13-Jun 11:41:04:INFO:root:------ Middle 8: 0.00023216482744823591
13-Jun 11:41:04:INFO:root:Starting from 1.1971788252366792e-17
13-Jun 11:41:04:INFO:root:-- Outer 1: 0.02575841935350794
13-Jun 11:41:04:INFO:root:------ Middle 1: 0.0031302551659441544
13-Jun 11:41:04:INFO:root:------ Middle 1: 0.003168621455999603
13-Jun 11:41:06:INFO:root:------ Middle 2: 0.0010229138828502296
13-Jun 11:41:06:INFO:root:------ Middle 2: 0.000988861128755203
13-Jun 11:41:06:INFO:root:------ Middle 3: 0.000568902554626846
13-Jun 11:41:06:INFO:root:------ Middle 3: 0.0005494611600610447
13-Jun 11:41:07:INFO:root:------ Middle 4: 0.00041476277665034045
13-Jun 11:41:07:INFO:root:------ Middle 4: 0.0004020702610177769
13-Jun 11:41:07:INFO:root:------ Middle 5: 0.00025192665742231117
13-Jun 11:41:07:INFO:root:Starting from 1.1855532663087241e-17
13-Jun 11:41:07:INFO:root:-- Outer 2: 0.012197040642190557
13-Jun 11:41:07:INFO:root:------ Middle 5: 0.0002440168744375809
13-Jun 11:41:07:INFO:root:Starting from 1.4439959478222235e-17
13-Jun 11:41:07:INFO:root:-- Outer 2: 0.012159926560552151
13-Jun 11:41:07:INFO:root:------ Middle 1: 0.0005959035136693503
13-Jun 11:41:07:INFO:root:------ Middle 1: 0.0007776239086263267
13-Jun 11:41:08:INFO:root:------ Middle 2: 0.00034786579711939956
13-Jun 11:41:08:INFO:root:------ Middle 2: 0.0003687174778379916
13-Jun 11:41:08:INFO:root:------ Middle 3: 0.00019851713027974426
13-Jun 11:41:08:INFO:root:Starting from 1.5817373559807354e-17
13-Jun 11:41:08:INFO:root:-- Outer 3: 0.005309900059718175
13-Jun 11:41:08:INFO:root:------ Middle 3: 0.00020869785054780153
13-Jun 11:41:08:INFO:root:Starting from 1.2748407570537197e-17
13-Jun 11:41:08:INFO:root:-- Outer 3: 0.005502108323063567
13-Jun 11:41:08:INFO:root:------ Middle 1: 0.0003180843145731948
13-Jun 11:41:08:INFO:root:------ Middle 1: 0.00046983659071503196
13-Jun 11:41:09:INFO:root:------ Middle 2: 0.00022849920390701034
13-Jun 11:41:09:INFO:root:Starting from 1.607621909919788e-17
13-Jun 11:41:09:INFO:root:-- Outer 4: 0.00220843791545076
13-Jun 11:41:09:INFO:root:------ Middle 2: 0.0002597195092462716
13-Jun 11:41:09:INFO:root:Starting from 1.8027648675075016e-17
13-Jun 11:41:09:INFO:root:-- Outer 4: 0.0024802334525501615
13-Jun 11:41:09:INFO:root:------ Middle 1: 0.00025231066559943744
13-Jun 11:41:09:INFO:root:Starting from 1.40780632470237e-17
13-Jun 11:41:09:INFO:root:-- Outer 5: 0.002205713148155276
13-Jun 11:41:09:INFO:root:------ Middle 1: 0.0003621880950011303
13-Jun 11:41:10:INFO:root:------ Middle 2: 0.00019226814714955396
13-Jun 11:41:10:INFO:root:Starting from 1.5622173861778572e-17
13-Jun 11:41:10:INFO:root:-- Outer 5: 0.0014149629743309001
13-Jun 11:41:10:INFO:root:------ Middle 1: 0.00028830344674545
13-Jun 11:41:10:INFO:root:Starting from 1.4791019187926752e-17
13-Jun 11:41:10:INFO:root:-- Outer 6: 0.0007372438525507896
13-Jun 11:41:10:INFO:root:END Outer loop
13-Jun 11:41:10:INFO:root:Model trade shares: [0.95102, 0.905796, 0.977367]
13-Jun 11:41:10:INFO:root:Data trade shares: [0.95528, 0.914832, 0.982791]
13-Jun 11:41:10:INFO:root:US prices: [1.03956, 0.9551, 1.04641]
13-Jun 11:41:10:INFO:root:in the data: [3.32883, 3.15407, 3.15407]
13-Jun 11:41:10:INFO:root:Nominal world expenditure: 2.601027427142633e7
13-Jun 11:41:10:INFO:root:--------------In the data: [7.56745e7]
13-Jun 11:41:10:INFO:root:------ Middle 1: 0.0002712542392614101
13-Jun 11:41:10:INFO:root:Starting from 1.9810046974996365e-17
13-Jun 11:41:10:INFO:root:-- Outer 6: 0.0014750274009690445
13-Jun 11:41:10:INFO:root:--- Period 34 ---
13-Jun 11:41:10:INFO:root:BEGIN Outer loop
13-Jun 11:41:10:INFO:root:------ Middle 1: 0.0002992044658710773
13-Jun 11:41:10:INFO:root:Starting from 1.845615404493199e-17
13-Jun 11:41:10:INFO:root:-- Outer 7: 0.0005599280882492139
13-Jun 11:41:10:INFO:root:END Outer loop
13-Jun 11:41:10:INFO:root:Model trade shares: [0.937321, 0.878214, 0.978658]
13-Jun 11:41:10:INFO:root:Data trade shares: [0.95138, 0.919234, 0.983181]
13-Jun 11:41:10:INFO:root:US prices: [0.955729, 0.916246, 0.993538]
13-Jun 11:41:10:INFO:root:in the data: [3.11354, 3.01039, 3.01039]
13-Jun 11:41:10:INFO:root:Nominal world expenditure: 2.2477320665825106e7
13-Jun 11:41:10:INFO:root:--------------In the data: [6.70931e7]
13-Jun 11:41:10:INFO:root:--- Period 35 ---
13-Jun 11:41:10:INFO:root:BEGIN Outer loop
13-Jun 11:41:14:INFO:root:------ Middle 1: 0.00525641664571822
13-Jun 11:41:14:INFO:root:------ Middle 2: 0.0028985967844789005
13-Jun 11:41:15:INFO:root:------ Middle 1: 0.005143893779629054
13-Jun 11:41:15:INFO:root:------ Middle 2: 0.002836447571186066
13-Jun 11:41:15:INFO:root:------ Middle 3: 0.0021375671590531603
13-Jun 11:41:15:INFO:root:------ Middle 4: 0.0011838125542147336
13-Jun 11:41:16:INFO:root:------ Middle 3: 0.002071087925400161
13-Jun 11:41:16:INFO:root:------ Middle 4: 0.0011467266139644082
13-Jun 11:41:16:INFO:root:------ Middle 5: 0.0009207737518613376
13-Jun 11:41:16:INFO:root:------ Middle 6: 0.000510605746447451
13-Jun 11:41:17:INFO:root:------ Middle 5: 0.0008890885009527077
13-Jun 11:41:17:INFO:root:------ Middle 7: 0.0003568572463114123
13-Jun 11:41:17:INFO:root:------ Middle 6: 0.0004929220589342884
13-Jun 11:41:17:INFO:root:------ Middle 8: 0.00022890288323605296
13-Jun 11:41:17:INFO:root:Starting from 1.171549365165252e-17
13-Jun 11:41:17:INFO:root:-- Outer 1: 0.02506024383087898
13-Jun 11:41:17:INFO:root:------ Middle 1: 0.0030121621855786276
13-Jun 11:41:17:INFO:root:------ Middle 7: 0.00034249337497419067
13-Jun 11:41:17:INFO:root:------ Middle 8: 0.0002204884291238838
13-Jun 11:41:17:INFO:root:Starting from 1.1999402483122314e-17
13-Jun 11:41:17:INFO:root:-- Outer 1: 0.022819595835791157
13-Jun 11:41:17:INFO:root:------ Middle 1: 0.002694835189807898
13-Jun 11:41:18:INFO:root:------ Middle 2: 0.0009672859181155353
13-Jun 11:41:18:INFO:root:------ Middle 3: 0.0005374185549342555
13-Jun 11:41:19:INFO:root:------ Middle 2: 0.0008253750251076743
13-Jun 11:41:19:INFO:root:------ Middle 3: 0.0004597193474234865
13-Jun 11:41:19:INFO:root:------ Middle 4: 0.00039156555430409483
13-Jun 11:41:19:INFO:root:------ Middle 5: 0.00023826933496638673
13-Jun 11:41:19:INFO:root:Starting from 1.8368045915412558e-17
13-Jun 11:41:19:INFO:root:-- Outer 2: 0.011948020752809605
13-Jun 11:41:19:INFO:root:------ Middle 1: 0.0005919006698805272
13-Jun 11:41:19:INFO:root:------ Middle 4: 0.0003337192301606307
13-Jun 11:41:19:INFO:root:------ Middle 5: 0.00020306772896102332
13-Jun 11:41:19:INFO:root:Starting from 1.5199633592998188e-17
13-Jun 11:41:19:INFO:root:-- Outer 2: 0.01111972337040596
13-Jun 11:41:19:INFO:root:------ Middle 1: 0.0006421941600937884
13-Jun 11:41:20:INFO:root:------ Middle 2: 0.00033967263363178523
13-Jun 11:41:20:INFO:root:------ Middle 3: 0.00019434987407449444
13-Jun 11:41:20:INFO:root:Starting from 1.539701677973364e-17
13-Jun 11:41:20:INFO:root:-- Outer 3: 0.005313217637249374
13-Jun 11:41:21:INFO:root:------ Middle 1: 0.0003399020143400032
13-Jun 11:41:21:INFO:root:------ Middle 2: 0.000322342206919651
13-Jun 11:41:21:INFO:root:------ Middle 3: 0.0001842437789862722
13-Jun 11:41:21:INFO:root:Starting from 1.8442755956749294e-17
13-Jun 11:41:21:INFO:root:-- Outer 3: 0.005102091322764897
13-Jun 11:41:21:INFO:root:------ Middle 1: 0.00037069091071917864
13-Jun 11:41:21:INFO:root:------ Middle 2: 0.0002397618955752298
13-Jun 11:41:21:INFO:root:Starting from 1.41056883275731e-17
13-Jun 11:41:21:INFO:root:-- Outer 4: 0.0022733091398042314
13-Jun 11:41:22:INFO:root:------ Middle 1: 0.00028047172142831565
13-Jun 11:41:22:INFO:root:Starting from 1.5038676031569165e-17
13-Jun 11:41:22:INFO:root:-- Outer 5: 0.002271110763138119
13-Jun 11:41:22:INFO:root:------ Middle 2: 0.0002294695095008747
13-Jun 11:41:22:INFO:root:Starting from 2.0047430944836345e-17
13-Jun 11:41:22:INFO:root:-- Outer 4: 0.0023299086279803417
13-Jun 11:41:22:INFO:root:------ Middle 1: 0.00028962414057058267
13-Jun 11:41:22:INFO:root:Starting from 1.533098675928652e-17
13-Jun 11:41:22:INFO:root:-- Outer 5: 0.002377073474591894
13-Jun 11:41:22:INFO:root:------ Middle 1: 0.00032693713952668065
13-Jun 11:41:22:INFO:root:------ Middle 1: 0.0003257306565163078
13-Jun 11:41:22:INFO:root:------ Middle 2: 0.00018974497941195038
13-Jun 11:41:22:INFO:root:Starting from 1.5800657337004806e-17
13-Jun 11:41:22:INFO:root:-- Outer 6: 0.0008389156037224812
13-Jun 11:41:22:INFO:root:END Outer loop
13-Jun 11:41:22:INFO:root:Model trade shares: [0.956091, 0.899917, 0.970869]
13-Jun 11:41:22:INFO:root:Data trade shares: [0.956446, 0.911974, 0.985299]
13-Jun 11:41:22:INFO:root:US prices: [1.127, 0.984447, 1.08572]
13-Jun 11:41:22:INFO:root:in the data: [3.74316, 3.20378, 3.20378]
13-Jun 11:41:22:INFO:root:Nominal world expenditure: 2.976600776180291e7
13-Jun 11:41:22:INFO:root:--------------In the data: [8.18345e7]
13-Jun 11:41:22:INFO:root:--- Period 36 ---
13-Jun 11:41:22:INFO:root:BEGIN Outer loop
13-Jun 11:41:23:INFO:root:------ Middle 2: 0.00018886431015912512
13-Jun 11:41:23:INFO:root:Starting from 1.5845551564529546e-17
13-Jun 11:41:23:INFO:root:-- Outer 6: 0.0008512333754983279
13-Jun 11:41:23:INFO:root:END Outer loop
13-Jun 11:41:23:INFO:root:Model trade shares: [0.95978, 0.889969, 0.96037]
13-Jun 11:41:23:INFO:root:Data trade shares: [0.954831, 0.902146, 0.983572]
13-Jun 11:41:23:INFO:root:US prices: [1.20821, 1.00881, 1.10135]
13-Jun 11:41:23:INFO:root:in the data: [3.88449, 3.20236, 3.20236]
13-Jun 11:41:23:INFO:root:Nominal world expenditure: 3.243466059129075e7
13-Jun 11:41:23:INFO:root:--------------In the data: [8.8489e7]
13-Jun 11:41:27:INFO:root:------ Middle 1: 0.004546237177243527
13-Jun 11:41:27:INFO:root:------ Middle 2: 0.00250647606311825
13-Jun 11:41:28:INFO:root:------ Middle 3: 0.0018574269402752686
13-Jun 11:41:28:INFO:root:------ Middle 4: 0.0010278104292196597
13-Jun 11:41:29:INFO:root:------ Middle 5: 0.000809629850741379
13-Jun 11:41:29:INFO:root:------ Middle 6: 0.0004498438588928347
13-Jun 11:41:29:INFO:root:------ Middle 7: 0.00031434431362040947
13-Jun 11:41:29:INFO:root:------ Middle 8: 0.0002053156066097331
13-Jun 11:41:29:INFO:root:Starting from 1.1781334439935704e-17
13-Jun 11:41:29:INFO:root:-- Outer 1: 0.01929772636451063
13-Jun 11:41:30:INFO:root:------ Middle 1: 0.002352842115448125
13-Jun 11:41:31:INFO:root:------ Middle 2: 0.00070487878981195
13-Jun 11:41:31:INFO:root:------ Middle 3: 0.0003906044794403505
13-Jun 11:41:31:INFO:root:------ Middle 4: 0.000284481078178453
13-Jun 11:41:31:INFO:root:Starting from 1.822551575423895e-17
13-Jun 11:41:31:INFO:root:-- Outer 2: 0.009633287761055005
13-Jun 11:41:32:INFO:root:------ Middle 1: 0.0004664872905772924
13-Jun 11:41:33:INFO:root:------ Middle 2: 0.00028256426002182776
13-Jun 11:41:33:INFO:root:Starting from 2.383538121584987e-17
13-Jun 11:41:33:INFO:root:-- Outer 3: 0.004276873999906347
13-Jun 11:41:33:INFO:root:------ Middle 1: 0.000236627427598923
13-Jun 11:41:33:INFO:root:Starting from 1.4217968174386953e-17
13-Jun 11:41:33:INFO:root:-- Outer 4: 0.004225811778809214
13-Jun 11:41:34:INFO:root:------ Middle 1: 0.00028600500300670034
13-Jun 11:41:34:INFO:root:Starting from 1.7007665942917995e-17
13-Jun 11:41:34:INFO:root:-- Outer 5: 0.0010152174791198541
13-Jun 11:41:34:INFO:root:------ Middle 1: 0.00023247293070915127
13-Jun 11:41:34:INFO:root:Starting from 1.5164577158416197e-17
13-Jun 11:41:34:INFO:root:-- Outer 6: 0.0010722711935724784
13-Jun 11:41:35:INFO:root:------ Middle 1: 0.00020573951313411222
13-Jun 11:41:35:INFO:root:Starting from 1.5187363639814297e-17
13-Jun 11:41:35:INFO:root:-- Outer 7: 0.0005059574843287984
13-Jun 11:41:35:INFO:root:END Outer loop
13-Jun 11:41:35:INFO:root:Model trade shares: [0.954958, 0.884105, 0.979539]
13-Jun 11:41:35:INFO:root:Data trade shares: [0.955026, 0.900005, 0.981768]
13-Jun 11:41:35:INFO:root:US prices: [1.27433, 1.02335, 1.10904]
13-Jun 11:41:35:INFO:root:in the data: [4.23838, 3.41193, 3.41193]
13-Jun 11:41:35:INFO:root:Nominal world expenditure: 3.357806792011546e7
13-Jun 11:41:35:INFO:root:--------------In the data: [9.98292e7]
270.462771 seconds (913.62 k allocations: 654.625 MiB, 0.07% gc time)
