WARNING: Method definition warn(Any...) in module Base at util.jl:589 overwritten in module Logging at //////////////////////////////////////////////////////////home/ubuntu/JuliaPro-0.6.2.1/JuliaPro/pkgs-0.6.2.1/v0.6/Logging/src/Logging.jl:115.
WARNING: Method definition info(Any...) in module Base at util.jl:534 overwritten in module Logging at //////////////////////////////////////////////////////////home/ubuntu/JuliaPro-0.6.2.1/JuliaPro/pkgs-0.6.2.1/v0.6/Logging/src/Logging.jl:115.
WARNING: Method definition warn(Any...) in module Base at util.jl:589 overwritten in module Logging at //////////////////////////////////////////////////////////home/ubuntu/JuliaPro-0.6.2.1/JuliaPro/pkgs-0.6.2.1/v0.6/Logging/src/Logging.jl:115.
WARNING: Method definition info(Any...) in module Base at util.jl:534 overwritten in module Logging at //////////////////////////////////////////////////////////home/ubuntu/JuliaPro-0.6.2.1/JuliaPro/pkgs-0.6.2.1/v0.6/Logging/src/Logging.jl:115.
WARNING: Method definition warn(Any...) in module Base at util.jl:589 overwritten in module Logging at //////////////////////////////////////////////////////////home/ubuntu/JuliaPro-0.6.2.1/JuliaPro/pkgs-0.6.2.1/v0.6/Logging/src/Logging.jl:115.
WARNING: Method definition info(Any...) in module Base at util.jl:534 overwritten in module Logging at //////////////////////////////////////////////////////////home/ubuntu/JuliaPro-0.6.2.1/JuliaPro/pkgs-0.6.2.1/v0.6/Logging/src/Logging.jl:115.
WARNING: Method definition warn(Any...) in module Base at util.jl:589 overwritten in module Logging at //////////////////////////////////////////////////////////home/ubuntu/JuliaPro-0.6.2.1/JuliaPro/pkgs-0.6.2.1/v0.6/Logging/src/Logging.jl:115.
WARNING: Method definition info(Any...) in module Base at util.jl:534 overwritten in module Logging at //////////////////////////////////////////////////////////home/ubuntu/JuliaPro-0.6.2.1/JuliaPro/pkgs-0.6.2.1/v0.6/Logging/src/Logging.jl:115.
WARNING: Method definition warn(Any...) in module Base at util.jl:589 overwritten in module Logging at //////////////////////////////////////////////////////////home/ubuntu/JuliaPro-0.6.2.1/JuliaPro/pkgs-0.6.2.1/v0.6/Logging/src/Logging.jl:115.
WARNING: Method definition info(Any...) in module Base at util.jl:534 overwritten in module Logging at //////////////////////////////////////////////////////////home/ubuntu/JuliaPro-0.6.2.1/JuliaPro/pkgs-0.6.2.1/v0.6/Logging/src/Logging.jl:115.
WARNING: Method definition WARNING: Method definition warn(warn(Any...Any)... in module Base) at util.jl:589 in module Base overwritten at util.jl:589 in module Logging overwritten in module Logging at //////////////////////////////////////////////////////////home/ubuntu/JuliaPro-0.6.2.1/JuliaPro/pkgs-0.6.2.1/v0.6/Logging/src/Logging.jl:115.
 at //////////////////////////////////////////////////////////home/ubuntu/JuliaPro-0.6.2.1/JuliaPro/pkgs-0.6.2.1/v0.6/Logging/src/Logging.jl:115.
WARNING: Method definition warn(Any...) in module Base at util.jl:589 overwritten in module Logging at //////////////////////////////////////////////////////////home/ubuntu/JuliaPro-0.6.2.1/JuliaPro/pkgs-0.6.2.1/v0.6/Logging/src/Logging.jl:115WARNING: Method definition .
WARNING: Method definition infoinfo((AnyAny......)) in module Base in module Base at util.jl:534 at util.jl:534 overwritten overwritten in module Logging in module Logging at //////////////////////////////////////////////////////////home/ubuntu/JuliaPro-0.6.2.1/JuliaPro/pkgs-0.6.2.1/v0.6/Logging/src/Logging.jl:115 at //////////////////////////////////////////////////////////home/ubuntu/JuliaPro-0.6.2.1/JuliaPro/pkgs-0.6.2.1/v0.6/Logging/src/Logging.jl:115.
.
WARNING: Method definition info(Any...) in module Base at util.jl:534 overwritten in module Logging at //////////////////////////////////////////////////////////home/ubuntu/JuliaPro-0.6.2.1/JuliaPro/pkgs-0.6.2.1/v0.6/Logging/src/Logging.jl:115.
WARNING: Method definition warn(Any...) in module Base at util.jl:589 overwritten in module Logging at //////////////////////////////////////////////////////////home/ubuntu/JuliaPro-0.6.2.1/JuliaPro/pkgs-0.6.2.1/v0.6/Logging/src/Logging.jl:115.
WARNING: Method definition info(Any...) in module Base at util.jl:534 overwritten in module Logging at //////////////////////////////////////////////////////////home/ubuntu/JuliaPro-0.6.2.1/JuliaPro/pkgs-0.6.2.1/v0.6/Logging/src/Logging.jl:115.
WARNING: Method definition WARNING: Method definition warn(warnAny(...Any)... in module Base) at util.jl:589 in module Base overwritten at util.jl:589 in module Logging overwritten at //////////////////////////////////////////////////////////home/ubuntu/JuliaPro-0.6.2.1/JuliaPro/pkgs-0.6.2.1/v0.6/Logging/src/Logging.jl:115 in module Logging.
 at //////////////////////////////////////////////////////////home/ubuntu/JuliaPro-0.6.2.1/JuliaPro/pkgs-0.6.2.1/v0.6/Logging/src/Logging.jl:115.
WARNING: Method definition info(AnyWARNING: Method definition ...info)( in module BaseAny at util.jl:534... overwritten) in module Logging in module Base at //////////////////////////////////////////////////////////home/ubuntu/JuliaPro-0.6.2.1/JuliaPro/pkgs-0.6.2.1/v0.6/Logging/src/Logging.jl:115 at util.jl:534.
 overwritten in module Logging at //////////////////////////////////////////////////////////home/ubuntu/JuliaPro-0.6.2.1/JuliaPro/pkgs-0.6.2.1/v0.6/Logging/src/Logging.jl:115.
WARNING: Method definition warn(Any...) in module Base at util.jl:589 overwritten in module Logging at //////////////////////////////////////////////////////////home/ubuntu/JuliaPro-0.6.2.1/JuliaPro/pkgs-0.6.2.1/v0.6/Logging/src/Logging.jl:115.
WARNING: Method definition info(Any...) in module Base at util.jl:534 overwritten in module Logging at //////////////////////////////////////////////////////////home/ubuntu/JuliaPro-0.6.2.1/JuliaPro/pkgs-0.6.2.1/v0.6/Logging/src/Logging.jl:115.
WARNING: Method definition warn(Any...) in module Base at util.jl:589 overwritten in module Logging at //////////////////////////////////////////////////////////home/ubuntu/JuliaPro-0.6.2.1/JuliaPro/pkgs-0.6.2.1/v0.6/Logging/src/Logging.jl:115.
WARNING: Method definition info(Any...) in module Base at util.jl:534 overwritten in module Logging at //////////////////////////////////////////////////////////home/ubuntu/JuliaPro-0.6.2.1/JuliaPro/pkgs-0.6.2.1/v0.6/Logging/src/Logging.jl:115.
08-Feb 08:25:37:INFO:root:--- Period 3 ---
08-Feb 08:25:37:INFO:root:--- Period 6 ---
08-Feb 08:25:37:INFO:root:--- Period 8 ---
08-Feb 08:25:37:INFO:root:--- Period 4 ---
08-Feb 08:25:37:INFO:root:--- Period 2 ---
08-Feb 08:25:37:INFO:root:--- Period 1 ---
08-Feb 08:25:37:INFO:root:--- Period 9 ---
08-Feb 08:25:37:INFO:root:--- Period 7 ---
08-Feb 08:25:37:INFO:root:--- Period 5 ---
08-Feb 08:25:37:INFO:root:--- Period 10 ---
08-Feb 08:25:37:INFO:root:--- Period 11 ---
08-Feb 08:25:37:INFO:root:--- Period 12 ---
08-Feb 08:25:40:INFO:root:BEGIN Outer loop
08-Feb 08:25:40:INFO:root:BEGIN Outer loop
08-Feb 08:25:40:INFO:root:BEGIN Outer loop
08-Feb 08:25:40:INFO:root:BEGIN Outer loop
08-Feb 08:25:41:INFO:root:BEGIN Outer loop
08-Feb 08:25:41:INFO:root:BEGIN Outer loop
08-Feb 08:25:41:INFO:root:BEGIN Outer loop
08-Feb 08:25:41:INFO:root:BEGIN Outer loop
08-Feb 08:25:41:INFO:root:BEGIN Outer loop
08-Feb 08:25:41:INFO:root:BEGIN Outer loop
08-Feb 08:25:41:INFO:root:BEGIN Outer loop
08-Feb 08:25:41:INFO:root:BEGIN Outer loop
08-Feb 08:25:45:INFO:root:------ Middle 1: 0.005354721993848949
08-Feb 08:25:45:INFO:root:------ Middle 2: 0.003371592305151127
08-Feb 08:25:45:INFO:root:------ Middle 3: 0.0018574582700246135
08-Feb 08:25:46:INFO:root:------ Middle 4: 0.001437807849619338
08-Feb 08:25:46:INFO:root:------ Middle 5: 0.0008013114284135679
08-Feb 08:25:46:INFO:root:------ Middle 6: 0.0006317157913715987
08-Feb 08:25:46:INFO:root:------ Middle 7: 0.00035171827710500425
08-Feb 08:25:46:INFO:root:------ Middle 8: 0.0003042556573567272
08-Feb 08:25:46:INFO:root:------ Middle 9: 0.00016898684220576987
08-Feb 08:25:46:INFO:root:Starting from 1.110219423122857e-17
08-Feb 08:25:47:INFO:root:-- Outer 1: 0.040660555273459124
08-Feb 08:25:47:INFO:root:------ Middle 1: 0.002525021317480031
08-Feb 08:25:47:INFO:root:------ Middle 2: 0.0008802392641466915
08-Feb 08:25:47:INFO:root:------ Middle 3: 0.0004941004391289378
08-Feb 08:25:47:INFO:root:------ Middle 4: 0.0003868144250785118
08-Feb 08:25:47:INFO:root:------ Middle 5: 0.0002080650027609134
08-Feb 08:25:47:INFO:root:Starting from 1.0664254268997725e-17
08-Feb 08:25:47:INFO:root:-- Outer 2: 0.017473534754933285
08-Feb 08:25:47:INFO:root:------ Middle 1: 0.0005505247809604041
08-Feb 08:25:47:INFO:root:------ Middle 2: 0.0003309248880596393
08-Feb 08:25:47:INFO:root:------ Middle 3: 0.00019751720902443594
08-Feb 08:25:47:INFO:root:Starting from 8.758770182895064e-18
08-Feb 08:25:47:INFO:root:-- Outer 3: 0.007310293298898168
08-Feb 08:25:47:INFO:root:------ Middle 1: 0.00016536216338563662
08-Feb 08:25:47:INFO:root:Starting from 1.1590036491652587e-17
08-Feb 08:25:47:INFO:root:-- Outer 4: 0.007209539619925179
08-Feb 08:25:47:INFO:root:------ Middle 1: 0.00021010479524363412
08-Feb 08:25:47:INFO:root:Starting from 9.746525266743077e-18
08-Feb 08:25:47:INFO:root:-- Outer 5: 0.00149680358892245
08-Feb 08:25:47:INFO:root:------ Middle 1: 0.00018744748803008505
08-Feb 08:25:47:INFO:root:Starting from 7.649792744504327e-18
08-Feb 08:25:47:INFO:root:-- Outer 6: 0.0016454030761997908
08-Feb 08:25:47:INFO:root:------ Middle 1: 0.00011237200394347898
08-Feb 08:25:47:INFO:root:Starting from 1.0753277834859289e-17
08-Feb 08:25:47:INFO:root:-- Outer 7: 0.00021800370710272902
08-Feb 08:25:47:INFO:root:END Outer loop
08-Feb 08:25:48:INFO:root:Model trade shares: [0.971358, 0.942021, 0.995651]
08-Feb 08:25:48:INFO:root:Data trade shares: [0.970499, 0.941882, 0.994321]
08-Feb 08:25:48:INFO:root:US prices: [1.01727, 1.01623, 1.01572]
08-Feb 08:25:48:INFO:root:in the data: [1.0, 1.0, 1.0]
08-Feb 08:25:48:INFO:root:Nominal world expenditure: 8.235542603681928e6
08-Feb 08:25:48:INFO:root:--------------In the data: [8.33469e6]
08-Feb 08:25:49:INFO:root:--- Period 13 ---
08-Feb 08:25:49:INFO:root:BEGIN Outer loop
08-Feb 08:26:00:INFO:root:------ Middle 1: 0.0042944381804117405
08-Feb 08:26:01:INFO:root:------ Middle 1: 0.004930940878929457
08-Feb 08:26:01:INFO:root:------ Middle 2: 0.002715090912185358
08-Feb 08:26:03:INFO:root:------ Middle 2: 0.002713892942890608
08-Feb 08:26:04:INFO:root:------ Middle 3: 0.0021622022959589078
08-Feb 08:26:04:INFO:root:------ Middle 3: 0.0020999341334787475
08-Feb 08:26:04:INFO:root:------ Middle 4: 0.0016411598336002256
08-Feb 08:26:06:INFO:root:------ Middle 4: 0.001337385984392534
08-Feb 08:26:06:INFO:root:------ Middle 5: 0.0015634108216903268
08-Feb 08:26:06:INFO:root:------ Middle 5: 0.0010321872924822682
08-Feb 08:26:07:INFO:root:------ Middle 6: 0.0014739088054345566
08-Feb 08:26:08:INFO:root:------ Middle 6: 0.0010881420531978147
08-Feb 08:26:08:INFO:root:------ Middle 7: 0.0006090036428405568
08-Feb 08:26:11:INFO:root:------ Middle 8: 0.00040230173448163484
08-Feb 08:26:11:INFO:root:------ Middle 1: 0.004064443330128725
08-Feb 08:26:11:INFO:root:------ Middle 9: 0.0002865425695176804
08-Feb 08:26:12:INFO:root:Starting from 1.2532361252206822e-17
08-Feb 08:26:12:INFO:root:------ Middle 7: 0.0008713873455316104
08-Feb 08:26:12:INFO:root:-- Outer 1: 0.028709565172279086
08-Feb 08:26:13:INFO:root:------ Middle 2: 0.00254239411612989
08-Feb 08:26:13:INFO:root:------ Middle 1: 0.004640292046622284
08-Feb 08:26:13:INFO:root:------ Middle 3: 0.0014105411342641538
08-Feb 08:26:13:INFO:root:------ Middle 1: 0.003591615352279802
08-Feb 08:26:14:INFO:root:------ Middle 8: 0.0005275597597348406
08-Feb 08:26:14:INFO:root:------ Middle 9: 0.0002941906366830795
08-Feb 08:26:14:INFO:root:------ Middle 4: 0.0011154351346467008
08-Feb 08:26:15:INFO:root:------ Middle 1: 0.00064159917472427
08-Feb 08:26:15:INFO:root:------ Middle 5: 0.0006261801277574643
08-Feb 08:26:15:INFO:root:------ Middle 2: 0.00035261287227412113
08-Feb 08:26:15:INFO:root:Starting from 1.2027325223057458e-17
08-Feb 08:26:15:INFO:root:------ Middle 2: 0.0022716701688880398
08-Feb 08:26:15:INFO:root:-- Outer 1: 0.03536247966400103
08-Feb 08:26:15:INFO:root:------ Middle 3: 0.0002173342923564911
08-Feb 08:26:15:INFO:root:Starting from 1.688287890238083e-17
08-Feb 08:26:15:INFO:root:-- Outer 2: 0.01194420696691935
08-Feb 08:26:16:INFO:root:------ Middle 3: 0.0012606524723949323
08-Feb 08:26:16:INFO:root:------ Middle 2: 0.0029422898706003
08-Feb 08:26:16:INFO:root:------ Middle 1: 0.000853779389341609
08-Feb 08:26:16:INFO:root:------ Middle 3: 0.0016075857675801975
08-Feb 08:26:16:INFO:root:------ Middle 6: 0.0005215027209967609
08-Feb 08:26:16:INFO:root:------ Middle 7: 0.00030400288268804456
08-Feb 08:26:17:INFO:root:------ Middle 8: 0.00026508733874119666
08-Feb 08:26:17:INFO:root:------ Middle 4: 0.001001939747819343
08-Feb 08:26:17:INFO:root:------ Middle 1: 0.003296412574092684
08-Feb 08:26:17:INFO:root:------ Middle 5: 0.0005810224320349913
08-Feb 08:26:17:INFO:root:Starting from 1.1857837298295332e-17
08-Feb 08:26:17:INFO:root:------ Middle 4: 0.0012545737711003185
08-Feb 08:26:17:INFO:root:------ Middle 2: 0.00020007088250405876
08-Feb 08:26:17:INFO:root:Starting from 1.519328491616423e-17
08-Feb 08:26:17:INFO:root:-- Outer 3: 0.005615034566965531
08-Feb 08:26:18:INFO:root:------ Middle 5: 0.0006912455367594054
08-Feb 08:26:18:INFO:root:------ Middle 1: 0.0003186148007783385
08-Feb 08:26:18:INFO:root:-- Outer 1: 0.02680879357392341
08-Feb 08:26:18:INFO:root:------ Middle 1: 0.0026636013678905416
08-Feb 08:26:19:INFO:root:------ Middle 6: 0.00047293301234365017
08-Feb 08:26:19:INFO:root:------ Middle 7: 0.00026682808457127515
08-Feb 08:26:19:INFO:root:------ Middle 1: 0.003461698606664726
08-Feb 08:26:19:INFO:root:------ Middle 6: 0.0005721296221095917
08-Feb 08:26:19:INFO:root:------ Middle 1: 0.00034803430358622804
08-Feb 08:26:19:INFO:root:------ Middle 7: 0.0003138396070529036
08-Feb 08:26:19:INFO:root:------ Middle 2: 0.00017874140702305808
08-Feb 08:26:19:INFO:root:Starting from 1.3591444625639144e-17
08-Feb 08:26:19:INFO:root:-- Outer 4: 0.002305111450891962
08-Feb 08:26:19:INFO:root:Starting from 1.2014934035658714e-17
08-Feb 08:26:19:INFO:root:------ Middle 2: 0.0001910901948756376
08-Feb 08:26:19:INFO:root:Starting from 1.3593148492285673e-17
08-Feb 08:26:19:INFO:root:-- Outer 2: 0.014687473975447516
08-Feb 08:26:19:INFO:root:------ Middle 2: 0.002104126908685768
08-Feb 08:26:20:INFO:root:------ Middle 1: 0.0001626490640792538
08-Feb 08:26:20:INFO:root:Starting from 1.6469491567330305e-17
08-Feb 08:26:20:INFO:root:-- Outer 5: 0.002346178635258562
08-Feb 08:26:20:INFO:root:-- Outer 1: 0.02523657708677383
08-Feb 08:26:20:INFO:root:------ Middle 8: 0.00027673191074095477
08-Feb 08:26:20:INFO:root:------ Middle 2: 0.0009575605625737793
08-Feb 08:26:20:INFO:root:Starting from 1.2218436922830431e-17
08-Feb 08:26:21:INFO:root:------ Middle 2: 0.002174499928968148
08-Feb 08:26:21:INFO:root:-- Outer 1: 0.03316923264256295
08-Feb 08:26:21:INFO:root:------ Middle 1: 0.005142226255143909
08-Feb 08:26:21:INFO:root:------ Middle 3: 0.0013681867982190006
08-Feb 08:26:21:INFO:root:------ Middle 3: 0.0005409956436012855
08-Feb 08:26:21:INFO:root:------ Middle 1: 0.0025166695950512457
08-Feb 08:26:21:INFO:root:------ Middle 4: 0.00033220328015652747
08-Feb 08:26:21:INFO:root:------ Middle 1: 0.00015978712089654052
08-Feb 08:26:21:INFO:root:Starting from 1.6289758006404863e-17
08-Feb 08:26:21:INFO:root:-- Outer 6: 0.0006174984881170616
08-Feb 08:26:21:INFO:root:END Outer loop
08-Feb 08:26:22:INFO:root:------ Middle 5: 0.00020189331480788104
08-Feb 08:26:22:INFO:root:Starting from 1.749675383437706e-17
08-Feb 08:26:22:INFO:root:-- Outer 2: 0.011904647880130034
08-Feb 08:26:22:INFO:root:------ Middle 1: 0.0002499277109561625
08-Feb 08:26:22:INFO:root:Starting from 1.8684858760126293e-17
08-Feb 08:26:22:INFO:root:-- Outer 3: 0.006188070546842209
08-Feb 08:26:22:INFO:root:------ Middle 1: 0.0005182029416683169
08-Feb 08:26:22:INFO:root:------ Middle 1: 0.0003445944459612739
08-Feb 08:26:22:INFO:root:Model trade shares: [0.963369, 0.918616, 0.990136]
08-Feb 08:26:22:INFO:root:Data trade shares: [0.961487, 0.929057, 0.992737]
08-Feb 08:26:22:INFO:root:US prices: [1.31627, 1.05477, 1.07987]
08-Feb 08:26:22:INFO:root:in the data: [1.96012, 1.64035, 1.64035]
08-Feb 08:26:22:INFO:root:Nominal world expenditure: 1.0844775463085655e7
08-Feb 08:26:22:INFO:root:------ Middle 1: 0.00044183577179729444
08-Feb 08:26:23:INFO:root:------ Middle 3: 0.0014144132496740048
08-Feb 08:26:23:INFO:root:------ Middle 2: 0.00023963575612763084
08-Feb 08:26:23:INFO:root:------ Middle 4: 0.0008964476045048463
08-Feb 08:26:23:INFO:root:Starting from 1.8697783543665254e-17
08-Feb 08:26:23:INFO:root:-- Outer 2: 0.01119558837262095
08-Feb 08:26:23:INFO:root:------ Middle 2: 0.0031978264317583708
08-Feb 08:26:23:INFO:root:------ Middle 4: 0.0007889169598053177
08-Feb 08:26:22:INFO:root:--------------In the data: [1.80704e7]
08-Feb 08:26:23:INFO:root:------ Middle 3: 0.0017678127874253301
08-Feb 08:26:23:INFO:root:--- Period 14 ---
08-Feb 08:26:23:INFO:root:BEGIN Outer loop
08-Feb 08:26:23:INFO:root:------ Middle 2: 0.00013987397550051996
08-Feb 08:26:23:INFO:root:Starting from 1.4025827513637398e-17
08-Feb 08:26:23:INFO:root:-- Outer 4: 0.0027571894059117666
08-Feb 08:26:24:INFO:root:------ Middle 1: 0.0001502086507332901
08-Feb 08:26:24:INFO:root:Starting from 1.9392340661336776e-17
08-Feb 08:26:24:INFO:root:-- Outer 5: 0.0027215288173830553
08-Feb 08:26:24:INFO:root:------ Middle 2: 0.000297106643229387
08-Feb 08:26:24:INFO:root:Starting from 1.6909701038260764e-17
08-Feb 08:26:24:INFO:root:-- Outer 3: 0.00507825737120994
08-Feb 08:26:24:INFO:root:------ Middle 1: 0.0003213124161575212
08-Feb 08:26:24:INFO:root:------ Middle 5: 0.0006456106581862348
08-Feb 08:26:24:INFO:root:------ Middle 2: 0.000747703971995462
08-Feb 08:26:25:INFO:root:------ Middle 6: 0.000362847865230154
08-Feb 08:26:25:INFO:root:------ Middle 3: 0.00041342094912438646
08-Feb 08:26:25:INFO:root:------ Middle 5: 0.0005899173374558982
08-Feb 08:26:25:INFO:root:------ Middle 1: 0.00033522914380259227
08-Feb 08:26:25:INFO:root:------ Middle 4: 0.0013846012820381629
08-Feb 08:26:25:INFO:root:------ Middle 2: 0.0001846868879357062
08-Feb 08:26:25:INFO:root:Starting from 1.635378813932777e-17
08-Feb 08:26:25:INFO:root:-- Outer 3: 0.004930320608469652
08-Feb 08:26:25:INFO:root:------ Middle 5: 0.0007767135581282157
08-Feb 08:26:25:INFO:root:------ Middle 4: 0.0002693422203835708
08-Feb 08:26:25:INFO:root:Starting from 1.576829754127907e-17
08-Feb 08:26:25:INFO:root:-- Outer 2: 0.014543080225850009
08-Feb 08:26:25:INFO:root:------ Middle 1: 0.00012923305483652936
08-Feb 08:26:25:INFO:root:Starting from 1.4338056889096523e-17
08-Feb 08:26:25:INFO:root:-- Outer 6: 0.0006184475527883855
08-Feb 08:26:25:INFO:root:END Outer loop
08-Feb 08:26:25:INFO:root:------ Middle 7: 0.00031630632641083096
08-Feb 08:26:25:INFO:root:------ Middle 1: 0.0005079218034723554
08-Feb 08:26:26:INFO:root:------ Middle 2: 0.0002497707600564601
08-Feb 08:26:26:INFO:root:Starting from 1.3506490574794795e-17
08-Feb 08:26:26:INFO:root:-- Outer 4: 0.0018610449384721705
08-Feb 08:26:26:INFO:root:------ Middle 8: 0.00018056781939135904
08-Feb 08:26:26:INFO:root:------ Middle 6: 0.0003857556096521736
08-Feb 08:26:26:INFO:root:Model trade shares: [0.966354, 0.927015, 0.993579]
08-Feb 08:26:26:INFO:root:Data trade shares: [0.973362, 0.938447, 0.994052]
08-Feb 08:26:26:INFO:root:US prices: [1.1529, 1.086, 1.10609]
08-Feb 08:26:26:INFO:root:in the data: [1.46789, 1.34924, 1.34924]
08-Feb 08:26:26:INFO:root:------ Middle 1: 0.00019960939158787704
08-Feb 08:26:26:INFO:root:Nominal world expenditure: 9.193372088542538e6
08-Feb 08:26:26:INFO:root:Starting from 1.3419462309647025e-17
08-Feb 08:26:26:INFO:root:-- Outer 5: 0.001840401854177604
08-Feb 08:26:26:INFO:root:Starting from 1.2617876667056143e-17
08-Feb 08:26:26:INFO:root:--------------In the data: [1.15794e7]
08-Feb 08:26:27:INFO:root:------ Middle 6: 0.0006242881452874542
08-Feb 08:26:27:INFO:root:-- Outer 1: 0.025666437135148018
08-Feb 08:26:27:INFO:root:--- Period 15 ---
08-Feb 08:26:27:INFO:root:BEGIN Outer loop
08-Feb 08:26:27:INFO:root:------ Middle 1: 0.00022914119121082087
08-Feb 08:26:27:INFO:root:------ Middle 7: 0.0003475870701193533
08-Feb 08:26:27:INFO:root:Starting from 1.943374159210813e-17
08-Feb 08:26:27:INFO:root:-- Outer 4: 0.0021924494004466463
08-Feb 08:26:27:INFO:root:------ Middle 7: 0.0002536732259953641
08-Feb 08:26:27:INFO:root:Starting from 1.1922114865498114e-17
08-Feb 08:26:27:INFO:root:------ Middle 1: 0.0017639370162826817
08-Feb 08:26:27:INFO:root:-- Outer 1: 0.025729489568995623
08-Feb 08:26:27:INFO:root:------ Middle 1: 0.0002354130017151494
08-Feb 08:26:27:INFO:root:------ Middle 1: 0.005007527688690119
08-Feb 08:26:27:INFO:root:Starting from 1.5556595975915027e-17
08-Feb 08:26:27:INFO:root:-- Outer 5: 0.002226155832788452
08-Feb 08:26:27:INFO:root:------ Middle 2: 0.0003214806454445556
08-Feb 08:26:27:INFO:root:------ Middle 8: 0.0003016348420608443
08-Feb 08:26:27:INFO:root:------ Middle 3: 0.00019185854330874114
08-Feb 08:26:27:INFO:root:Starting from 1.5863149000016873e-17
08-Feb 08:26:27:INFO:root:-- Outer 3: 0.006201793337285149
08-Feb 08:26:28:INFO:root:------ Middle 9: 0.00016766821164473987
08-Feb 08:26:28:INFO:root:------ Middle 1: 0.00019089277386076452
08-Feb 08:26:28:INFO:root:Starting from 1.4581609053340802e-17
08-Feb 08:26:28:INFO:root:-- Outer 6: 0.0006555924754777989
08-Feb 08:26:28:INFO:root:END Outer loop
08-Feb 08:26:28:INFO:root:------ Middle 1: 0.00021487898559962936
08-Feb 08:26:28:INFO:root:Starting from 1.4118452447771267e-17
08-Feb 08:26:28:INFO:root:-- Outer 4: 0.006207057776005304
08-Feb 08:26:28:INFO:root:Starting from 1.2193511847341099e-17
08-Feb 08:26:28:INFO:root:------ Middle 1: 0.00017994148596315148
08-Feb 08:26:28:INFO:root:Starting from 1.502018415518539e-17
08-Feb 08:26:28:INFO:root:-- Outer 6: 0.0007080420506521311
08-Feb 08:26:28:INFO:root:END Outer loop
08-Feb 08:26:28:INFO:root:Model trade shares: [0.968984, 0.91379, 0.984909]
08-Feb 08:26:28:INFO:root:Data trade shares: [0.971471, 0.927429, 0.989384]
08-Feb 08:26:28:INFO:root:US prices: [1.42612, 1.03431, 1.06315]
08-Feb 08:26:28:INFO:root:in the data: [2.72526, 1.92631, 1.92631]
08-Feb 08:26:28:INFO:root:Nominal world expenditure: 1.1676499472371327e7
08-Feb 08:26:28:INFO:root:-- Outer 1: 0.03784669491966907
08-Feb 08:26:29:INFO:root:------ Middle 1: 0.004252900084214014
08-Feb 08:26:29:INFO:root:------ Middle 1: 0.004343726278339638
08-Feb 08:26:29:INFO:root:Model trade shares: [0.972231, 0.922827, 0.975256]
08-Feb 08:26:29:INFO:root:Data trade shares: [0.97676, 0.939693, 0.972749]
08-Feb 08:26:29:INFO:root:US prices: [1.4662, 1.00959, 1.01511]
08-Feb 08:26:29:INFO:root:in the data: [3.07991, 2.04761, 2.04761]
08-Feb 08:26:29:INFO:root:------ Middle 1: 0.002344448657224992
08-Feb 08:26:29:INFO:root:Nominal world expenditure: 1.1191936952234138e7
08-Feb 08:26:29:INFO:root:--------------In the data: [2.2953e7]
08-Feb 08:26:29:INFO:root:------ Middle 2: 0.0005349227749077713
08-Feb 08:26:29:INFO:root:--- Period 16 ---
08-Feb 08:26:29:INFO:root:BEGIN Outer loop
08-Feb 08:26:29:INFO:root:------ Middle 3: 0.00030382291942079506
08-Feb 08:26:29:INFO:root:--------------In the data: [2.31824e7]
08-Feb 08:26:30:INFO:root:------ Middle 1: 0.003827077792908778
08-Feb 08:26:30:INFO:root:--- Period 17 ---
08-Feb 08:26:30:INFO:root:BEGIN Outer loop
08-Feb 08:26:30:INFO:root:------ Middle 1: 0.00027126916745896605
08-Feb 08:26:30:INFO:root:Starting from 1.7511937373996418e-17
08-Feb 08:26:30:INFO:root:-- Outer 5: 0.001453824132096866
08-Feb 08:26:30:INFO:root:------ Middle 4: 0.00025398787761169643
08-Feb 08:26:30:INFO:root:Starting from 2.0105434910607895e-17
08-Feb 08:26:30:INFO:root:-- Outer 2: 0.011680804203891554
08-Feb 08:26:30:INFO:root:------ Middle 1: 0.00022271663347360747
08-Feb 08:26:30:INFO:root:Starting from 1.5191908523787034e-17
08-Feb 08:26:30:INFO:root:-- Outer 6: 0.0015622951332650255
08-Feb 08:26:31:INFO:root:------ Middle 1: 0.0005823949652032897
08-Feb 08:26:31:INFO:root:------ Middle 2: 0.00031869211898644806
08-Feb 08:26:31:INFO:root:------ Middle 1: 0.000136612215628805
08-Feb 08:26:31:INFO:root:Starting from 1.4955548672316294e-17
08-Feb 08:26:31:INFO:root:-- Outer 7: 0.0001617248849949028
08-Feb 08:26:31:INFO:root:END Outer loop
08-Feb 08:26:32:INFO:root:------ Middle 3: 0.00020276406508527284
08-Feb 08:26:32:INFO:root:Starting from 1.915999330416825e-17
08-Feb 08:26:32:INFO:root:-- Outer 2: 0.010995846179092921
08-Feb 08:26:32:INFO:root:------ Middle 2: 0.002731633749615441
08-Feb 08:26:32:INFO:root:------ Middle 2: 0.00297000392608222
08-Feb 08:26:32:INFO:root:------ Middle 1: 0.0007226453160828689
08-Feb 08:26:32:INFO:root:Model trade shares: [0.964795, 0.929819, 0.992875]
08-Feb 08:26:32:INFO:root:Data trade shares: [0.975035, 0.947137, 0.993826]
08-Feb 08:26:32:INFO:root:US prices: [1.19449, 1.10419, 1.10841]
08-Feb 08:26:32:INFO:root:in the data: [1.5623, 1.46271, 1.46271]
08-Feb 08:26:32:INFO:root:Nominal world expenditure: 9.274361962224178e6
08-Feb 08:26:32:INFO:root:------ Middle 2: 0.002701243157951021
08-Feb 08:26:32:INFO:root:------ Middle 2: 0.0007988904412558359
08-Feb 08:26:32:INFO:root:------ Middle 1: 0.00022161154589142858
08-Feb 08:26:32:INFO:root:Starting from 1.515502409163276e-17
08-Feb 08:26:32:INFO:root:-- Outer 3: 0.004866312607397146
08-Feb 08:26:32:INFO:root:------ Middle 3: 0.00044916636057892466
08-Feb 08:26:33:INFO:root:------ Middle 2: 0.002438862752484892
08-Feb 08:26:33:INFO:root:------ Middle 1: 0.00020740074553502784
08-Feb 08:26:33:INFO:root:Starting from 1.5250511303232403e-17
08-Feb 08:26:33:INFO:root:-- Outer 4: 0.004852895287593234
08-Feb 08:26:32:INFO:root:--------------In the data: [1.27847e7]
08-Feb 08:26:33:INFO:root:------ Middle 3: 0.0018538110397647047
08-Feb 08:26:33:INFO:root:------ Middle 3: 0.0013595332488125127
08-Feb 08:26:33:INFO:root:--- Period 18 ---
08-Feb 08:26:33:INFO:root:BEGIN Outer loop
08-Feb 08:26:33:INFO:root:------ Middle 4: 0.0003044489997263291
08-Feb 08:26:33:INFO:root:------ Middle 4: 0.001020323116043457
08-Feb 08:26:33:INFO:root:------ Middle 3: 0.0017553987915361006
08-Feb 08:26:33:INFO:root:------ Middle 5: 0.00022007976212235316
08-Feb 08:26:33:INFO:root:Starting from 1.8147911715730194e-17
08-Feb 08:26:33:INFO:root:-- Outer 2: 0.016359308488376374
08-Feb 08:26:33:INFO:root:------ Middle 4: 0.0009486687843012638
08-Feb 08:26:33:INFO:root:------ Middle 1: 0.0005103836961629361
08-Feb 08:26:34:INFO:root:------ Middle 2: 0.00017782501018345073
08-Feb 08:26:34:INFO:root:Starting from 1.8010491730256744e-17
08-Feb 08:26:34:INFO:root:-- Outer 3: 0.005166225672879811
08-Feb 08:26:34:INFO:root:------ Middle 1: 0.00030555593827881965
08-Feb 08:26:34:INFO:root:------ Middle 3: 0.001698902050359558
08-Feb 08:26:34:INFO:root:------ Middle 4: 0.0010677485898572807
08-Feb 08:26:34:INFO:root:------ Middle 5: 0.0008066436789438994
08-Feb 08:26:34:INFO:root:------ Middle 4: 0.0009409825829183637
08-Feb 08:26:34:INFO:root:------ Middle 6: 0.00044682691832539185
08-Feb 08:26:35:INFO:root:------ Middle 1: 0.0002260174031784327
08-Feb 08:26:35:INFO:root:Starting from 1.9056594820202602e-17
08-Feb 08:26:35:INFO:root:-- Outer 5: 0.0011281705749163521
08-Feb 08:26:35:INFO:root:------ Middle 7: 0.00038522333964231294
08-Feb 08:26:35:INFO:root:------ Middle 1: 0.00018913108565636673
08-Feb 08:26:35:INFO:root:Starting from 1.4563479101136745e-17
08-Feb 08:26:35:INFO:root:-- Outer 6: 0.001221445788710554
08-Feb 08:26:35:INFO:root:------ Middle 5: 0.0007662598847433649
08-Feb 08:26:35:INFO:root:------ Middle 5: 0.0007040233604325316
08-Feb 08:26:35:INFO:root:------ Middle 8: 0.00021092746101076458
08-Feb 08:26:35:INFO:root:------ Middle 6: 0.0004285212248434766
08-Feb 08:26:35:INFO:root:------ Middle 6: 0.0004159850101064871
08-Feb 08:26:35:INFO:root:Starting from 1.2370733840133018e-17
08-Feb 08:26:36:INFO:root:------ Middle 2: 0.0001606464957803443
08-Feb 08:26:36:INFO:root:Starting from 1.5078893255548097e-17
08-Feb 08:26:36:INFO:root:-- Outer 4: 0.0021123545041548085
08-Feb 08:26:36:INFO:root:------ Middle 2: 0.00031515305516426436
08-Feb 08:26:36:INFO:root:-- Outer 1: 0.03109714991748631
08-Feb 08:26:36:INFO:root:------ Middle 7: 0.0003508505244586444
08-Feb 08:26:36:INFO:root:------ Middle 5: 0.0007501715217126251
08-Feb 08:26:36:INFO:root:------ Middle 1: 0.00012551627643591455
08-Feb 08:26:36:INFO:root:Starting from 1.6715032800972306e-17
08-Feb 08:26:36:INFO:root:------ Middle 3: 0.00018850889057719656
08-Feb 08:26:36:INFO:root:-- Outer 7: 0.0001646877446570486
08-Feb 08:26:36:INFO:root:END Outer loop
08-Feb 08:26:36:INFO:root:Starting from 1.375731011583031e-17
08-Feb 08:26:36:INFO:root:-- Outer 3: 0.006866949878131872
08-Feb 08:26:36:INFO:root:------ Middle 1: 0.0001694043812719078
08-Feb 08:26:36:INFO:root:------ Middle 7: 0.0003661323847803605
08-Feb 08:26:36:INFO:root:Starting from 1.3866389469371354e-17
08-Feb 08:26:36:INFO:root:-- Outer 5: 0.002117036034946561
08-Feb 08:26:36:INFO:root:------ Middle 1: 0.002156904439039676
08-Feb 08:26:36:INFO:root:------ Middle 8: 0.00022661025273241467
08-Feb 08:26:36:INFO:root:------ Middle 6: 0.000442172420543884
08-Feb 08:26:36:INFO:root:------ Middle 1: 0.00016390705161215035
08-Feb 08:26:36:INFO:root:Starting from 1.6267200134975702e-17
08-Feb 08:26:36:INFO:root:-- Outer 4: 0.0067808399848047545
08-Feb 08:26:36:INFO:root:Starting from 1.2552192568827565e-17
08-Feb 08:26:36:INFO:root:------ Middle 8: 0.0002078777144890341
08-Feb 08:26:36:INFO:root:Model trade shares: [0.968842, 0.922763, 0.980994]
08-Feb 08:26:37:INFO:root:Data trade shares: [0.972765, 0.936372, 0.980463]
08-Feb 08:26:37:INFO:root:US prices: [1.38664, 0.978692, 0.975807]
08-Feb 08:26:37:INFO:root:in the data: [3.02084, 2.07936, 2.07936]
08-Feb 08:26:37:INFO:root:-- Outer 1: 0.02608718981609917
08-Feb 08:26:37:INFO:root:Nominal world expenditure: 1.1119348850457257e7
08-Feb 08:26:37:INFO:root:------ Middle 7: 0.0003698733365591981
08-Feb 08:26:37:INFO:root:------ Middle 1: 0.0020284976237867555
08-Feb 08:26:37:INFO:root:Starting from 1.2156753951436899e-17
08-Feb 08:26:37:INFO:root:------ Middle 8: 0.00023350838628598104
08-Feb 08:26:37:INFO:root:-- Outer 1: 0.029476180106722222
08-Feb 08:26:37:INFO:root:--------------In the data: [2.36221e7]
08-Feb 08:26:38:INFO:root:------ Middle 2: 0.0006854072093156967
08-Feb 08:26:38:INFO:root:--- Period 19 ---
08-Feb 08:26:38:INFO:root:BEGIN Outer loop
08-Feb 08:26:38:INFO:root:------ Middle 1: 0.0034448696207748297
08-Feb 08:26:38:INFO:root:Starting from 1.1487973724439703e-17
08-Feb 08:26:38:INFO:root:------ Middle 1: 0.00016028500224362762
08-Feb 08:26:38:INFO:root:Starting from 1.6419578014477736e-17
08-Feb 08:26:38:INFO:root:-- Outer 6: 0.0006171541599810219
08-Feb 08:26:38:INFO:root:END Outer loop
08-Feb 08:26:38:INFO:root:Model trade shares: [0.968048, 0.919605, 0.990132]
08-Feb 08:26:38:INFO:root:Data trade shares: [0.971404, 0.929028, 0.993445]
08-Feb 08:26:38:INFO:root:US prices: [1.30306, 0.956034, 0.965845]
08-Feb 08:26:38:INFO:root:in the data: [2.9591, 2.1512, 2.1512]
08-Feb 08:26:38:INFO:root:Nominal world expenditure: 1.1768519813968219e7
08-Feb 08:26:38:INFO:root:--------------In the data: [2.42511e7]
08-Feb 08:26:38:INFO:root:--- Period 20 ---
08-Feb 08:26:38:INFO:root:BEGIN Outer loop
08-Feb 08:26:38:INFO:root:------ Middle 3: 0.0004283709117885356
08-Feb 08:26:38:INFO:root:-- Outer 1: 0.027445794004488988
08-Feb 08:26:38:INFO:root:------ Middle 1: 0.00020766581638073325
08-Feb 08:26:38:INFO:root:Starting from 1.7612741382324567e-17
08-Feb 08:26:38:INFO:root:-- Outer 5: 0.0014308445510972706
08-Feb 08:26:38:INFO:root:------ Middle 4: 0.00025414507290465584
08-Feb 08:26:38:INFO:root:Starting from 1.652733087320348e-17
08-Feb 08:26:38:INFO:root:-- Outer 2: 0.014045441014660251
08-Feb 08:26:39:INFO:root:------ Middle 1: 0.00048220139108476887
08-Feb 08:26:39:INFO:root:------ Middle 1: 0.0020590307636213084
08-Feb 08:26:39:INFO:root:------ Middle 1: 0.00018665159350682108
08-Feb 08:26:39:INFO:root:Starting from 1.4516739954335164e-17
08-Feb 08:26:39:INFO:root:-- Outer 6: 0.001564944274962699
08-Feb 08:26:39:INFO:root:------ Middle 2: 0.0006262644967202527
08-Feb 08:26:39:INFO:root:------ Middle 3: 0.0004609055784156971
08-Feb 08:26:39:INFO:root:------ Middle 4: 0.0002307433597057867
08-Feb 08:26:39:INFO:root:Starting from 1.7737293126148344e-17
08-Feb 08:26:39:INFO:root:-- Outer 2: 0.011889701235071666
08-Feb 08:26:39:INFO:root:------ Middle 1: 0.0004741120998546972
08-Feb 08:26:40:INFO:root:------ Middle 1: 0.00011789443648350259
08-Feb 08:26:40:INFO:root:Starting from 1.5200377214456304e-17
08-Feb 08:26:40:INFO:root:-- Outer 7: 0.0001565551027048471
08-Feb 08:26:40:INFO:root:END Outer loop
08-Feb 08:26:40:INFO:root:------ Middle 2: 0.0010977241757388026
08-Feb 08:26:40:INFO:root:Model trade shares: [0.967072, 0.936478, 0.994046]
08-Feb 08:26:40:INFO:root:Data trade shares: [0.970394, 0.938128, 0.99445]
08-Feb 08:26:40:INFO:root:US prices: [1.08357, 1.05932, 1.06522]
08-Feb 08:26:40:INFO:root:in the data: [1.21921, 1.17859, 1.17859]
08-Feb 08:26:40:INFO:root:------ Middle 2: 0.00032674828655942
08-Feb 08:26:40:INFO:root:Nominal world expenditure: 8.349343087810923e6
08-Feb 08:26:41:INFO:root:------ Middle 3: 0.00019755482645174383
08-Feb 08:26:41:INFO:root:Starting from 1.6011112134426847e-17
08-Feb 08:26:41:INFO:root:-- Outer 3: 0.0057102823968054025
08-Feb 08:26:41:INFO:root:------ Middle 2: 0.00030470034658231773
08-Feb 08:26:41:INFO:root:------ Middle 1: 0.00014822705811094308
08-Feb 08:26:41:INFO:root:Starting from 1.910262896588742e-17
08-Feb 08:26:41:INFO:root:-- Outer 4: 0.005551821788212126
08-Feb 08:26:41:INFO:root:------ Middle 3: 0.000625427791033442
08-Feb 08:26:41:INFO:root:------ Middle 3: 0.0001933216806258997
08-Feb 08:26:41:INFO:root:Starting from 1.6999963574912417e-17
08-Feb 08:26:41:INFO:root:-- Outer 3: 0.004855310610347496
08-Feb 08:26:41:INFO:root:------ Middle 2: 0.0007446981831636472
08-Feb 08:26:41:INFO:root:--------------In the data: [1.02443e7]
08-Feb 08:26:41:INFO:root:------ Middle 4: 0.0003566992519150672
08-Feb 08:26:41:INFO:root:------ Middle 1: 0.00019428387247468826
08-Feb 08:26:41:INFO:root:Starting from 1.3386965370101075e-17
08-Feb 08:26:41:INFO:root:-- Outer 4: 0.004817686311098213
08-Feb 08:26:41:INFO:root:--- Period 21 ---
08-Feb 08:26:41:INFO:root:BEGIN Outer loop
08-Feb 08:26:41:INFO:root:------ Middle 5: 0.00019320691738685528
08-Feb 08:26:41:INFO:root:Starting from 1.544601979393344e-17
08-Feb 08:26:41:INFO:root:-- Outer 2: 0.013267754819079955
08-Feb 08:26:42:INFO:root:------ Middle 1: 0.003642911611090015
08-Feb 08:26:42:INFO:root:------ Middle 1: 0.0005712658234128783
08-Feb 08:26:42:INFO:root:------ Middle 2: 0.0020070739125683276
08-Feb 08:26:42:INFO:root:------ Middle 3: 0.0004322113190438628
08-Feb 08:26:42:INFO:root:------ Middle 4: 0.00021608499813203732
08-Feb 08:26:42:INFO:root:Starting from 1.5985582356169582e-17
08-Feb 08:26:42:INFO:root:-- Outer 2: 0.012475285781254775
08-Feb 08:26:42:INFO:root:------ Middle 1: 0.00023215819139421043
08-Feb 08:26:42:INFO:root:Starting from 1.5739416460993358e-17
08-Feb 08:26:42:INFO:root:-- Outer 5: 0.0010698300370983811
08-Feb 08:26:42:INFO:root:------ Middle 1: 0.0004855455038530459
08-Feb 08:26:43:INFO:root:------ Middle 1: 0.0001920492565031769
08-Feb 08:26:43:INFO:root:Starting from 1.609461525297561e-17
08-Feb 08:26:43:INFO:root:-- Outer 6: 0.0011859003539954028
08-Feb 08:26:43:INFO:root:------ Middle 1: 0.0002167582145628855
08-Feb 08:26:43:INFO:root:Starting from 1.2943101081908073e-17
08-Feb 08:26:43:INFO:root:-- Outer 5: 0.001311188068911924
08-Feb 08:26:43:INFO:root:------ Middle 1: 0.00019014281737165357
08-Feb 08:26:43:INFO:root:Starting from 1.498719748181719e-17
08-Feb 08:26:43:INFO:root:-- Outer 6: 0.0014192228402842403
08-Feb 08:26:43:INFO:root:------ Middle 1: 0.00013045554738014894
08-Feb 08:26:43:INFO:root:Starting from 1.3702843469080888e-17
08-Feb 08:26:44:INFO:root:-- Outer 7: 0.0002455867539643264
08-Feb 08:26:44:INFO:root:END Outer loop
08-Feb 08:26:44:INFO:root:------ Middle 2: 0.0003039665654474496
08-Feb 08:26:44:INFO:root:------ Middle 3: 0.0015701803473534399
08-Feb 08:26:44:INFO:root:------ Middle 3: 0.0001813069447917206
08-Feb 08:26:44:INFO:root:Starting from 1.464763351593965e-17
08-Feb 08:26:44:INFO:root:-- Outer 3: 0.0054439621958937215
08-Feb 08:26:44:INFO:root:------ Middle 4: 0.0008821221789884072
08-Feb 08:26:44:INFO:root:------ Middle 1: 0.00018625068866831126
08-Feb 08:26:44:INFO:root:Starting from 1.462181784008159e-17
08-Feb 08:26:44:INFO:root:-- Outer 4: 0.005426404204277793
08-Feb 08:26:44:INFO:root:Model trade shares: [0.969898, 0.914192, 0.976271]
08-Feb 08:26:44:INFO:root:Data trade shares: [0.976496, 0.933524, 0.973934]
08-Feb 08:26:44:INFO:root:US prices: [1.45228, 1.01926, 1.03284]
08-Feb 08:26:44:INFO:root:in the data: [2.96155, 2.01858, 2.01858]
08-Feb 08:26:44:INFO:root:------ Middle 1: 0.00011840499234274556
08-Feb 08:26:44:INFO:root:Starting from 1.34688985821816e-17
08-Feb 08:26:44:INFO:root:-- Outer 7: 0.0001643594618443676
08-Feb 08:26:44:INFO:root:END Outer loop
08-Feb 08:26:44:INFO:root:------ Middle 2: 0.0003187555833352886
08-Feb 08:26:44:INFO:root:Nominal world expenditure: 1.1316274455621935e7
08-Feb 08:26:45:INFO:root:------ Middle 3: 0.00019317873885015612
08-Feb 08:26:45:INFO:root:Starting from 2.0948980141180894e-17
08-Feb 08:26:45:INFO:root:-- Outer 3: 0.005048574142732475
08-Feb 08:26:45:INFO:root:------ Middle 1: 0.00015954022949536507
08-Feb 08:26:45:INFO:root:Starting from 2.1131282027451466e-17
08-Feb 08:26:45:INFO:root:-- Outer 4: 0.0049297577165597324
08-Feb 08:26:45:INFO:root:Model trade shares: [0.963003, 0.928339, 0.990639]
08-Feb 08:26:45:INFO:root:Data trade shares: [0.967429, 0.940539, 0.992695]
08-Feb 08:26:45:INFO:root:US prices: [1.23284, 1.0967, 1.0975]
08-Feb 08:26:45:INFO:root:in the data: [1.63396, 1.43854, 1.43854]
08-Feb 08:26:44:INFO:root:--------------In the data: [2.33649e7]
08-Feb 08:26:45:INFO:root:Nominal world expenditure: 9.63483953889341e6
08-Feb 08:26:45:INFO:root:--- Period 22 ---
08-Feb 08:26:45:INFO:root:BEGIN Outer loop
08-Feb 08:26:45:INFO:root:------ Middle 5: 0.0007308303225081594
08-Feb 08:26:46:INFO:root:------ Middle 6: 0.0004094848428251908
08-Feb 08:26:45:INFO:root:--------------In the data: [1.37348e7]
08-Feb 08:26:46:INFO:root:--- Period 23 ---
08-Feb 08:26:46:INFO:root:BEGIN Outer loop
08-Feb 08:26:46:INFO:root:------ Middle 1: 0.00022478304291828234
08-Feb 08:26:46:INFO:root:Starting from 1.6933773333101057e-17
08-Feb 08:26:46:INFO:root:-- Outer 5: 0.0013153974402154121
08-Feb 08:26:46:INFO:root:------ Middle 1: 0.00019004307938031396
08-Feb 08:26:46:INFO:root:Starting from 1.8507141524538424e-17
08-Feb 08:26:46:INFO:root:-- Outer 6: 0.0014094324746112235
08-Feb 08:26:46:INFO:root:------ Middle 7: 0.0003615838742673799
08-Feb 08:26:47:INFO:root:------ Middle 1: 0.00020421357764270485
08-Feb 08:26:47:INFO:root:Starting from 1.3237643857148268e-17
08-Feb 08:26:47:INFO:root:-- Outer 5: 0.0010479988284182015
08-Feb 08:26:47:INFO:root:------ Middle 8: 0.00020592643788552617
08-Feb 08:26:47:INFO:root:Starting from 1.2177002138512168e-17
08-Feb 08:26:47:INFO:root:-- Outer 1: 0.02516144285935561
08-Feb 08:26:47:INFO:root:------ Middle 1: 0.00017711447253918129
08-Feb 08:26:47:INFO:root:Starting from 1.6823237567517564e-17
08-Feb 08:26:47:INFO:root:-- Outer 6: 0.0011734775140934443
08-Feb 08:26:47:INFO:root:------ Middle 1: 0.0019431890143320487
08-Feb 08:26:47:INFO:root:------ Middle 1: 0.0001186818775009045
08-Feb 08:26:47:INFO:root:Starting from 1.520458808435963e-17
08-Feb 08:26:47:INFO:root:-- Outer 7: 0.0001598783458749617
08-Feb 08:26:47:INFO:root:END Outer loop
08-Feb 08:26:48:INFO:root:Model trade shares: [0.961592, 0.920978, 0.98997]
08-Feb 08:26:48:INFO:root:Data trade shares: [0.959721, 0.934044, 0.992669]
08-Feb 08:26:48:INFO:root:US prices: [1.26779, 1.07753, 1.08282]
08-Feb 08:26:48:INFO:root:in the data: [1.70549, 1.50868, 1.50868]
08-Feb 08:26:48:INFO:root:Nominal world expenditure: 1.0210937068643533e7
08-Feb 08:26:48:INFO:root:------ Middle 1: 0.00012111160369791059
08-Feb 08:26:48:INFO:root:Starting from 1.7359496573453683e-17
08-Feb 08:26:48:INFO:root:-- Outer 7: 0.00023626029833950107
08-Feb 08:26:48:INFO:root:END Outer loop
08-Feb 08:26:48:INFO:root:--------------In the data: [1.54393e7]
08-Feb 08:26:48:INFO:root:--- Period 24 ---
08-Feb 08:26:48:INFO:root:BEGIN Outer loop
08-Feb 08:26:48:INFO:root:Model trade shares: [0.967491, 0.917397, 0.989536]
08-Feb 08:26:49:INFO:root:Data trade shares: [0.966266, 0.92464, 0.992831]
08-Feb 08:26:49:INFO:root:US prices: [1.36627, 1.04776, 1.07261]
08-Feb 08:26:49:INFO:root:in the data: [2.27198, 1.79075, 1.79075]
08-Feb 08:26:49:INFO:root:------ Middle 1: 0.003670087544226111
08-Feb 08:26:49:INFO:root:Nominal world expenditure: 1.1284818029283687e7
08-Feb 08:26:49:INFO:root:------ Middle 2: 0.0020350683374496703
08-Feb 08:26:49:INFO:root:------ Middle 2: 0.0006015135049732336
08-Feb 08:26:49:INFO:root:--------------In the data: [2.07618e7]
08-Feb 08:26:50:INFO:root:--- Period 25 ---
08-Feb 08:26:50:INFO:root:BEGIN Outer loop
08-Feb 08:26:50:INFO:root:------ Middle 3: 0.00034054995251252767
08-Feb 08:26:50:INFO:root:------ Middle 4: 0.0002844327902609733
08-Feb 08:26:50:INFO:root:Starting from 2.3160881452150064e-17
08-Feb 08:26:50:INFO:root:-- Outer 2: 0.011446968368590882
08-Feb 08:26:51:INFO:root:------ Middle 1: 0.0004086385968740553
08-Feb 08:26:51:INFO:root:------ Middle 3: 0.0015718902534139388
08-Feb 08:26:51:INFO:root:------ Middle 4: 0.0008837624344634142
08-Feb 08:26:51:INFO:root:------ Middle 1: 0.0034502453394408485
08-Feb 08:26:51:INFO:root:------ Middle 2: 0.0018981721174748513
08-Feb 08:26:52:INFO:root:------ Middle 2: 0.00030282762922619164
08-Feb 08:26:52:INFO:root:------ Middle 3: 0.0001835359581956693
08-Feb 08:26:52:INFO:root:Starting from 1.7768800131036385e-17
08-Feb 08:26:52:INFO:root:-- Outer 3: 0.004843800987748015
08-Feb 08:26:52:INFO:root:------ Middle 1: 0.00017991672978651037
08-Feb 08:26:52:INFO:root:Starting from 1.5516711405758676e-17
08-Feb 08:26:52:INFO:root:-- Outer 4: 0.004793177653533081
08-Feb 08:26:53:INFO:root:------ Middle 5: 0.0007292456337878825
08-Feb 08:26:53:INFO:root:------ Middle 3: 0.0014856200410579582
08-Feb 08:26:53:INFO:root:------ Middle 6: 0.00040826091189485284
08-Feb 08:26:53:INFO:root:------ Middle 4: 0.0008346062190561945
08-Feb 08:26:54:INFO:root:------ Middle 7: 0.0003771505845936368
08-Feb 08:26:54:INFO:root:------ Middle 5: 0.000688314991707967
08-Feb 08:26:54:INFO:root:------ Middle 8: 0.00021286425411478038
08-Feb 08:26:54:INFO:root:Starting from 1.2068250148010354e-17
08-Feb 08:26:54:INFO:root:-- Outer 1: 0.02450018268150137
08-Feb 08:26:54:INFO:root:------ Middle 1: 0.0038267242116802316
08-Feb 08:26:54:INFO:root:------ Middle 6: 0.00038748108232583854
08-Feb 08:26:54:INFO:root:------ Middle 1: 0.0019315147729490844
08-Feb 08:26:54:INFO:root:------ Middle 1: 0.003664408326762363
08-Feb 08:26:54:INFO:root:------ Middle 1: 0.0002503118040486892
08-Feb 08:26:55:INFO:root:Starting from 1.7648599378318858e-17
08-Feb 08:26:55:INFO:root:-- Outer 5: 0.0011991058073659922
08-Feb 08:26:55:INFO:root:------ Middle 7: 0.00033870236111531763
08-Feb 08:26:55:INFO:root:------ Middle 1: 0.0002123429008516213
08-Feb 08:26:55:INFO:root:Starting from 2.0018215287195272e-17
08-Feb 08:26:55:INFO:root:-- Outer 6: 0.0012729164511263908
08-Feb 08:26:55:INFO:root:------ Middle 8: 0.0001946797877579893
08-Feb 08:26:55:INFO:root:Starting from 1.285236021970883e-17
08-Feb 08:26:55:INFO:root:-- Outer 1: 0.025768022673478764
08-Feb 08:26:55:INFO:root:------ Middle 1: 0.0018971732024142198
08-Feb 08:26:56:INFO:root:------ Middle 1: 0.00013777337460226172
08-Feb 08:26:56:INFO:root:Starting from 1.781141143854092e-17
08-Feb 08:26:56:INFO:root:-- Outer 7: 0.00019091692147192897
08-Feb 08:26:56:INFO:root:END Outer loop
08-Feb 08:26:56:INFO:root:------ Middle 2: 0.002418918942685574
08-Feb 08:26:56:INFO:root:------ Middle 2: 0.002316704773130038
08-Feb 08:26:56:INFO:root:Model trade shares: [0.961973, 0.925536, 0.992683]
08-Feb 08:26:56:INFO:root:Data trade shares: [0.960962, 0.931588, 0.993893]
08-Feb 08:26:56:INFO:root:US prices: [1.00329, 0.918687, 0.926286]
08-Feb 08:26:56:INFO:root:in the data: [2.50767, 2.31742, 2.31742]
08-Feb 08:26:56:INFO:root:Nominal world expenditure: 1.5080980325210813e7
08-Feb 08:26:56:INFO:root:--------------In the data: [3.61928e7]
08-Feb 08:26:56:INFO:root:--- Period 26 ---
08-Feb 08:26:56:INFO:root:BEGIN Outer loop
08-Feb 08:26:56:INFO:root:------ Middle 3: 0.001290300686945006
08-Feb 08:26:57:INFO:root:------ Middle 2: 0.0006403827980942042
08-Feb 08:26:57:INFO:root:------ Middle 2: 0.0005342377184151684
08-Feb 08:26:57:INFO:root:------ Middle 3: 0.0003089381055805287
08-Feb 08:26:57:INFO:root:------ Middle 3: 0.00039544176220543344
08-Feb 08:26:57:INFO:root:------ Middle 4: 0.0002516277538723919
08-Feb 08:26:57:INFO:root:Starting from 1.635638891060154e-17
08-Feb 08:26:57:INFO:root:-- Outer 2: 0.011835148982179938
08-Feb 08:26:57:INFO:root:------ Middle 4: 0.0002348365440092675
08-Feb 08:26:57:INFO:root:Starting from 1.5859168265549307e-17
08-Feb 08:26:58:INFO:root:-- Outer 2: 0.011348820426271706
08-Feb 08:26:58:INFO:root:------ Middle 4: 0.001039950404909056
08-Feb 08:26:58:INFO:root:------ Middle 1: 0.00044437089409152486
08-Feb 08:26:58:INFO:root:------ Middle 3: 0.0015770316034234265
08-Feb 08:26:58:INFO:root:------ Middle 5: 0.0006246444743528335
08-Feb 08:26:58:INFO:root:------ Middle 4: 0.0008677652752157001
08-Feb 08:26:59:INFO:root:------ Middle 1: 0.003896217696085382
08-Feb 08:26:59:INFO:root:------ Middle 2: 0.002147986597782586
08-Feb 08:26:59:INFO:root:------ Middle 1: 0.0002700843141902547
08-Feb 08:26:59:INFO:root:Starting from 1.7457319448261115e-17
08-Feb 08:26:59:INFO:root:-- Outer 3: 0.004927355805132086
08-Feb 08:26:59:INFO:root:------ Middle 1: 0.00028874749119072547
08-Feb 08:26:59:INFO:root:Starting from 1.5893979185040503e-17
08-Feb 08:26:59:INFO:root:------ Middle 5: 0.00070286385078454
08-Feb 08:26:59:INFO:root:-- Outer 4: 0.00498916477793201
08-Feb 08:26:59:INFO:root:------ Middle 6: 0.0004048953937479411
08-Feb 08:27:00:INFO:root:------ Middle 6: 0.0005047457044610268
08-Feb 08:27:00:INFO:root:------ Middle 2: 0.00031020113832395734
08-Feb 08:27:00:INFO:root:------ Middle 7: 0.00028790620751725896
08-Feb 08:27:00:INFO:root:Starting from 1.24165870943335e-17
08-Feb 08:27:00:INFO:root:-- Outer 1: 0.023789098775324195
08-Feb 08:27:00:INFO:root:------ Middle 3: 0.00018663395030315248
08-Feb 08:27:00:INFO:root:Starting from 1.4152623328723087e-17
08-Feb 08:27:00:INFO:root:-- Outer 3: 0.0046360787434507195
08-Feb 08:27:00:INFO:root:------ Middle 3: 0.0016735123151686239
08-Feb 08:27:00:INFO:root:------ Middle 1: 0.00019426585997083087
08-Feb 08:27:00:INFO:root:------ Middle 7: 0.00035306994246054235
08-Feb 08:27:00:INFO:root:Starting from 2.0697004487102505e-17
08-Feb 08:27:00:INFO:root:-- Outer 4: 0.004602879405550214
08-Feb 08:27:00:INFO:root:------ Middle 4: 0.0009401082020762913
08-Feb 08:27:01:INFO:root:------ Middle 8: 0.00022260488793491944
08-Feb 08:27:01:INFO:root:Starting from 1.1957985140377521e-17
08-Feb 08:27:01:INFO:root:-- Outer 1: 0.025466032781607223
08-Feb 08:27:01:INFO:root:------ Middle 1: 0.002284779919374515
08-Feb 08:27:01:INFO:root:------ Middle 1: 0.004052772955219028
08-Feb 08:27:01:INFO:root:------ Middle 1: 0.0002673231415169932
08-Feb 08:27:01:INFO:root:Starting from 1.7993742432423073e-17
08-Feb 08:27:01:INFO:root:-- Outer 5: 0.0011797042938273639
08-Feb 08:27:02:INFO:root:------ Middle 1: 0.0035983211184579117
08-Feb 08:27:02:INFO:root:------ Middle 1: 0.0002136691540700902
08-Feb 08:27:02:INFO:root:Starting from 1.9453751520899962e-17
08-Feb 08:27:02:INFO:root:-- Outer 6: 0.0012643484488403
08-Feb 08:27:02:INFO:root:------ Middle 5: 0.0007703237932200904
08-Feb 08:27:02:INFO:root:------ Middle 6: 0.000432393298016923
08-Feb 08:27:02:INFO:root:------ Middle 1: 0.0002462658132666006
08-Feb 08:27:02:INFO:root:Starting from 1.5115330109862235e-17
08-Feb 08:27:02:INFO:root:-- Outer 5: 0.0010449351701290355
08-Feb 08:27:02:INFO:root:------ Middle 1: 0.0004749747820846489
08-Feb 08:27:02:INFO:root:------ Middle 7: 0.00038122434400184214
08-Feb 08:27:02:INFO:root:------ Middle 1: 0.00020558484873057668
08-Feb 08:27:02:INFO:root:Starting from 1.5488813054583426e-17
08-Feb 08:27:02:INFO:root:-- Outer 6: 0.0011631828389681183
08-Feb 08:27:02:INFO:root:------ Middle 1: 0.003715214490537203
08-Feb 08:27:03:INFO:root:------ Middle 1: 0.0001375687446488299
08-Feb 08:27:03:INFO:root:Starting from 1.6431821791780938e-17
08-Feb 08:27:03:INFO:root:-- Outer 7: 0.00017486887932173634
08-Feb 08:27:03:INFO:root:END Outer loop
08-Feb 08:27:03:INFO:root:------ Middle 8: 0.00021694740127596574
08-Feb 08:27:03:INFO:root:Starting from 1.1800650486182583e-17
08-Feb 08:27:03:INFO:root:-- Outer 1: 0.025899718106629457
08-Feb 08:27:03:INFO:root:Model trade shares: [0.967815, 0.923319, 0.991495]
08-Feb 08:27:03:INFO:root:Data trade shares: [0.967576, 0.927756, 0.993556]
08-Feb 08:27:03:INFO:root:US prices: [1.20153, 0.94594, 0.947696]
08-Feb 08:27:03:INFO:root:in the data: [2.78451, 2.12334, 2.12334]
08-Feb 08:27:03:INFO:root:Nominal world expenditure: 1.2719271958960459e7
08-Feb 08:27:03:INFO:root:--------------In the data: [2.5209e7]
08-Feb 08:27:03:INFO:root:--- Period 27 ---
08-Feb 08:27:03:INFO:root:BEGIN Outer loop
08-Feb 08:27:03:INFO:root:------ Middle 1: 0.002517021210467537
08-Feb 08:27:03:INFO:root:------ Middle 2: 0.00027864346184901934
08-Feb 08:27:03:INFO:root:Starting from 1.8555984806755584e-17
08-Feb 08:27:03:INFO:root:-- Outer 2: 0.010591622467712362
08-Feb 08:27:03:INFO:root:------ Middle 1: 0.00014297432442519494
08-Feb 08:27:03:INFO:root:Starting from 1.7719345066826184e-17
08-Feb 08:27:03:INFO:root:-- Outer 7: 0.00026056690032417296
08-Feb 08:27:03:INFO:root:END Outer loop
08-Feb 08:27:03:INFO:root:------ Middle 2: 0.0007263953770920226
08-Feb 08:27:03:INFO:root:Model trade shares: [0.964007, 0.930016, 0.992548]
08-Feb 08:27:03:INFO:root:Data trade shares: [0.961578, 0.934257, 0.993842]
08-Feb 08:27:03:INFO:root:US prices: [0.976169, 0.916381, 0.915925]
08-Feb 08:27:03:INFO:root:in the data: [2.5813, 2.43608, 2.43608]
08-Feb 08:27:03:INFO:root:Nominal world expenditure: 1.5746763778136963e7
08-Feb 08:27:03:INFO:root:--------------In the data: [3.7723e7]
08-Feb 08:27:03:INFO:root:------ Middle 1: 0.0006611584534538598
08-Feb 08:27:03:INFO:root:--- Period 28 ---
08-Feb 08:27:03:INFO:root:BEGIN Outer loop
08-Feb 08:27:03:INFO:root:------ Middle 3: 0.00040808413144425714
08-Feb 08:27:04:INFO:root:------ Middle 2: 0.0022867980906195328
08-Feb 08:27:04:INFO:root:------ Middle 4: 0.00032685726548912375
08-Feb 08:27:04:INFO:root:------ Middle 2: 0.002355339638752009
08-Feb 08:27:05:INFO:root:------ Middle 5: 0.0001933986608212757
08-Feb 08:27:05:INFO:root:Starting from 1.5958416686677467e-17
08-Feb 08:27:05:INFO:root:-- Outer 2: 0.011320362450818338
08-Feb 08:27:05:INFO:root:------ Middle 1: 0.0035823243131830416
08-Feb 08:27:05:INFO:root:------ Middle 3: 0.00130714397267861
08-Feb 08:27:05:INFO:root:------ Middle 3: 0.001462076641827445
08-Feb 08:27:05:INFO:root:------ Middle 2: 0.0019733112415084297
08-Feb 08:27:05:INFO:root:------ Middle 1: 0.0005986978923672766
08-Feb 08:27:05:INFO:root:------ Middle 2: 0.0002153348600815191
08-Feb 08:27:05:INFO:root:Starting from 1.5301536977638622e-17
08-Feb 08:27:05:INFO:root:-- Outer 3: 0.004938020070348022
08-Feb 08:27:05:INFO:root:------ Middle 1: 0.0002873929288004497
08-Feb 08:27:05:INFO:root:Starting from 1.9031991637459384e-17
08-Feb 08:27:05:INFO:root:-- Outer 4: 0.005068265598648744
08-Feb 08:27:06:INFO:root:------ Middle 2: 0.000859025465588779
08-Feb 08:27:06:INFO:root:------ Middle 3: 0.0004560470778385296
08-Feb 08:27:06:INFO:root:------ Middle 4: 0.000951911072346833
08-Feb 08:27:06:INFO:root:------ Middle 1: 0.0038798589221740953
08-Feb 08:27:06:INFO:root:------ Middle 2: 0.00027564300877861103
08-Feb 08:27:06:INFO:root:Starting from 1.9037447119907767e-17
08-Feb 08:27:06:INFO:root:-- Outer 3: 0.00494922446925698
08-Feb 08:27:06:INFO:root:------ Middle 5: 0.0005266374676708577
08-Feb 08:27:06:INFO:root:------ Middle 4: 0.00038693687753822416
08-Feb 08:27:06:INFO:root:------ Middle 4: 0.0010445650300197609
08-Feb 08:27:06:INFO:root:------ Middle 3: 0.0015206912227514384
08-Feb 08:27:06:INFO:root:------ Middle 1: 0.0002824870214473227
08-Feb 08:27:06:INFO:root:Starting from 1.4479214667710046e-17
08-Feb 08:27:06:INFO:root:-- Outer 4: 0.005023905173165621
08-Feb 08:27:06:INFO:root:------ Middle 1: 0.0035186134883585223
08-Feb 08:27:06:INFO:root:------ Middle 5: 0.00020978853049516205
08-Feb 08:27:06:INFO:root:Starting from 1.915606120887419e-17
08-Feb 08:27:06:INFO:root:-- Outer 2: 0.011531290107796298
08-Feb 08:27:07:INFO:root:------ Middle 5: 0.0005841045756782719
08-Feb 08:27:07:INFO:root:------ Middle 4: 0.0008483253982109949
08-Feb 08:27:07:INFO:root:------ Middle 1: 0.0005442087504326969
08-Feb 08:27:08:INFO:root:------ Middle 1: 0.0002876866831519819
08-Feb 08:27:08:INFO:root:Starting from 1.5173497973484537e-17
08-Feb 08:27:08:INFO:root:-- Outer 5: 0.0011102081361743766
08-Feb 08:27:08:INFO:root:------ Middle 6: 0.00043793784144605477
08-Feb 08:27:08:INFO:root:------ Middle 1: 0.0002303588261781449
08-Feb 08:27:08:INFO:root:Starting from 1.931743100980403e-17
08-Feb 08:27:08:INFO:root:------ Middle 5: 0.0007091984954638611
08-Feb 08:27:08:INFO:root:-- Outer 6: 0.0011805158856145722
08-Feb 08:27:08:INFO:root:------ Middle 7: 0.00024270536362844687
08-Feb 08:27:08:INFO:root:Starting from 1.2380154478301482e-17
08-Feb 08:27:08:INFO:root:-- Outer 1: 0.02294503416431489
08-Feb 08:27:08:INFO:root:------ Middle 1: 0.0002939953220543478
08-Feb 08:27:08:INFO:root:------ Middle 6: 0.0004956073978772602
08-Feb 08:27:08:INFO:root:Starting from 1.4904908615278492e-17
08-Feb 08:27:08:INFO:root:-- Outer 5: 0.0012516856310932508
08-Feb 08:27:08:INFO:root:------ Middle 6: 0.0003973160115699594
08-Feb 08:27:08:INFO:root:------ Middle 1: 0.0002509396432556119
08-Feb 08:27:08:INFO:root:Starting from 1.3390942706197288e-17
08-Feb 08:27:08:INFO:root:-- Outer 6: 0.0013387710108702657
08-Feb 08:27:08:INFO:root:------ Middle 7: 0.0002757258521755137
08-Feb 08:27:08:INFO:root:Starting from 1.2247936524402912e-17
08-Feb 08:27:08:INFO:root:-- Outer 1: 0.024426464013945888
08-Feb 08:27:08:INFO:root:------ Middle 2: 0.002469662530421619
08-Feb 08:27:08:INFO:root:------ Middle 2: 0.0002920130679956615
08-Feb 08:27:08:INFO:root:Starting from 1.7199227217980647e-17
08-Feb 08:27:08:INFO:root:-- Outer 3: 0.005027187549913622
08-Feb 08:27:09:INFO:root:------ Middle 1: 0.0002712152861276378
08-Feb 08:27:09:INFO:root:Starting from 1.680211167865113e-17
08-Feb 08:27:09:INFO:root:-- Outer 4: 0.005046663595334728
08-Feb 08:27:09:INFO:root:------ Middle 7: 0.00034890568095593486
08-Feb 08:27:09:INFO:root:------ Middle 1: 0.00016499785082756363
08-Feb 08:27:09:INFO:root:------ Middle 1: 0.00015199947023372868
08-Feb 08:27:09:INFO:root:Starting from 1.7936149853890164e-17
08-Feb 08:27:09:INFO:root:-- Outer 7: 0.00020702760405907032
08-Feb 08:27:09:INFO:root:END Outer loop
08-Feb 08:27:09:INFO:root:Starting from 1.6204472637055956e-17
08-Feb 08:27:09:INFO:root:-- Outer 7: 0.0001785967054071997
08-Feb 08:27:09:INFO:root:END Outer loop
08-Feb 08:27:09:INFO:root:Model trade shares: [0.958363, 0.921817, 0.991249]
08-Feb 08:27:09:INFO:root:Data trade shares: [0.960491, 0.93458, 0.986591]
08-Feb 08:27:09:INFO:root:US prices: [0.924069, 0.899528, 0.906668]
08-Feb 08:27:09:INFO:root:in the data: [2.52256, 2.5595, 2.5595]
08-Feb 08:27:09:INFO:root:Nominal world expenditure: 1.770362606470396e7
08-Feb 08:27:09:INFO:root:--------------In the data: [4.55098e7]
08-Feb 08:27:09:INFO:root:Model trade shares: [0.967024, 0.927793, 0.992177]
08-Feb 08:27:09:INFO:root:Data trade shares: [0.963666, 0.934551, 0.994086]
08-Feb 08:27:09:INFO:root:US prices: [0.958552, 0.915174, 0.907256]
08-Feb 08:27:09:INFO:root:in the data: [2.67778, 2.5352, 2.5352]
08-Feb 08:27:09:INFO:root:Nominal world expenditure: 1.5853113306160066e7
08-Feb 08:27:09:INFO:root:--------------In the data: [4.12361e7]
08-Feb 08:27:09:INFO:root:--- Period 29 ---
08-Feb 08:27:09:INFO:root:BEGIN Outer loop
08-Feb 08:27:09:INFO:root:--- Period 30 ---
08-Feb 08:27:09:INFO:root:BEGIN Outer loop
08-Feb 08:27:09:INFO:root:------ Middle 8: 0.0001993776856207935
08-Feb 08:27:09:INFO:root:Starting from 1.2115677341334756e-17
08-Feb 08:27:09:INFO:root:-- Outer 1: 0.021676878403037055
08-Feb 08:27:09:INFO:root:------ Middle 1: 0.002231455066560037
08-Feb 08:27:10:INFO:root:------ Middle 3: 0.0015749014767481814
08-Feb 08:27:10:INFO:root:------ Middle 2: 0.00238426340266764
08-Feb 08:27:10:INFO:root:------ Middle 3: 0.0013266967949093818
08-Feb 08:27:11:INFO:root:------ Middle 1: 0.0003063581166016601
08-Feb 08:27:11:INFO:root:------ Middle 2: 0.00019071712640298405
08-Feb 08:27:11:INFO:root:Starting from 1.3862478574709445e-17
08-Feb 08:27:11:INFO:root:-- Outer 5: 0.0013295924670244208
08-Feb 08:27:11:INFO:root:------ Middle 1: 0.00035413898335189193
08-Feb 08:27:11:INFO:root:------ Middle 4: 0.0010160796689016704
08-Feb 08:27:11:INFO:root:------ Middle 1: 0.00019139678698395991
08-Feb 08:27:11:INFO:root:Starting from 1.6914322947460615e-17
08-Feb 08:27:11:INFO:root:-- Outer 6: 0.001486683415701362
08-Feb 08:27:11:INFO:root:------ Middle 5: 0.0005645925333683389
08-Feb 08:27:11:INFO:root:------ Middle 2: 0.00019366648708898443
08-Feb 08:27:11:INFO:root:Starting from 1.746794864864056e-17
08-Feb 08:27:11:INFO:root:-- Outer 2: 0.00993700110656411
08-Feb 08:27:12:INFO:root:------ Middle 4: 0.0010333717146563455
08-Feb 08:27:12:INFO:root:------ Middle 1: 0.0003662390090778636
08-Feb 08:27:12:INFO:root:------ Middle 2: 0.0006928726335154184
08-Feb 08:27:12:INFO:root:------ Middle 5: 0.000581236115474393
08-Feb 08:27:12:INFO:root:------ Middle 2: 0.00020026321492476484
08-Feb 08:27:12:INFO:root:Starting from 1.565758245140065e-17
08-Feb 08:27:12:INFO:root:-- Outer 2: 0.010601322060712431
08-Feb 08:27:12:INFO:root:------ Middle 1: 0.0001250955570513649
08-Feb 08:27:12:INFO:root:Starting from 1.6834501674852698e-17
08-Feb 08:27:12:INFO:root:-- Outer 7: 0.00019658463629431026
08-Feb 08:27:12:INFO:root:END Outer loop
08-Feb 08:27:12:INFO:root:------ Middle 3: 0.00040537122392945974
08-Feb 08:27:12:INFO:root:Model trade shares: [0.9519, 0.915645, 0.989072]
08-Feb 08:27:12:INFO:root:Data trade shares: [0.955615, 0.931697, 0.991754]
08-Feb 08:27:12:INFO:root:US prices: [0.91492, 0.901734, 0.926704]
08-Feb 08:27:12:INFO:root:in the data: [2.59006, 2.59665, 2.59665]
08-Feb 08:27:12:INFO:root:Nominal world expenditure: 1.747087245953853e7
08-Feb 08:27:12:INFO:root:--------------In the data: [4.90999e7]
08-Feb 08:27:12:INFO:root:------ Middle 6: 0.00046256923902709615
08-Feb 08:27:12:INFO:root:--- Period 31 ---
08-Feb 08:27:12:INFO:root:BEGIN Outer loop
08-Feb 08:27:12:INFO:root:------ Middle 2: 0.0022664597569524154
08-Feb 08:27:12:INFO:root:------ Middle 7: 0.00025563568750959454
08-Feb 08:27:12:INFO:root:Starting from 1.1964032684109523e-17
08-Feb 08:27:12:INFO:root:-- Outer 1: 0.025695833697376193
08-Feb 08:27:13:INFO:root:------ Middle 4: 0.000325107113033934
08-Feb 08:27:13:INFO:root:------ Middle 1: 0.0002676688655161023
08-Feb 08:27:13:INFO:root:Starting from 1.5788493310936688e-17
08-Feb 08:27:13:INFO:root:-- Outer 3: 0.004412026099299871
08-Feb 08:27:13:INFO:root:------ Middle 5: 0.00019286858030679552
08-Feb 08:27:13:INFO:root:Starting from 2.4086015141408975e-17
08-Feb 08:27:13:INFO:root:-- Outer 2: 0.009911528327813786
08-Feb 08:27:13:INFO:root:------ Middle 1: 0.0003402694145940689
08-Feb 08:27:13:INFO:root:------ Middle 1: 0.0005451433097274155
08-Feb 08:27:13:INFO:root:------ Middle 6: 0.00048626450801489505
08-Feb 08:27:14:INFO:root:------ Middle 7: 0.00027286342584690736
08-Feb 08:27:14:INFO:root:Starting from 1.2111078962746749e-17
08-Feb 08:27:14:INFO:root:-- Outer 1: 0.025278798390168403
08-Feb 08:27:14:INFO:root:------ Middle 1: 0.00026677346300450853
08-Feb 08:27:14:INFO:root:Starting from 1.8871772674577908e-17
08-Feb 08:27:14:INFO:root:-- Outer 3: 0.004703499447308627
08-Feb 08:27:14:INFO:root:------ Middle 2: 0.00014004458319282333
08-Feb 08:27:14:INFO:root:Starting from 1.9200315626283373e-17
08-Feb 08:27:14:INFO:root:-- Outer 4: 0.0019592431987970004
08-Feb 08:27:14:INFO:root:------ Middle 1: 0.00033905123399870083
08-Feb 08:27:15:INFO:root:------ Middle 1: 0.00016601332408457158
08-Feb 08:27:15:INFO:root:Starting from 1.7523960983160466e-17
08-Feb 08:27:15:INFO:root:-- Outer 5: 0.001920804684297274
08-Feb 08:27:15:INFO:root:------ Middle 3: 0.0014499724150955817
08-Feb 08:27:15:INFO:root:------ Middle 1: 0.0005000019352124208
08-Feb 08:27:15:INFO:root:------ Middle 1: 0.0004055063367160148
08-Feb 08:27:15:INFO:root:------ Middle 2: 0.00027200267742303393
08-Feb 08:27:15:INFO:root:Starting from 1.7344458635394232e-17
08-Feb 08:27:15:INFO:root:-- Outer 2: 0.011101072417519307
08-Feb 08:27:15:INFO:root:------ Middle 2: 0.0002562172485295166
08-Feb 08:27:15:INFO:root:Starting from 1.8693563841780667e-17
08-Feb 08:27:15:INFO:root:-- Outer 3: 0.004423060081052827
08-Feb 08:27:15:INFO:root:------ Middle 2: 0.00022040276621128796
08-Feb 08:27:15:INFO:root:Starting from 1.5910943088677398e-17
08-Feb 08:27:15:INFO:root:-- Outer 2: 0.011091252472532533
08-Feb 08:27:15:INFO:root:------ Middle 1: 0.00013788154419864547
08-Feb 08:27:15:INFO:root:Starting from 1.3816574630417106e-17
08-Feb 08:27:15:INFO:root:-- Outer 6: 0.0005719732543210854
08-Feb 08:27:15:INFO:root:END Outer loop
08-Feb 08:27:16:INFO:root:------ Middle 1: 0.0002774295393501301
08-Feb 08:27:16:INFO:root:Starting from 1.5930108782365727e-17
08-Feb 08:27:16:INFO:root:-- Outer 4: 0.004508745917043397
08-Feb 08:27:16:INFO:root:Model trade shares: [0.946963, 0.912136, 0.986077]
08-Feb 08:27:16:INFO:root:Data trade shares: [0.954902, 0.927282, 0.98849]
08-Feb 08:27:16:INFO:root:US prices: [0.921686, 0.888461, 0.939028]
08-Feb 08:27:16:INFO:root:in the data: [2.81662, 2.76323, 2.76323]
08-Feb 08:27:16:INFO:root:Nominal world expenditure: 1.8370021738816105e7
08-Feb 08:27:16:INFO:root:--------------In the data: [5.52518e7]
08-Feb 08:27:16:INFO:root:--- Period 32 ---
08-Feb 08:27:16:INFO:root:BEGIN Outer loop
08-Feb 08:27:16:INFO:root:------ Middle 4: 0.000931214728569937
08-Feb 08:27:16:INFO:root:------ Middle 5: 0.0005143830480116566
08-Feb 08:27:16:INFO:root:------ Middle 2: 0.00014400312063253656
08-Feb 08:27:16:INFO:root:Starting from 1.8409422635112067e-17
08-Feb 08:27:16:INFO:root:-- Outer 4: 0.002081226427095695
08-Feb 08:27:16:INFO:root:------ Middle 1: 0.00016489208064367414
08-Feb 08:27:16:INFO:root:Starting from 1.4161176794347732e-17
08-Feb 08:27:16:INFO:root:-- Outer 5: 0.0020429817116417977
08-Feb 08:27:17:INFO:root:------ Middle 6: 0.0004397198343209514
08-Feb 08:27:17:INFO:root:------ Middle 1: 0.0002955325031700323
08-Feb 08:27:17:INFO:root:Starting from 1.4821980453678502e-17
08-Feb 08:27:17:INFO:root:-- Outer 3: 0.004925938044458514
08-Feb 08:27:17:INFO:root:------ Middle 1: 0.000347309369620185
08-Feb 08:27:17:INFO:root:------ Middle 7: 0.0002711452110977938
08-Feb 08:27:17:INFO:root:Starting from 1.1742024087563787e-17
08-Feb 08:27:17:INFO:root:-- Outer 1: 0.025882085689783934
08-Feb 08:27:17:INFO:root:------ Middle 1: 0.0018699378775280584
08-Feb 08:27:17:INFO:root:------ Middle 1: 0.0004037780990891425
08-Feb 08:27:18:INFO:root:------ Middle 2: 0.00022194924479429363
08-Feb 08:27:18:INFO:root:Starting from 1.1335523295113953e-17
08-Feb 08:27:18:INFO:root:-- Outer 3: 0.0048293232671256315
08-Feb 08:27:18:INFO:root:------ Middle 1: 0.00029180940937985556
08-Feb 08:27:18:INFO:root:Starting from 1.3430095661688138e-17
08-Feb 08:27:18:INFO:root:-- Outer 5: 0.001083795334806077
08-Feb 08:27:18:INFO:root:------ Middle 1: 0.0002348941808269873
08-Feb 08:27:18:INFO:root:Starting from 1.9957026763159345e-17
08-Feb 08:27:18:INFO:root:-- Outer 6: 0.0011409003641516923
08-Feb 08:27:18:INFO:root:------ Middle 1: 0.00013402662645198502
08-Feb 08:27:18:INFO:root:Starting from 1.6537712099927708e-17
08-Feb 08:27:18:INFO:root:-- Outer 6: 0.00041706812716261473
08-Feb 08:27:18:INFO:root:END Outer loop
08-Feb 08:27:18:INFO:root:------ Middle 2: 0.00016373953195425738
08-Feb 08:27:18:INFO:root:Starting from 1.9034038514394067e-17
08-Feb 08:27:18:INFO:root:-- Outer 4: 0.002111912569368407
08-Feb 08:27:18:INFO:root:Model trade shares: [0.950291, 0.911949, 0.987994]
08-Feb 08:27:18:INFO:root:Data trade shares: [0.950579, 0.929714, 0.991388]
08-Feb 08:27:18:INFO:root:US prices: [0.918965, 0.896081, 0.93982]
08-Feb 08:27:18:INFO:root:in the data: [2.71827, 2.64842, 2.64842]
08-Feb 08:27:18:INFO:root:Nominal world expenditure: 1.8105812970185477e7
08-Feb 08:27:18:INFO:root:--------------In the data: [5.43532e7]
08-Feb 08:27:18:INFO:root:--- Period 33 ---
08-Feb 08:27:18:INFO:root:BEGIN Outer loop
08-Feb 08:27:18:INFO:root:------ Middle 1: 0.00017255845764294005
08-Feb 08:27:18:INFO:root:Starting from 1.6441133075477073e-17
08-Feb 08:27:18:INFO:root:-- Outer 5: 0.0020839279298734466
08-Feb 08:27:19:INFO:root:------ Middle 2: 0.0005469732060552441
08-Feb 08:27:19:INFO:root:------ Middle 3: 0.00031758463407890927
08-Feb 08:27:19:INFO:root:------ Middle 1: 0.0038540097427657324
08-Feb 08:27:19:INFO:root:------ Middle 1: 0.0001539589742064463
08-Feb 08:27:19:INFO:root:Starting from 2.0066670635338306e-17
08-Feb 08:27:19:INFO:root:-- Outer 7: 0.0002240152195124258
08-Feb 08:27:19:INFO:root:END Outer loop
08-Feb 08:27:19:INFO:root:------ Middle 1: 0.00014546361622596373
08-Feb 08:27:19:INFO:root:Starting from 1.8249864360885026e-17
08-Feb 08:27:19:INFO:root:-- Outer 6: 0.0007231048194032786
08-Feb 08:27:19:INFO:root:END Outer loop
08-Feb 08:27:19:INFO:root:Model trade shares: [0.946775, 0.916786, 0.982187]
08-Feb 08:27:19:INFO:root:Data trade shares: [0.951101, 0.932187, 0.983861]
08-Feb 08:27:19:INFO:root:US prices: [0.900388, 0.863007, 0.910042]
08-Feb 08:27:19:INFO:root:in the data: [2.96009, 2.78199, 2.78199]
08-Feb 08:27:19:INFO:root:Nominal world expenditure: 1.8528554410653085e7
08-Feb 08:27:19:INFO:root:--------------In the data: [5.49713e7]
08-Feb 08:27:19:INFO:root:Model trade shares: [0.964564, 0.923919, 0.991698]
08-Feb 08:27:19:INFO:root:Data trade shares: [0.958317, 0.928046, 0.993489]
08-Feb 08:27:19:INFO:root:US prices: [1.05771, 0.933299, 0.947649]
08-Feb 08:27:19:INFO:root:in the data: [2.43661, 2.20422, 2.20422]
08-Feb 08:27:19:INFO:root:Nominal world expenditure: 1.3876583884164926e7
08-Feb 08:27:19:INFO:root:--------------In the data: [3.25615e7]
08-Feb 08:27:19:INFO:root:--- Period 34 ---
08-Feb 08:27:19:INFO:root:BEGIN Outer loop
08-Feb 08:27:19:INFO:root:--- Period 35 ---
08-Feb 08:27:19:INFO:root:BEGIN Outer loop
08-Feb 08:27:19:INFO:root:------ Middle 1: 0.0002817641902869327
08-Feb 08:27:19:INFO:root:Starting from 1.517740847835328e-17
08-Feb 08:27:19:INFO:root:-- Outer 4: 0.0021735676677077727
08-Feb 08:27:20:INFO:root:------ Middle 1: 0.00029015675237868975
08-Feb 08:27:20:INFO:root:Starting from 1.8105517583563028e-17
08-Feb 08:27:20:INFO:root:-- Outer 5: 0.002175105244573229
08-Feb 08:27:20:INFO:root:------ Middle 4: 0.0002604764351139069
08-Feb 08:27:20:INFO:root:Starting from 1.7028765957803156e-17
08-Feb 08:27:20:INFO:root:-- Outer 2: 0.011854618134209707
08-Feb 08:27:20:INFO:root:------ Middle 1: 0.00040442762941255095
08-Feb 08:27:21:INFO:root:------ Middle 1: 0.0002239685794629324
08-Feb 08:27:21:INFO:root:Starting from 1.944514442568032e-17
08-Feb 08:27:21:INFO:root:-- Outer 6: 0.0006040080334248065
08-Feb 08:27:21:INFO:root:END Outer loop
08-Feb 08:27:21:INFO:root:------ Middle 1: 0.004244822098994239
08-Feb 08:27:21:INFO:root:Model trade shares: [0.951854, 0.914162, 0.988415]
08-Feb 08:27:21:INFO:root:Data trade shares: [0.959588, 0.937566, 0.971212]
08-Feb 08:27:21:INFO:root:US prices: [0.928121, 0.910316, 0.92663]
08-Feb 08:27:21:INFO:root:in the data: [2.70826, 2.57595, 2.57595]
08-Feb 08:27:21:INFO:root:Nominal world expenditure: 1.70729609023359e7
08-Feb 08:27:21:INFO:root:--------------In the data: [4.5848e7]
08-Feb 08:27:21:INFO:root:--- Period 36 ---
08-Feb 08:27:21:INFO:root:BEGIN Outer loop
08-Feb 08:27:21:INFO:root:------ Middle 1: 0.0038344756283427376
08-Feb 08:27:22:INFO:root:------ Middle 2: 0.00028797172902382187
08-Feb 08:27:22:INFO:root:Starting from 1.374107028917724e-17
08-Feb 08:27:22:INFO:root:-- Outer 3: 0.005102987260318974
08-Feb 08:27:22:INFO:root:------ Middle 1: 0.000177397796717502
08-Feb 08:27:22:INFO:root:Starting from 1.6966608329947433e-17
08-Feb 08:27:22:INFO:root:-- Outer 4: 0.00510302189166271
08-Feb 08:27:22:INFO:root:------ Middle 2: 0.0026487547272796242
08-Feb 08:27:22:INFO:root:------ Middle 3: 0.001477809676491523
08-Feb 08:27:23:INFO:root:------ Middle 2: 0.002409403096533141
08-Feb 08:27:23:INFO:root:------ Middle 3: 0.0013465863657796484
08-Feb 08:27:23:INFO:root:------ Middle 4: 0.001143959601075722
08-Feb 08:27:24:INFO:root:------ Middle 5: 0.0006566784222127607
08-Feb 08:27:24:INFO:root:------ Middle 1: 0.00026186469021221225
08-Feb 08:27:24:INFO:root:Starting from 1.612365749292809e-17
08-Feb 08:27:24:INFO:root:-- Outer 5: 0.001289758329988229
08-Feb 08:27:24:INFO:root:------ Middle 1: 0.00021890693964311038
08-Feb 08:27:24:INFO:root:Starting from 1.4550803854286858e-17
08-Feb 08:27:24:INFO:root:-- Outer 6: 0.001378983116423793
08-Feb 08:27:25:INFO:root:------ Middle 1: 0.00014502238910286085
08-Feb 08:27:25:INFO:root:Starting from 1.3084951695578795e-17
08-Feb 08:27:25:INFO:root:-- Outer 7: 0.00020649502143781315
08-Feb 08:27:25:INFO:root:END Outer loop
08-Feb 08:27:25:INFO:root:------ Middle 6: 0.0005588647192254531
08-Feb 08:27:25:INFO:root:Model trade shares: [0.960785, 0.921151, 0.992354]
08-Feb 08:27:25:INFO:root:Data trade shares: [0.953126, 0.923314, 0.993566]
08-Feb 08:27:25:INFO:root:US prices: [1.11009, 0.938426, 0.942116]
08-Feb 08:27:25:INFO:root:in the data: [2.3065, 2.15345, 2.15345]
08-Feb 08:27:25:INFO:root:Nominal world expenditure: 1.3063141251479886e7
08-Feb 08:27:25:INFO:root:--------------In the data: [2.91447e7]
08-Feb 08:27:25:INFO:root:------ Middle 7: 0.0003088338010390384
08-Feb 08:27:25:INFO:root:------ Middle 4: 0.0010702151117189215
08-Feb 08:27:25:INFO:root:------ Middle 5: 0.0006020800980583597
08-Feb 08:27:25:INFO:root:------ Middle 8: 0.00030200096502935853
08-Feb 08:27:25:INFO:root:------ Middle 9: 0.00026044156851750595
08-Feb 08:27:25:INFO:root:Starting from 1.1816297333696445e-17
08-Feb 08:27:25:INFO:root:-- Outer 1: 0.02289309391427098
08-Feb 08:27:26:INFO:root:------ Middle 1: 0.0024961825869996533
08-Feb 08:27:26:INFO:root:------ Middle 1: 0.004591482182295532
08-Feb 08:27:26:INFO:root:------ Middle 2: 0.0025264720827013177
08-Feb 08:27:27:INFO:root:------ Middle 6: 0.0005058015678936741
08-Feb 08:27:27:INFO:root:------ Middle 1: 0.004188700399816237
08-Feb 08:27:27:INFO:root:------ Middle 7: 0.00028758443522867625
08-Feb 08:27:27:INFO:root:------ Middle 2: 0.002310504081197491
08-Feb 08:27:27:INFO:root:Starting from 1.2623541789831698e-17
08-Feb 08:27:27:INFO:root:-- Outer 1: 0.02083206897579887
08-Feb 08:27:28:INFO:root:------ Middle 3: 0.0018855581063889275
08-Feb 08:27:28:INFO:root:------ Middle 4: 0.0010498797553966752
08-Feb 08:27:28:INFO:root:------ Middle 3: 0.0016952603577917447
08-Feb 08:27:28:INFO:root:------ Middle 1: 0.004466731137234941
08-Feb 08:27:28:INFO:root:------ Middle 2: 0.0008313274312737473
08-Feb 08:27:28:INFO:root:------ Middle 4: 0.0009488191669736309
08-Feb 08:27:29:INFO:root:------ Middle 5: 0.000840469102552254
08-Feb 08:27:29:INFO:root:------ Middle 3: 0.0005598681428411353
08-Feb 08:27:29:INFO:root:------ Middle 6: 0.00045795620264332256
08-Feb 08:27:29:INFO:root:------ Middle 4: 0.00034327090588610746
08-Feb 08:27:29:INFO:root:------ Middle 7: 0.0003933273359136074
08-Feb 08:27:29:INFO:root:------ Middle 5: 0.0007412922469897746
08-Feb 08:27:30:INFO:root:------ Middle 6: 0.00044174770975788916
08-Feb 08:27:30:INFO:root:------ Middle 1: 0.0004648048403623077
08-Feb 08:27:30:INFO:root:------ Middle 8: 0.000222635402157955
08-Feb 08:27:30:INFO:root:Starting from 1.125066870931922e-17
08-Feb 08:27:30:INFO:root:-- Outer 1: 0.023614693497759867
08-Feb 08:27:30:INFO:root:------ Middle 5: 0.00025616212292242776
08-Feb 08:27:30:INFO:root:Starting from 1.7269184644987192e-17
08-Feb 08:27:30:INFO:root:-- Outer 2: 0.010091720628661857
08-Feb 08:27:30:INFO:root:------ Middle 1: 0.0028642489704514373
08-Feb 08:27:30:INFO:root:------ Middle 1: 0.000547415551709432
08-Feb 08:27:30:INFO:root:------ Middle 7: 0.0003625878705308005
08-Feb 08:27:31:INFO:root:------ Middle 2: 0.0002691678432948092
08-Feb 08:27:31:INFO:root:Starting from 1.9318603801892155e-17
08-Feb 08:27:31:INFO:root:-- Outer 2: 0.009347379874420346
08-Feb 08:27:31:INFO:root:------ Middle 8: 0.00019550759268917853
08-Feb 08:27:31:INFO:root:Starting from 1.1497269325886496e-17
08-Feb 08:27:31:INFO:root:-- Outer 1: 0.020069593520913205
08-Feb 08:27:31:INFO:root:------ Middle 1: 0.0006714187116544364
08-Feb 08:27:31:INFO:root:------ Middle 1: 0.0030837027677831966
08-Feb 08:27:32:INFO:root:------ Middle 2: 0.0002791876022845703
08-Feb 08:27:32:INFO:root:Starting from 1.8600155073746217e-17
08-Feb 08:27:32:INFO:root:-- Outer 3: 0.004574931963206311
08-Feb 08:27:32:INFO:root:------ Middle 1: 0.00027334858167933905
08-Feb 08:27:32:INFO:root:Starting from 1.5424966252195075e-17
08-Feb 08:27:32:INFO:root:-- Outer 4: 0.004638684850342111
08-Feb 08:27:33:INFO:root:------ Middle 2: 0.0027989864264261898
08-Feb 08:27:33:INFO:root:------ Middle 2: 0.0001758953103655703
08-Feb 08:27:33:INFO:root:Starting from 1.606449281463064e-17
08-Feb 08:27:33:INFO:root:-- Outer 3: 0.004454112494302055
08-Feb 08:27:33:INFO:root:------ Middle 1: 0.00028438879366162346
08-Feb 08:27:33:INFO:root:Starting from 2.137664537447638e-17
08-Feb 08:27:33:INFO:root:-- Outer 4: 0.0045180350182313445
08-Feb 08:27:33:INFO:root:------ Middle 1: 0.0032918403127768277
08-Feb 08:27:34:INFO:root:------ Middle 3: 0.0017417494745440674
08-Feb 08:27:34:INFO:root:------ Middle 1: 0.00027726710559516996
08-Feb 08:27:34:INFO:root:Starting from 1.3784527722710506e-17
08-Feb 08:27:34:INFO:root:-- Outer 5: 0.0010099751043098992
08-Feb 08:27:34:INFO:root:------ Middle 4: 0.0009610330775696225
08-Feb 08:27:34:INFO:root:------ Middle 1: 0.0002219173465705795
08-Feb 08:27:34:INFO:root:Starting from 2.2180970298941316e-17
08-Feb 08:27:34:INFO:root:-- Outer 6: 0.0011023542372066784
08-Feb 08:27:35:INFO:root:------ Middle 1: 0.00023701233664000457
08-Feb 08:27:35:INFO:root:Starting from 2.2885009984587133e-17
08-Feb 08:27:35:INFO:root:-- Outer 5: 0.0009134726705239954
08-Feb 08:27:35:INFO:root:END Outer loop
08-Feb 08:27:35:INFO:root:Model trade shares: [0.947406, 0.914786, 0.983866]
08-Feb 08:27:35:INFO:root:Data trade shares: [0.951781, 0.9268, 0.989231]
08-Feb 08:27:35:INFO:root:US prices: [0.88285, 0.850554, 0.930315]
08-Feb 08:27:35:INFO:root:in the data: [2.94894, 2.90959, 2.90959]
08-Feb 08:27:35:INFO:root:Nominal world expenditure: 1.945824746888204e7
08-Feb 08:27:35:INFO:root:--------------In the data: [5.76528e7]
08-Feb 08:27:35:INFO:root:------ Middle 1: 0.00015051441488955915
08-Feb 08:27:35:INFO:root:Starting from 1.7379776071586073e-17
08-Feb 08:27:35:INFO:root:-- Outer 7: 0.0002649123871827235
08-Feb 08:27:35:INFO:root:END Outer loop
08-Feb 08:27:35:INFO:root:------ Middle 5: 0.0007484381662085266
08-Feb 08:27:35:INFO:root:Model trade shares: [0.944775, 0.909083, 0.977643]
08-Feb 08:27:35:INFO:root:Data trade shares: [0.946294, 0.923226, 0.982471]
08-Feb 08:27:35:INFO:root:US prices: [0.90693, 0.88556, 0.989417]
08-Feb 08:27:35:INFO:root:in the data: [2.69951, 2.89119, 2.89119]
08-Feb 08:27:35:INFO:root:Nominal world expenditure: 2.1459545897047177e7
08-Feb 08:27:35:INFO:root:--------------In the data: [5.96564e7]
08-Feb 08:27:36:INFO:root:------ Middle 6: 0.0004161658892127625
08-Feb 08:27:36:INFO:root:------ Middle 2: 0.0020478751683124493
08-Feb 08:27:36:INFO:root:------ Middle 3: 0.0011294528597549113
08-Feb 08:27:36:INFO:root:------ Middle 7: 0.0003523786453218303
08-Feb 08:27:37:INFO:root:------ Middle 8: 0.00019341914834958678
08-Feb 08:27:37:INFO:root:Starting from 1.1781432010317061e-17
08-Feb 08:27:37:INFO:root:-- Outer 1: 0.023912690956933665
08-Feb 08:27:37:INFO:root:------ Middle 1: 0.004016407531603098
08-Feb 08:27:37:INFO:root:------ Middle 4: 0.0008553504185080155
08-Feb 08:27:37:INFO:root:------ Middle 5: 0.00047308212109813466
08-Feb 08:27:38:INFO:root:------ Middle 6: 0.0003884024737309614
08-Feb 08:27:39:INFO:root:------ Middle 7: 0.000213791796453503
08-Feb 08:27:39:INFO:root:Starting from 1.1647291168102753e-17
08-Feb 08:27:39:INFO:root:-- Outer 1: 0.0154372618811006
08-Feb 08:27:41:INFO:root:------ Middle 1: 0.0003877003414097863
08-Feb 08:27:42:INFO:root:------ Middle 2: 0.00023249634169193875
08-Feb 08:27:42:INFO:root:Starting from 1.8016160248093386e-17
08-Feb 08:27:42:INFO:root:-- Outer 2: 0.006922573343851454
08-Feb 08:27:42:INFO:root:------ Middle 1: 0.0033304397830572533
08-Feb 08:27:42:INFO:root:------ Middle 1: 0.0005557456528557785
08-Feb 08:27:42:INFO:root:------ Middle 2: 0.0009925648529105725
08-Feb 08:27:43:INFO:root:------ Middle 2: 0.00013006248950617102
08-Feb 08:27:43:INFO:root:Starting from 2.4159754636937127e-17
08-Feb 08:27:43:INFO:root:-- Outer 3: 0.0034948801561583264
08-Feb 08:27:43:INFO:root:------ Middle 1: 0.00025882994319325616
08-Feb 08:27:43:INFO:root:Starting from 2.2211302421419e-17
08-Feb 08:27:43:INFO:root:-- Outer 4: 0.0035704466772301427
08-Feb 08:27:43:INFO:root:------ Middle 3: 0.0006936570591777899
08-Feb 08:27:44:INFO:root:------ Middle 2: 0.0021215855476472353
08-Feb 08:27:44:INFO:root:------ Middle 2: 0.0011454689794630686
08-Feb 08:27:45:INFO:root:------ Middle 4: 0.0004173047896749588
08-Feb 08:27:45:INFO:root:------ Middle 1: 0.00018804421840130895
08-Feb 08:27:45:INFO:root:Starting from 1.6200546199105037e-17
08-Feb 08:27:45:INFO:root:-- Outer 5: 0.0006655037697559331
08-Feb 08:27:45:INFO:root:END Outer loop
08-Feb 08:27:45:INFO:root:Model trade shares: [0.955986, 0.885258, 0.978177]
08-Feb 08:27:45:INFO:root:Data trade shares: [0.955026, 0.900005, 0.981768]
08-Feb 08:27:45:INFO:root:US prices: [1.28017, 1.02233, 1.20128]
08-Feb 08:27:45:INFO:root:in the data: [4.23838, 3.41193, 3.41193]
08-Feb 08:27:45:INFO:root:Nominal world expenditure: 3.583152388804239e7
08-Feb 08:27:45:INFO:root:--------------In the data: [9.98292e7]
08-Feb 08:27:45:INFO:root:------ Middle 5: 0.000362047964177797
08-Feb 08:27:45:INFO:root:------ Middle 1: 0.003452665801198303
08-Feb 08:27:45:INFO:root:------ Middle 3: 0.0013531728302571835
08-Feb 08:27:46:INFO:root:------ Middle 6: 0.00023191296848848185
08-Feb 08:27:46:INFO:root:Starting from 1.7858560841001285e-17
08-Feb 08:27:46:INFO:root:------ Middle 4: 0.0007513251224093172
08-Feb 08:27:46:INFO:root:-- Outer 2: 0.009241183667841133
08-Feb 08:27:46:INFO:root:------ Middle 3: 0.0007106107921419556
08-Feb 08:27:46:INFO:root:------ Middle 1: 0.003529794848532767
08-Feb 08:27:47:INFO:root:------ Middle 5: 0.0006121983432132495
08-Feb 08:27:47:INFO:root:------ Middle 6: 0.00034418405905459084
08-Feb 08:27:48:INFO:root:------ Middle 7: 0.0003019563000198236
08-Feb 08:27:48:INFO:root:------ Middle 4: 0.0004179015402062397
08-Feb 08:27:48:INFO:root:------ Middle 8: 0.00017045344067685396
08-Feb 08:27:48:INFO:root:Starting from 1.3040009037087319e-17
08-Feb 08:27:48:INFO:root:-- Outer 1: 0.01976400112033698
08-Feb 08:27:48:INFO:root:------ Middle 1: 0.0021043559919988477
08-Feb 08:27:48:INFO:root:------ Middle 2: 0.0021982109385924042
08-Feb 08:27:49:INFO:root:------ Middle 1: 0.000382555258161362
08-Feb 08:27:49:INFO:root:------ Middle 2: 0.00040528840797326646
08-Feb 08:27:49:INFO:root:------ Middle 5: 0.00026105154187360024
08-Feb 08:27:49:INFO:root:Starting from 1.7658779205926996e-17
08-Feb 08:27:49:INFO:root:-- Outer 2: 0.010779045639410643
08-Feb 08:27:50:INFO:root:------ Middle 2: 0.0022483785012077746
08-Feb 08:27:50:INFO:root:------ Middle 3: 0.0014066949491712232
08-Feb 08:27:50:INFO:root:------ Middle 3: 0.0002750747911903928
08-Feb 08:27:50:INFO:root:Starting from 1.6304615412247797e-17
08-Feb 08:27:50:INFO:root:-- Outer 3: 0.0039003076137236656
08-Feb 08:27:50:INFO:root:------ Middle 1: 0.0004033661011075713
08-Feb 08:27:51:INFO:root:------ Middle 2: 0.0007822943039507254
08-Feb 08:27:51:INFO:root:------ Middle 1: 0.00036332357180744534
08-Feb 08:27:51:INFO:root:------ Middle 2: 0.0002712877619827518
08-Feb 08:27:51:INFO:root:Starting from 1.5764638059983393e-17
08-Feb 08:27:51:INFO:root:-- Outer 4: 0.0019941750543193506
08-Feb 08:27:52:INFO:root:------ Middle 4: 0.0009123923162991678
08-Feb 08:27:52:INFO:root:------ Middle 2: 0.0002652780360649455
08-Feb 08:27:52:INFO:root:Starting from 2.0988054311616745e-17
08-Feb 08:27:52:INFO:root:-- Outer 3: 0.004582647720392846
08-Feb 08:27:52:INFO:root:------ Middle 3: 0.00046101049038454236
08-Feb 08:27:52:INFO:root:------ Middle 1: 0.0002825669614685275
08-Feb 08:27:52:INFO:root:Starting from 1.9606453624437888e-17
08-Feb 08:27:52:INFO:root:-- Outer 5: 0.0021706807507774935
08-Feb 08:27:52:INFO:root:------ Middle 4: 0.00021951390029136667
08-Feb 08:27:52:INFO:root:Starting from 2.363799829481433e-17
08-Feb 08:27:52:INFO:root:-- Outer 2: 0.009282583018168162
08-Feb 08:27:52:INFO:root:------ Middle 3: 0.0014378373093734736
08-Feb 08:27:52:INFO:root:------ Middle 4: 0.0007923939785816662
08-Feb 08:27:52:INFO:root:------ Middle 1: 0.00020352498351434344
08-Feb 08:27:52:INFO:root:Starting from 1.4900550781576954e-17
08-Feb 08:27:52:INFO:root:-- Outer 6: 0.0005100897398860396
08-Feb 08:27:52:INFO:root:END Outer loop
08-Feb 08:27:52:INFO:root:Model trade shares: [0.962916, 0.896951, 0.954022]
08-Feb 08:27:52:INFO:root:Data trade shares: [0.954831, 0.902146, 0.983572]
08-Feb 08:27:52:INFO:root:US prices: [1.21941, 1.01158, 1.19646]
08-Feb 08:27:52:INFO:root:in the data: [3.88449, 3.20236, 3.20236]
08-Feb 08:27:52:INFO:root:Nominal world expenditure: 3.5557182634729214e7
08-Feb 08:27:52:INFO:root:--------------In the data: [8.8489e7]
08-Feb 08:27:53:INFO:root:------ Middle 1: 0.00031733856463254435
08-Feb 08:27:53:INFO:root:------ Middle 5: 0.0005960544487243531
08-Feb 08:27:53:INFO:root:------ Middle 2: 0.00017558715572523666
08-Feb 08:27:53:INFO:root:Starting from 2.2915976496989676e-17
08-Feb 08:27:53:INFO:root:-- Outer 4: 0.0020285369895385857
08-Feb 08:27:53:INFO:root:------ Middle 1: 0.0003007686369759935
08-Feb 08:27:54:INFO:root:------ Middle 5: 0.0006310058115226869
08-Feb 08:27:54:INFO:root:------ Middle 1: 0.0002508064399077943
08-Feb 08:27:54:INFO:root:Starting from 1.8340709732483586e-17
08-Feb 08:27:54:INFO:root:-- Outer 3: 0.003717159905713714
08-Feb 08:27:54:INFO:root:------ Middle 6: 0.0003901043770529893
08-Feb 08:27:54:INFO:root:------ Middle 6: 0.00035253005832070356
08-Feb 08:27:54:INFO:root:------ Middle 2: 0.00010377612539383246
08-Feb 08:27:54:INFO:root:Starting from 1.631165380655682e-17
08-Feb 08:27:54:INFO:root:-- Outer 5: 0.0010518107744509186
08-Feb 08:27:54:INFO:root:------ Middle 1: 0.00018143895669536634
08-Feb 08:27:54:INFO:root:Starting from 1.7264468644066647e-17
08-Feb 08:27:54:INFO:root:-- Outer 6: 0.0011429583332107263
08-Feb 08:27:54:INFO:root:------ Middle 1: 0.00025861890881084983
08-Feb 08:27:54:INFO:root:Starting from 1.759036157030858e-17
08-Feb 08:27:54:INFO:root:-- Outer 4: 0.003756155525530276
08-Feb 08:27:55:INFO:root:------ Middle 7: 0.00031125063569084285
08-Feb 08:27:55:INFO:root:------ Middle 7: 0.00025511471318042744
08-Feb 08:27:55:INFO:root:Starting from 1.2046846116339247e-17
08-Feb 08:27:55:INFO:root:-- Outer 1: 0.02049632693115123
08-Feb 08:27:55:INFO:root:------ Middle 1: 0.0001271335751813947
08-Feb 08:27:55:INFO:root:Starting from 1.7778744010995257e-17
08-Feb 08:27:55:INFO:root:-- Outer 7: 0.00022335620915542718
08-Feb 08:27:55:INFO:root:END Outer loop
08-Feb 08:27:55:INFO:root:Model trade shares: [0.939862, 0.880823, 0.978614]
08-Feb 08:27:55:INFO:root:Data trade shares: [0.95138, 0.919234, 0.983181]
08-Feb 08:27:55:INFO:root:US prices: [0.957081, 0.918501, 1.07049]
08-Feb 08:27:55:INFO:root:in the data: [3.11354, 3.01039, 3.01039]
08-Feb 08:27:55:INFO:root:Nominal world expenditure: 2.2952083260311686e7
08-Feb 08:27:55:INFO:root:--------------In the data: [6.70931e7]
08-Feb 08:27:55:INFO:root:------ Middle 8: 0.00017480776279237846
08-Feb 08:27:55:INFO:root:Starting from 1.2843097760027487e-17
08-Feb 08:27:55:INFO:root:-- Outer 1: 0.020168299887923236
08-Feb 08:27:55:INFO:root:------ Middle 1: 0.002198561955769571
08-Feb 08:27:56:INFO:root:------ Middle 1: 0.000235443594739112
08-Feb 08:27:56:INFO:root:Starting from 1.8787886468172806e-17
08-Feb 08:27:56:INFO:root:-- Outer 5: 0.0007669639395102326
08-Feb 08:27:56:INFO:root:END Outer loop
08-Feb 08:27:56:INFO:root:Model trade shares: [0.942353, 0.919021, 0.979087]
08-Feb 08:27:56:INFO:root:Data trade shares: [0.943324, 0.928045, 0.988948]
08-Feb 08:27:56:INFO:root:US prices: [0.871675, 0.820533, 0.876599]
08-Feb 08:27:56:INFO:root:in the data: [2.94743, 2.7898, 2.7898]
08-Feb 08:27:56:INFO:root:Nominal world expenditure: 1.7735504596128516e7
08-Feb 08:27:56:INFO:root:--------------In the data: [5.65242e7]
08-Feb 08:27:56:INFO:root:------ Middle 1: 0.004401632043742361
08-Feb 08:27:56:INFO:root:------ Middle 2: 0.002458070886270287
08-Feb 08:27:58:INFO:root:------ Middle 2: 0.000748450948274819
08-Feb 08:27:58:INFO:root:------ Middle 1: 0.00041093528710780587
08-Feb 08:27:58:INFO:root:------ Middle 2: 0.0002300698420007322
08-Feb 08:27:58:INFO:root:Starting from 1.6922127643158112e-17
08-Feb 08:27:58:INFO:root:-- Outer 2: 0.008639310075962137
08-Feb 08:27:59:INFO:root:------ Middle 2: 0.0027474458921101317
08-Feb 08:27:59:INFO:root:------ Middle 3: 0.0005037240906416891
08-Feb 08:28:00:INFO:root:------ Middle 4: 0.0003103723947819738
08-Feb 08:28:00:INFO:root:------ Middle 3: 0.0017231466677314962
08-Feb 08:28:00:INFO:root:------ Middle 5: 0.0001917504582354801
08-Feb 08:28:00:INFO:root:Starting from 2.525294093332343e-17
08-Feb 08:28:00:INFO:root:-- Outer 2: 0.008949343599138015
08-Feb 08:28:01:INFO:root:------ Middle 1: 0.00032901797961486413
08-Feb 08:28:01:INFO:root:------ Middle 1: 0.0004677505858206614
08-Feb 08:28:01:INFO:root:------ Middle 2: 0.0001849699808183374
08-Feb 08:28:01:INFO:root:Starting from 1.3492181353509589e-17
08-Feb 08:28:01:INFO:root:-- Outer 3: 0.0037870719165938762
08-Feb 08:28:01:INFO:root:------ Middle 4: 0.0010765733935090705
08-Feb 08:28:02:INFO:root:------ Middle 5: 0.0005951324750647276
08-Feb 08:28:02:INFO:root:------ Middle 2: 0.00023607312119089489
08-Feb 08:28:02:INFO:root:Starting from 1.8199980249585852e-17
08-Feb 08:28:02:INFO:root:-- Outer 3: 0.004036708717767486
08-Feb 08:28:02:INFO:root:------ Middle 6: 0.0004679916334246499
08-Feb 08:28:02:INFO:root:------ Middle 1: 0.00022817195279267448
08-Feb 08:28:02:INFO:root:Starting from 1.6117835072272366e-17
08-Feb 08:28:02:INFO:root:-- Outer 4: 0.0041279825566661954
08-Feb 08:28:02:INFO:root:------ Middle 7: 0.0002564669453020069
08-Feb 08:28:02:INFO:root:Starting from 1.1915151092201682e-17
08-Feb 08:28:02:INFO:root:-- Outer 1: 0.02213441356286169
08-Feb 08:28:03:INFO:root:------ Middle 1: 0.0002305812973024665
08-Feb 08:28:03:INFO:root:Starting from 2.1699940479978296e-17
08-Feb 08:28:03:INFO:root:-- Outer 4: 0.0017026739008776325
08-Feb 08:28:03:INFO:root:------ Middle 1: 0.00024001520916453535
08-Feb 08:28:03:INFO:root:Starting from 1.9058150080066996e-17
08-Feb 08:28:03:INFO:root:-- Outer 5: 0.0016916855817850813
08-Feb 08:28:04:INFO:root:------ Middle 1: 0.00023789985550959035
08-Feb 08:28:04:INFO:root:Starting from 1.6587553432363537e-17
08-Feb 08:28:04:INFO:root:-- Outer 5: 0.0008004564237559002
08-Feb 08:28:04:INFO:root:END Outer loop
08-Feb 08:28:04:INFO:root:Model trade shares: [0.947397, 0.919083, 0.982461]
08-Feb 08:28:04:INFO:root:Data trade shares: [0.949239, 0.924453, 0.987338]
08-Feb 08:28:04:INFO:root:US prices: [0.86954, 0.819607, 0.884628]
08-Feb 08:28:04:INFO:root:in the data: [2.95883, 2.79593, 2.79593]
08-Feb 08:28:04:INFO:root:Nominal world expenditure: 1.860884500549562e7
08-Feb 08:28:04:INFO:root:--------------In the data: [5.8302e7]
08-Feb 08:28:04:INFO:root:------ Middle 1: 0.0001789859712759737
08-Feb 08:28:04:INFO:root:Starting from 2.1135493000902042e-17
08-Feb 08:28:04:INFO:root:-- Outer 6: 0.0004458256063963767
08-Feb 08:28:04:INFO:root:END Outer loop
08-Feb 08:28:04:INFO:root:Model trade shares: [0.94209, 0.916096, 0.981678]
08-Feb 08:28:04:INFO:root:Data trade shares: [0.944757, 0.931965, 0.986375]
08-Feb 08:28:04:INFO:root:US prices: [0.890558, 0.838526, 0.895107]
08-Feb 08:28:04:INFO:root:in the data: [2.85731, 2.74066, 2.74066]
08-Feb 08:28:04:INFO:root:Nominal world expenditure: 1.804939718766682e7
08-Feb 08:28:04:INFO:root:--------------In the data: [5.4623e7]
08-Feb 08:28:04:INFO:root:------ Middle 1: 0.0005898028160103816
08-Feb 08:28:05:INFO:root:------ Middle 2: 0.00033961085701545373
08-Feb 08:28:05:INFO:root:------ Middle 3: 0.0001901311097664734
08-Feb 08:28:05:INFO:root:Starting from 1.917687310580515e-17
08-Feb 08:28:05:INFO:root:-- Outer 2: 0.009808946913583838
08-Feb 08:28:05:INFO:root:------ Middle 1: 0.0007648033566021195
08-Feb 08:28:06:INFO:root:------ Middle 2: 0.0001942331304039397
08-Feb 08:28:06:INFO:root:Starting from 1.7940536400877935e-17
08-Feb 08:28:06:INFO:root:-- Outer 3: 0.004870720357225907
08-Feb 08:28:07:INFO:root:------ Middle 1: 0.00037382185433196074
08-Feb 08:28:08:INFO:root:------ Middle 2: 0.00017762833831005221
08-Feb 08:28:08:INFO:root:Starting from 1.6116085019049906e-17
08-Feb 08:28:08:INFO:root:-- Outer 4: 0.0021714462196872814
08-Feb 08:28:08:INFO:root:------ Middle 1: 0.00021948416110360256
08-Feb 08:28:08:INFO:root:Starting from 1.8096119871388885e-17
08-Feb 08:28:08:INFO:root:-- Outer 5: 0.002181904417122906
08-Feb 08:28:09:INFO:root:------ Middle 1: 0.00019279091379975925
08-Feb 08:28:09:INFO:root:Starting from 1.5247888186989506e-17
08-Feb 08:28:09:INFO:root:-- Outer 6: 0.0005495282425085925
08-Feb 08:28:09:INFO:root:END Outer loop
08-Feb 08:28:09:INFO:root:------ Middle 2: 0.000973305584176475
08-Feb 08:28:09:INFO:root:Model trade shares: [0.961288, 0.90863, 0.968094]
08-Feb 08:28:09:INFO:root:Data trade shares: [0.956446, 0.911974, 0.985299]
08-Feb 08:28:09:INFO:root:US prices: [1.13009, 0.983433, 1.1832]
08-Feb 08:28:09:INFO:root:in the data: [3.74316, 3.20378, 3.20378]
08-Feb 08:28:09:INFO:root:Nominal world expenditure: 3.2429882138072345e7
08-Feb 08:28:09:INFO:root:--------------In the data: [8.18345e7]
08-Feb 08:28:12:INFO:root:------ Middle 3: 0.0010387126034922774
08-Feb 08:28:12:INFO:root:------ Middle 4: 0.0006404065645392
08-Feb 08:28:13:INFO:root:------ Middle 5: 0.00034487038427082566
08-Feb 08:28:13:INFO:root:------ Middle 6: 0.00015904762580429903
08-Feb 08:28:13:INFO:root:Starting from 1.629080987560321e-17
08-Feb 08:28:13:INFO:root:-- Outer 2: 0.010405258804479697
08-Feb 08:28:14:INFO:root:------ Middle 1: 0.0003097292021785907
08-Feb 08:28:15:INFO:root:------ Middle 2: 0.0001719783129394371
08-Feb 08:28:15:INFO:root:Starting from 1.9757756104483e-17
08-Feb 08:28:15:INFO:root:-- Outer 3: 0.004442189516339846
08-Feb 08:28:15:INFO:root:------ Middle 1: 0.00037177388155115547
08-Feb 08:28:16:INFO:root:------ Middle 2: 0.00016412856109027316
08-Feb 08:28:16:INFO:root:Starting from 1.4181681015104964e-17
08-Feb 08:28:16:INFO:root:-- Outer 4: 0.002082928184212903
08-Feb 08:28:16:INFO:root:------ Middle 1: 0.00022665381629514668
08-Feb 08:28:16:INFO:root:Starting from 1.586382356263136e-17
08-Feb 08:28:16:INFO:root:-- Outer 5: 0.0021102696283276674
08-Feb 08:28:17:INFO:root:------ Middle 1: 0.0001935620140688218
08-Feb 08:28:17:INFO:root:Starting from 1.6701740492365796e-17
08-Feb 08:28:17:INFO:root:-- Outer 6: 0.0005241806282649593
08-Feb 08:28:17:INFO:root:END Outer loop
08-Feb 08:28:17:INFO:root:Model trade shares: [0.957666, 0.915051, 0.977671]
08-Feb 08:28:17:INFO:root:Data trade shares: [0.95528, 0.914832, 0.982791]
08-Feb 08:28:17:INFO:root:US prices: [1.04264, 0.959662, 1.1394]
08-Feb 08:28:17:INFO:root:in the data: [3.32883, 3.15407, 3.15407]
08-Feb 08:28:17:INFO:root:Nominal world expenditure: 2.7717149239356264e7
08-Feb 08:28:17:INFO:root:--------------In the data: [7.56745e7]
08-Feb 08:28:28:INFO:root:------ Middle 3: 0.001578183569576378
08-Feb 08:29:00:INFO:root:------ Middle 4: 0.0010191408708604215
08-Feb 08:29:31:INFO:root:------ Middle 5: 0.0006613748958395683
08-Feb 08:30:03:INFO:root:------ Middle 6: 0.00043102039892269696
08-Feb 08:30:34:INFO:root:------ Middle 7: 0.0002819403451627729
08-Feb 08:30:34:INFO:root:Starting from 1.2243640022470787e-17
08-Feb 08:30:34:INFO:root:-- Outer 1: 0.024853903433184645
08-Feb 08:30:37:INFO:root:------ Middle 1: 0.0005591580349746452
08-Feb 08:30:37:INFO:root:------ Middle 2: 0.00030740351461930137
08-Feb 08:30:38:INFO:root:------ Middle 3: 0.0002021534074310699
08-Feb 08:30:38:INFO:root:Starting from 2.236308474577523e-17
08-Feb 08:30:38:INFO:root:-- Outer 2: 0.010480061038702753
08-Feb 08:30:38:INFO:root:------ Middle 1: 0.0007024526390207261
08-Feb 08:30:39:INFO:root:------ Middle 2: 0.00020034825969084656
08-Feb 08:30:39:INFO:root:Starting from 1.5218681025948632e-17
08-Feb 08:30:39:INFO:root:-- Outer 3: 0.004967034378660885
08-Feb 08:30:39:INFO:root:------ Middle 1: 0.000317303410856851
08-Feb 08:30:41:INFO:root:------ Middle 2: 0.00017822244374248125
08-Feb 08:30:41:INFO:root:Starting from 2.002791072796094e-17
08-Feb 08:30:41:INFO:root:-- Outer 4: 0.0021039539413931886
08-Feb 08:30:41:INFO:root:------ Middle 1: 0.00019452988511248827
08-Feb 08:30:41:INFO:root:Starting from 1.7841561194354713e-17
08-Feb 08:30:41:INFO:root:-- Outer 5: 0.0021282009525602874
08-Feb 08:30:42:INFO:root:------ Middle 1: 0.00018645135522614081
08-Feb 08:30:42:INFO:root:Starting from 1.8322578824013653e-17
08-Feb 08:30:42:INFO:root:-- Outer 6: 0.0005657313685607567
08-Feb 08:30:42:INFO:root:END Outer loop
08-Feb 08:30:42:INFO:root:Model trade shares: [0.963873, 0.929544, 0.992422]
08-Feb 08:30:42:INFO:root:Data trade shares: [0.960926, 0.936095, 0.990604]
08-Feb 08:30:42:INFO:root:US prices: [0.943495, 0.914495, 0.910857]
08-Feb 08:30:42:INFO:root:in the data: [2.54462, 2.53886, 2.53886]
08-Feb 08:30:42:INFO:root:Nominal world expenditure: 1.6520309018381322e7
08-Feb 08:30:42:INFO:root:--------------In the data: [4.29516e7]
308.966670 seconds (908.52 k allocations: 742.861 MiB, 0.09% gc time)
