WARNING: Method definition warn(Any...) in module Base at util.jl:589 overwritten in module Logging at //////////////////////////////////////////////////////////home/ubuntu/JuliaPro-0.6.2.1/JuliaPro/pkgs-0.6.2.1/v0.6/Logging/src/Logging.jl:115.
WARNING: Method definition info(Any...) in module Base at util.jl:534 overwritten in module Logging at //////////////////////////////////////////////////////////home/ubuntu/JuliaPro-0.6.2.1/JuliaPro/pkgs-0.6.2.1/v0.6/Logging/src/Logging.jl:115.
WARNING: Method definition warn(Any...) in module Base at util.jl:589 overwritten in module Logging at //////////////////////////////////////////////////////////home/ubuntu/JuliaPro-0.6.2.1/JuliaPro/pkgs-0.6.2.1/v0.6/Logging/src/Logging.jl:115.
WARNING: Method definition info(Any...) in module Base at util.jl:534 overwritten in module Logging at //////////////////////////////////////////////////////////home/ubuntu/JuliaPro-0.6.2.1/JuliaPro/pkgs-0.6.2.1/v0.6/Logging/src/Logging.jl:115.
WARNING: Method definition warn(Any...) in module Base at util.jl:589 overwritten in module Logging at //////////////////////////////////////////////////////////home/ubuntu/JuliaPro-0.6.2.1/JuliaPro/pkgs-0.6.2.1/v0.6/Logging/src/Logging.jl:115.
WARNING: Method definition info(Any...) in module Base at util.jl:534 overwritten in module Logging at //////////////////////////////////////////////////////////home/ubuntu/JuliaPro-0.6.2.1/JuliaPro/pkgs-0.6.2.1/v0.6/Logging/src/Logging.jl:115.
WARNING: Method definition warn(Any...) in module Base at util.jl:589 overwritten in module Logging at //////////////////////////////////////////////////////////home/ubuntu/JuliaPro-0.6.2.1/JuliaPro/pkgs-0.6.2.1/v0.6/Logging/src/Logging.jl:115.
WARNING: Method definition warn(Any...) in module Base at util.jl:589 overwritten in module Logging at //////////////////////////////////////////////////////////home/ubuntu/JuliaPro-0.6.2.1/JuliaPro/pkgs-0.6.2.1/v0.6/Logging/src/Logging.jl:115.
WARNING: Method definition info(Any...) in module Base at util.jl:534 overwritten in module Logging at //////////////////////////////////////////////////////////home/ubuntu/JuliaPro-0.6.2.1/JuliaPro/pkgs-0.6.2.1/v0.6/Logging/src/Logging.jl:115.
WARNING: Method definition info(Any...) in module Base at util.jl:534 overwritten in module Logging at //////////////////////////////////////////////////////////home/ubuntu/JuliaPro-0.6.2.1/JuliaPro/pkgs-0.6.2.1/v0.6/Logging/src/Logging.jl:115.
WARNING: Method definition warn(Any...) in module Base at util.jl:589 overwritten in module Logging at //////////////////////////////////////////////////////////home/ubuntu/JuliaPro-0.6.2.1/JuliaPro/pkgs-0.6.2.1/v0.6/Logging/src/Logging.jl:115.
WARNING: Method definition info(Any...) in module Base at util.jl:534 overwritten in module Logging at //////////////////////////////////////////////////////////home/ubuntu/JuliaPro-0.6.2.1/JuliaPro/pkgs-0.6.2.1/v0.6/Logging/src/Logging.jl:115.
WARNING: Method definition warn(Any...) in module Base at util.jl:589 overwritten in module Logging at //////////////////////////////////////////////////////////home/ubuntu/JuliaPro-0.6.2.1/JuliaPro/pkgs-0.6.2.1/v0.6/Logging/src/Logging.jl:115.
WARNING: Method definition info(Any...) in module Base at util.jl:534 overwritten in module Logging at //////////////////////////////////////////////////////////home/ubuntu/JuliaPro-0.6.2.1/JuliaPro/pkgs-0.6.2.1/v0.6/Logging/src/Logging.jl:115.
WARNING: Method definition warn(Any...) in module Base at util.jl:589 overwritten in module Logging at //////////////////////////////////////////////////////////home/ubuntu/JuliaPro-0.6.2.1/JuliaPro/pkgs-0.6.2.1/v0.6/Logging/src/Logging.jl:115.
WARNING: Method definition info(Any...) in module Base at util.jl:534 overwritten in module Logging at //////////////////////////////////////////////////////////home/ubuntu/JuliaPro-0.6.2.1/JuliaPro/pkgs-0.6.2.1/v0.6/Logging/src/Logging.jl:115.
WARNING: Method definition warn(Any...) in module Base at util.jl:589 overwritten in module Logging at //////////////////////////////////////////////////////////home/ubuntu/JuliaPro-0.6.2.1/JuliaPro/pkgs-0.6.2.1/v0.6/Logging/src/Logging.jl:115.
WARNING: Method definition info(Any...) in module Base at util.jl:534 overwritten in module Logging at //////////////////////////////////////////////////////////home/ubuntu/JuliaPro-0.6.2.1/JuliaPro/pkgs-0.6.2.1/v0.6/Logging/src/Logging.jl:115.
WARNING: Method definition warn(Any...) in module Base at util.jl:589 overwritten in module Logging at //////////////////////////////////////////////////////////home/ubuntu/JuliaPro-0.6.2.1/JuliaPro/pkgs-0.6.2.1/v0.6/Logging/src/Logging.jl:115.
WARNING: Method definition info(Any...) in module Base at util.jl:534 overwritten in module Logging at //////////////////////////////////////////////////////////home/ubuntu/JuliaPro-0.6.2.1/JuliaPro/pkgs-0.6.2.1/v0.6/Logging/src/Logging.jl:115.
WARNING: Method definition warn(Any...) in module Base at util.jl:589 overwritten in module Logging at //////////////////////////////////////////////////////////home/ubuntu/JuliaPro-0.6.2.1/JuliaPro/pkgs-0.6.2.1/v0.6/Logging/src/Logging.jl:115.
WARNING: Method definition info(Any...) in module Base at util.jl:534 overwritten in module Logging at //////////////////////////////////////////////////////////home/ubuntu/JuliaPro-0.6.2.1/JuliaPro/pkgs-0.6.2.1/v0.6/Logging/src/Logging.jl:115.
WARNING: Method definition warn(Any...) in module Base at util.jl:589 overwritten in module Logging at //////////////////////////////////////////////////////////home/ubuntu/JuliaPro-0.6.2.1/JuliaPro/pkgs-0.6.2.1/v0.6/Logging/src/Logging.jl:115.
WARNING: Method definition info(Any...) in module Base at util.jl:534 overwritten in module Logging at //////////////////////////////////////////////////////////home/ubuntu/JuliaPro-0.6.2.1/JuliaPro/pkgs-0.6.2.1/v0.6/Logging/src/Logging.jl:115.
WARNING: Method definition warn(Any...) in module Base at util.jl:589 overwritten in module Logging at //////////////////////////////////////////////////////////home/ubuntu/JuliaPro-0.6.2.1/JuliaPro/pkgs-0.6.2.1/v0.6/Logging/src/Logging.jl:115.
WARNING: Method definition info(Any...) in module Base at util.jl:534 overwritten in module Logging at //////////////////////////////////////////////////////////home/ubuntu/JuliaPro-0.6.2.1/JuliaPro/pkgs-0.6.2.1/v0.6/Logging/src/Logging.jl:115.
08-Feb 08:10:27:INFO:root:--- Period 5 ---
08-Feb 08:10:28:INFO:root:--- Period 4 ---
08-Feb 08:10:28:INFO:root:--- Period 2 ---
08-Feb 08:10:28:INFO:root:--- Period 1 ---
08-Feb 08:10:28:INFO:root:--- Period 7 ---
08-Feb 08:10:28:INFO:root:--- Period 6 ---
08-Feb 08:10:28:INFO:root:--- Period 3 ---
08-Feb 08:10:28:INFO:root:--- Period 11 ---
08-Feb 08:10:28:INFO:root:--- Period 12 ---
08-Feb 08:10:28:INFO:root:--- Period 10 ---
08-Feb 08:10:28:INFO:root:--- Period 8 ---
08-Feb 08:10:28:INFO:root:--- Period 9 ---
08-Feb 08:10:31:INFO:root:BEGIN Outer loop
08-Feb 08:10:31:INFO:root:BEGIN Outer loop
08-Feb 08:10:31:INFO:root:BEGIN Outer loop
08-Feb 08:10:31:INFO:root:BEGIN Outer loop
08-Feb 08:10:31:INFO:root:BEGIN Outer loop
08-Feb 08:10:31:INFO:root:BEGIN Outer loop
08-Feb 08:10:31:INFO:root:BEGIN Outer loop
08-Feb 08:10:31:INFO:root:BEGIN Outer loop
08-Feb 08:10:31:INFO:root:BEGIN Outer loop
08-Feb 08:10:31:INFO:root:BEGIN Outer loop
08-Feb 08:10:31:INFO:root:BEGIN Outer loop
08-Feb 08:10:31:INFO:root:BEGIN Outer loop
08-Feb 08:10:35:INFO:root:------ Middle 1: 3.188741391135593e-5
08-Feb 08:10:36:INFO:root:Starting from 1.8134202178761205e-17
08-Feb 08:10:37:INFO:root:-- Outer 1: 0.034579842736291756
08-Feb 08:10:37:INFO:root:------ Middle 1: 1.757382402452378e-5
08-Feb 08:10:37:INFO:root:Starting from 4.3763583391473236e-18
08-Feb 08:10:37:INFO:root:-- Outer 2: 0.044623356877240034
08-Feb 08:10:37:INFO:root:------ Middle 1: 7.896377649994571e-6
08-Feb 08:10:37:INFO:root:Starting from 8.815691948649932e-18
08-Feb 08:10:37:INFO:root:-- Outer 3: 0.011966633486313152
08-Feb 08:10:37:INFO:root:------ Middle 1: 4.358184115821218e-6
08-Feb 08:10:37:INFO:root:Starting from 1.3207429824720053e-17
08-Feb 08:10:37:INFO:root:-- Outer 4: 0.01142374195541717
08-Feb 08:10:37:INFO:root:------ Middle 1: 1.4220326927908708e-6
08-Feb 08:10:37:INFO:root:Starting from 1.1559374620802621e-17
08-Feb 08:10:37:INFO:root:-- Outer 5: 0.0006134851019874296
08-Feb 08:10:37:INFO:root:END Outer loop
08-Feb 08:10:38:INFO:root:Model trade shares: [0.972771, 0.943196, 0.996085]
08-Feb 08:10:38:INFO:root:Data trade shares: [0.970499, 0.941882, 0.994321]
08-Feb 08:10:38:INFO:root:US prices: [0.996887, 0.999795, 0.986437]
08-Feb 08:10:38:INFO:root:in the data: [1.0, 1.0, 1.0]
08-Feb 08:10:38:INFO:root:Nominal world expenditure: 3.844719247501113e6
08-Feb 08:10:38:INFO:root:--------------In the data: [8.33469e6]
08-Feb 08:10:39:INFO:root:--- Period 13 ---
08-Feb 08:10:39:INFO:root:BEGIN Outer loop
08-Feb 08:10:56:INFO:root:------ Middle 1: 1.807622786116084e-5
08-Feb 08:10:56:INFO:root:Starting from 1.1837381756959979e-17
08-Feb 08:10:56:INFO:root:-- Outer 1: 0.02106923060666063
08-Feb 08:10:57:INFO:root:------ Middle 1: 9.969430560459702e-6
08-Feb 08:10:57:INFO:root:Starting from 2.1470631679982103e-17
08-Feb 08:10:57:INFO:root:-- Outer 2: 0.02689747360427115
08-Feb 08:10:57:INFO:root:------ Middle 1: 2.9344503836642182e-5
08-Feb 08:10:57:INFO:root:Starting from 1.2382448826979382e-17
08-Feb 08:10:57:INFO:root:------ Middle 1: 1.7805444589004297e-5
08-Feb 08:10:58:INFO:root:Starting from 1.229382069520948e-17
08-Feb 08:10:58:INFO:root:------ Middle 1: 2.2417102373289285e-5
08-Feb 08:10:58:INFO:root:-- Outer 1: 0.031819275634676576
08-Feb 08:10:58:INFO:root:------ Middle 1: 1.9324481743406133e-5
08-Feb 08:10:58:INFO:root:-- Outer 1: 0.020906006273690755
08-Feb 08:10:58:INFO:root:Starting from 1.2304240966218652e-17
08-Feb 08:10:58:INFO:root:------ Middle 1: 1.750573436789711e-5
08-Feb 08:10:58:INFO:root:------ Middle 1: 1.61753778646283e-5
08-Feb 08:10:58:INFO:root:Starting from 1.3460465209667092e-17
08-Feb 08:10:58:INFO:root:-- Outer 2: 0.040891153904100364
08-Feb 08:10:58:INFO:root:------ Middle 1: 1.7747445872677448e-5
08-Feb 08:10:58:INFO:root:Starting from 1.2440070890657387e-17
08-Feb 08:10:58:INFO:root:------ Middle 1: 9.817580212202522e-6
08-Feb 08:10:58:INFO:root:Starting from 1.4883902340771148e-17
08-Feb 08:10:58:INFO:root:-- Outer 2: 0.026666959769557203
08-Feb 08:10:58:INFO:root:-- Outer 1: 0.02563645747453493
08-Feb 08:10:58:INFO:root:Starting from 1.2046537980206198e-17
08-Feb 08:10:58:INFO:root:------ Middle 1: 1.8399540838470083e-5
08-Feb 08:10:58:INFO:root:------ Middle 1: 2.4638003021618024e-5
08-Feb 08:10:59:INFO:root:-- Outer 1: 0.020603617192668483
08-Feb 08:10:59:INFO:root:------ Middle 1: 1.235934973412319e-5
08-Feb 08:10:59:INFO:root:Starting from 1.4526865038483334e-17
08-Feb 08:10:59:INFO:root:-- Outer 2: 0.03256965580774953
08-Feb 08:10:59:INFO:root:Starting from 1.2129942116751603e-17
08-Feb 08:10:59:INFO:root:-- Outer 1: 0.023127191799946892
08-Feb 08:10:59:INFO:root:Starting from 1.2008905893709656e-17
08-Feb 08:10:59:INFO:root:Starting from 1.2125536168967427e-17
08-Feb 08:10:59:INFO:root:------ Middle 1: 2.6900872989292773e-5
08-Feb 08:10:59:INFO:root:------ Middle 1: 9.656100862418226e-6
08-Feb 08:10:59:INFO:root:-- Outer 1: 0.022087575739482328
08-Feb 08:10:59:INFO:root:Starting from 1.422664270603965e-17
08-Feb 08:10:59:INFO:root:-- Outer 2: 0.026192995302720633
08-Feb 08:10:59:INFO:root:-- Outer 1: 0.027435444965865474
08-Feb 08:10:59:INFO:root:------ Middle 1: 1.0654720685073591e-5
08-Feb 08:10:59:INFO:root:Starting from 1.882713894682237e-17
08-Feb 08:10:59:INFO:root:-- Outer 1: 0.02105603686776935
08-Feb 08:10:59:INFO:root:-- Outer 2: 0.029433217745647028
08-Feb 08:10:59:INFO:root:Starting from 1.1853736523707851e-17
08-Feb 08:10:59:INFO:root:------ Middle 1: 2.0609078774296428e-5
08-Feb 08:10:59:INFO:root:------ Middle 1: 1.014563434491178e-5
08-Feb 08:10:59:INFO:root:Starting from 2.000758328845575e-17
08-Feb 08:10:59:INFO:root:-- Outer 2: 0.028093703243610955
08-Feb 08:11:00:INFO:root:-- Outer 1: 0.02948183234264961
08-Feb 08:11:00:INFO:root:------ Middle 1: 9.789369757950934e-6
08-Feb 08:11:00:INFO:root:Starting from 1.846702884975362e-17
08-Feb 08:11:00:INFO:root:-- Outer 2: 0.02677266717955849
08-Feb 08:11:00:INFO:root:------ Middle 1: 1.3581311067629025e-5
08-Feb 08:11:00:INFO:root:Starting from 1.1402396808647841e-17
08-Feb 08:11:00:INFO:root:-- Outer 2: 0.03492864461977559
08-Feb 08:11:00:INFO:root:Starting from 1.1986933187698553e-17
08-Feb 08:11:00:INFO:root:------ Middle 1: 1.4828371374387855e-5
08-Feb 08:11:00:INFO:root:Starting from 1.6339536069929258e-17
08-Feb 08:11:00:INFO:root:-- Outer 2: 0.0376693734314722
08-Feb 08:11:00:INFO:root:-- Outer 1: 0.024191129210873803
08-Feb 08:11:01:INFO:root:------ Middle 1: 1.1364073476162739e-5
08-Feb 08:11:01:INFO:root:Starting from 1.7576326854581108e-17
08-Feb 08:11:01:INFO:root:-- Outer 2: 0.030721403648715725
08-Feb 08:11:01:INFO:root:------ Middle 1: 1.806218672339384e-5
08-Feb 08:11:01:INFO:root:Starting from 1.205701004423839e-17
08-Feb 08:11:01:INFO:root:-- Outer 1: 0.0213466292143844
08-Feb 08:11:01:INFO:root:------ Middle 1: 9.96068766108894e-6
08-Feb 08:11:01:INFO:root:Starting from 1.8446053950189726e-17
08-Feb 08:11:01:INFO:root:-- Outer 2: 0.027383570927521233
08-Feb 08:11:12:INFO:root:------ Middle 1: 4.8562811391399365e-6
08-Feb 08:11:12:INFO:root:Starting from 1.4751508080283838e-17
08-Feb 08:11:12:INFO:root:-- Outer 3: 0.006329022296698495
08-Feb 08:11:12:INFO:root:------ Middle 1: 2.688959538380689e-6
08-Feb 08:11:12:INFO:root:Starting from 1.8021686981614803e-17
08-Feb 08:11:12:INFO:root:-- Outer 4: 0.006091155070081402
08-Feb 08:11:13:INFO:root:------ Middle 1: 4.5085402257466534e-6
08-Feb 08:11:13:INFO:root:Starting from 1.673309922821018e-17
08-Feb 08:11:13:INFO:root:-- Outer 3: 0.0056315964778113495
08-Feb 08:11:13:INFO:root:------ Middle 1: 4.432007280182146e-6
08-Feb 08:11:13:INFO:root:Starting from 1.558167239968649e-17
08-Feb 08:11:13:INFO:root:-- Outer 3: 0.005903430487841727
08-Feb 08:11:13:INFO:root:------ Middle 1: 2.4987173022040513e-6
08-Feb 08:11:13:INFO:root:Starting from 1.7944419967954012e-17
08-Feb 08:11:13:INFO:root:-- Outer 4: 0.005424912754125337
08-Feb 08:11:13:INFO:root:------ Middle 1: 2.452804836313328e-6
08-Feb 08:11:13:INFO:root:Starting from 1.5890151011547022e-17
08-Feb 08:11:13:INFO:root:-- Outer 4: 0.005644057478907044
08-Feb 08:11:14:INFO:root:------ Middle 1: 4.360248502419444e-6
08-Feb 08:11:14:INFO:root:Starting from 1.6677052682911746e-17
08-Feb 08:11:14:INFO:root:-- Outer 3: 0.00550096085686081
08-Feb 08:11:14:INFO:root:------ Middle 1: 5.183151971474924e-6
08-Feb 08:11:14:INFO:root:Starting from 1.580243760071357e-17
08-Feb 08:11:14:INFO:root:-- Outer 3: 0.0068104972313250065
08-Feb 08:11:14:INFO:root:------ Middle 1: 2.4155820081546307e-6
08-Feb 08:11:15:INFO:root:Starting from 1.988939438756838e-17
08-Feb 08:11:15:INFO:root:-- Outer 4: 0.005289103299671187
08-Feb 08:11:15:INFO:root:------ Middle 1: 2.868325944536463e-6
08-Feb 08:11:15:INFO:root:Starting from 1.5723561134327732e-17
08-Feb 08:11:15:INFO:root:-- Outer 4: 0.006524392641216445
08-Feb 08:11:15:INFO:root:------ Middle 1: 5.680901965457825e-6
08-Feb 08:11:15:INFO:root:Starting from 1.5717347192924438e-17
08-Feb 08:11:15:INFO:root:-- Outer 3: 0.007620621707389911
08-Feb 08:11:15:INFO:root:------ Middle 1: 3.1423486712110124e-6
08-Feb 08:11:15:INFO:root:Starting from 1.3982612176995074e-17
08-Feb 08:11:15:INFO:root:-- Outer 4: 0.007337839454435431
08-Feb 08:11:15:INFO:root:------ Middle 1: 4.50097299350893e-6
08-Feb 08:11:15:INFO:root:Starting from 1.8671454851822293e-17
08-Feb 08:11:15:INFO:root:-- Outer 3: 0.00603405053502017
08-Feb 08:11:16:INFO:root:------ Middle 1: 2.4904007192492327e-6
08-Feb 08:11:16:INFO:root:Starting from 1.4336108245227185e-17
08-Feb 08:11:16:INFO:root:-- Outer 4: 0.005766960202409657
08-Feb 08:11:16:INFO:root:------ Middle 1: 6.546016889197857e-6
08-Feb 08:11:16:INFO:root:Starting from 1.5376361703685747e-17
08-Feb 08:11:16:INFO:root:-- Outer 3: 0.009442797233325483
08-Feb 08:11:16:INFO:root:------ Middle 1: 7.1502192863399385e-6
08-Feb 08:11:16:INFO:root:Starting from 1.5741777294114633e-17
08-Feb 08:11:16:INFO:root:-- Outer 3: 0.010515735003603562
08-Feb 08:11:16:INFO:root:------ Middle 1: 6.1138259653175585e-6
08-Feb 08:11:16:INFO:root:Starting from 1.7112476491770867e-17
08-Feb 08:11:16:INFO:root:-- Outer 3: 0.008506770489831901
08-Feb 08:11:16:INFO:root:------ Middle 1: 3.617443783105111e-6
08-Feb 08:11:16:INFO:root:Starting from 1.5506735104655228e-17
08-Feb 08:11:16:INFO:root:-- Outer 4: 0.009062103743231015
08-Feb 08:11:16:INFO:root:------ Middle 1: 5.3466026376992095e-6
08-Feb 08:11:16:INFO:root:Starting from 1.703324402548616e-17
08-Feb 08:11:16:INFO:root:-- Outer 3: 0.007021499147216411
08-Feb 08:11:16:INFO:root:------ Middle 1: 3.94920326547946e-6
08-Feb 08:11:16:INFO:root:Starting from 1.539232242552193e-17
08-Feb 08:11:16:INFO:root:-- Outer 4: 0.010068345595679125
08-Feb 08:11:16:INFO:root:------ Middle 1: 6.506820803912858e-7
08-Feb 08:11:16:INFO:root:------ Middle 1: 3.379438704477652e-6
08-Feb 08:11:16:INFO:root:Starting from 1.5645694315276642e-17
08-Feb 08:11:16:INFO:root:Starting from 1.785354329643015e-17
08-Feb 08:11:16:INFO:root:-- Outer 5: 0.0014976489225139245
08-Feb 08:11:16:INFO:root:-- Outer 4: 0.008167733641500502
08-Feb 08:11:17:INFO:root:------ Middle 1: 2.9589008904158036e-6
08-Feb 08:11:17:INFO:root:Starting from 1.5396079541827366e-17
08-Feb 08:11:17:INFO:root:-- Outer 4: 0.006750555001243005
08-Feb 08:11:17:INFO:root:------ Middle 1: 3.566065866940249e-7
08-Feb 08:11:17:INFO:root:Starting from 1.675216051790661e-17
08-Feb 08:11:17:INFO:root:-- Outer 6: 0.0013881036753385582
08-Feb 08:11:17:INFO:root:------ Middle 1: 6.110408497328593e-7
08-Feb 08:11:17:INFO:root:Starting from 1.517918569550056e-17
08-Feb 08:11:17:INFO:root:-- Outer 5: 0.0013288616709903652
08-Feb 08:11:17:INFO:root:------ Middle 1: 6.322969255505511e-7
08-Feb 08:11:17:INFO:root:Starting from 1.55728953326253e-17
08-Feb 08:11:17:INFO:root:-- Outer 5: 0.001233235529139711
08-Feb 08:11:17:INFO:root:------ Middle 1: 3.3472295066791187e-7
08-Feb 08:11:17:INFO:root:Starting from 1.643433628831741e-17
08-Feb 08:11:17:INFO:root:-- Outer 6: 0.0012341321821985375
08-Feb 08:11:18:INFO:root:------ Middle 1: 3.4741257121938304e-7
08-Feb 08:11:18:INFO:root:Starting from 1.7484374997313673e-17
08-Feb 08:11:18:INFO:root:-- Outer 6: 0.0011397886408255724
08-Feb 08:11:18:INFO:root:------ Middle 1: 6.498756533546347e-7
08-Feb 08:11:18:INFO:root:Starting from 1.755908223841316e-17
08-Feb 08:11:18:INFO:root:-- Outer 5: 0.0014432916705809271
08-Feb 08:11:18:INFO:root:------ Middle 1: 3.5721139477998185e-7
08-Feb 08:11:18:INFO:root:Starting from 2.0643223347115402e-17
08-Feb 08:11:18:INFO:root:-- Outer 6: 0.0013392995408224328
08-Feb 08:11:18:INFO:root:------ Middle 1: 6.76856565961432e-7
08-Feb 08:11:18:INFO:root:Starting from 1.647029374056504e-17
08-Feb 08:11:18:INFO:root:-- Outer 5: 0.0012659246593784803
08-Feb 08:11:19:INFO:root:------ Middle 1: 3.7196487764964067e-7
08-Feb 08:11:19:INFO:root:Starting from 1.3178313613676657e-17
08-Feb 08:11:19:INFO:root:-- Outer 6: 0.0011710568591959073
08-Feb 08:11:19:INFO:root:------ Middle 1: 4.6296962850303e-6
08-Feb 08:11:19:INFO:root:Starting from 1.8950807495100035e-17
08-Feb 08:11:19:INFO:root:-- Outer 3: 0.006332414964940717
08-Feb 08:11:19:INFO:root:------ Middle 1: 7.261643147298349e-7
08-Feb 08:11:19:INFO:root:Starting from 1.5850827886232046e-17
08-Feb 08:11:19:INFO:root:-- Outer 5: 0.001323728480949902
08-Feb 08:11:19:INFO:root:------ Middle 1: 2.5605743537069355e-6
08-Feb 08:11:19:INFO:root:Starting from 2.144662130565075e-17
08-Feb 08:11:19:INFO:root:-- Outer 4: 0.006007535242185649
08-Feb 08:11:19:INFO:root:------ Middle 1: 4.197898183392892e-7
08-Feb 08:11:19:INFO:root:Starting from 2.143731432922668e-17
08-Feb 08:11:19:INFO:root:-- Outer 7: 0.00031362722511340776
08-Feb 08:11:19:INFO:root:END Outer loop
08-Feb 08:11:19:INFO:root:------ Middle 1: 4.016560758501628e-7
08-Feb 08:11:19:INFO:root:Starting from 1.5675516210514316e-17
08-Feb 08:11:19:INFO:root:-- Outer 6: 0.0012075202942431762
08-Feb 08:11:20:INFO:root:Model trade shares: [0.970727, 0.910759, 0.984226]
08-Feb 08:11:20:INFO:root:Data trade shares: [0.971471, 0.927429, 0.989384]
08-Feb 08:11:20:INFO:root:US prices: [1.40843, 1.04126, 1.07103]
08-Feb 08:11:20:INFO:root:in the data: [2.72526, 1.92631, 1.92631]
08-Feb 08:11:20:INFO:root:------ Middle 1: 4.2179108406162496e-7
08-Feb 08:11:20:INFO:root:Starting from 1.576386408793322e-17
08-Feb 08:11:20:INFO:root:-- Outer 7: 0.00027450377819228
08-Feb 08:11:20:INFO:root:END Outer loop
08-Feb 08:11:20:INFO:root:------ Middle 1: 4.192699688748941e-7
08-Feb 08:11:20:INFO:root:Starting from 1.765679656593604e-17
08-Feb 08:11:20:INFO:root:-- Outer 7: 0.0003173241039979384
08-Feb 08:11:20:INFO:root:END Outer loop
08-Feb 08:11:20:INFO:root:Nominal world expenditure: 5.485664718580131e6
08-Feb 08:11:20:INFO:root:------ Middle 1: 3.846841917191087e-7
08-Feb 08:11:20:INFO:root:Starting from 1.5574058296912358e-17
08-Feb 08:11:20:INFO:root:-- Outer 7: 0.0003026818103268531
08-Feb 08:11:20:INFO:root:END Outer loop
08-Feb 08:11:20:INFO:root:Model trade shares: [0.969646, 0.923943, 0.980283]
08-Feb 08:11:20:INFO:root:Data trade shares: [0.972765, 0.936372, 0.980463]
08-Feb 08:11:20:INFO:root:US prices: [1.36383, 0.95334, 0.946686]
08-Feb 08:11:20:INFO:root:in the data: [3.02084, 2.07936, 2.07936]
08-Feb 08:11:20:INFO:root:------ Middle 1: 6.252710860000535e-7
08-Feb 08:11:20:INFO:root:Starting from 1.7608880339205523e-17
08-Feb 08:11:20:INFO:root:-- Outer 5: 0.0011708132672317623
08-Feb 08:11:20:INFO:root:--------------In the data: [2.2953e7]
08-Feb 08:11:20:INFO:root:Model trade shares: [0.968706, 0.914814, 0.989391]
08-Feb 08:11:21:INFO:root:Data trade shares: [0.966266, 0.92464, 0.992831]
08-Feb 08:11:21:INFO:root:US prices: [1.35998, 1.05991, 1.08963]
08-Feb 08:11:21:INFO:root:in the data: [2.27198, 1.79075, 1.79075]
08-Feb 08:11:21:INFO:root:Nominal world expenditure: 5.277577033984039e6
08-Feb 08:11:21:INFO:root:Nominal world expenditure: 5.429899368542427e6
08-Feb 08:11:21:INFO:root:--- Period 14 ---
08-Feb 08:11:21:INFO:root:------ Middle 1: 6.853164315987189e-7
08-Feb 08:11:21:INFO:root:Starting from 1.5490981736410043e-17
08-Feb 08:11:21:INFO:root:BEGIN Outer loop
08-Feb 08:11:21:INFO:root:-- Outer 5: 0.0013070326860990546
08-Feb 08:11:21:INFO:root:------ Middle 1: 3.450967538887108e-7
08-Feb 08:11:21:INFO:root:Starting from 2.0539675066337723e-17
08-Feb 08:11:21:INFO:root:-- Outer 6: 0.0010890746962185262
08-Feb 08:11:21:INFO:root:------ Middle 1: 4.451218768360796e-7
08-Feb 08:11:21:INFO:root:Model trade shares: [0.9725, 0.912882, 0.973773]
08-Feb 08:11:21:INFO:root:Data trade shares: [0.976496, 0.933524, 0.973934]
08-Feb 08:11:21:INFO:root:US prices: [1.44033, 1.01502, 1.0307]
08-Feb 08:11:21:INFO:root:in the data: [2.96155, 2.01858, 2.01858]
08-Feb 08:11:21:INFO:root:Starting from 1.4803722049834303e-17
08-Feb 08:11:21:INFO:root:-- Outer 7: 0.000490029953011531
08-Feb 08:11:21:INFO:root:END Outer loop
08-Feb 08:11:21:INFO:root:------ Middle 1: 3.7649689892366083e-7
08-Feb 08:11:21:INFO:root:Starting from 1.2817753197675394e-17
08-Feb 08:11:21:INFO:root:Nominal world expenditure: 5.422605381522683e6
08-Feb 08:11:21:INFO:root:-- Outer 6: 0.0011983404936338053
08-Feb 08:11:21:INFO:root:--------------In the data: [2.36221e7]
08-Feb 08:11:21:INFO:root:--------------In the data: [2.07618e7]
08-Feb 08:11:21:INFO:root:--- Period 15 ---
08-Feb 08:11:22:INFO:root:BEGIN Outer loop
08-Feb 08:11:22:INFO:root:------ Middle 1: 5.19262696593317e-7
08-Feb 08:11:22:INFO:root:Starting from 1.554729594885122e-17
08-Feb 08:11:22:INFO:root:-- Outer 7: 0.0003754954526106434
08-Feb 08:11:22:INFO:root:END Outer loop
08-Feb 08:11:21:INFO:root:Model trade shares: [0.963835, 0.917655, 0.990389]
08-Feb 08:11:22:INFO:root:Data trade shares: [0.961487, 0.929057, 0.992737]
08-Feb 08:11:22:INFO:root:US prices: [1.31487, 1.06544, 1.08257]
08-Feb 08:11:22:INFO:root:in the data: [1.96012, 1.64035, 1.64035]
08-Feb 08:11:22:INFO:root:--- Period 16 ---
08-Feb 08:11:22:INFO:root:------ Middle 1: 8.476813136339946e-7
08-Feb 08:11:22:INFO:root:Starting from 1.541643852843814e-17
08-Feb 08:11:22:INFO:root:BEGIN Outer loop
08-Feb 08:11:22:INFO:root:-- Outer 5: 0.0010229609813028851
08-Feb 08:11:21:INFO:root:--------------In the data: [2.33649e7]
08-Feb 08:11:22:INFO:root:Nominal world expenditure: 5.2032096339444e6
08-Feb 08:11:22:INFO:root:--- Period 17 ---
08-Feb 08:11:22:INFO:root:------ Middle 1: 4.767660445645977e-7
08-Feb 08:11:22:INFO:root:Starting from 1.6698753390949492e-17
08-Feb 08:11:22:INFO:root:-- Outer 6: 0.0009249637470723574
08-Feb 08:11:22:INFO:root:END Outer loop
08-Feb 08:11:22:INFO:root:BEGIN Outer loop
08-Feb 08:11:22:INFO:root:Model trade shares: [0.96345, 0.929685, 0.990945]
08-Feb 08:11:22:INFO:root:Data trade shares: [0.967429, 0.940539, 0.992695]
08-Feb 08:11:22:INFO:root:US prices: [1.22417, 1.08641, 1.08944]
08-Feb 08:11:22:INFO:root:in the data: [1.63396, 1.43854, 1.43854]
08-Feb 08:11:22:INFO:root:--------------In the data: [1.80704e7]
08-Feb 08:11:23:INFO:root:Nominal world expenditure: 4.70318795410351e6
08-Feb 08:11:23:INFO:root:--- Period 18 ---
08-Feb 08:11:23:INFO:root:BEGIN Outer loop
08-Feb 08:11:23:INFO:root:------ Middle 1: 9.688555306437478e-7
08-Feb 08:11:23:INFO:root:Starting from 1.2901524903582057e-17
08-Feb 08:11:23:INFO:root:-- Outer 5: 0.0007465854685190451
08-Feb 08:11:23:INFO:root:END Outer loop
08-Feb 08:11:23:INFO:root:Model trade shares: [0.967105, 0.92946, 0.993201]
08-Feb 08:11:23:INFO:root:Data trade shares: [0.975035, 0.947137, 0.993826]
08-Feb 08:11:23:INFO:root:US prices: [1.17196, 1.10009, 1.09441]
08-Feb 08:11:23:INFO:root:in the data: [1.5623, 1.46271, 1.46271]
08-Feb 08:11:23:INFO:root:Nominal world expenditure: 4.526965915793567e6
08-Feb 08:11:23:INFO:root:--------------In the data: [1.37348e7]
08-Feb 08:11:23:INFO:root:------ Middle 1: 4.0334281302943693e-7
08-Feb 08:11:23:INFO:root:Starting from 1.5170837566624593e-17
08-Feb 08:11:23:INFO:root:-- Outer 7: 0.0003553866884263289
08-Feb 08:11:23:INFO:root:END Outer loop
08-Feb 08:11:23:INFO:root:Model trade shares: [0.969338, 0.92368, 0.994151]
08-Feb 08:11:23:INFO:root:Data trade shares: [0.973362, 0.938447, 0.994052]
08-Feb 08:11:23:INFO:root:US prices: [1.11535, 1.09365, 1.08717]
08-Feb 08:11:23:INFO:root:in the data: [1.46789, 1.34924, 1.34924]
08-Feb 08:11:24:INFO:root:Nominal world expenditure: 4.318278698086656e6
08-Feb 08:11:24:INFO:root:------ Middle 1: 4.7327199517880007e-7
08-Feb 08:11:24:INFO:root:Starting from 1.602820651269773e-17
08-Feb 08:11:24:INFO:root:-- Outer 7: 0.0003878647689038597
08-Feb 08:11:24:INFO:root:END Outer loop
08-Feb 08:11:23:INFO:root:--------------In the data: [1.27847e7]
08-Feb 08:11:24:INFO:root:--- Period 19 ---
08-Feb 08:11:24:INFO:root:BEGIN Outer loop
08-Feb 08:11:24:INFO:root:--- Period 20 ---
08-Feb 08:11:24:INFO:root:BEGIN Outer loop
08-Feb 08:11:24:INFO:root:Model trade shares: [0.974351, 0.92476, 0.974133]
08-Feb 08:11:24:INFO:root:Data trade shares: [0.97676, 0.939693, 0.972749]
08-Feb 08:11:24:INFO:root:US prices: [1.43166, 0.984702, 0.985976]
08-Feb 08:11:24:INFO:root:in the data: [3.07991, 2.04761, 2.04761]
08-Feb 08:11:24:INFO:root:Nominal world expenditure: 5.30572292711952e6
08-Feb 08:11:24:INFO:root:--------------In the data: [1.15794e7]
08-Feb 08:11:24:INFO:root:Model trade shares: [0.960647, 0.922127, 0.99046]
08-Feb 08:11:24:INFO:root:Data trade shares: [0.959721, 0.934044, 0.992669]
08-Feb 08:11:24:INFO:root:US prices: [1.26969, 1.06994, 1.07659]
08-Feb 08:11:24:INFO:root:in the data: [1.70549, 1.50868, 1.50868]
08-Feb 08:11:24:INFO:root:--- Period 21 ---
08-Feb 08:11:24:INFO:root:BEGIN Outer loop
08-Feb 08:11:24:INFO:root:Nominal world expenditure: 4.928768521350544e6
08-Feb 08:11:25:INFO:root:------ Middle 1: 1.1320212508273588e-6
08-Feb 08:11:25:INFO:root:Starting from 1.5442272457223203e-17
08-Feb 08:11:25:INFO:root:-- Outer 5: 0.0006047230608079385
08-Feb 08:11:25:INFO:root:END Outer loop
08-Feb 08:11:25:INFO:root:------ Middle 1: 6.310778483320286e-7
08-Feb 08:11:25:INFO:root:Starting from 2.0297683584588643e-17
08-Feb 08:11:25:INFO:root:-- Outer 5: 0.0011119325265453465
08-Feb 08:11:24:INFO:root:--------------In the data: [2.31824e7]
08-Feb 08:11:25:INFO:root:--- Period 22 ---
08-Feb 08:11:25:INFO:root:------ Middle 1: 3.515797602031127e-7
08-Feb 08:11:25:INFO:root:Starting from 1.652489811938247e-17
08-Feb 08:11:25:INFO:root:-- Outer 6: 0.0010310981438437818
08-Feb 08:11:25:INFO:root:BEGIN Outer loop
08-Feb 08:11:25:INFO:root:--------------In the data: [1.54393e7]
08-Feb 08:11:25:INFO:root:Model trade shares: [0.970315, 0.935699, 0.994656]
08-Feb 08:11:25:INFO:root:Data trade shares: [0.970394, 0.938128, 0.99445]
08-Feb 08:11:25:INFO:root:US prices: [1.05626, 1.06004, 1.04928]
08-Feb 08:11:25:INFO:root:in the data: [1.21921, 1.17859, 1.17859]
08-Feb 08:11:25:INFO:root:Nominal world expenditure: 4.038997648977779e6
08-Feb 08:11:26:INFO:root:--- Period 23 ---
08-Feb 08:11:26:INFO:root:BEGIN Outer loop
08-Feb 08:11:26:INFO:root:--------------In the data: [1.02443e7]
08-Feb 08:11:26:INFO:root:--- Period 24 ---
08-Feb 08:11:26:INFO:root:BEGIN Outer loop
08-Feb 08:11:28:INFO:root:------ Middle 1: 4.1569150629380714e-7
08-Feb 08:11:28:INFO:root:Starting from 2.0306376581462777e-17
08-Feb 08:11:28:INFO:root:-- Outer 7: 0.0003616323573854623
08-Feb 08:11:28:INFO:root:END Outer loop
08-Feb 08:11:28:INFO:root:Model trade shares: [0.96973, 0.923631, 0.990499]
08-Feb 08:11:28:INFO:root:Data trade shares: [0.971404, 0.929028, 0.993445]
08-Feb 08:11:28:INFO:root:US prices: [1.2586, 0.926714, 0.920565]
08-Feb 08:11:28:INFO:root:in the data: [2.9591, 2.1512, 2.1512]
08-Feb 08:11:28:INFO:root:Nominal world expenditure: 5.416664302344248e6
08-Feb 08:11:28:INFO:root:--------------In the data: [2.42511e7]
08-Feb 08:11:28:INFO:root:--- Period 25 ---
08-Feb 08:11:28:INFO:root:BEGIN Outer loop
08-Feb 08:11:46:INFO:root:------ Middle 1: 1.763842526809925e-5
08-Feb 08:11:46:INFO:root:Starting from 1.2245715385549315e-17
08-Feb 08:11:46:INFO:root:-- Outer 1: 0.021113666548890467
08-Feb 08:11:46:INFO:root:------ Middle 1: 9.73035307566006e-6
08-Feb 08:11:46:INFO:root:Starting from 2.0155867400694774e-17
08-Feb 08:11:46:INFO:root:-- Outer 2: 0.02722960948951505
08-Feb 08:11:47:INFO:root:------ Middle 1: 1.7102044304763905e-5
08-Feb 08:11:47:INFO:root:Starting from 1.2145496687014025e-17
08-Feb 08:11:47:INFO:root:-- Outer 1: 0.020987894145076104
08-Feb 08:11:47:INFO:root:------ Middle 1: 9.434442341655897e-6
08-Feb 08:11:47:INFO:root:Starting from 2.3386649040747332e-17
08-Feb 08:11:47:INFO:root:-- Outer 2: 0.027377246229195202
08-Feb 08:11:48:INFO:root:------ Middle 1: 1.6577650323678613e-5
08-Feb 08:11:48:INFO:root:Starting from 1.2182303927295878e-17
08-Feb 08:11:48:INFO:root:-- Outer 1: 0.02068677475921299
08-Feb 08:11:49:INFO:root:------ Middle 1: 9.143541104321029e-6
08-Feb 08:11:49:INFO:root:Starting from 2.3852697228696393e-17
08-Feb 08:11:49:INFO:root:-- Outer 2: 0.027354559262763686
08-Feb 08:11:49:INFO:root:------ Middle 1: 1.5977439687229137e-5
08-Feb 08:11:49:INFO:root:Starting from 1.1859203670507636e-17
08-Feb 08:11:49:INFO:root:-- Outer 1: 0.02012299854444199
08-Feb 08:11:49:INFO:root:------ Middle 1: 8.81365111923602e-6
08-Feb 08:11:49:INFO:root:Starting from 1.8262087950087307e-17
08-Feb 08:11:49:INFO:root:-- Outer 2: 0.026973060062652883
08-Feb 08:11:54:INFO:root:------ Middle 1: 1.5488962499485124e-5
08-Feb 08:11:54:INFO:root:Starting from 1.1532624601332075e-17
08-Feb 08:11:54:INFO:root:-- Outer 1: 0.019879807991260597
08-Feb 08:11:54:INFO:root:------ Middle 1: 1.2639386923605906e-5
08-Feb 08:11:55:INFO:root:Starting from 1.2570965847787453e-17
08-Feb 08:11:55:INFO:root:-- Outer 1: 0.016962607259092558
08-Feb 08:11:55:INFO:root:------ Middle 1: 1.3351525026840796e-5
08-Feb 08:11:55:INFO:root:Starting from 1.2112820724921387e-17
08-Feb 08:11:55:INFO:root:-- Outer 1: 0.017665067039736002
08-Feb 08:11:55:INFO:root:------ Middle 1: 8.538740286976636e-6
08-Feb 08:11:55:INFO:root:Starting from 2.1354241162374245e-17
08-Feb 08:11:55:INFO:root:-- Outer 2: 0.02694092136470935
08-Feb 08:11:55:INFO:root:------ Middle 1: 6.976827435898196e-6
08-Feb 08:11:55:INFO:root:Starting from 2.8201891512211996e-17
08-Feb 08:11:55:INFO:root:-- Outer 2: 0.0217529347585362
08-Feb 08:11:55:INFO:root:------ Middle 1: 7.36903648115255e-6
08-Feb 08:11:55:INFO:root:Starting from 2.399524531882831e-17
08-Feb 08:11:55:INFO:root:-- Outer 2: 0.02306168019170197
08-Feb 08:11:55:INFO:root:------ Middle 1: 1.196666699210648e-5
08-Feb 08:11:55:INFO:root:Starting from 1.2558167791353176e-17
08-Feb 08:11:55:INFO:root:-- Outer 1: 0.01610282761149574
08-Feb 08:11:56:INFO:root:------ Middle 1: 6.606190565986006e-6
08-Feb 08:11:56:INFO:root:Starting from 2.4475673280771906e-17
08-Feb 08:11:56:INFO:root:-- Outer 2: 0.020452522343663734
08-Feb 08:11:56:INFO:root:------ Middle 1: 1.3830082642932123e-5
08-Feb 08:11:56:INFO:root:Starting from 1.1828918655677311e-17
08-Feb 08:11:56:INFO:root:-- Outer 1: 0.018226601274084663
08-Feb 08:11:56:INFO:root:------ Middle 1: 1.4226239060658858e-5
08-Feb 08:11:56:INFO:root:Starting from 1.198427607760883e-17
08-Feb 08:11:56:INFO:root:-- Outer 1: 0.018658884507084566
08-Feb 08:11:56:INFO:root:------ Middle 1: 7.629588285193777e-6
08-Feb 08:11:56:INFO:root:Starting from 2.6749927723271922e-17
08-Feb 08:11:56:INFO:root:-- Outer 2: 0.02431981308973672
08-Feb 08:11:57:INFO:root:------ Middle 1: 7.843529291284654e-6
08-Feb 08:11:57:INFO:root:Starting from 2.5535402654756203e-17
08-Feb 08:11:57:INFO:root:-- Outer 2: 0.02531285376845058
08-Feb 08:11:58:INFO:root:------ Middle 1: 1.49870650451843e-5
08-Feb 08:11:58:INFO:root:Starting from 1.145970290802074e-17
08-Feb 08:11:58:INFO:root:-- Outer 1: 0.019481129121116644
08-Feb 08:11:58:INFO:root:------ Middle 1: 8.259237871131048e-6
08-Feb 08:11:58:INFO:root:Starting from 2.692782826063531e-17
08-Feb 08:11:58:INFO:root:-- Outer 2: 0.02657516799452935
08-Feb 08:12:00:INFO:root:------ Middle 1: 1.4556466811014681e-5
08-Feb 08:12:00:INFO:root:Starting from 1.1486811756927052e-17
08-Feb 08:12:00:INFO:root:-- Outer 1: 0.01907750670171104
08-Feb 08:12:00:INFO:root:------ Middle 1: 8.021855950146307e-6
08-Feb 08:12:00:INFO:root:Starting from 2.3735532717411022e-17
08-Feb 08:12:00:INFO:root:-- Outer 2: 0.02606833450232322
08-Feb 08:12:04:INFO:root:------ Middle 1: 4.597263133957072e-6
08-Feb 08:12:04:INFO:root:Starting from 1.6208434263274768e-17
08-Feb 08:12:04:INFO:root:-- Outer 3: 0.006101515786465283
08-Feb 08:12:04:INFO:root:------ Middle 1: 2.5434878051267763e-6
08-Feb 08:12:04:INFO:root:Starting from 1.561316892253464e-17
08-Feb 08:12:04:INFO:root:-- Outer 4: 0.005804020788024136
08-Feb 08:12:06:INFO:root:------ Middle 1: 4.670095419958365e-6
08-Feb 08:12:06:INFO:root:Starting from 1.5412761945079102e-17
08-Feb 08:12:06:INFO:root:-- Outer 3: 0.006382161145451756
08-Feb 08:12:06:INFO:root:------ Middle 1: 2.5832821731054255e-6
08-Feb 08:12:06:INFO:root:Starting from 1.9730522579104547e-17
08-Feb 08:12:06:INFO:root:-- Outer 4: 0.0060443257283532125
08-Feb 08:12:07:INFO:root:------ Middle 1: 4.730114116073258e-6
08-Feb 08:12:07:INFO:root:Starting from 1.6021289489992083e-17
08-Feb 08:12:07:INFO:root:-- Outer 3: 0.0067233686126583715
08-Feb 08:12:07:INFO:root:------ Middle 1: 4.639666828764827e-6
08-Feb 08:12:07:INFO:root:Starting from 1.575877882434102e-17
08-Feb 08:12:07:INFO:root:-- Outer 3: 0.006650299006478827
08-Feb 08:12:08:INFO:root:------ Middle 1: 2.6151980430326664e-6
08-Feb 08:12:08:INFO:root:Starting from 1.7182607098008635e-17
08-Feb 08:12:08:INFO:root:-- Outer 4: 0.006319834263910497
08-Feb 08:12:08:INFO:root:------ Middle 1: 2.566365932495867e-6
08-Feb 08:12:08:INFO:root:Starting from 1.4688766304971906e-17
08-Feb 08:12:08:INFO:root:-- Outer 4: 0.006232075681030678
08-Feb 08:12:10:INFO:root:------ Middle 1: 6.272860358221095e-7
08-Feb 08:12:10:INFO:root:Starting from 1.9063856941646403e-17
08-Feb 08:12:10:INFO:root:-- Outer 5: 0.0012014247590592085
08-Feb 08:12:10:INFO:root:------ Middle 1: 3.477318416732386e-7
08-Feb 08:12:10:INFO:root:Starting from 2.0760696344169455e-17
08-Feb 08:12:10:INFO:root:-- Outer 6: 0.0011193701870010732
08-Feb 08:12:13:INFO:root:------ Middle 1: 3.361406987437019e-6
08-Feb 08:12:13:INFO:root:------ Middle 1: 4.120750475574922e-7
08-Feb 08:12:13:INFO:root:Starting from 2.1455350130956802e-17
08-Feb 08:12:13:INFO:root:-- Outer 3: 0.004310771878811703
08-Feb 08:12:13:INFO:root:Starting from 1.823067282409016e-17
08-Feb 08:12:13:INFO:root:-- Outer 7: 0.000337913752799187
08-Feb 08:12:13:INFO:root:END Outer loop
08-Feb 08:12:13:INFO:root:Model trade shares: [0.969406, 0.928262, 0.991689]
08-Feb 08:12:13:INFO:root:Data trade shares: [0.967576, 0.927756, 0.993556]
08-Feb 08:12:13:INFO:root:US prices: [1.15123, 0.906081, 0.906333]
08-Feb 08:12:13:INFO:root:in the data: [2.78451, 2.12334, 2.12334]
08-Feb 08:12:13:INFO:root:Nominal world expenditure: 5.682887543299981e6
08-Feb 08:12:13:INFO:root:--------------In the data: [2.5209e7]
08-Feb 08:12:13:INFO:root:--- Period 26 ---
08-Feb 08:12:13:INFO:root:------ Middle 1: 6.446972585447448e-7
08-Feb 08:12:13:INFO:root:Starting from 1.6176912279554157e-17
08-Feb 08:12:13:INFO:root:BEGIN Outer loop
08-Feb 08:12:13:INFO:root:------ Middle 1: 3.1055527950134195e-6
08-Feb 08:12:13:INFO:root:-- Outer 5: 0.0009536652031298268
08-Feb 08:12:13:INFO:root:END Outer loop
08-Feb 08:12:13:INFO:root:Starting from 2.5080479792116985e-17
08-Feb 08:12:13:INFO:root:-- Outer 3: 0.00374397491406922
08-Feb 08:12:13:INFO:root:------ Middle 1: 1.8624491547655422e-6
08-Feb 08:12:13:INFO:root:Model trade shares: [0.96188, 0.923913, 0.993]
08-Feb 08:12:13:INFO:root:Data trade shares: [0.953126, 0.923314, 0.993566]
08-Feb 08:12:13:INFO:root:US prices: [1.05968, 0.897897, 0.891139]
08-Feb 08:12:13:INFO:root:in the data: [2.3065, 2.15345, 2.15345]
08-Feb 08:12:13:INFO:root:Starting from 2.93852259974832e-17
08-Feb 08:12:13:INFO:root:-- Outer 4: 0.004094659478346605
08-Feb 08:12:13:INFO:root:Nominal world expenditure: 5.875184029570201e6
08-Feb 08:12:13:INFO:root:--------------In the data: [2.91447e7]
08-Feb 08:12:13:INFO:root:--- Period 27 ---
08-Feb 08:12:13:INFO:root:BEGIN Outer loop
08-Feb 08:12:13:INFO:root:------ Middle 1: 4.731271567396771e-6
08-Feb 08:12:13:INFO:root:Starting from 1.4011788540449368e-17
08-Feb 08:12:13:INFO:root:-- Outer 3: 0.0071684410324971415
08-Feb 08:12:13:INFO:root:------ Middle 1: 1.722161748843734e-6
08-Feb 08:12:13:INFO:root:Starting from 2.4893947126797354e-17
08-Feb 08:12:13:INFO:root:-- Outer 4: 0.0035921849153374478
08-Feb 08:12:14:INFO:root:------ Middle 1: 3.662315724239637e-6
08-Feb 08:12:14:INFO:root:Starting from 2.2295016250238686e-17
08-Feb 08:12:14:INFO:root:-- Outer 3: 0.00496763816857328
08-Feb 08:12:14:INFO:root:------ Middle 1: 2.6164529517381146e-6
08-Feb 08:12:14:INFO:root:Starting from 1.5267250247126152e-17
08-Feb 08:12:14:INFO:root:-- Outer 4: 0.0066558820297749075
08-Feb 08:12:14:INFO:root:------ Middle 1: 2.027660091402789e-6
08-Feb 08:12:14:INFO:root:Starting from 2.6553747951565215e-17
08-Feb 08:12:14:INFO:root:-- Outer 4: 0.0046689621360354065
08-Feb 08:12:16:INFO:root:------ Middle 1: 3.987226682217495e-6
08-Feb 08:12:16:INFO:root:Starting from 2.4738627278445515e-17
08-Feb 08:12:16:INFO:root:-- Outer 3: 0.005872696633017735
08-Feb 08:12:16:INFO:root:------ Middle 1: 6.802042995426739e-7
08-Feb 08:12:16:INFO:root:------ Middle 1: 6.672290512123423e-7
08-Feb 08:12:16:INFO:root:Starting from 2.235009386316623e-17
08-Feb 08:12:16:INFO:root:Starting from 1.5841968856987857e-17
08-Feb 08:12:16:INFO:root:-- Outer 5: 0.0007851659882152232
08-Feb 08:12:16:INFO:root:-- Outer 5: 0.0008467613811949384
08-Feb 08:12:16:INFO:root:END Outer loop
08-Feb 08:12:16:INFO:root:END Outer loop
08-Feb 08:12:16:INFO:root:------ Middle 1: 6.184587907531062e-7
08-Feb 08:12:16:INFO:root:------ Middle 1: 4.305676328784723e-6
08-Feb 08:12:16:INFO:root:Starting from 2.5976998387972588e-17
08-Feb 08:12:16:INFO:root:Starting from 1.837952563063913e-17
08-Feb 08:12:16:INFO:root:-- Outer 5: 0.0014591413709761406
08-Feb 08:12:16:INFO:root:-- Outer 3: 0.0067288004662946635
08-Feb 08:12:16:INFO:root:------ Middle 1: 2.206049773254227e-6
08-Feb 08:12:16:INFO:root:Starting from 2.3168724047558257e-17
08-Feb 08:12:16:INFO:root:-- Outer 4: 0.0054435356198042715
08-Feb 08:12:16:INFO:root:Model trade shares: [0.967547, 0.928768, 0.992827]
08-Feb 08:12:16:INFO:root:Data trade shares: [0.958317, 0.928046, 0.993489]
08-Feb 08:12:16:INFO:root:US prices: [0.988939, 0.886816, 0.880427]
08-Feb 08:12:16:INFO:root:in the data: [2.43661, 2.20422, 2.20422]
08-Feb 08:12:16:INFO:root:Model trade shares: [0.963114, 0.928602, 0.993736]
08-Feb 08:12:16:INFO:root:Data trade shares: [0.960962, 0.931588, 0.993893]
08-Feb 08:12:16:INFO:root:US prices: [0.949769, 0.878057, 0.864682]
08-Feb 08:12:16:INFO:root:in the data: [2.50767, 2.31742, 2.31742]
08-Feb 08:12:16:INFO:root:Nominal world expenditure: 6.191711140721077e6
08-Feb 08:12:16:INFO:root:--------------In the data: [3.25615e7]
08-Feb 08:12:16:INFO:root:Nominal world expenditure: 6.622883285756704e6
08-Feb 08:12:16:INFO:root:--------------In the data: [3.61928e7]
08-Feb 08:12:16:INFO:root:--- Period 28 ---
08-Feb 08:12:16:INFO:root:BEGIN Outer loop
08-Feb 08:12:16:INFO:root:--- Period 29 ---
08-Feb 08:12:16:INFO:root:------ Middle 1: 6.156984931924683e-7
08-Feb 08:12:16:INFO:root:Starting from 2.977853849532139e-17
08-Feb 08:12:16:INFO:root:-- Outer 5: 0.0013720029136133035
08-Feb 08:12:16:INFO:root:BEGIN Outer loop
08-Feb 08:12:16:INFO:root:------ Middle 1: 3.4708683473219383e-7
08-Feb 08:12:16:INFO:root:------ Middle 1: 2.3809461419935217e-6
08-Feb 08:12:16:INFO:root:Starting from 2.745366292801326e-17
08-Feb 08:12:16:INFO:root:Starting from 1.9104737169763294e-17
08-Feb 08:12:16:INFO:root:-- Outer 6: 0.001365152164181819
08-Feb 08:12:16:INFO:root:-- Outer 4: 0.006184796064365634
08-Feb 08:12:17:INFO:root:------ Middle 1: 3.448483810728238e-7
08-Feb 08:12:17:INFO:root:Starting from 2.9461073432591485e-17
08-Feb 08:12:17:INFO:root:-- Outer 6: 0.001292745995486809
08-Feb 08:12:17:INFO:root:------ Middle 1: 6.44317799191548e-7
08-Feb 08:12:17:INFO:root:Starting from 2.176341579579012e-17
08-Feb 08:12:17:INFO:root:-- Outer 5: 0.001561839164792129
08-Feb 08:12:17:INFO:root:------ Middle 1: 4.7175171519404634e-6
08-Feb 08:12:17:INFO:root:Starting from 1.9861860055993823e-17
08-Feb 08:12:17:INFO:root:-- Outer 3: 0.007392105095982394
08-Feb 08:12:17:INFO:root:------ Middle 1: 3.6263782874052595e-7
08-Feb 08:12:17:INFO:root:Starting from 2.3377086760138766e-17
08-Feb 08:12:17:INFO:root:-- Outer 6: 0.0014506634505856606
08-Feb 08:12:18:INFO:root:------ Middle 1: 2.6078091202683835e-6
08-Feb 08:12:18:INFO:root:Starting from 1.622595719286854e-17
08-Feb 08:12:18:INFO:root:-- Outer 4: 0.006808981904734672
08-Feb 08:12:18:INFO:root:------ Middle 1: 3.0211383894506896e-7
08-Feb 08:12:18:INFO:root:Starting from 2.5930643755409658e-17
08-Feb 08:12:18:INFO:root:-- Outer 7: 0.00037341293108578757
08-Feb 08:12:18:INFO:root:END Outer loop
08-Feb 08:12:19:INFO:root:Model trade shares: [0.95801, 0.918561, 0.987734]
08-Feb 08:12:19:INFO:root:Data trade shares: [0.950579, 0.929714, 0.991388]
08-Feb 08:12:19:INFO:root:US prices: [0.765692, 0.76517, 0.804675]
08-Feb 08:12:19:INFO:root:in the data: [2.71827, 2.64842, 2.64842]
08-Feb 08:12:19:INFO:root:Nominal world expenditure: 7.418861929267192e6
08-Feb 08:12:19:INFO:root:--------------In the data: [5.43532e7]
08-Feb 08:12:19:INFO:root:--- Period 30 ---
08-Feb 08:12:19:INFO:root:BEGIN Outer loop
08-Feb 08:12:19:INFO:root:------ Middle 1: 2.6574354499611825e-7
08-Feb 08:12:19:INFO:root:Starting from 2.894108572155022e-17
08-Feb 08:12:19:INFO:root:-- Outer 7: 0.00039672615771135116
08-Feb 08:12:19:INFO:root:END Outer loop
08-Feb 08:12:19:INFO:root:Model trade shares: [0.954141, 0.917113, 0.985657]
08-Feb 08:12:19:INFO:root:Data trade shares: [0.954902, 0.927282, 0.98849]
08-Feb 08:12:19:INFO:root:US prices: [0.769485, 0.758136, 0.797369]
08-Feb 08:12:19:INFO:root:in the data: [2.81662, 2.76323, 2.76323]
08-Feb 08:12:19:INFO:root:Nominal world expenditure: 7.531633769933853e6
08-Feb 08:12:19:INFO:root:--------------In the data: [5.52518e7]
08-Feb 08:12:19:INFO:root:--- Period 31 ---
08-Feb 08:12:19:INFO:root:BEGIN Outer loop
08-Feb 08:12:19:INFO:root:------ Middle 1: 6.549892527667816e-7
08-Feb 08:12:19:INFO:root:Starting from 2.0412993470662195e-17
08-Feb 08:12:19:INFO:root:-- Outer 5: 0.001701422662519376
08-Feb 08:12:19:INFO:root:------ Middle 1: 3.4346811180141664e-7
08-Feb 08:12:19:INFO:root:Starting from 2.4768485050320542e-17
08-Feb 08:12:19:INFO:root:-- Outer 7: 0.00037405198916851866
08-Feb 08:12:19:INFO:root:END Outer loop
08-Feb 08:12:20:INFO:root:------ Middle 1: 3.69614070712476e-7
08-Feb 08:12:20:INFO:root:Starting from 2.5020898694143535e-17
08-Feb 08:12:20:INFO:root:-- Outer 6: 0.0015635109495457876
08-Feb 08:12:20:INFO:root:Model trade shares: [0.959552, 0.92224, 0.988456]
08-Feb 08:12:20:INFO:root:Data trade shares: [0.955615, 0.931697, 0.991754]
08-Feb 08:12:20:INFO:root:US prices: [0.777063, 0.775273, 0.799605]
08-Feb 08:12:20:INFO:root:in the data: [2.59006, 2.59665, 2.59665]
08-Feb 08:12:20:INFO:root:Nominal world expenditure: 7.240401465122448e6
08-Feb 08:12:20:INFO:root:--------------In the data: [4.90999e7]
08-Feb 08:12:20:INFO:root:--- Period 32 ---
08-Feb 08:12:20:INFO:root:BEGIN Outer loop
08-Feb 08:12:20:INFO:root:------ Middle 1: 4.581729848703894e-6
08-Feb 08:12:20:INFO:root:Starting from 1.7712875626413456e-17
08-Feb 08:12:20:INFO:root:-- Outer 3: 0.007330227630311256
08-Feb 08:12:20:INFO:root:------ Middle 1: 2.5321822340500637e-6
08-Feb 08:12:20:INFO:root:Starting from 1.4067571921911665e-17
08-Feb 08:12:21:INFO:root:-- Outer 4: 0.006720706406800769
08-Feb 08:12:21:INFO:root:------ Middle 1: 6.963874855903462e-7
08-Feb 08:12:21:INFO:root:Starting from 2.1162098647303468e-17
08-Feb 08:12:21:INFO:root:-- Outer 5: 0.0015261557412172863
08-Feb 08:12:21:INFO:root:------ Middle 1: 3.8481334557562514e-7
08-Feb 08:12:21:INFO:root:Starting from 2.082750876022533e-17
08-Feb 08:12:21:INFO:root:-- Outer 6: 0.0014021259642477885
08-Feb 08:12:22:INFO:root:------ Middle 1: 7.090517263385775e-7
08-Feb 08:12:22:INFO:root:Starting from 1.504231585993872e-17
08-Feb 08:12:22:INFO:root:-- Outer 5: 0.0009129642580752949
08-Feb 08:12:22:INFO:root:END Outer loop
08-Feb 08:12:22:INFO:root:Model trade shares: [0.963694, 0.931683, 0.994032]
08-Feb 08:12:22:INFO:root:Data trade shares: [0.961578, 0.934257, 0.993842]
08-Feb 08:12:22:INFO:root:US prices: [0.920357, 0.871598, 0.837779]
08-Feb 08:12:22:INFO:root:in the data: [2.5813, 2.43608, 2.43608]
08-Feb 08:12:22:INFO:root:Nominal world expenditure: 6.898378120665035e6
08-Feb 08:12:22:INFO:root:--------------In the data: [3.7723e7]
08-Feb 08:12:22:INFO:root:--- Period 33 ---
08-Feb 08:12:22:INFO:root:BEGIN Outer loop
08-Feb 08:12:22:INFO:root:------ Middle 1: 4.2837069034752134e-7
08-Feb 08:12:22:INFO:root:Starting from 2.594983531884555e-17
08-Feb 08:12:22:INFO:root:-- Outer 7: 0.00030277222524996867
08-Feb 08:12:22:INFO:root:END Outer loop
08-Feb 08:12:22:INFO:root:Model trade shares: [0.959064, 0.924768, 0.988806]
08-Feb 08:12:22:INFO:root:Data trade shares: [0.959588, 0.937566, 0.971212]
08-Feb 08:12:22:INFO:root:US prices: [0.796379, 0.782939, 0.791451]
08-Feb 08:12:22:INFO:root:in the data: [2.70826, 2.57595, 2.57595]
08-Feb 08:12:22:INFO:root:Nominal world expenditure: 7.2616005375816375e6
08-Feb 08:12:22:INFO:root:--------------In the data: [4.5848e7]
08-Feb 08:12:22:INFO:root:--- Period 34 ---
08-Feb 08:12:22:INFO:root:BEGIN Outer loop
08-Feb 08:12:25:INFO:root:------ Middle 1: 5.508559901217118e-7
08-Feb 08:12:25:INFO:root:Starting from 1.8882688539715497e-17
08-Feb 08:12:25:INFO:root:-- Outer 7: 0.00044644394219882285
08-Feb 08:12:25:INFO:root:END Outer loop
08-Feb 08:12:25:INFO:root:------ Middle 1: 7.352857176196039e-7
08-Feb 08:12:25:INFO:root:Starting from 2.1173525169618777e-17
08-Feb 08:12:25:INFO:root:-- Outer 5: 0.0009627059546823949
08-Feb 08:12:25:INFO:root:END Outer loop
08-Feb 08:12:25:INFO:root:Model trade shares: [0.960868, 0.926204, 0.99131]
08-Feb 08:12:25:INFO:root:Data trade shares: [0.960491, 0.93458, 0.986591]
08-Feb 08:12:25:INFO:root:US prices: [0.818906, 0.799756, 0.795272]
08-Feb 08:12:25:INFO:root:in the data: [2.52256, 2.5595, 2.5595]
08-Feb 08:12:25:INFO:root:Nominal world expenditure: 7.299638660209728e6
08-Feb 08:12:25:INFO:root:--------------In the data: [4.55098e7]
08-Feb 08:12:25:INFO:root:Model trade shares: [0.967317, 0.927905, 0.993649]
08-Feb 08:12:25:INFO:root:--- Period 35 ---
08-Feb 08:12:25:INFO:root:Data trade shares: [0.963666, 0.934551, 0.994086]
08-Feb 08:12:25:INFO:root:US prices: [0.895596, 0.861009, 0.812507]
08-Feb 08:12:25:INFO:root:in the data: [2.67778, 2.5352, 2.5352]
08-Feb 08:12:25:INFO:root:Nominal world expenditure: 6.914720688867376e6
08-Feb 08:12:25:INFO:root:--------------In the data: [4.12361e7]
08-Feb 08:12:25:INFO:root:BEGIN Outer loop
08-Feb 08:12:25:INFO:root:--- Period 36 ---
08-Feb 08:12:25:INFO:root:BEGIN Outer loop
08-Feb 08:12:27:INFO:root:------ Middle 1: 7.553513389889197e-7
08-Feb 08:12:27:INFO:root:Starting from 1.9123180386998573e-17
08-Feb 08:12:27:INFO:root:-- Outer 5: 0.0010979372002192678
08-Feb 08:12:28:INFO:root:------ Middle 1: 4.2185180581972536e-7
08-Feb 08:12:28:INFO:root:Starting from 1.6964354279599566e-17
08-Feb 08:12:28:INFO:root:-- Outer 6: 0.0010216670361836194
08-Feb 08:12:31:INFO:root:------ Middle 1: 4.3575511082144284e-7
08-Feb 08:12:31:INFO:root:Starting from 2.4212380575866288e-17
08-Feb 08:12:31:INFO:root:-- Outer 7: 0.0004109309746652777
08-Feb 08:12:31:INFO:root:END Outer loop
08-Feb 08:12:31:INFO:root:Model trade shares: [0.966076, 0.93259, 0.993251]
08-Feb 08:12:31:INFO:root:Data trade shares: [0.960926, 0.936095, 0.990604]
08-Feb 08:12:31:INFO:root:US prices: [0.853459, 0.829143, 0.806719]
08-Feb 08:12:31:INFO:root:in the data: [2.54462, 2.53886, 2.53886]
08-Feb 08:12:31:INFO:root:Nominal world expenditure: 7.07714280259808e6
08-Feb 08:12:31:INFO:root:--------------In the data: [4.29516e7]
08-Feb 08:12:40:INFO:root:------ Middle 1: 1.084755719871886e-5
08-Feb 08:12:40:INFO:root:Starting from 1.2374922457708445e-17
08-Feb 08:12:40:INFO:root:-- Outer 1: 0.014749710645429372
08-Feb 08:12:40:INFO:root:------ Middle 1: 1.1363034812591462e-5
08-Feb 08:12:40:INFO:root:Starting from 1.2975750114700656e-17
08-Feb 08:12:40:INFO:root:-- Outer 1: 0.015375105456025521
08-Feb 08:12:40:INFO:root:------ Middle 1: 5.989586123595753e-6
08-Feb 08:12:40:INFO:root:Starting from 2.651824388142356e-17
08-Feb 08:12:40:INFO:root:-- Outer 2: 0.01863032570935364
08-Feb 08:12:40:INFO:root:------ Middle 1: 6.272844817432222e-6
08-Feb 08:12:40:INFO:root:Starting from 2.2492332905675035e-17
08-Feb 08:12:40:INFO:root:-- Outer 2: 0.019470055543622414
08-Feb 08:12:42:INFO:root:------ Middle 1: 1.0597922576886543e-5
08-Feb 08:12:42:INFO:root:Starting from 1.1736960642430175e-17
08-Feb 08:12:42:INFO:root:-- Outer 1: 0.01452667037422276
08-Feb 08:12:43:INFO:root:------ Middle 1: 5.850305232445287e-6
08-Feb 08:12:43:INFO:root:Starting from 3.112933970308512e-17
08-Feb 08:12:43:INFO:root:-- Outer 2: 0.018381693449477723
08-Feb 08:12:43:INFO:root:------ Middle 1: 1.0559897360258564e-5
08-Feb 08:12:43:INFO:root:Starting from 1.2499149123935135e-17
08-Feb 08:12:43:INFO:root:-- Outer 1: 0.014364101192197274
08-Feb 08:12:43:INFO:root:------ Middle 1: 5.828291679949513e-6
08-Feb 08:12:43:INFO:root:Starting from 3.057892690267988e-17
08-Feb 08:12:43:INFO:root:-- Outer 2: 0.01836102148832056
08-Feb 08:12:50:INFO:root:------ Middle 1: 1.0672362429718077e-5
08-Feb 08:12:50:INFO:root:Starting from 1.2351393405007474e-17
08-Feb 08:12:50:INFO:root:-- Outer 1: 0.014333588347835144
08-Feb 08:12:51:INFO:root:------ Middle 1: 5.887510941498598e-6
08-Feb 08:12:51:INFO:root:Starting from 2.843310779557712e-17
08-Feb 08:12:51:INFO:root:-- Outer 2: 0.018749725686224482
08-Feb 08:12:51:INFO:root:------ Middle 1: 1.0433942244842465e-5
08-Feb 08:12:51:INFO:root:Starting from 1.2377987500174604e-17
08-Feb 08:12:51:INFO:root:-- Outer 1: 0.013444711787137777
08-Feb 08:12:51:INFO:root:------ Middle 1: 9.931987039653732e-6
08-Feb 08:12:51:INFO:root:Starting from 1.2539328644390162e-17
08-Feb 08:12:51:INFO:root:-- Outer 1: 0.012646495216062602
08-Feb 08:12:51:INFO:root:------ Middle 1: 5.7565441773235415e-6
08-Feb 08:12:51:INFO:root:Starting from 2.2286644192301886e-17
08-Feb 08:12:51:INFO:root:-- Outer 2: 0.017584266475449438
08-Feb 08:12:52:INFO:root:------ Middle 1: 5.4811402542398124e-6
08-Feb 08:12:52:INFO:root:Starting from 3.219544824025644e-17
08-Feb 08:12:52:INFO:root:-- Outer 2: 0.016119451183113673
08-Feb 08:12:52:INFO:root:------ Middle 1: 8.024546943686843e-6
08-Feb 08:12:52:INFO:root:Starting from 1.2954021215019818e-17
08-Feb 08:12:52:INFO:root:-- Outer 1: 0.010287364279862387
08-Feb 08:12:52:INFO:root:------ Middle 1: 1.0744808704711682e-5
08-Feb 08:12:52:INFO:root:Starting from 1.2278866213168604e-17
08-Feb 08:12:52:INFO:root:-- Outer 1: 0.01411324963669327
08-Feb 08:12:52:INFO:root:------ Middle 1: 4.430019514721213e-6
08-Feb 08:12:52:INFO:root:Starting from 2.633653574062632e-17
08-Feb 08:12:52:INFO:root:-- Outer 2: 0.012388313309593987
08-Feb 08:12:52:INFO:root:------ Middle 1: 5.927059745703745e-6
08-Feb 08:12:52:INFO:root:Starting from 2.927878185408182e-17
08-Feb 08:12:52:INFO:root:-- Outer 2: 0.018732648176343493
08-Feb 08:12:52:INFO:root:------ Middle 1: 1.067808029053825e-5
08-Feb 08:12:52:INFO:root:Starting from 1.2050238560425209e-17
08-Feb 08:12:52:INFO:root:-- Outer 1: 0.01383806843835209
08-Feb 08:12:53:INFO:root:------ Middle 1: 5.8906581470852455e-6
08-Feb 08:12:53:INFO:root:Starting from 2.802589823374553e-17
08-Feb 08:12:53:INFO:root:-- Outer 2: 0.018392561688368576
08-Feb 08:12:53:INFO:root:------ Middle 1: 9.000300507166399e-6
08-Feb 08:12:53:INFO:root:Starting from 1.2803715757298115e-17
08-Feb 08:12:53:INFO:root:-- Outer 1: 0.011524712293888652
08-Feb 08:12:54:INFO:root:------ Middle 1: 4.968303926735676e-6
08-Feb 08:12:54:INFO:root:Starting from 2.977322857638033e-17
08-Feb 08:12:54:INFO:root:-- Outer 2: 0.014289752886817692
08-Feb 08:12:56:INFO:root:------ Middle 1: 2.7465047800528234e-6
08-Feb 08:12:56:INFO:root:Starting from 2.6415027342485294e-17
08-Feb 08:12:56:INFO:root:-- Outer 3: 0.002982439042658784
08-Feb 08:12:56:INFO:root:------ Middle 1: 1.5264484300847823e-6
08-Feb 08:12:56:INFO:root:Starting from 2.2806269188984976e-17
08-Feb 08:12:56:INFO:root:-- Outer 4: 0.0029073013782766797
08-Feb 08:12:57:INFO:root:------ Middle 1: 2.9381206935214037e-6
08-Feb 08:12:57:INFO:root:Starting from 2.6872010556492368e-17
08-Feb 08:12:57:INFO:root:-- Outer 3: 0.0034028659885701864
08-Feb 08:12:57:INFO:root:------ Middle 1: 1.630841330566275e-6
08-Feb 08:12:57:INFO:root:Starting from 2.4951557385410922e-17
08-Feb 08:12:57:INFO:root:-- Outer 4: 0.0032883248576001806
08-Feb 08:12:59:INFO:root:------ Middle 1: 2.7085416187965176e-6
08-Feb 08:12:59:INFO:root:Starting from 2.325694579083996e-17
08-Feb 08:12:59:INFO:root:-- Outer 3: 0.0030688685331919283
08-Feb 08:12:59:INFO:root:------ Middle 1: 1.5051901516855264e-6
08-Feb 08:12:59:INFO:root:Starting from 2.7797769696200856e-17
08-Feb 08:12:59:INFO:root:-- Outer 4: 0.002977648333419212
08-Feb 08:12:59:INFO:root:------ Middle 1: 6.391849190649402e-7
08-Feb 08:12:59:INFO:root:Starting from 2.6513859922165433e-17
08-Feb 08:12:59:INFO:root:-- Outer 5: 0.0013054968977704792
08-Feb 08:13:00:INFO:root:------ Middle 1: 6.254308134341708e-7
08-Feb 08:13:00:INFO:root:Starting from 2.856049930934623e-17
08-Feb 08:13:00:INFO:root:-- Outer 5: 0.0013515569364108036
08-Feb 08:13:00:INFO:root:------ Middle 1: 2.6675700896787405e-6
08-Feb 08:13:00:INFO:root:Starting from 3.186033840090607e-17
08-Feb 08:13:00:INFO:root:-- Outer 3: 0.0031905391203443487
08-Feb 08:13:00:INFO:root:------ Middle 1: 3.579114390646841e-7
08-Feb 08:13:00:INFO:root:Starting from 2.5997150950854576e-17
08-Feb 08:13:00:INFO:root:-- Outer 6: 0.0012440493375552746
08-Feb 08:13:00:INFO:root:------ Middle 1: 3.5014611876508706e-7
08-Feb 08:13:00:INFO:root:Starting from 2.7513711374717078e-17
08-Feb 08:13:00:INFO:root:-- Outer 6: 0.001279817920492652
08-Feb 08:13:00:INFO:root:------ Middle 1: 1.4828574428536222e-6
08-Feb 08:13:00:INFO:root:Starting from 2.7908047627087464e-17
08-Feb 08:13:00:INFO:root:-- Outer 4: 0.0030760158335092513
08-Feb 08:13:02:INFO:root:------ Middle 1: 2.2610159491697635e-7
08-Feb 08:13:02:INFO:root:Starting from 3.350641847404571e-17
08-Feb 08:13:02:INFO:root:-- Outer 7: 0.0004736485979362136
08-Feb 08:13:02:INFO:root:END Outer loop
08-Feb 08:13:02:INFO:root:------ Middle 1: 2.480894169593984e-7
08-Feb 08:13:02:INFO:root:Starting from 2.796794235225556e-17
08-Feb 08:13:02:INFO:root:-- Outer 7: 0.0004374056794649135
08-Feb 08:13:02:INFO:root:END Outer loop
08-Feb 08:13:02:INFO:root:------ Middle 1: 6.254395649903743e-7
08-Feb 08:13:02:INFO:root:Starting from 2.8906235737313693e-17
08-Feb 08:13:02:INFO:root:-- Outer 5: 0.0013152047166526575
08-Feb 08:13:02:INFO:root:Model trade shares: [0.944726, 0.916865, 0.983762]
08-Feb 08:13:02:INFO:root:Data trade shares: [0.944757, 0.931965, 0.986375]
08-Feb 08:13:02:INFO:root:US prices: [0.7945, 0.749101, 0.761078]
08-Feb 08:13:02:INFO:root:in the data: [2.85731, 2.74066, 2.74066]
08-Feb 08:13:02:INFO:root:Nominal world expenditure: 7.723490177280773e6
08-Feb 08:13:02:INFO:root:--------------In the data: [5.4623e7]
08-Feb 08:13:02:INFO:root:Model trade shares: [0.95007, 0.917414, 0.981709]
08-Feb 08:13:02:INFO:root:Data trade shares: [0.951101, 0.932187, 0.983861]
08-Feb 08:13:02:INFO:root:US prices: [0.781298, 0.75287, 0.781329]
08-Feb 08:13:02:INFO:root:in the data: [2.96009, 2.78199, 2.78199]
08-Feb 08:13:02:INFO:root:Nominal world expenditure: 7.67427274729876e6
08-Feb 08:13:02:INFO:root:--------------In the data: [5.49713e7]
08-Feb 08:13:02:INFO:root:------ Middle 1: 3.508176785097111e-7
08-Feb 08:13:02:INFO:root:Starting from 2.649829120133762e-17
08-Feb 08:13:02:INFO:root:-- Outer 6: 0.0012509696515407395
08-Feb 08:13:03:INFO:root:------ Middle 1: 6.281735596376468e-7
08-Feb 08:13:03:INFO:root:Starting from 3.1710727146303674e-17
08-Feb 08:13:03:INFO:root:-- Outer 5: 0.0013472877537845848
08-Feb 08:13:03:INFO:root:------ Middle 1: 3.5331687500681304e-7
08-Feb 08:13:03:INFO:root:Starting from 3.1967927675375904e-17
08-Feb 08:13:03:INFO:root:-- Outer 6: 0.0012794857419552708
08-Feb 08:13:04:INFO:root:------ Middle 1: 1.7222320504105251e-6
08-Feb 08:13:04:INFO:root:Starting from 3.3415867395744415e-17
08-Feb 08:13:04:INFO:root:-- Outer 3: 0.001128620346706842
08-Feb 08:13:05:INFO:root:------ Middle 1: 9.620688935147542e-7
08-Feb 08:13:05:INFO:root:Starting from 2.5916194689415408e-17
08-Feb 08:13:05:INFO:root:-- Outer 4: 0.0011578655237104289
08-Feb 08:13:05:INFO:root:------ Middle 1: 2.306881917914592e-7
08-Feb 08:13:05:INFO:root:Starting from 2.947311708390086e-17
08-Feb 08:13:05:INFO:root:-- Outer 7: 0.0004714442008017392
08-Feb 08:13:05:INFO:root:END Outer loop
08-Feb 08:13:05:INFO:root:Model trade shares: [0.942775, 0.921405, 0.986656]
08-Feb 08:13:05:INFO:root:Data trade shares: [0.943324, 0.928045, 0.988948]
08-Feb 08:13:05:INFO:root:US prices: [0.799138, 0.742314, 0.738951]
08-Feb 08:13:05:INFO:root:in the data: [2.94743, 2.7898, 2.7898]
08-Feb 08:13:05:INFO:root:Nominal world expenditure: 7.851348319702651e6
08-Feb 08:13:05:INFO:root:--------------In the data: [5.65242e7]
08-Feb 08:13:05:INFO:root:------ Middle 1: 2.4015811204667684e-7
08-Feb 08:13:05:INFO:root:Starting from 2.81372882955854e-17
08-Feb 08:13:05:INFO:root:-- Outer 7: 0.00048809573842711337
08-Feb 08:13:05:INFO:root:END Outer loop
08-Feb 08:13:05:INFO:root:Model trade shares: [0.945652, 0.92192, 0.985571]
08-Feb 08:13:05:INFO:root:Data trade shares: [0.949239, 0.924453, 0.987338]
08-Feb 08:13:05:INFO:root:US prices: [0.787615, 0.729368, 0.723881]
08-Feb 08:13:05:INFO:root:in the data: [2.95883, 2.79593, 2.79593]
08-Feb 08:13:05:INFO:root:Nominal world expenditure: 7.902552555553457e6
08-Feb 08:13:05:INFO:root:--------------In the data: [5.8302e7]
08-Feb 08:13:05:INFO:root:------ Middle 1: 2.4344280254393897e-6
08-Feb 08:13:05:INFO:root:Starting from 3.104713324350189e-17
08-Feb 08:13:05:INFO:root:-- Outer 3: 0.003350876606574756
08-Feb 08:13:05:INFO:root:------ Middle 1: 1.3534412571222545e-6
08-Feb 08:13:05:INFO:root:Starting from 2.9655314541841324e-17
08-Feb 08:13:05:INFO:root:-- Outer 4: 0.0031864189049519267
08-Feb 08:13:06:INFO:root:------ Middle 1: 1.9482948341022506e-6
08-Feb 08:13:06:INFO:root:Starting from 2.870229091346166e-17
08-Feb 08:13:06:INFO:root:-- Outer 3: 0.0017593887680884546
08-Feb 08:13:06:INFO:root:------ Middle 1: 1.086540481089038e-6
08-Feb 08:13:06:INFO:root:Starting from 3.5698562303249234e-17
08-Feb 08:13:06:INFO:root:-- Outer 4: 0.0017588006305012261
08-Feb 08:13:07:INFO:root:------ Middle 1: 2.760985049909216e-6
08-Feb 08:13:07:INFO:root:Starting from 2.7728205219405032e-17
08-Feb 08:13:07:INFO:root:-- Outer 3: 0.0038213143329726236
08-Feb 08:13:07:INFO:root:------ Middle 1: 2.2009814385003584e-6
08-Feb 08:13:07:INFO:root:Starting from 2.847696247393536e-17
08-Feb 08:13:07:INFO:root:-- Outer 3: 0.002564947051275539
08-Feb 08:13:07:INFO:root:------ Middle 1: 1.5327001291930158e-6
08-Feb 08:13:07:INFO:root:Starting from 2.4788752716639235e-17
08-Feb 08:13:07:INFO:root:-- Outer 4: 0.0036078503328244678
08-Feb 08:13:07:INFO:root:------ Middle 1: 1.2250411044108344e-6
08-Feb 08:13:07:INFO:root:Starting from 2.8551740993604765e-17
08-Feb 08:13:07:INFO:root:-- Outer 4: 0.0025068852130179986
08-Feb 08:13:08:INFO:root:------ Middle 1: 5.897453284304501e-7
08-Feb 08:13:08:INFO:root:Starting from 3.0280501944874635e-17
08-Feb 08:13:08:INFO:root:-- Outer 5: 0.0008650547946536475
08-Feb 08:13:08:INFO:root:END Outer loop
08-Feb 08:13:08:INFO:root:------ Middle 1: 5.632420654128979e-7
08-Feb 08:13:08:INFO:root:Starting from 3.0454256322585414e-17
08-Feb 08:13:08:INFO:root:-- Outer 5: 0.0013732381316304072
08-Feb 08:13:08:INFO:root:Model trade shares: [0.951479, 0.878578, 0.97492]
08-Feb 08:13:08:INFO:root:Data trade shares: [0.955026, 0.900005, 0.981768]
08-Feb 08:13:08:INFO:root:US prices: [1.12884, 0.902751, 0.970776]
08-Feb 08:13:08:INFO:root:in the data: [4.23838, 3.41193, 3.41193]
08-Feb 08:13:08:INFO:root:Nominal world expenditure: 1.421078609110386e7
08-Feb 08:13:08:INFO:root:--------------In the data: [9.98292e7]
08-Feb 08:13:08:INFO:root:------ Middle 1: 2.7028514029876943e-6
08-Feb 08:13:08:INFO:root:Starting from 2.890472419596548e-17
08-Feb 08:13:08:INFO:root:-- Outer 3: 0.003939386593973276
08-Feb 08:13:08:INFO:root:------ Middle 1: 3.1666188529892183e-7
08-Feb 08:13:08:INFO:root:Starting from 2.9038756825505716e-17
08-Feb 08:13:08:INFO:root:-- Outer 6: 0.0013040916305689149
08-Feb 08:13:08:INFO:root:------ Middle 1: 1.5011500020883447e-6
08-Feb 08:13:08:INFO:root:Starting from 2.566050038779475e-17
08-Feb 08:13:08:INFO:root:-- Outer 4: 0.003702600848985421
08-Feb 08:13:09:INFO:root:------ Middle 1: 2.617062338913903e-6
08-Feb 08:13:09:INFO:root:Starting from 2.9589268382064044e-17
08-Feb 08:13:09:INFO:root:-- Outer 3: 0.003832966330986851
08-Feb 08:13:09:INFO:root:------ Middle 1: 1.4534445081503115e-6
08-Feb 08:13:09:INFO:root:Starting from 2.95754989952575e-17
08-Feb 08:13:09:INFO:root:-- Outer 4: 0.0035972737618647174
08-Feb 08:13:09:INFO:root:------ Middle 1: 6.172059230155927e-7
08-Feb 08:13:09:INFO:root:Starting from 3.081637503482554e-17
08-Feb 08:13:09:INFO:root:-- Outer 5: 0.0014327100903983455
08-Feb 08:13:10:INFO:root:------ Middle 1: 5.833589747714983e-7
08-Feb 08:13:10:INFO:root:Starting from 2.610332158988377e-17
08-Feb 08:13:10:INFO:root:-- Outer 5: 0.0010510173220099276
08-Feb 08:13:10:INFO:root:------ Middle 1: 2.6005484494962277e-7
08-Feb 08:13:10:INFO:root:Starting from 2.767158161144413e-17
08-Feb 08:13:10:INFO:root:-- Outer 7: 0.0004837585983075769
08-Feb 08:13:10:INFO:root:END Outer loop
08-Feb 08:13:10:INFO:root:------ Middle 1: 3.4793867397905837e-7
08-Feb 08:13:10:INFO:root:Starting from 2.780041269397097e-17
08-Feb 08:13:10:INFO:root:-- Outer 6: 0.0013423960070502695
08-Feb 08:13:10:INFO:root:Model trade shares: [0.960722, 0.918871, 0.976284]
08-Feb 08:13:10:INFO:root:Data trade shares: [0.95528, 0.914832, 0.982791]
08-Feb 08:13:10:INFO:root:US prices: [0.74367, 0.68219, 0.751665]
08-Feb 08:13:10:INFO:root:in the data: [3.32883, 3.15407, 3.15407]
08-Feb 08:13:10:INFO:root:Nominal world expenditure: 8.875234726045914e6
08-Feb 08:13:10:INFO:root:--------------In the data: [7.56745e7]
08-Feb 08:13:10:INFO:root:------ Middle 1: 3.2844561270693097e-7
08-Feb 08:13:10:INFO:root:Starting from 3.139920835008123e-17
08-Feb 08:13:10:INFO:root:-- Outer 6: 0.0010327139765389942
08-Feb 08:13:10:INFO:root:------ Middle 1: 5.823692382419227e-7
08-Feb 08:13:10:INFO:root:Starting from 2.845561012115741e-17
08-Feb 08:13:10:INFO:root:-- Outer 5: 0.00123959114485062
08-Feb 08:13:11:INFO:root:------ Middle 1: 3.270335977675608e-7
08-Feb 08:13:11:INFO:root:Starting from 2.9823713550092404e-17
08-Feb 08:13:11:INFO:root:-- Outer 6: 0.0012068341152811637
08-Feb 08:13:11:INFO:root:------ Middle 1: 5.746047975898421e-7
08-Feb 08:13:11:INFO:root:Starting from 2.9357343139271574e-17
08-Feb 08:13:11:INFO:root:-- Outer 5: 0.0014543160451194414
08-Feb 08:13:11:INFO:root:------ Middle 1: 5.970033025958656e-7
08-Feb 08:13:11:INFO:root:Starting from 2.850414799636587e-17
08-Feb 08:13:11:INFO:root:-- Outer 5: 0.0014921428882176152
08-Feb 08:13:12:INFO:root:------ Middle 1: 3.234197320698433e-7
08-Feb 08:13:12:INFO:root:Starting from 2.735875950085627e-17
08-Feb 08:13:12:INFO:root:-- Outer 6: 0.001367177846227117
08-Feb 08:13:12:INFO:root:------ Middle 1: 2.9014722853061923e-7
08-Feb 08:13:12:INFO:root:Starting from 3.2826461140300945e-17
08-Feb 08:13:12:INFO:root:-- Outer 7: 0.0004286618490573831
08-Feb 08:13:12:INFO:root:END Outer loop
08-Feb 08:13:12:INFO:root:------ Middle 1: 3.3633451096355344e-7
08-Feb 08:13:12:INFO:root:Starting from 3.3731336142983716e-17
08-Feb 08:13:12:INFO:root:-- Outer 6: 0.0014000200500009726
08-Feb 08:13:12:INFO:root:Model trade shares: [0.950313, 0.924825, 0.986299]
08-Feb 08:13:12:INFO:root:Data trade shares: [0.951781, 0.9268, 0.989231]
08-Feb 08:13:12:INFO:root:US prices: [0.753936, 0.713208, 0.721203]
08-Feb 08:13:12:INFO:root:in the data: [2.94894, 2.90959, 2.90959]
08-Feb 08:13:12:INFO:root:Nominal world expenditure: 7.853247858887251e6
08-Feb 08:13:12:INFO:root:--------------In the data: [5.76528e7]
08-Feb 08:13:12:INFO:root:------ Middle 1: 1.8835386025567853e-7
08-Feb 08:13:12:INFO:root:Starting from 2.8440319776766844e-17
08-Feb 08:13:12:INFO:root:-- Outer 7: 0.0005518836419930171
08-Feb 08:13:12:INFO:root:END Outer loop
08-Feb 08:13:12:INFO:root:Model trade shares: [0.964079, 0.895006, 0.966432]
08-Feb 08:13:12:INFO:root:Data trade shares: [0.954831, 0.902146, 0.983572]
08-Feb 08:13:12:INFO:root:US prices: [0.944499, 0.795675, 0.862887]
08-Feb 08:13:12:INFO:root:in the data: [3.88449, 3.20236, 3.20236]
08-Feb 08:13:12:INFO:root:Nominal world expenditure: 1.2020486175325258e7
08-Feb 08:13:12:INFO:root:--------------In the data: [8.8489e7]
08-Feb 08:13:13:INFO:root:------ Middle 1: 2.1847857821783997e-7
08-Feb 08:13:13:INFO:root:Starting from 3.0522790162312905e-17
08-Feb 08:13:13:INFO:root:-- Outer 7: 0.0005589157496488731
08-Feb 08:13:13:INFO:root:END Outer loop
08-Feb 08:13:13:INFO:root:Model trade shares: [0.963303, 0.908884, 0.973201]
08-Feb 08:13:13:INFO:root:Data trade shares: [0.956446, 0.911974, 0.985299]
08-Feb 08:13:13:INFO:root:US prices: [0.818341, 0.720036, 0.792476]
08-Feb 08:13:13:INFO:root:in the data: [3.74316, 3.20378, 3.20378]
08-Feb 08:13:13:INFO:root:Nominal world expenditure: 1.019322193016838e7
08-Feb 08:13:13:INFO:root:--------------In the data: [8.18345e7]
08-Feb 08:13:14:INFO:root:------ Middle 1: 2.9848039473152223e-7
08-Feb 08:13:14:INFO:root:Starting from 3.173681376961418e-17
08-Feb 08:13:14:INFO:root:-- Outer 7: 0.0004558390641749784
08-Feb 08:13:14:INFO:root:END Outer loop
08-Feb 08:13:14:INFO:root:Model trade shares: [0.950878, 0.910916, 0.978635]
08-Feb 08:13:14:INFO:root:Data trade shares: [0.95138, 0.919234, 0.983181]
08-Feb 08:13:14:INFO:root:US prices: [0.708173, 0.67171, 0.731003]
08-Feb 08:13:14:INFO:root:in the data: [3.11354, 3.01039, 3.01039]
08-Feb 08:13:14:INFO:root:Nominal world expenditure: 8.050453051519507e6
08-Feb 08:13:14:INFO:root:--------------In the data: [6.70931e7]
08-Feb 08:13:14:INFO:root:------ Middle 1: 3.1063116197655175e-7
08-Feb 08:13:14:INFO:root:Starting from 3.4152670400594474e-17
08-Feb 08:13:14:INFO:root:-- Outer 7: 0.00043680457553782514
08-Feb 08:13:14:INFO:root:END Outer loop
08-Feb 08:13:14:INFO:root:Model trade shares: [0.950164, 0.9218, 0.978496]
08-Feb 08:13:14:INFO:root:Data trade shares: [0.946294, 0.923226, 0.982471]
08-Feb 08:13:14:INFO:root:US prices: [0.719111, 0.6919, 0.723658]
08-Feb 08:13:14:INFO:root:in the data: [2.69951, 2.89119, 2.89119]
08-Feb 08:13:14:INFO:root:Nominal world expenditure: 7.921082096601732e6
08-Feb 08:13:14:INFO:root:--------------In the data: [5.96564e7]
169.899400 seconds (912.73 k allocations: 756.957 MiB, 0.35% gc time)
