WARNING: Method definition warn(Any...) in module Base at util.jl:589 overwritten in module Logging at //////////////////////////////////////////////////////////home/ubuntu/JuliaPro-0.6.2.1/JuliaPro/pkgs-0.6.2.1/v0.6/Logging/src/Logging.jl:115.
WARNING: Method definition info(Any...) in module Base at util.jl:534 overwritten in module Logging at //////////////////////////////////////////////////////////home/ubuntu/JuliaPro-0.6.2.1/JuliaPro/pkgs-0.6.2.1/v0.6/Logging/src/Logging.jl:115.
WARNING: Method definition warn(Any...) in module Base at util.jl:589 overwritten in module Logging at //////////////////////////////////////////////////////////home/ubuntu/JuliaPro-0.6.2.1/JuliaPro/pkgs-0.6.2.1/v0.6/Logging/src/Logging.jl:115.
WARNING: Method definition info(Any...) in module Base at util.jl:534 overwritten in module Logging at //////////////////////////////////////////////////////////home/ubuntu/JuliaPro-0.6.2.1/JuliaPro/pkgs-0.6.2.1/v0.6/Logging/src/Logging.jl:115.
WARNING: Method definition warn(Any...) in module Base at util.jl:589 overwritten in module Logging at //////////////////////////////////////////////////////////home/ubuntu/JuliaPro-0.6.2.1/JuliaPro/pkgs-0.6.2.1/v0.6/Logging/src/Logging.jl:115.
WARNING: Method definition warn(Any...) in module Base at util.jl:589 overwritten in module Logging at //////////////////////////////////////////////////////////home/ubuntu/JuliaPro-0.6.2.1/JuliaPro/pkgs-0.6.2.1/v0.6/Logging/src/Logging.jl:115.
WARNING: Method definition WARNING: Method definition warninfo((AnyAny......)) in module Base in module Base at util.jl:589 at util.jl:534 overwritten overwritten in module LoggingWARNING: Method definition  in module Logging at //////////////////////////////////////////////////////////home/ubuntu/JuliaPro-0.6.2.1/JuliaPro/pkgs-0.6.2.1/v0.6/Logging/src/Logging.jl:115info at //////////////////////////////////////////////////////////home/ubuntu/JuliaPro-0.6.2.1/JuliaPro/pkgs-0.6.2.1/v0.6/Logging/src/Logging.jl:115.
(.
Any...) in module Base at util.jl:534 overwritten in module Logging at //////////////////////////////////////////////////////////home/ubuntu/JuliaPro-0.6.2.1/JuliaPro/pkgs-0.6.2.1/v0.6/Logging/src/Logging.jl:115.
WARNING: Method definition info(Any...) in module Base at util.jl:534 overwritten in module Logging at //////////////////////////////////////////////////////////home/ubuntu/JuliaPro-0.6.2.1/JuliaPro/pkgs-0.6.2.1/v0.6/Logging/src/Logging.jl:115.
WARNING: Method definition warn(Any...) in module Base at util.jl:589 overwritten in module Logging at //////////////////////////////////////////////////////////home/ubuntu/JuliaPro-0.6.2.1/JuliaPro/pkgs-0.6.2.1/v0.6/Logging/src/Logging.jl:115.
WARNING: Method definition info(Any...) in module Base at util.jl:534 overwritten in module Logging at //////////////////////////////////////////////////////////home/ubuntu/JuliaPro-0.6.2.1/JuliaPro/pkgs-0.6.2.1/v0.6/Logging/src/Logging.jl:115.
WARNING: Method definition warn(Any...) in module Base at util.jl:589 overwritten in module Logging at //////////////////////////////////////////////////////////home/ubuntu/JuliaPro-0.6.2.1/JuliaPro/pkgs-0.6.2.1/v0.6/Logging/src/Logging.jl:115.
WARNING: Method definition info(Any...) in module Base at util.jl:534 overwritten in module Logging at //////////////////////////////////////////////////////////home/ubuntu/JuliaPro-0.6.2.1/JuliaPro/pkgs-0.6.2.1/v0.6/Logging/src/Logging.jl:115.
WARNING: Method definition warn(Any...) in module Base at util.jl:589 overwritten in module Logging at //////////////////////////////////////////////////////////home/ubuntu/JuliaPro-0.6.2.1/JuliaPro/pkgs-0.6.2.1/v0.6/Logging/src/Logging.jl:115.
WARNING: Method definition info(Any...) in module Base at util.jl:534 overwritten in module Logging at //////////////////////////////////////////////////////////home/ubuntu/JuliaPro-0.6.2.1/JuliaPro/pkgs-0.6.2.1/v0.6/Logging/src/Logging.jl:115.
WARNING: Method definition warn(Any...) in module Base at util.jl:589 overwritten in module Logging at //////////////////////////////////////////////////////////home/ubuntu/JuliaPro-0.6.2.1/JuliaPro/pkgs-0.6.2.1/v0.6/Logging/src/Logging.jl:115.
WARNING: Method definition info(Any...) in module Base at util.jl:534 overwritten in module Logging at //////////////////////////////////////////////////////////home/ubuntu/JuliaPro-0.6.2.1/JuliaPro/pkgs-0.6.2.1/v0.6/Logging/src/Logging.jl:115.
WARNING: Method definition warn(Any...) in module Base at util.jl:589 overwritten in module Logging at //////////////////////////////////////////////////////////home/ubuntu/JuliaPro-0.6.2.1/JuliaPro/pkgs-0.6.2.1/v0.6/Logging/src/Logging.jl:115.
WARNING: Method definition info(Any...) in module Base at util.jl:534 overwritten in module Logging at //////////////////////////////////////////////////////////home/ubuntu/JuliaPro-0.6.2.1/JuliaPro/pkgs-0.6.2.1/v0.6/Logging/src/Logging.jl:115.
WARNING: Method definition warn(Any...) in module Base at util.jl:589 overwritten in module Logging at //////////////////////////////////////////////////////////home/ubuntu/JuliaPro-0.6.2.1/JuliaPro/pkgs-0.6.2.1/v0.6/Logging/src/Logging.jl:115.
WARNING: Method definition info(Any...) in module Base at util.jl:534 overwritten in module Logging at //////////////////////////////////////////////////////////home/ubuntu/JuliaPro-0.6.2.1/JuliaPro/pkgs-0.6.2.1/v0.6/Logging/src/Logging.jl:115.
WARNING: Method definition WARNING: Method definition warnwarn((AnyAny......)) in module Base in module Base at util.jl:589 at util.jl:589 overwritten overwritten in module Logging in module Logging at //////////////////////////////////////////////////////////home/ubuntu/JuliaPro-0.6.2.1/JuliaPro/pkgs-0.6.2.1/v0.6/Logging/src/Logging.jl:115 at //////////////////////////////////////////////////////////home/ubuntu/JuliaPro-0.6.2.1/JuliaPro/pkgs-0.6.2.1/v0.6/Logging/src/Logging.jl:115.
.
WARNING: Method definition WARNING: Method definition infoinfo((AnyAny......)) in module Base in module Base at util.jl:534 at util.jl:534 overwritten overwritten in module Logging in module Logging at //////////////////////////////////////////////////////////home/ubuntu/JuliaPro-0.6.2.1/JuliaPro/pkgs-0.6.2.1/v0.6/Logging/src/Logging.jl:115 at //////////////////////////////////////////////////////////home/ubuntu/JuliaPro-0.6.2.1/JuliaPro/pkgs-0.6.2.1/v0.6/Logging/src/Logging.jl:115.
.
08-Feb 08:23:16:INFO:root:--- Period 6 ---
08-Feb 08:23:16:INFO:root:--- Period 1 ---
08-Feb 08:23:16:INFO:root:--- Period 3 ---
08-Feb 08:23:16:INFO:root:--- Period 2 ---
08-Feb 08:23:16:INFO:root:--- Period 5 ---
08-Feb 08:23:16:INFO:root:--- Period 9 ---
08-Feb 08:23:16:INFO:root:--- Period 12 ---
08-Feb 08:23:16:INFO:root:--- Period 7 ---
08-Feb 08:23:16:INFO:root:--- Period 4 ---
08-Feb 08:23:16:INFO:root:--- Period 8 ---
08-Feb 08:23:16:INFO:root:--- Period 10 ---
08-Feb 08:23:16:INFO:root:--- Period 11 ---
08-Feb 08:23:20:INFO:root:BEGIN Outer loop
08-Feb 08:23:20:INFO:root:BEGIN Outer loop
08-Feb 08:23:20:INFO:root:BEGIN Outer loop
08-Feb 08:23:20:INFO:root:BEGIN Outer loop
08-Feb 08:23:20:INFO:root:BEGIN Outer loop
08-Feb 08:23:20:INFO:root:BEGIN Outer loop
08-Feb 08:23:20:INFO:root:BEGIN Outer loop
08-Feb 08:23:21:INFO:root:BEGIN Outer loop
08-Feb 08:23:21:INFO:root:BEGIN Outer loop
08-Feb 08:23:21:INFO:root:BEGIN Outer loop
08-Feb 08:23:21:INFO:root:BEGIN Outer loop
08-Feb 08:23:21:INFO:root:BEGIN Outer loop
08-Feb 08:23:24:INFO:root:------ Middle 1: 0.00535472199386803
08-Feb 08:23:24:INFO:root:------ Middle 2: 0.003371592305146923
08-Feb 08:23:24:INFO:root:------ Middle 3: 0.0018574582700222717
08-Feb 08:23:25:INFO:root:------ Middle 4: 0.0014378078496180128
08-Feb 08:23:25:INFO:root:------ Middle 5: 0.0008013114284127984
08-Feb 08:23:25:INFO:root:------ Middle 6: 0.0006317157913711365
08-Feb 08:23:25:INFO:root:------ Middle 7: 0.0003517182771047615
08-Feb 08:23:25:INFO:root:------ Middle 8: 0.00030425565735659165
08-Feb 08:23:25:INFO:root:------ Middle 9: 0.00016898684220569053
08-Feb 08:23:25:INFO:root:Starting from 1.48909818745564e-17
08-Feb 08:23:26:INFO:root:-- Outer 1: 0.040660555273459166
08-Feb 08:23:26:INFO:root:------ Middle 1: 0.0025250213174799153
08-Feb 08:23:26:INFO:root:------ Middle 2: 0.0008802392641471074
08-Feb 08:23:26:INFO:root:------ Middle 3: 0.0004941004391291463
08-Feb 08:23:26:INFO:root:------ Middle 4: 0.0003868144250786789
08-Feb 08:23:26:INFO:root:------ Middle 5: 0.00020806500276101286
08-Feb 08:23:26:INFO:root:Starting from 1.6412604190924578e-17
08-Feb 08:23:26:INFO:root:-- Outer 2: 0.017473534754933236
08-Feb 08:23:26:INFO:root:------ Middle 1: 0.0005505247809604007
08-Feb 08:23:26:INFO:root:------ Middle 2: 0.00033092488805965236
08-Feb 08:23:26:INFO:root:------ Middle 3: 0.00019751720902444182
08-Feb 08:23:26:INFO:root:Starting from 1.0777791797314278e-17
08-Feb 08:23:26:INFO:root:-- Outer 3: 0.00731029329889816
08-Feb 08:23:26:INFO:root:------ Middle 1: 0.00016536216338564711
08-Feb 08:23:26:INFO:root:Starting from 1.0720052139273665e-17
08-Feb 08:23:26:INFO:root:-- Outer 4: 0.007209539619925192
08-Feb 08:23:26:INFO:root:------ Middle 1: 0.000210104795243634
08-Feb 08:23:26:INFO:root:Starting from 1.1630212734308273e-17
08-Feb 08:23:26:INFO:root:-- Outer 5: 0.0014968035889224424
08-Feb 08:23:26:INFO:root:------ Middle 1: 0.0001874474880300832
08-Feb 08:23:26:INFO:root:Starting from 9.843355407202715e-18
08-Feb 08:23:26:INFO:root:-- Outer 6: 0.0016454030761997775
08-Feb 08:23:26:INFO:root:------ Middle 1: 0.00011237200394347841
08-Feb 08:23:26:INFO:root:Starting from 1.3875215066126594e-17
08-Feb 08:23:26:INFO:root:-- Outer 7: 0.00021800370710271783
08-Feb 08:23:26:INFO:root:END Outer loop
08-Feb 08:23:27:INFO:root:Model trade shares: [0.971358, 0.942021, 0.995651]
08-Feb 08:23:27:INFO:root:Data trade shares: [0.970499, 0.941882, 0.994321]
08-Feb 08:23:27:INFO:root:US prices: [1.01727, 1.01623, 1.01572]
08-Feb 08:23:27:INFO:root:in the data: [1.0, 1.0, 1.0]
08-Feb 08:23:27:INFO:root:Nominal world expenditure: 8.23554260368201e6
08-Feb 08:23:27:INFO:root:--------------In the data: [8.33469e6]
08-Feb 08:23:28:INFO:root:--- Period 13 ---
08-Feb 08:23:28:INFO:root:BEGIN Outer loop
08-Feb 08:23:55:INFO:root:------ Middle 1: 0.004939484354926727
08-Feb 08:23:55:INFO:root:------ Middle 2: 0.0027233859431844173
08-Feb 08:23:56:INFO:root:------ Middle 3: 0.0020509944918897607
08-Feb 08:23:56:INFO:root:------ Middle 4: 0.001148954726023245
08-Feb 08:23:58:INFO:root:------ Middle 5: 0.0009117832977379697
08-Feb 08:23:58:INFO:root:------ Middle 6: 0.0005062347801685834
08-Feb 08:23:58:INFO:root:------ Middle 1: 0.003693739704131311
08-Feb 08:23:58:INFO:root:------ Middle 1: 0.004420328638072169
08-Feb 08:23:58:INFO:root:------ Middle 7: 0.0004352355972385294
08-Feb 08:23:59:INFO:root:------ Middle 8: 0.0002612180974479521
08-Feb 08:23:59:INFO:root:Starting from 1.2229162830366576e-17
08-Feb 08:23:59:INFO:root:-- Outer 1: 0.034890423184994926
08-Feb 08:24:00:INFO:root:------ Middle 2: 0.0023026136536891707
08-Feb 08:24:00:INFO:root:------ Middle 1: 0.002377845401011728
08-Feb 08:24:00:INFO:root:------ Middle 2: 0.002694411332932314
08-Feb 08:24:00:INFO:root:------ Middle 3: 0.0017137604155438948
08-Feb 08:24:00:INFO:root:------ Middle 1: 0.0048873743164289845
08-Feb 08:24:01:INFO:root:------ Middle 3: 0.0014781349533911344
08-Feb 08:24:01:INFO:root:------ Middle 4: 0.001262354566421415
08-Feb 08:24:01:INFO:root:------ Middle 1: 0.0038501139007179534
08-Feb 08:24:01:INFO:root:------ Middle 5: 0.0007282473930162171
08-Feb 08:24:01:INFO:root:------ Middle 4: 0.0008150103011619714
08-Feb 08:24:02:INFO:root:------ Middle 1: 0.004110243467486645
08-Feb 08:24:02:INFO:root:------ Middle 2: 0.0007466539334080592
08-Feb 08:24:02:INFO:root:------ Middle 3: 0.00042023531836560236
08-Feb 08:24:02:INFO:root:------ Middle 6: 0.0005723183442602498
08-Feb 08:24:03:INFO:root:------ Middle 4: 0.00027957238894483577
08-Feb 08:24:03:INFO:root:Starting from 1.4818032075423113e-17
08-Feb 08:24:03:INFO:root:-- Outer 2: 0.015318459110534786
08-Feb 08:24:03:INFO:root:------ Middle 7: 0.00031190852712832646
08-Feb 08:24:03:INFO:root:------ Middle 1: 0.0005029536818083037
08-Feb 08:24:03:INFO:root:------ Middle 1: 0.004402778246100525
08-Feb 08:24:03:INFO:root:------ Middle 5: 0.0006626122169118351
08-Feb 08:24:03:INFO:root:------ Middle 8: 0.0002712779564464585
08-Feb 08:24:03:INFO:root:------ Middle 6: 0.0003710723808829578
08-Feb 08:24:03:INFO:root:Starting from 1.2056526041954329e-17
08-Feb 08:24:04:INFO:root:------ Middle 2: 0.002561210944099826
08-Feb 08:24:04:INFO:root:------ Middle 7: 0.0003202941589976131
08-Feb 08:24:04:INFO:root:------ Middle 2: 0.0024455639459806493
08-Feb 08:24:04:INFO:root:-- Outer 1: 0.02744859181165234
08-Feb 08:24:04:INFO:root:------ Middle 3: 0.0014254535618531275
08-Feb 08:24:04:INFO:root:------ Middle 3: 0.0013409732813163485
08-Feb 08:24:04:INFO:root:------ Middle 8: 0.0001816403968886337
08-Feb 08:24:04:INFO:root:------ Middle 1: 0.00216532834444121
08-Feb 08:24:04:INFO:root:------ Middle 1: 0.005114930541913009
08-Feb 08:24:04:INFO:root:Starting from 1.2172138543470395e-17
08-Feb 08:24:05:INFO:root:------ Middle 2: 0.0003402235342001427
08-Feb 08:24:05:INFO:root:-- Outer 1: 0.02569176139339808
08-Feb 08:24:05:INFO:root:------ Middle 3: 0.00020039290317484392
08-Feb 08:24:05:INFO:root:Starting from 1.3210893931430142e-17
08-Feb 08:24:05:INFO:root:-- Outer 3: 0.006450124900276265
08-Feb 08:24:05:INFO:root:------ Middle 1: 0.0027464803685754713
08-Feb 08:24:05:INFO:root:------ Middle 1: 0.00020232684189201567
08-Feb 08:24:05:INFO:root:Starting from 1.705895714403188e-17
08-Feb 08:24:05:INFO:root:-- Outer 4: 0.006338520557067977
08-Feb 08:24:05:INFO:root:------ Middle 4: 0.0011368856791454068
08-Feb 08:24:06:INFO:root:------ Middle 2: 0.002762104356345298
08-Feb 08:24:06:INFO:root:------ Middle 4: 0.0010553678305354303
08-Feb 08:24:06:INFO:root:------ Middle 1: 0.0034826902715850605
08-Feb 08:24:06:INFO:root:------ Middle 5: 0.0006388810548360795
08-Feb 08:24:06:INFO:root:------ Middle 5: 0.0005896791926494655
08-Feb 08:24:06:INFO:root:------ Middle 2: 0.0007553490289512132
08-Feb 08:24:07:INFO:root:------ Middle 1: 0.0002204804705490905
08-Feb 08:24:07:INFO:root:Starting from 1.4465314853668934e-17
08-Feb 08:24:07:INFO:root:-- Outer 5: 0.0013582117186885384
08-Feb 08:24:07:INFO:root:------ Middle 3: 0.00048679743542039887
08-Feb 08:24:07:INFO:root:------ Middle 2: 0.0007917895591146488
08-Feb 08:24:07:INFO:root:------ Middle 1: 0.00019118347699136656
08-Feb 08:24:07:INFO:root:Starting from 1.8296890643058914e-17
08-Feb 08:24:07:INFO:root:-- Outer 6: 0.0014828226485577643
08-Feb 08:24:07:INFO:root:------ Middle 2: 0.0032209575854750152
08-Feb 08:24:07:INFO:root:------ Middle 4: 0.0002532819196549096
08-Feb 08:24:07:INFO:root:Starting from 1.3023685015131981e-17
08-Feb 08:24:07:INFO:root:-- Outer 2: 0.012288980232640617
08-Feb 08:24:07:INFO:root:------ Middle 6: 0.0004888496157320335
08-Feb 08:24:07:INFO:root:------ Middle 6: 0.0005398851481110533
08-Feb 08:24:07:INFO:root:------ Middle 3: 0.001763858674693335
08-Feb 08:24:07:INFO:root:------ Middle 7: 0.00030108612120945696
08-Feb 08:24:07:INFO:root:------ Middle 2: 0.0028795415825981193
08-Feb 08:24:08:INFO:root:------ Middle 7: 0.00033108347299023127
08-Feb 08:24:08:INFO:root:------ Middle 1: 0.004725027826133628
08-Feb 08:24:08:INFO:root:------ Middle 1: 0.00012272688147223416
08-Feb 08:24:08:INFO:root:------ Middle 3: 0.0017535838904173871
08-Feb 08:24:08:INFO:root:Starting from 1.720849117128782e-17
08-Feb 08:24:08:INFO:root:-- Outer 7: 0.00015285344026410558
08-Feb 08:24:08:INFO:root:END Outer loop
08-Feb 08:24:08:INFO:root:------ Middle 3: 0.00048507387968564067
08-Feb 08:24:08:INFO:root:------ Middle 8: 0.00025370375913482367
08-Feb 08:24:08:INFO:root:------ Middle 8: 0.00029728446881588567
08-Feb 08:24:08:INFO:root:Model trade shares: [0.968502, 0.923583, 0.993158]
08-Feb 08:24:08:INFO:root:Data trade shares: [0.973362, 0.938447, 0.994052]
08-Feb 08:24:08:INFO:root:US prices: [1.23994, 1.16496, 1.20671]
08-Feb 08:24:08:INFO:root:in the data: [1.46789, 1.34924, 1.34924]
08-Feb 08:24:08:INFO:root:------ Middle 4: 0.00029921554629543557
08-Feb 08:24:08:INFO:root:Starting from 2.289681009431145e-17
08-Feb 08:24:08:INFO:root:-- Outer 2: 0.011972866973503127
08-Feb 08:24:08:INFO:root:Nominal world expenditure: 9.079018084126018e6
08-Feb 08:24:09:INFO:root:Starting from 1.2459526221793644e-17
08-Feb 08:24:09:INFO:root:------ Middle 1: 0.000252745917071066
08-Feb 08:24:09:INFO:root:Starting from 1.541376364831405e-17
08-Feb 08:24:09:INFO:root:-- Outer 3: 0.004828664040534993
08-Feb 08:24:09:INFO:root:Starting from 1.2269538716839996e-17
08-Feb 08:24:08:INFO:root:--------------In the data: [1.15794e7]
08-Feb 08:24:09:INFO:root:------ Middle 1: 0.0002482313276453229
08-Feb 08:24:09:INFO:root:Starting from 1.6697950658829235e-17
08-Feb 08:24:09:INFO:root:-- Outer 4: 0.0047208891066994555
08-Feb 08:24:09:INFO:root:--- Period 14 ---
08-Feb 08:24:09:INFO:root:BEGIN Outer loop
08-Feb 08:24:09:INFO:root:-- Outer 1: 0.026026848583642508
08-Feb 08:24:09:INFO:root:-- Outer 1: 0.026670915557523427
08-Feb 08:24:09:INFO:root:------ Middle 4: 0.0013659221626331098
08-Feb 08:24:09:INFO:root:------ Middle 1: 0.004367738477968525
08-Feb 08:24:09:INFO:root:------ Middle 1: 0.0022448943441306392
08-Feb 08:24:09:INFO:root:------ Middle 5: 0.0007690230765388788
08-Feb 08:24:10:INFO:root:------ Middle 1: 0.0028823118073359804
08-Feb 08:24:10:INFO:root:------ Middle 4: 0.0011202823074871393
08-Feb 08:24:10:INFO:root:------ Middle 2: 0.0022161570863769237
08-Feb 08:24:10:INFO:root:------ Middle 1: 0.00021765327178705697
08-Feb 08:24:10:INFO:root:Starting from 1.641816460301346e-17
08-Feb 08:24:10:INFO:root:-- Outer 5: 0.001074778905703179
08-Feb 08:24:11:INFO:root:------ Middle 1: 0.00029579854896165923
08-Feb 08:24:11:INFO:root:Starting from 1.813770675041156e-17
08-Feb 08:24:11:INFO:root:-- Outer 3: 0.004872825403215828
08-Feb 08:24:11:INFO:root:------ Middle 1: 0.0001763810606961675
08-Feb 08:24:11:INFO:root:Starting from 1.6409213073555895e-17
08-Feb 08:24:11:INFO:root:-- Outer 6: 0.0011645957128652287
08-Feb 08:24:11:INFO:root:------ Middle 1: 0.0003771384449263315
08-Feb 08:24:11:INFO:root:------ Middle 6: 0.0006157138740887708
08-Feb 08:24:11:INFO:root:------ Middle 7: 0.0003464156653474959
08-Feb 08:24:12:INFO:root:------ Middle 1: 0.00011481483401216037
08-Feb 08:24:12:INFO:root:Starting from 1.420156419137117e-17
08-Feb 08:24:12:INFO:root:-- Outer 7: 0.0001420227369392647
08-Feb 08:24:12:INFO:root:END Outer loop
08-Feb 08:24:12:INFO:root:------ Middle 2: 0.0007423214043832504
08-Feb 08:24:12:INFO:root:------ Middle 2: 0.0010108608472851753
08-Feb 08:24:12:INFO:root:------ Middle 3: 0.001402798268823656
08-Feb 08:24:12:INFO:root:------ Middle 1: 0.003343679506324679
08-Feb 08:24:12:INFO:root:------ Middle 4: 0.0007733247826492052
08-Feb 08:24:12:INFO:root:------ Middle 5: 0.0007189174741570509
08-Feb 08:24:12:INFO:root:------ Middle 8: 0.00029502728698814327
08-Feb 08:24:12:INFO:root:Model trade shares: [0.966721, 0.913664, 0.992713]
08-Feb 08:24:12:INFO:root:Data trade shares: [0.966266, 0.92464, 0.992831]
08-Feb 08:24:12:INFO:root:US prices: [1.31845, 1.06677, 1.08815]
08-Feb 08:24:12:INFO:root:in the data: [2.27198, 1.79075, 1.79075]
08-Feb 08:24:12:INFO:root:------ Middle 3: 0.00045447476352640807
08-Feb 08:24:12:INFO:root:Nominal world expenditure: 1.1847047446318263e7
08-Feb 08:24:12:INFO:root:------ Middle 2: 0.00020654460499464875
08-Feb 08:24:12:INFO:root:------ Middle 3: 0.0006405840884460227
08-Feb 08:24:12:INFO:root:Starting from 1.6124813786481257e-17
08-Feb 08:24:12:INFO:root:-- Outer 4: 0.0019719454557816226
08-Feb 08:24:13:INFO:root:------ Middle 2: 0.002755760968675648
08-Feb 08:24:13:INFO:root:------ Middle 4: 0.0002791071121194202
08-Feb 08:24:13:INFO:root:Starting from 1.5248652723775126e-17
08-Feb 08:24:13:INFO:root:-- Outer 2: 0.011700321802810538
08-Feb 08:24:13:INFO:root:------ Middle 4: 0.00037293814198595274
08-Feb 08:24:13:INFO:root:------ Middle 1: 0.00020101796687591844
08-Feb 08:24:13:INFO:root:Starting from 1.7976487381299143e-17
08-Feb 08:24:13:INFO:root:-- Outer 5: 0.0019833010762875555
08-Feb 08:24:13:INFO:root:Starting from 1.2244159735027065e-17
08-Feb 08:24:13:INFO:root:------ Middle 3: 0.001509753762635813
08-Feb 08:24:13:INFO:root:------ Middle 1: 0.0005111337671410898
08-Feb 08:24:13:INFO:root:------ Middle 5: 0.0002618423830095734
08-Feb 08:24:13:INFO:root:Starting from 1.3353076566686448e-17
08-Feb 08:24:13:INFO:root:-- Outer 2: 0.01181115536872091
08-Feb 08:24:13:INFO:root:--------------In the data: [2.07618e7]
08-Feb 08:24:13:INFO:root:------ Middle 1: 0.000563500378807682
08-Feb 08:24:13:INFO:root:--- Period 15 ---
08-Feb 08:24:13:INFO:root:-- Outer 1: 0.03771188746225428
08-Feb 08:24:13:INFO:root:BEGIN Outer loop
08-Feb 08:24:13:INFO:root:------ Middle 6: 0.000458301583389095
08-Feb 08:24:14:INFO:root:------ Middle 5: 0.000633080556418875
08-Feb 08:24:14:INFO:root:------ Middle 6: 0.0003539811825896887
08-Feb 08:24:14:INFO:root:------ Middle 2: 0.0021235700731840517
08-Feb 08:24:15:INFO:root:------ Middle 3: 0.001170553126683762
08-Feb 08:24:15:INFO:root:------ Middle 1: 0.00017569840780216813
08-Feb 08:24:15:INFO:root:Starting from 1.4425832948482865e-17
08-Feb 08:24:15:INFO:root:-- Outer 6: 0.0005497550082552354
08-Feb 08:24:15:INFO:root:END Outer loop
08-Feb 08:24:15:INFO:root:------ Middle 4: 0.0011597176028910854
08-Feb 08:24:15:INFO:root:------ Middle 7: 0.0002967909688353751
08-Feb 08:24:15:INFO:root:------ Middle 2: 0.0003214611342941346
08-Feb 08:24:15:INFO:root:------ Middle 7: 0.0003092214840170433
08-Feb 08:24:15:INFO:root:------ Middle 3: 0.00021790523326806365
08-Feb 08:24:15:INFO:root:Starting from 1.9087763315219397e-17
08-Feb 08:24:15:INFO:root:-- Outer 3: 0.004749854516731902
08-Feb 08:24:15:INFO:root:Starting from 1.1818832447908885e-17
08-Feb 08:24:15:INFO:root:------ Middle 1: 0.00023400253443280733
08-Feb 08:24:15:INFO:root:Starting from 1.7151462681675595e-17
08-Feb 08:24:15:INFO:root:-- Outer 4: 0.004612806802297804
08-Feb 08:24:15:INFO:root:Model trade shares: [0.975871, 0.925239, 0.966854]
08-Feb 08:24:15:INFO:root:Data trade shares: [0.97676, 0.939693, 0.972749]
08-Feb 08:24:15:INFO:root:US prices: [1.48006, 0.978025, 0.958223]
08-Feb 08:24:15:INFO:root:in the data: [3.07991, 2.04761, 2.04761]
08-Feb 08:24:15:INFO:root:------ Middle 8: 0.00017584004507104393
08-Feb 08:24:16:INFO:root:Nominal world expenditure: 1.0945990962129556e7
08-Feb 08:24:16:INFO:root:------ Middle 2: 0.0003918650719140358
08-Feb 08:24:16:INFO:root:-- Outer 1: 0.029447667149009166
08-Feb 08:24:16:INFO:root:------ Middle 3: 0.0002360888537353997
08-Feb 08:24:16:INFO:root:Starting from 1.844715115570686e-17
08-Feb 08:24:16:INFO:root:-- Outer 3: 0.004809782749112951
08-Feb 08:24:16:INFO:root:Starting from 1.2337471391356258e-17
08-Feb 08:24:16:INFO:root:------ Middle 1: 0.0003042603892046157
08-Feb 08:24:16:INFO:root:------ Middle 4: 0.0009360094854406275
08-Feb 08:24:16:INFO:root:--------------In the data: [2.31824e7]
08-Feb 08:24:16:INFO:root:------ Middle 5: 0.0007645463431807467
08-Feb 08:24:16:INFO:root:------ Middle 5: 0.0005218112386513339
08-Feb 08:24:16:INFO:root:-- Outer 1: 0.025423974786590458
08-Feb 08:24:16:INFO:root:--- Period 16 ---
08-Feb 08:24:17:INFO:root:BEGIN Outer loop
08-Feb 08:24:17:INFO:root:------ Middle 1: 0.0018041575010223983
08-Feb 08:24:17:INFO:root:------ Middle 1: 0.00022423024319346944
08-Feb 08:24:17:INFO:root:Starting from 1.3620001354446638e-17
08-Feb 08:24:17:INFO:root:-- Outer 5: 0.0010080197709849443
08-Feb 08:24:18:INFO:root:------ Middle 1: 0.00020402390474629224
08-Feb 08:24:18:INFO:root:Starting from 1.2752048979263302e-17
08-Feb 08:24:18:INFO:root:-- Outer 6: 0.0011272359858603002
08-Feb 08:24:18:INFO:root:------ Middle 6: 0.000498702209486691
08-Feb 08:24:18:INFO:root:------ Middle 1: 0.00035324650271021394
08-Feb 08:24:18:INFO:root:------ Middle 2: 0.0002714677259147393
08-Feb 08:24:18:INFO:root:Starting from 1.4517749390092957e-17
08-Feb 08:24:18:INFO:root:-- Outer 4: 0.0018321299648192282
08-Feb 08:24:18:INFO:root:------ Middle 6: 0.0004453469987972969
08-Feb 08:24:18:INFO:root:------ Middle 7: 0.00030977240945052436
08-Feb 08:24:18:INFO:root:------ Middle 2: 0.00019838205815442947
08-Feb 08:24:18:INFO:root:Starting from 1.6933073558969465e-17
08-Feb 08:24:18:INFO:root:-- Outer 2: 0.015437655960612733
08-Feb 08:24:18:INFO:root:------ Middle 1: 0.0002561424213181631
08-Feb 08:24:18:INFO:root:------ Middle 7: 0.0002520051080850441
08-Feb 08:24:18:INFO:root:Starting from 1.4861813475968364e-17
08-Feb 08:24:18:INFO:root:-- Outer 5: 0.0017759763069884985
08-Feb 08:24:18:INFO:root:Starting from 1.1434187282875908e-17
08-Feb 08:24:18:INFO:root:-- Outer 1: 0.025000719939594355
08-Feb 08:24:19:INFO:root:------ Middle 1: 0.00015038993351590107
08-Feb 08:24:19:INFO:root:Starting from 1.6139001092179455e-17
08-Feb 08:24:19:INFO:root:-- Outer 7: 0.0002471519199238165
08-Feb 08:24:19:INFO:root:END Outer loop
08-Feb 08:24:19:INFO:root:------ Middle 8: 0.0003161844747842087
08-Feb 08:24:19:INFO:root:------ Middle 9: 0.00017268540604468686
08-Feb 08:24:19:INFO:root:------ Middle 2: 0.0005668844648509123
08-Feb 08:24:19:INFO:root:Model trade shares: [0.974814, 0.918688, 0.96767]
08-Feb 08:24:19:INFO:root:Data trade shares: [0.976496, 0.933524, 0.973934]
08-Feb 08:24:19:INFO:root:US prices: [1.45731, 1.01525, 1.06562]
08-Feb 08:24:19:INFO:root:in the data: [2.96155, 2.01858, 2.01858]
08-Feb 08:24:19:INFO:root:Starting from 1.2128279172834156e-17
08-Feb 08:24:19:INFO:root:------ Middle 3: 0.0018701508084624757
08-Feb 08:24:19:INFO:root:Nominal world expenditure: 1.115358862025628e7
08-Feb 08:24:20:INFO:root:-- Outer 1: 0.028420025164661408
08-Feb 08:24:20:INFO:root:------ Middle 1: 0.0002541320482848427
08-Feb 08:24:20:INFO:root:Starting from 2.1350168054719142e-17
08-Feb 08:24:20:INFO:root:-- Outer 6: 0.000527362427650284
08-Feb 08:24:20:INFO:root:------ Middle 3: 0.00035348598996684153
08-Feb 08:24:20:INFO:root:END Outer loop
08-Feb 08:24:20:INFO:root:------ Middle 1: 0.0032950879105789607
08-Feb 08:24:20:INFO:root:------ Middle 4: 0.00020953415571888946
08-Feb 08:24:20:INFO:root:------ Middle 1: 0.0005275249341066084
08-Feb 08:24:20:INFO:root:Starting from 1.880893243024404e-17
08-Feb 08:24:20:INFO:root:--------------In the data: [2.33649e7]
08-Feb 08:24:20:INFO:root:-- Outer 2: 0.011700080117100897
08-Feb 08:24:20:INFO:root:--- Period 17 ---
08-Feb 08:24:20:INFO:root:BEGIN Outer loop
08-Feb 08:24:20:INFO:root:------ Middle 1: 0.00024681281455353905
08-Feb 08:24:20:INFO:root:Starting from 1.3624162868582215e-17
08-Feb 08:24:20:INFO:root:-- Outer 3: 0.006554509355565531
08-Feb 08:24:20:INFO:root:------ Middle 1: 0.00043486695812405395
08-Feb 08:24:20:INFO:root:Model trade shares: [0.969446, 0.912913, 0.982022]
08-Feb 08:24:20:INFO:root:Data trade shares: [0.971471, 0.927429, 0.989384]
08-Feb 08:24:20:INFO:root:US prices: [1.57696, 1.07683, 1.08916]
08-Feb 08:24:20:INFO:root:in the data: [2.72526, 1.92631, 1.92631]
08-Feb 08:24:21:INFO:root:------ Middle 1: 0.00034064563286464084
08-Feb 08:24:21:INFO:root:Nominal world expenditure: 1.2013166215506533e7
08-Feb 08:24:21:INFO:root:------ Middle 1: 0.0005389029040477946
08-Feb 08:24:21:INFO:root:--------------In the data: [2.2953e7]
08-Feb 08:24:21:INFO:root:--- Period 18 ---
08-Feb 08:24:21:INFO:root:BEGIN Outer loop
08-Feb 08:24:22:INFO:root:------ Middle 2: 0.0003097022083341251
08-Feb 08:24:22:INFO:root:------ Middle 4: 0.0011849270685674543
08-Feb 08:24:22:INFO:root:------ Middle 2: 0.00031002053657964404
08-Feb 08:24:22:INFO:root:------ Middle 2: 0.0002730558427126291
08-Feb 08:24:22:INFO:root:Starting from 1.5566357269972926e-17
08-Feb 08:24:22:INFO:root:-- Outer 3: 0.0049403072410961965
08-Feb 08:24:22:INFO:root:------ Middle 3: 0.00017234877621668287
08-Feb 08:24:22:INFO:root:Starting from 1.7440261955029244e-17
08-Feb 08:24:22:INFO:root:-- Outer 2: 0.011164425252414215
08-Feb 08:24:22:INFO:root:------ Middle 3: 0.00018742005245664067
08-Feb 08:24:22:INFO:root:------ Middle 2: 0.0010135391633859779
08-Feb 08:24:22:INFO:root:Starting from 1.6027596120509145e-17
08-Feb 08:24:22:INFO:root:-- Outer 2: 0.012261714791028614
08-Feb 08:24:22:INFO:root:------ Middle 1: 0.00018339339958576843
08-Feb 08:24:22:INFO:root:Starting from 1.4939746072722323e-17
08-Feb 08:24:22:INFO:root:-- Outer 4: 0.004881168746381493
08-Feb 08:24:22:INFO:root:------ Middle 2: 0.00013953075236152184
08-Feb 08:24:22:INFO:root:Starting from 1.5347164812126284e-17
08-Feb 08:24:22:INFO:root:-- Outer 4: 0.0028317106809348878
08-Feb 08:24:23:INFO:root:------ Middle 1: 0.0007234385875106896
08-Feb 08:24:23:INFO:root:------ Middle 1: 0.00013584342918990567
08-Feb 08:24:23:INFO:root:Starting from 1.5182528437587004e-17
08-Feb 08:24:23:INFO:root:-- Outer 5: 0.0027562608746616282
08-Feb 08:24:23:INFO:root:------ Middle 3: 0.0005956250337636973
08-Feb 08:24:23:INFO:root:------ Middle 5: 0.0007499782456500186
08-Feb 08:24:23:INFO:root:------ Middle 4: 0.0003183615180889012
08-Feb 08:24:24:INFO:root:------ Middle 5: 0.00017923835251767623
08-Feb 08:24:24:INFO:root:Starting from 1.6009677582644282e-17
08-Feb 08:24:24:INFO:root:-- Outer 2: 0.012669259424506935
08-Feb 08:24:24:INFO:root:------ Middle 1: 0.0006569174799804866
08-Feb 08:24:24:INFO:root:------ Middle 1: 0.0003127457712963184
08-Feb 08:24:24:INFO:root:------ Middle 2: 0.000177064711047582
08-Feb 08:24:24:INFO:root:Starting from 1.460691567315293e-17
08-Feb 08:24:24:INFO:root:-- Outer 3: 0.005730586241384134
08-Feb 08:24:25:INFO:root:------ Middle 2: 0.000174602481990259
08-Feb 08:24:25:INFO:root:------ Middle 1: 0.00024294471890883942
08-Feb 08:24:25:INFO:root:Starting from 1.4548132559397252e-17
08-Feb 08:24:25:INFO:root:Starting from 1.6578065132268012e-17
08-Feb 08:24:25:INFO:root:-- Outer 3: 0.004771158745952124
08-Feb 08:24:25:INFO:root:-- Outer 5: 0.0012291868494217267
08-Feb 08:24:25:INFO:root:------ Middle 1: 0.00011107678330983132
08-Feb 08:24:25:INFO:root:Starting from 1.6052246061615683e-17
08-Feb 08:24:25:INFO:root:-- Outer 6: 0.0005439721366594869
08-Feb 08:24:25:INFO:root:END Outer loop
08-Feb 08:24:25:INFO:root:------ Middle 1: 0.0002549015816815816
08-Feb 08:24:25:INFO:root:Starting from 1.3906348903191073e-17
08-Feb 08:24:25:INFO:root:-- Outer 4: 0.005784115296222309
08-Feb 08:24:25:INFO:root:------ Middle 6: 0.00048188269397915744
08-Feb 08:24:25:INFO:root:------ Middle 1: 0.00019993332986932848
08-Feb 08:24:25:INFO:root:Starting from 1.5069814957684262e-17
08-Feb 08:24:25:INFO:root:-- Outer 6: 0.001328445873491298
08-Feb 08:24:25:INFO:root:Model trade shares: [0.972416, 0.936308, 0.993829]
08-Feb 08:24:25:INFO:root:Data trade shares: [0.970394, 0.938128, 0.99445]
08-Feb 08:24:25:INFO:root:US prices: [1.07383, 1.11423, 1.13695]
08-Feb 08:24:25:INFO:root:in the data: [1.21921, 1.17859, 1.17859]
08-Feb 08:24:25:INFO:root:Nominal world expenditure: 9.122301713724582e6
08-Feb 08:24:26:INFO:root:------ Middle 2: 0.00031321235846468735
08-Feb 08:24:26:INFO:root:------ Middle 1: 0.00013413152086277498
08-Feb 08:24:26:INFO:root:Starting from 1.770677211594456e-17
08-Feb 08:24:26:INFO:root:-- Outer 7: 0.0001869800805634311
08-Feb 08:24:26:INFO:root:END Outer loop
08-Feb 08:24:26:INFO:root:--------------In the data: [1.02443e7]
08-Feb 08:24:26:INFO:root:------ Middle 3: 0.00018717642061400678
08-Feb 08:24:26:INFO:root:Starting from 1.6056270376643247e-17
08-Feb 08:24:26:INFO:root:-- Outer 3: 0.005258611811570223
08-Feb 08:24:26:INFO:root:------ Middle 7: 0.00031152207885061793
08-Feb 08:24:26:INFO:root:--- Period 19 ---
08-Feb 08:24:26:INFO:root:BEGIN Outer loop
08-Feb 08:24:26:INFO:root:------ Middle 1: 0.00023140925956307234
08-Feb 08:24:26:INFO:root:Starting from 1.4100002560941456e-17
08-Feb 08:24:26:INFO:root:-- Outer 4: 0.005251031322397169
08-Feb 08:24:26:INFO:root:Model trade shares: [0.964397, 0.91978, 0.979161]
08-Feb 08:24:27:INFO:root:Data trade shares: [0.972765, 0.936372, 0.980463]
08-Feb 08:24:27:INFO:root:US prices: [1.52385, 0.971052, 0.959354]
08-Feb 08:24:27:INFO:root:in the data: [3.02084, 2.07936, 2.07936]
08-Feb 08:24:27:INFO:root:------ Middle 1: 0.00021989337576785558
08-Feb 08:24:27:INFO:root:Starting from 1.3326136271691558e-17
08-Feb 08:24:27:INFO:root:-- Outer 4: 0.0020745854373684035
08-Feb 08:24:27:INFO:root:Nominal world expenditure: 1.0932266864259796e7
08-Feb 08:24:27:INFO:root:------ Middle 1: 0.00020627560698569715
08-Feb 08:24:27:INFO:root:Starting from 1.351676081329056e-17
08-Feb 08:24:27:INFO:root:-- Outer 5: 0.0011995933902108394
08-Feb 08:24:27:INFO:root:------ Middle 1: 0.00023374741111929762
08-Feb 08:24:27:INFO:root:Starting from 1.7979455384535297e-17
08-Feb 08:24:27:INFO:root:-- Outer 5: 0.0020418066258014052
08-Feb 08:24:27:INFO:root:------ Middle 1: 0.00017059603961394452
08-Feb 08:24:27:INFO:root:Starting from 1.3588776501822424e-17
08-Feb 08:24:27:INFO:root:-- Outer 6: 0.0013055445978813348
08-Feb 08:24:27:INFO:root:--------------In the data: [2.36221e7]
08-Feb 08:24:28:INFO:root:------ Middle 8: 0.00020232989226607483
08-Feb 08:24:28:INFO:root:--- Period 20 ---
08-Feb 08:24:28:INFO:root:BEGIN Outer loop
08-Feb 08:24:28:INFO:root:------ Middle 1: 0.00016485445371413926
08-Feb 08:24:28:INFO:root:Starting from 2.0401667165905492e-17
08-Feb 08:24:28:INFO:root:-- Outer 6: 0.0006495535386556605
08-Feb 08:24:28:INFO:root:END Outer loop
08-Feb 08:24:28:INFO:root:Model trade shares: [0.966369, 0.916577, 0.992935]
08-Feb 08:24:28:INFO:root:Data trade shares: [0.971404, 0.929028, 0.993445]
08-Feb 08:24:28:INFO:root:US prices: [1.31317, 0.967415, 0.984501]
08-Feb 08:24:28:INFO:root:in the data: [2.9591, 2.1512, 2.1512]
08-Feb 08:24:28:INFO:root:Nominal world expenditure: 1.1060013090457061e7
08-Feb 08:24:28:INFO:root:--------------In the data: [2.42511e7]
08-Feb 08:24:28:INFO:root:------ Middle 1: 0.00010702663377163008
08-Feb 08:24:28:INFO:root:Starting from 1.8679859675374108e-17
08-Feb 08:24:28:INFO:root:Starting from 1.2327142332908404e-17
08-Feb 08:24:28:INFO:root:--- Period 21 ---
08-Feb 08:24:28:INFO:root:-- Outer 7: 0.00013533721384076353
08-Feb 08:24:28:INFO:root:END Outer loop
08-Feb 08:24:28:INFO:root:BEGIN Outer loop
08-Feb 08:24:28:INFO:root:------ Middle 1: 0.00022084979506799374
08-Feb 08:24:28:INFO:root:Starting from 1.6740554451230348e-17
08-Feb 08:24:28:INFO:root:-- Outer 5: 0.00121364536449303
08-Feb 08:24:29:INFO:root:-- Outer 1: 0.031005155956261826
08-Feb 08:24:29:INFO:root:------ Middle 1: 0.0001844147453714893
08-Feb 08:24:29:INFO:root:Starting from 1.5419227465671417e-17
08-Feb 08:24:29:INFO:root:-- Outer 6: 0.001302108435226814
08-Feb 08:24:29:INFO:root:Model trade shares: [0.954386, 0.921034, 0.988091]
08-Feb 08:24:29:INFO:root:Data trade shares: [0.959721, 0.934044, 0.992669]
08-Feb 08:24:29:INFO:root:US prices: [1.23002, 1.0567, 1.05633]
08-Feb 08:24:29:INFO:root:in the data: [1.70549, 1.50868, 1.50868]
08-Feb 08:24:29:INFO:root:Nominal world expenditure: 9.915051031834992e6
08-Feb 08:24:29:INFO:root:--------------In the data: [1.54393e7]
08-Feb 08:24:30:INFO:root:--- Period 22 ---
08-Feb 08:24:30:INFO:root:------ Middle 1: 0.00011400494952871515
08-Feb 08:24:30:INFO:root:Starting from 1.697440000323823e-17
08-Feb 08:24:30:INFO:root:-- Outer 7: 0.00015240744968631262
08-Feb 08:24:30:INFO:root:END Outer loop
08-Feb 08:24:30:INFO:root:BEGIN Outer loop
08-Feb 08:24:30:INFO:root:Model trade shares: [0.964182, 0.920508, 0.991916]
08-Feb 08:24:30:INFO:root:Data trade shares: [0.961487, 0.929057, 0.992737]
08-Feb 08:24:30:INFO:root:US prices: [1.29473, 1.07202, 1.10101]
08-Feb 08:24:30:INFO:root:in the data: [1.96012, 1.64035, 1.64035]
08-Feb 08:24:30:INFO:root:Nominal world expenditure: 1.1563807913726734e7
08-Feb 08:24:30:INFO:root:--------------In the data: [1.80704e7]
08-Feb 08:24:31:INFO:root:--- Period 23 ---
08-Feb 08:24:31:INFO:root:BEGIN Outer loop
08-Feb 08:24:32:INFO:root:------ Middle 1: 0.00034253402518228564
08-Feb 08:24:33:INFO:root:------ Middle 2: 0.0002158429413890969
08-Feb 08:24:33:INFO:root:Starting from 1.718652391372143e-17
08-Feb 08:24:33:INFO:root:-- Outer 2: 0.012789675297910924
08-Feb 08:24:33:INFO:root:------ Middle 1: 0.0006228423606839662
08-Feb 08:24:35:INFO:root:------ Middle 2: 0.000197559907073476
08-Feb 08:24:35:INFO:root:Starting from 1.454951344632697e-17
08-Feb 08:24:35:INFO:root:-- Outer 3: 0.005869863906112226
08-Feb 08:24:35:INFO:root:------ Middle 1: 0.00021831033605638288
08-Feb 08:24:35:INFO:root:Starting from 1.1585410247973601e-17
08-Feb 08:24:35:INFO:root:-- Outer 4: 0.005806405196780209
08-Feb 08:24:37:INFO:root:------ Middle 1: 0.0001951211354437805
08-Feb 08:24:37:INFO:root:Starting from 1.417003414898874e-17
08-Feb 08:24:37:INFO:root:-- Outer 5: 0.0012004442616974542
08-Feb 08:24:37:INFO:root:------ Middle 1: 0.000167299506763714
08-Feb 08:24:37:INFO:root:Starting from 1.6314561899253675e-17
08-Feb 08:24:37:INFO:root:-- Outer 6: 0.0013167914823004564
08-Feb 08:24:39:INFO:root:------ Middle 1: 0.00010692917667665133
08-Feb 08:24:39:INFO:root:Starting from 1.388668725312504e-17
08-Feb 08:24:39:INFO:root:-- Outer 7: 0.00014391584403076257
08-Feb 08:24:39:INFO:root:END Outer loop
08-Feb 08:24:39:INFO:root:Model trade shares: [0.963058, 0.928433, 0.990455]
08-Feb 08:24:39:INFO:root:Data trade shares: [0.967429, 0.940539, 0.992695]
08-Feb 08:24:39:INFO:root:US prices: [1.23721, 1.0587, 1.04632]
08-Feb 08:24:39:INFO:root:in the data: [1.63396, 1.43854, 1.43854]
08-Feb 08:24:39:INFO:root:Nominal world expenditure: 9.20653953183439e6
08-Feb 08:24:40:INFO:root:------ Middle 1: 0.003458031475776385
08-Feb 08:24:39:INFO:root:--------------In the data: [1.37348e7]
08-Feb 08:24:40:INFO:root:--- Period 24 ---
08-Feb 08:24:40:INFO:root:BEGIN Outer loop
08-Feb 08:24:42:INFO:root:------ Middle 2: 0.0021785013774012598
08-Feb 08:24:42:INFO:root:------ Middle 3: 0.0012089382098804085
08-Feb 08:24:43:INFO:root:------ Middle 4: 0.0009579138408713759
08-Feb 08:24:44:INFO:root:------ Middle 5: 0.0005352735399555862
08-Feb 08:24:45:INFO:root:------ Middle 6: 0.0004557937156510044
08-Feb 08:24:46:INFO:root:------ Middle 7: 0.00025719528264108517
08-Feb 08:24:46:INFO:root:Starting from 1.2790475511218544e-17
08-Feb 08:24:46:INFO:root:-- Outer 1: 0.025209085570185415
08-Feb 08:24:48:INFO:root:------ Middle 1: 0.0004805566589703765
08-Feb 08:24:49:INFO:root:------ Middle 2: 0.00027941983739097973
08-Feb 08:24:49:INFO:root:Starting from 1.8162368992614936e-17
08-Feb 08:24:49:INFO:root:-- Outer 2: 0.011306378986643679
08-Feb 08:24:49:INFO:root:------ Middle 1: 0.000650086189575577
08-Feb 08:24:49:INFO:root:------ Middle 1: 0.0039657981332051305
08-Feb 08:24:50:INFO:root:------ Middle 2: 0.0029707856094450475
08-Feb 08:24:51:INFO:root:------ Middle 2: 0.00019226172579163658
08-Feb 08:24:51:INFO:root:Starting from 1.4739776815132074e-17
08-Feb 08:24:51:INFO:root:-- Outer 3: 0.0052155301353440315
08-Feb 08:24:52:INFO:root:------ Middle 2: 0.0025018616121253987
08-Feb 08:24:52:INFO:root:------ Middle 1: 0.00027125976780076626
08-Feb 08:24:52:INFO:root:Starting from 1.590812411738767e-17
08-Feb 08:24:52:INFO:root:-- Outer 4: 0.005239166853997257
08-Feb 08:24:52:INFO:root:------ Middle 1: 0.003834746905028615
08-Feb 08:24:52:INFO:root:------ Middle 3: 0.0018655924182749578
08-Feb 08:24:53:INFO:root:------ Middle 2: 0.0023900049474387067
08-Feb 08:24:53:INFO:root:------ Middle 3: 0.0015895274174277806
08-Feb 08:24:53:INFO:root:------ Middle 4: 0.000879612652766619
08-Feb 08:24:54:INFO:root:------ Middle 1: 0.00022784556175614945
08-Feb 08:24:54:INFO:root:Starting from 1.6110218620560272e-17
08-Feb 08:24:54:INFO:root:-- Outer 5: 0.0010928555181472777
08-Feb 08:24:54:INFO:root:------ Middle 1: 0.00018620449861769757
08-Feb 08:24:54:INFO:root:Starting from 1.9903741690966986e-17
08-Feb 08:24:54:INFO:root:-- Outer 6: 0.0011894593175984655
08-Feb 08:24:54:INFO:root:------ Middle 3: 0.00155429953772177
08-Feb 08:24:55:INFO:root:------ Middle 4: 0.0008603240018946954
08-Feb 08:24:55:INFO:root:------ Middle 1: 0.00012014916835498066
08-Feb 08:24:55:INFO:root:Starting from 1.3437449989811486e-17
08-Feb 08:24:55:INFO:root:-- Outer 7: 0.00015134675768087858
08-Feb 08:24:55:INFO:root:END Outer loop
08-Feb 08:24:55:INFO:root:------ Middle 5: 0.0007185996191530585
08-Feb 08:24:55:INFO:root:------ Middle 4: 0.001190045953490271
08-Feb 08:24:55:INFO:root:Model trade shares: [0.970737, 0.924583, 0.992514]
08-Feb 08:24:55:INFO:root:Data trade shares: [0.967576, 0.927756, 0.993556]
08-Feb 08:24:55:INFO:root:US prices: [1.20442, 0.925852, 0.924445]
08-Feb 08:24:55:INFO:root:in the data: [2.78451, 2.12334, 2.12334]
08-Feb 08:24:55:INFO:root:Nominal world expenditure: 1.1737485787028458e7
08-Feb 08:24:55:INFO:root:--------------In the data: [2.5209e7]
08-Feb 08:24:55:INFO:root:------ Middle 6: 0.00040593818354824995
08-Feb 08:24:55:INFO:root:--- Period 25 ---
08-Feb 08:24:55:INFO:root:BEGIN Outer loop
08-Feb 08:24:56:INFO:root:------ Middle 7: 0.00036113671326307547
08-Feb 08:24:56:INFO:root:------ Middle 8: 0.00020054738849411137
08-Feb 08:24:56:INFO:root:Starting from 1.1783489277302202e-17
08-Feb 08:24:56:INFO:root:-- Outer 1: 0.025310802657706844
08-Feb 08:24:56:INFO:root:------ Middle 1: 0.002541424433732558
08-Feb 08:24:56:INFO:root:------ Middle 5: 0.0007044386152307454
08-Feb 08:24:56:INFO:root:------ Middle 1: 0.003595646070018224
08-Feb 08:24:57:INFO:root:------ Middle 6: 0.0004019291968759134
08-Feb 08:24:57:INFO:root:------ Middle 7: 0.000350309853840618
08-Feb 08:24:58:INFO:root:------ Middle 8: 0.00020329824294779565
08-Feb 08:24:58:INFO:root:Starting from 1.221044081670996e-17
08-Feb 08:24:58:INFO:root:-- Outer 1: 0.02576174912349001
08-Feb 08:24:58:INFO:root:------ Middle 1: 0.0019721501576647612
08-Feb 08:24:58:INFO:root:------ Middle 2: 0.0008206622532170998
08-Feb 08:24:59:INFO:root:------ Middle 3: 0.0004673143731964661
08-Feb 08:24:59:INFO:root:------ Middle 4: 0.00036826791724414834
08-Feb 08:25:00:INFO:root:------ Middle 5: 0.0002317361883034461
08-Feb 08:25:00:INFO:root:Starting from 2.0734402971629816e-17
08-Feb 08:25:00:INFO:root:-- Outer 2: 0.011262161527329503
08-Feb 08:25:00:INFO:root:------ Middle 1: 0.0006541455432620014
08-Feb 08:25:00:INFO:root:------ Middle 2: 0.0006394272864808893
08-Feb 08:25:01:INFO:root:------ Middle 3: 0.0004195262055988087
08-Feb 08:25:01:INFO:root:------ Middle 4: 0.00023436260756969437
08-Feb 08:25:01:INFO:root:Starting from 1.868912245306634e-17
08-Feb 08:25:01:INFO:root:-- Outer 2: 0.011829510859533304
08-Feb 08:25:01:INFO:root:------ Middle 1: 0.00046258845145002927
08-Feb 08:25:02:INFO:root:------ Middle 2: 0.0002814488864667185
08-Feb 08:25:02:INFO:root:Starting from 1.453708118396497e-17
08-Feb 08:25:02:INFO:root:-- Outer 3: 0.004931241947092788
08-Feb 08:25:02:INFO:root:------ Middle 1: 0.00034483936172029184
08-Feb 08:25:02:INFO:root:------ Middle 2: 0.0022999879653695862
08-Feb 08:25:03:INFO:root:------ Middle 2: 0.0003076195013858753
08-Feb 08:25:03:INFO:root:------ Middle 3: 0.00019564810039583445
08-Feb 08:25:03:INFO:root:Starting from 1.3207402302157875e-17
08-Feb 08:25:03:INFO:root:-- Outer 3: 0.004778355653624992
08-Feb 08:25:03:INFO:root:------ Middle 1: 0.00020245126162021603
08-Feb 08:25:03:INFO:root:Starting from 1.4556478318937634e-17
08-Feb 08:25:03:INFO:root:-- Outer 4: 0.004637824945820072
08-Feb 08:25:04:INFO:root:------ Middle 2: 0.0002399511965448719
08-Feb 08:25:04:INFO:root:Starting from 2.0373118025391524e-17
08-Feb 08:25:04:INFO:root:-- Outer 4: 0.0019095223436724445
08-Feb 08:25:04:INFO:root:------ Middle 1: 0.0037592673286305947
08-Feb 08:25:04:INFO:root:------ Middle 1: 0.0002310517488529158
08-Feb 08:25:04:INFO:root:Starting from 1.7490784187954875e-17
08-Feb 08:25:04:INFO:root:-- Outer 5: 0.001872133090878631
08-Feb 08:25:04:INFO:root:------ Middle 1: 0.003748588043904125
08-Feb 08:25:04:INFO:root:------ Middle 3: 0.0014662784623317947
08-Feb 08:25:05:INFO:root:------ Middle 1: 0.00024700076391263214
08-Feb 08:25:05:INFO:root:Starting from 1.459674827170838e-17
08-Feb 08:25:05:INFO:root:-- Outer 5: 0.001139914319439102
08-Feb 08:25:06:INFO:root:------ Middle 1: 0.0002055695074337482
08-Feb 08:25:06:INFO:root:Starting from 1.5883570127554762e-17
08-Feb 08:25:06:INFO:root:-- Outer 6: 0.0012225621075849717
08-Feb 08:25:06:INFO:root:------ Middle 1: 0.00020346629505212636
08-Feb 08:25:06:INFO:root:Starting from 1.4556359889824384e-17
08-Feb 08:25:06:INFO:root:-- Outer 6: 0.0006387939412995959
08-Feb 08:25:06:INFO:root:END Outer loop
08-Feb 08:25:06:INFO:root:Model trade shares: [0.962932, 0.922765, 0.992385]
08-Feb 08:25:06:INFO:root:Data trade shares: [0.960491, 0.93458, 0.986591]
08-Feb 08:25:06:INFO:root:US prices: [0.892268, 0.901708, 0.866588]
08-Feb 08:25:06:INFO:root:in the data: [2.52256, 2.5595, 2.5595]
08-Feb 08:25:06:INFO:root:Nominal world expenditure: 1.7057074296241343e7
08-Feb 08:25:06:INFO:root:--------------In the data: [4.55098e7]
08-Feb 08:25:06:INFO:root:--- Period 26 ---
08-Feb 08:25:06:INFO:root:BEGIN Outer loop
08-Feb 08:25:06:INFO:root:------ Middle 1: 0.00013364397213200643
08-Feb 08:25:06:INFO:root:Starting from 1.4321639241321663e-17
08-Feb 08:25:06:INFO:root:-- Outer 7: 0.00017461435006849504
08-Feb 08:25:06:INFO:root:END Outer loop
08-Feb 08:25:07:INFO:root:Model trade shares: [0.96725, 0.927322, 0.992182]
08-Feb 08:25:07:INFO:root:Data trade shares: [0.958317, 0.928046, 0.993489]
08-Feb 08:25:07:INFO:root:US prices: [1.01793, 0.921474, 0.942332]
08-Feb 08:25:07:INFO:root:in the data: [2.43661, 2.20422, 2.20422]
08-Feb 08:25:07:INFO:root:Nominal world expenditure: 1.4917338286240304e7
08-Feb 08:25:07:INFO:root:--------------In the data: [3.25615e7]
08-Feb 08:25:07:INFO:root:--- Period 27 ---
08-Feb 08:25:07:INFO:root:BEGIN Outer loop
08-Feb 08:25:07:INFO:root:------ Middle 4: 0.0009495433468235107
08-Feb 08:25:07:INFO:root:------ Middle 2: 0.002381887075120086
08-Feb 08:25:08:INFO:root:------ Middle 1: 0.0037397283043391016
08-Feb 08:25:08:INFO:root:------ Middle 5: 0.0006166492098599808
08-Feb 08:25:09:INFO:root:------ Middle 6: 0.0003403984868871081
08-Feb 08:25:09:INFO:root:------ Middle 3: 0.0015063976590556207
08-Feb 08:25:09:INFO:root:------ Middle 4: 0.0008533676852999936
08-Feb 08:25:09:INFO:root:------ Middle 7: 0.00029482389741381513
08-Feb 08:25:09:INFO:root:Starting from 1.2472426447370954e-17
08-Feb 08:25:09:INFO:root:-- Outer 1: 0.02608701967912087
08-Feb 08:25:10:INFO:root:------ Middle 1: 0.0040305391564115734
08-Feb 08:25:10:INFO:root:------ Middle 2: 0.002372422604421903
08-Feb 08:25:11:INFO:root:------ Middle 5: 0.0006802457539019898
08-Feb 08:25:11:INFO:root:------ Middle 6: 0.00038468868583612417
08-Feb 08:25:12:INFO:root:------ Middle 7: 0.0003336697057641871
08-Feb 08:25:12:INFO:root:------ Middle 8: 0.00019577002756711746
08-Feb 08:25:12:INFO:root:------ Middle 3: 0.001516773426647927
08-Feb 08:25:12:INFO:root:Starting from 1.2245616996278958e-17
08-Feb 08:25:12:INFO:root:-- Outer 1: 0.025171185587110206
08-Feb 08:25:12:INFO:root:------ Middle 4: 0.0008324943136766472
08-Feb 08:25:12:INFO:root:------ Middle 1: 0.0020439375111959476
08-Feb 08:25:13:INFO:root:------ Middle 1: 0.003993244668748822
08-Feb 08:25:13:INFO:root:------ Middle 1: 0.0003750131299733887
08-Feb 08:25:13:INFO:root:------ Middle 2: 0.0002225949129342415
08-Feb 08:25:13:INFO:root:------ Middle 1: 0.0039462725549184365
08-Feb 08:25:13:INFO:root:Starting from 1.70654500840137e-17
08-Feb 08:25:13:INFO:root:-- Outer 2: 0.010810623162671635
08-Feb 08:25:14:INFO:root:------ Middle 5: 0.0006842439356402948
08-Feb 08:25:14:INFO:root:------ Middle 2: 0.0023939371195472207
08-Feb 08:25:14:INFO:root:------ Middle 6: 0.000384322772606568
08-Feb 08:25:15:INFO:root:------ Middle 2: 0.0006616793269712865
08-Feb 08:25:15:INFO:root:------ Middle 2: 0.002549975228598597
08-Feb 08:25:15:INFO:root:------ Middle 7: 0.00033606284191040764
08-Feb 08:25:15:INFO:root:------ Middle 1: 0.0002897049974504945
08-Feb 08:25:15:INFO:root:Starting from 1.3813112585522069e-17
08-Feb 08:25:15:INFO:root:-- Outer 3: 0.004787240420772667
08-Feb 08:25:15:INFO:root:------ Middle 3: 0.0004154183594401635
08-Feb 08:25:16:INFO:root:------ Middle 1: 0.0003319319036202109
08-Feb 08:25:16:INFO:root:------ Middle 4: 0.00024738834211037765
08-Feb 08:25:16:INFO:root:Starting from 1.9096867593800488e-17
08-Feb 08:25:16:INFO:root:-- Outer 2: 0.01155492120997809
08-Feb 08:25:16:INFO:root:------ Middle 8: 0.00019191967999030094
08-Feb 08:25:16:INFO:root:Starting from 1.1814897499473897e-17
08-Feb 08:25:16:INFO:root:-- Outer 1: 0.024163256159721994
08-Feb 08:25:16:INFO:root:------ Middle 1: 0.0004665931744524415
08-Feb 08:25:16:INFO:root:------ Middle 1: 0.0021137691657682482
08-Feb 08:25:16:INFO:root:------ Middle 3: 0.001521486230276761
08-Feb 08:25:17:INFO:root:------ Middle 2: 0.00015351878309683825
08-Feb 08:25:17:INFO:root:Starting from 1.5353743268666624e-17
08-Feb 08:25:17:INFO:root:-- Outer 4: 0.0020797881247807174
08-Feb 08:25:18:INFO:root:------ Middle 1: 0.00016343569701265308
08-Feb 08:25:18:INFO:root:Starting from 2.2413568723920562e-17
08-Feb 08:25:18:INFO:root:-- Outer 5: 0.002016551112986007
08-Feb 08:25:18:INFO:root:------ Middle 3: 0.0016206752074467278
08-Feb 08:25:18:INFO:root:------ Middle 2: 0.0003159395643258352
08-Feb 08:25:18:INFO:root:------ Middle 3: 0.00019258854549754142
08-Feb 08:25:18:INFO:root:Starting from 1.6978988757009523e-17
08-Feb 08:25:18:INFO:root:-- Outer 3: 0.004691776884328836
08-Feb 08:25:18:INFO:root:------ Middle 4: 0.0009722255848416498
08-Feb 08:25:18:INFO:root:------ Middle 1: 0.00020558037438734875
08-Feb 08:25:18:INFO:root:Starting from 1.674249326993886e-17
08-Feb 08:25:18:INFO:root:-- Outer 4: 0.004595219144105707
08-Feb 08:25:18:INFO:root:------ Middle 5: 0.000536707474749211
08-Feb 08:25:19:INFO:root:------ Middle 1: 0.00012795732328141034
08-Feb 08:25:19:INFO:root:Starting from 1.6045008477591602e-17
08-Feb 08:25:19:INFO:root:-- Outer 6: 0.0006698661912621884
08-Feb 08:25:19:INFO:root:END Outer loop
08-Feb 08:25:19:INFO:root:Model trade shares: [0.95581, 0.922169, 0.991417]
08-Feb 08:25:19:INFO:root:Data trade shares: [0.953126, 0.923314, 0.993566]
08-Feb 08:25:19:INFO:root:US prices: [1.02953, 0.939707, 0.953949]
08-Feb 08:25:19:INFO:root:in the data: [2.3065, 2.15345, 2.15345]
08-Feb 08:25:19:INFO:root:Nominal world expenditure: 1.3986934498929255e7
08-Feb 08:25:19:INFO:root:--------------In the data: [2.91447e7]
08-Feb 08:25:19:INFO:root:--- Period 28 ---
08-Feb 08:25:19:INFO:root:BEGIN Outer loop
08-Feb 08:25:19:INFO:root:------ Middle 2: 0.0006935714734420432
08-Feb 08:25:19:INFO:root:------ Middle 6: 0.00045569855159859936
08-Feb 08:25:19:INFO:root:------ Middle 3: 0.0003820577485025094
08-Feb 08:25:19:INFO:root:------ Middle 4: 0.0010320219906354918
08-Feb 08:25:19:INFO:root:------ Middle 7: 0.00025268833671255263
08-Feb 08:25:19:INFO:root:Starting from 1.234027945738646e-17
08-Feb 08:25:19:INFO:root:-- Outer 1: 0.024315625627208484
08-Feb 08:25:20:INFO:root:------ Middle 5: 0.0005720185816200448
08-Feb 08:25:20:INFO:root:------ Middle 1: 0.002029896986749576
08-Feb 08:25:20:INFO:root:------ Middle 4: 0.000312452703401559
08-Feb 08:25:20:INFO:root:------ Middle 5: 0.00018108427167291933
08-Feb 08:25:20:INFO:root:Starting from 1.9746691129094597e-17
08-Feb 08:25:20:INFO:root:-- Outer 2: 0.010816786371859422
08-Feb 08:25:20:INFO:root:------ Middle 6: 0.0004851461751627374
08-Feb 08:25:20:INFO:root:------ Middle 1: 0.0005111253555990036
08-Feb 08:25:20:INFO:root:------ Middle 1: 0.0002530616747496108
08-Feb 08:25:20:INFO:root:Starting from 1.7855062111004507e-17
08-Feb 08:25:20:INFO:root:-- Outer 5: 0.0011567439197722209
08-Feb 08:25:21:INFO:root:------ Middle 7: 0.00026999517982871337
08-Feb 08:25:21:INFO:root:Starting from 1.1874288439556821e-17
08-Feb 08:25:21:INFO:root:-- Outer 1: 0.024284625449028988
08-Feb 08:25:21:INFO:root:------ Middle 1: 0.00021110994113209745
08-Feb 08:25:21:INFO:root:Starting from 2.1113483425363456e-17
08-Feb 08:25:21:INFO:root:-- Outer 6: 0.0012305857900749692
08-Feb 08:25:21:INFO:root:------ Middle 1: 0.002518306809916426
08-Feb 08:25:21:INFO:root:------ Middle 2: 0.0025189202810663295
08-Feb 08:25:22:INFO:root:------ Middle 3: 0.0013865208600956488
08-Feb 08:25:22:INFO:root:------ Middle 1: 0.00013658191398208512
08-Feb 08:25:22:INFO:root:Starting from 1.3571669771508205e-17
08-Feb 08:25:22:INFO:root:-- Outer 7: 0.0001856854800715996
08-Feb 08:25:22:INFO:root:END Outer loop
08-Feb 08:25:22:INFO:root:------ Middle 2: 0.000643225721558124
08-Feb 08:25:22:INFO:root:Model trade shares: [0.962792, 0.92175, 0.992267]
08-Feb 08:25:22:INFO:root:Data trade shares: [0.960962, 0.931588, 0.993893]
08-Feb 08:25:22:INFO:root:US prices: [1.0134, 0.913084, 0.915801]
08-Feb 08:25:22:INFO:root:in the data: [2.50767, 2.31742, 2.31742]
08-Feb 08:25:22:INFO:root:Nominal world expenditure: 1.5304518937616415e7
08-Feb 08:25:22:INFO:root:--------------In the data: [3.61928e7]
08-Feb 08:25:22:INFO:root:--- Period 29 ---
08-Feb 08:25:22:INFO:root:BEGIN Outer loop
08-Feb 08:25:22:INFO:root:------ Middle 2: 0.0002903197968318798
08-Feb 08:25:22:INFO:root:Starting from 1.9851579835988866e-17
08-Feb 08:25:22:INFO:root:-- Outer 3: 0.004599133169894435
08-Feb 08:25:23:INFO:root:------ Middle 3: 0.0004098636679620287
08-Feb 08:25:23:INFO:root:------ Middle 1: 0.00025309919262661687
08-Feb 08:25:23:INFO:root:Starting from 1.6059852787010845e-17
08-Feb 08:25:23:INFO:root:-- Outer 4: 0.004704626836451746
08-Feb 08:25:23:INFO:root:------ Middle 4: 0.00021908346559090347
08-Feb 08:25:23:INFO:root:Starting from 2.0502547057721178e-17
08-Feb 08:25:23:INFO:root:-- Outer 2: 0.01136016006967747
08-Feb 08:25:23:INFO:root:------ Middle 1: 0.003780938668708373
08-Feb 08:25:23:INFO:root:------ Middle 4: 0.0010865772939482163
08-Feb 08:25:23:INFO:root:------ Middle 1: 0.0004778849568184644
08-Feb 08:25:23:INFO:root:------ Middle 5: 0.0006056626820655643
08-Feb 08:25:24:INFO:root:------ Middle 2: 0.0007721067388415197
08-Feb 08:25:25:INFO:root:------ Middle 1: 0.0002808461036544064
08-Feb 08:25:25:INFO:root:Starting from 1.4784581978746673e-17
08-Feb 08:25:25:INFO:root:-- Outer 5: 0.0010013462029520505
08-Feb 08:25:25:INFO:root:------ Middle 1: 0.000229544886802384
08-Feb 08:25:25:INFO:root:Starting from 1.4523999906477453e-17
08-Feb 08:25:25:INFO:root:-- Outer 6: 0.0011157011527716358
08-Feb 08:25:25:INFO:root:------ Middle 2: 0.00030773593139551514
08-Feb 08:25:25:INFO:root:------ Middle 3: 0.0005019110032779263
08-Feb 08:25:25:INFO:root:------ Middle 6: 0.0005102925019691479
08-Feb 08:25:25:INFO:root:------ Middle 3: 0.00018651160922867897
08-Feb 08:25:25:INFO:root:Starting from 1.966427315270916e-17
08-Feb 08:25:25:INFO:root:-- Outer 3: 0.004628713629288396
08-Feb 08:25:25:INFO:root:------ Middle 7: 0.0002852025759076306
08-Feb 08:25:26:INFO:root:Starting from 1.2037326213647046e-17
08-Feb 08:25:26:INFO:root:-- Outer 1: 0.025643930473781135
08-Feb 08:25:26:INFO:root:------ Middle 1: 0.00020809842098839135
08-Feb 08:25:26:INFO:root:Starting from 1.3032346889546146e-17
08-Feb 08:25:26:INFO:root:-- Outer 4: 0.004540836940747473
08-Feb 08:25:26:INFO:root:------ Middle 4: 0.00031210323069122143
08-Feb 08:25:26:INFO:root:------ Middle 1: 0.00016161117562258408
08-Feb 08:25:26:INFO:root:Starting from 1.709463004384892e-17
08-Feb 08:25:26:INFO:root:-- Outer 7: 0.00027531646122338447
08-Feb 08:25:26:INFO:root:END Outer loop
08-Feb 08:25:26:INFO:root:Model trade shares: [0.968188, 0.929176, 0.990778]
08-Feb 08:25:26:INFO:root:Data trade shares: [0.963666, 0.934551, 0.994086]
08-Feb 08:25:26:INFO:root:US prices: [0.978875, 0.933816, 0.918172]
08-Feb 08:25:26:INFO:root:in the data: [2.67778, 2.5352, 2.5352]
08-Feb 08:25:26:INFO:root:Nominal world expenditure: 1.6211721224623164e7
08-Feb 08:25:26:INFO:root:--------------In the data: [4.12361e7]
08-Feb 08:25:26:INFO:root:------ Middle 5: 0.00020695077624656934
08-Feb 08:25:26:INFO:root:Starting from 2.0682563421666047e-17
08-Feb 08:25:26:INFO:root:-- Outer 2: 0.01104276308155443
08-Feb 08:25:26:INFO:root:--- Period 30 ---
08-Feb 08:25:26:INFO:root:BEGIN Outer loop
08-Feb 08:25:26:INFO:root:------ Middle 1: 0.0006233665639496534
08-Feb 08:25:27:INFO:root:------ Middle 2: 0.0024207398867403342
08-Feb 08:25:28:INFO:root:------ Middle 1: 0.00023583618327175678
08-Feb 08:25:28:INFO:root:Starting from 1.912156420313803e-17
08-Feb 08:25:28:INFO:root:-- Outer 5: 0.0010047802094294421
08-Feb 08:25:28:INFO:root:------ Middle 1: 0.0001986233180328328
08-Feb 08:25:28:INFO:root:Starting from 1.4848156910058442e-17
08-Feb 08:25:28:INFO:root:-- Outer 6: 0.001124666578875746
08-Feb 08:25:28:INFO:root:------ Middle 2: 0.0002955315959918353
08-Feb 08:25:28:INFO:root:Starting from 1.776091318737754e-17
08-Feb 08:25:28:INFO:root:-- Outer 3: 0.0049157936372029275
08-Feb 08:25:29:INFO:root:------ Middle 1: 0.00027680959768740487
08-Feb 08:25:29:INFO:root:Starting from 1.6798514781498844e-17
08-Feb 08:25:29:INFO:root:-- Outer 4: 0.004996657381097594
08-Feb 08:25:29:INFO:root:------ Middle 1: 0.00013734015022546448
08-Feb 08:25:29:INFO:root:Starting from 1.687964135312944e-17
08-Feb 08:25:29:INFO:root:-- Outer 7: 0.00025031487621110743
08-Feb 08:25:29:INFO:root:END Outer loop
08-Feb 08:25:29:INFO:root:Model trade shares: [0.960747, 0.927428, 0.993608]
08-Feb 08:25:29:INFO:root:Data trade shares: [0.961578, 0.934257, 0.993842]
08-Feb 08:25:29:INFO:root:US prices: [0.978861, 0.934333, 0.946998]
08-Feb 08:25:29:INFO:root:in the data: [2.5813, 2.43608, 2.43608]
08-Feb 08:25:29:INFO:root:Nominal world expenditure: 1.5443735236312661e7
08-Feb 08:25:29:INFO:root:--------------In the data: [3.7723e7]
08-Feb 08:25:29:INFO:root:------ Middle 3: 0.0015469052614600208
08-Feb 08:25:29:INFO:root:--- Period 31 ---
08-Feb 08:25:29:INFO:root:BEGIN Outer loop
08-Feb 08:25:29:INFO:root:------ Middle 1: 0.0005310573415371158
08-Feb 08:25:29:INFO:root:------ Middle 4: 0.0008623190380730193
08-Feb 08:25:30:INFO:root:------ Middle 2: 0.000291608336588886
08-Feb 08:25:30:INFO:root:Starting from 1.589265889154053e-17
08-Feb 08:25:30:INFO:root:-- Outer 2: 0.011058151354462272
08-Feb 08:25:31:INFO:root:------ Middle 1: 0.00030019348034166567
08-Feb 08:25:31:INFO:root:------ Middle 5: 0.0006972089979363608
08-Feb 08:25:31:INFO:root:------ Middle 6: 0.00039930351205384154
08-Feb 08:25:31:INFO:root:------ Middle 2: 0.00020761321754217594
08-Feb 08:25:31:INFO:root:Starting from 1.4637235792889132e-17
08-Feb 08:25:31:INFO:root:-- Outer 5: 0.0012930932139560898
08-Feb 08:25:31:INFO:root:------ Middle 1: 0.0002115220335228041
08-Feb 08:25:31:INFO:root:Starting from 1.5053600382552856e-17
08-Feb 08:25:31:INFO:root:-- Outer 6: 0.001444981362616328
08-Feb 08:25:31:INFO:root:------ Middle 7: 0.00035438083382585825
08-Feb 08:25:32:INFO:root:------ Middle 1: 0.0004160575664025185
08-Feb 08:25:32:INFO:root:------ Middle 2: 0.00022804059642787927
08-Feb 08:25:32:INFO:root:Starting from 2.0406169911070087e-17
08-Feb 08:25:32:INFO:root:-- Outer 3: 0.004866349563534411
08-Feb 08:25:32:INFO:root:------ Middle 8: 0.00019737059236842578
08-Feb 08:25:32:INFO:root:Starting from 1.2313656243308416e-17
08-Feb 08:25:32:INFO:root:-- Outer 1: 0.025223900392486728
08-Feb 08:25:32:INFO:root:------ Middle 1: 0.00012675871882234042
08-Feb 08:25:32:INFO:root:Starting from 1.397902866568214e-17
08-Feb 08:25:32:INFO:root:-- Outer 7: 0.0001783822856851996
08-Feb 08:25:32:INFO:root:END Outer loop
08-Feb 08:25:32:INFO:root:------ Middle 1: 0.0027007616016922835
08-Feb 08:25:32:INFO:root:Model trade shares: [0.961912, 0.928303, 0.992063]
08-Feb 08:25:32:INFO:root:Data trade shares: [0.960926, 0.936095, 0.990604]
08-Feb 08:25:32:INFO:root:US prices: [0.935093, 0.916025, 0.887992]
08-Feb 08:25:32:INFO:root:in the data: [2.54462, 2.53886, 2.53886]
08-Feb 08:25:32:INFO:root:Nominal world expenditure: 1.652986605099867e7
08-Feb 08:25:32:INFO:root:--------------In the data: [4.29516e7]
08-Feb 08:25:32:INFO:root:--- Period 32 ---
08-Feb 08:25:32:INFO:root:BEGIN Outer loop
08-Feb 08:25:34:INFO:root:------ Middle 1: 0.00028181663182164833
08-Feb 08:25:34:INFO:root:Starting from 2.0477130324064822e-17
08-Feb 08:25:34:INFO:root:-- Outer 4: 0.0022079327993118187
08-Feb 08:25:34:INFO:root:------ Middle 1: 0.00028930164521881604
08-Feb 08:25:34:INFO:root:Starting from 1.6848388958145162e-17
08-Feb 08:25:34:INFO:root:-- Outer 5: 0.002188815104902375
08-Feb 08:25:35:INFO:root:------ Middle 1: 0.0033901578995492784
08-Feb 08:25:35:INFO:root:------ Middle 2: 0.0009460449655730118
08-Feb 08:25:35:INFO:root:------ Middle 1: 0.00021557724851244573
08-Feb 08:25:35:INFO:root:Starting from 1.5715885600301866e-17
08-Feb 08:25:35:INFO:root:-- Outer 6: 0.0005988872621366469
08-Feb 08:25:35:INFO:root:END Outer loop
08-Feb 08:25:35:INFO:root:Model trade shares: [0.957208, 0.923604, 0.987536]
08-Feb 08:25:35:INFO:root:Data trade shares: [0.959588, 0.937566, 0.971212]
08-Feb 08:25:35:INFO:root:US prices: [0.956177, 0.89706, 0.964096]
08-Feb 08:25:35:INFO:root:in the data: [2.70826, 2.57595, 2.57595]
08-Feb 08:25:35:INFO:root:Nominal world expenditure: 1.6945668263016988e7
08-Feb 08:25:35:INFO:root:--------------In the data: [4.5848e7]
08-Feb 08:25:35:INFO:root:--- Period 33 ---
08-Feb 08:25:35:INFO:root:BEGIN Outer loop
08-Feb 08:25:36:INFO:root:------ Middle 3: 0.0006062586900148124
08-Feb 08:25:36:INFO:root:------ Middle 4: 0.0003775691058299775
08-Feb 08:25:37:INFO:root:------ Middle 5: 0.00026436058314285594
08-Feb 08:25:37:INFO:root:Starting from 1.6783008841869058e-17
08-Feb 08:25:37:INFO:root:-- Outer 2: 0.010960634685196176
08-Feb 08:25:37:INFO:root:------ Middle 1: 0.0005547430833040485
08-Feb 08:25:38:INFO:root:------ Middle 5: 0.0007661653391829121
08-Feb 08:25:39:INFO:root:------ Middle 2: 0.0021561057991958594
08-Feb 08:25:39:INFO:root:------ Middle 2: 0.00028184419817710494
08-Feb 08:25:39:INFO:root:Starting from 1.868134084932203e-17
08-Feb 08:25:39:INFO:root:-- Outer 3: 0.004878758367881757
08-Feb 08:25:39:INFO:root:------ Middle 1: 0.00028342047455413107
08-Feb 08:25:39:INFO:root:Starting from 1.7995265712421296e-17
08-Feb 08:25:39:INFO:root:-- Outer 4: 0.004814584962238772
08-Feb 08:25:40:INFO:root:------ Middle 1: 0.0036552659885731613
08-Feb 08:25:40:INFO:root:------ Middle 6: 0.00048692425491332294
08-Feb 08:25:41:INFO:root:------ Middle 3: 0.001381959436756911
08-Feb 08:25:41:INFO:root:------ Middle 1: 0.00029217946881583175
08-Feb 08:25:41:INFO:root:Starting from 1.4766960122735167e-17
08-Feb 08:25:41:INFO:root:-- Outer 5: 0.0011336933765162514
08-Feb 08:25:42:INFO:root:------ Middle 1: 0.0002709606144763591
08-Feb 08:25:42:INFO:root:Starting from 1.4583421385896062e-17
08-Feb 08:25:42:INFO:root:-- Outer 6: 0.0012098519872102938
08-Feb 08:25:43:INFO:root:------ Middle 1: 0.0001635419533450807
08-Feb 08:25:43:INFO:root:Starting from 2.068223855242111e-17
08-Feb 08:25:43:INFO:root:-- Outer 7: 0.00020071895861834108
08-Feb 08:25:43:INFO:root:END Outer loop
08-Feb 08:25:43:INFO:root:Model trade shares: [0.944584, 0.913387, 0.990407]
08-Feb 08:25:43:INFO:root:Data trade shares: [0.950579, 0.929714, 0.991388]
08-Feb 08:25:43:INFO:root:US prices: [0.937373, 0.888556, 0.901243]
08-Feb 08:25:43:INFO:root:in the data: [2.71827, 2.64842, 2.64842]
08-Feb 08:25:43:INFO:root:Nominal world expenditure: 1.902843248146705e7
08-Feb 08:25:43:INFO:root:--------------In the data: [5.43532e7]
08-Feb 08:25:43:INFO:root:--- Period 34 ---
08-Feb 08:25:43:INFO:root:BEGIN Outer loop
08-Feb 08:25:44:INFO:root:------ Middle 4: 0.0008968303737010039
08-Feb 08:25:45:INFO:root:------ Middle 2: 0.002335106034334423
08-Feb 08:25:47:INFO:root:------ Middle 5: 0.000585735579157553
08-Feb 08:25:47:INFO:root:------ Middle 1: 0.003666694050959175
08-Feb 08:25:47:INFO:root:------ Middle 3: 0.0014912718666188441
08-Feb 08:25:48:INFO:root:------ Middle 6: 0.00037794778109913004
08-Feb 08:25:48:INFO:root:------ Middle 1: 0.004694567395721234
08-Feb 08:25:49:INFO:root:------ Middle 4: 0.0009617567868767474
08-Feb 08:25:49:INFO:root:------ Middle 1: 0.004533083604243905
08-Feb 08:25:49:INFO:root:------ Middle 7: 0.00024949063426929236
08-Feb 08:25:49:INFO:root:Starting from 1.28314368935742e-17
08-Feb 08:25:49:INFO:root:-- Outer 1: 0.019690549569186044
08-Feb 08:25:49:INFO:root:------ Middle 2: 0.002315636702918662
08-Feb 08:25:49:INFO:root:------ Middle 1: 0.0036209575622275073
08-Feb 08:25:50:INFO:root:------ Middle 5: 0.0006258396128327434
08-Feb 08:25:50:INFO:root:------ Middle 2: 0.0028947278346115593
08-Feb 08:25:50:INFO:root:------ Middle 6: 0.0003502126443148876
08-Feb 08:25:50:INFO:root:------ Middle 3: 0.0016209999177417146
08-Feb 08:25:51:INFO:root:------ Middle 7: 0.0003005866617739911
08-Feb 08:25:51:INFO:root:------ Middle 3: 0.0014655784173883424
08-Feb 08:25:51:INFO:root:------ Middle 2: 0.0028250750246464847
08-Feb 08:25:51:INFO:root:------ Middle 4: 0.0008138577121491995
08-Feb 08:25:51:INFO:root:------ Middle 8: 0.00016998712143859401
08-Feb 08:25:51:INFO:root:Starting from 1.2296907223381038e-17
08-Feb 08:25:51:INFO:root:-- Outer 1: 0.02354206815374034
08-Feb 08:25:52:INFO:root:------ Middle 1: 0.002277710382416995
08-Feb 08:25:52:INFO:root:------ Middle 1: 0.0035019404474088667
08-Feb 08:25:52:INFO:root:------ Middle 4: 0.0012248875767133507
08-Feb 08:25:52:INFO:root:------ Middle 5: 0.0007070476405208186
08-Feb 08:25:53:INFO:root:------ Middle 3: 0.0017727640927544246
08-Feb 08:25:53:INFO:root:------ Middle 5: 0.0006571803433182816
08-Feb 08:25:53:INFO:root:------ Middle 4: 0.000981114858991683
08-Feb 08:25:53:INFO:root:------ Middle 6: 0.0003697753075841034
08-Feb 08:25:53:INFO:root:------ Middle 2: 0.0022967868176956238
08-Feb 08:25:53:INFO:root:------ Middle 6: 0.0005591996420987931
08-Feb 08:25:54:INFO:root:------ Middle 3: 0.001631096687784219
08-Feb 08:25:54:INFO:root:------ Middle 7: 0.0003667228946625284
08-Feb 08:25:54:INFO:root:------ Middle 7: 0.00032025884370947145
08-Feb 08:25:54:INFO:root:------ Middle 8: 0.00018414078145397427
08-Feb 08:25:54:INFO:root:Starting from 1.3012068960480475e-17
08-Feb 08:25:54:INFO:root:-- Outer 1: 0.021656798443490995
08-Feb 08:25:54:INFO:root:------ Middle 5: 0.0007634956470249513
08-Feb 08:25:54:INFO:root:------ Middle 8: 0.0003102333111330797
08-Feb 08:25:54:INFO:root:------ Middle 1: 0.002246672475735333
08-Feb 08:25:55:INFO:root:------ Middle 6: 0.00043144411662759404
08-Feb 08:25:55:INFO:root:------ Middle 9: 0.00024280248192213794
08-Feb 08:25:55:INFO:root:Starting from 1.1747873706530739e-17
08-Feb 08:25:55:INFO:root:-- Outer 1: 0.024113786849729296
08-Feb 08:25:55:INFO:root:------ Middle 1: 0.0003569925828849941
08-Feb 08:25:55:INFO:root:------ Middle 1: 0.003172529259662979
08-Feb 08:25:55:INFO:root:------ Middle 7: 0.0003643119539694363
08-Feb 08:25:56:INFO:root:------ Middle 2: 0.0008253380681660296
08-Feb 08:25:56:INFO:root:------ Middle 4: 0.0010582485445524627
08-Feb 08:25:56:INFO:root:------ Middle 8: 0.00019745959175833865
08-Feb 08:25:56:INFO:root:Starting from 1.169202575681983e-17
08-Feb 08:25:56:INFO:root:-- Outer 1: 0.02413386853905608
08-Feb 08:25:56:INFO:root:------ Middle 5: 0.0006043884888022212
08-Feb 08:25:56:INFO:root:------ Middle 1: 0.003838378796958574
08-Feb 08:25:56:INFO:root:------ Middle 2: 0.00021159961705689192
08-Feb 08:25:56:INFO:root:Starting from 2.4808344337753826e-17
08-Feb 08:25:56:INFO:root:-- Outer 2: 0.008242531364626025
08-Feb 08:25:57:INFO:root:------ Middle 2: 0.0022354129960919806
08-Feb 08:25:57:INFO:root:------ Middle 2: 0.0025460845128789165
08-Feb 08:25:57:INFO:root:------ Middle 3: 0.0005354030524034442
08-Feb 08:25:57:INFO:root:------ Middle 6: 0.0004777659393032823
08-Feb 08:25:58:INFO:root:------ Middle 7: 0.00027370366464947123
08-Feb 08:25:58:INFO:root:Starting from 1.3110134765476328e-17
08-Feb 08:25:58:INFO:root:-- Outer 1: 0.01974501749199557
08-Feb 08:25:58:INFO:root:------ Middle 4: 0.00033545455974163835
08-Feb 08:25:59:INFO:root:------ Middle 2: 0.0007866733151961911
08-Feb 08:25:59:INFO:root:------ Middle 5: 0.00020017879801831223
08-Feb 08:25:59:INFO:root:Starting from 1.8963893128046753e-17
08-Feb 08:25:59:INFO:root:-- Outer 2: 0.010129197600610668
08-Feb 08:25:59:INFO:root:------ Middle 3: 0.0014271419913862466
08-Feb 08:25:59:INFO:root:------ Middle 1: 0.0004721463244200245
08-Feb 08:26:00:INFO:root:------ Middle 3: 0.0004989167855267231
08-Feb 08:26:00:INFO:root:------ Middle 1: 0.0002757825237327334
08-Feb 08:26:00:INFO:root:Starting from 2.0287127482823446e-17
08-Feb 08:26:00:INFO:root:-- Outer 3: 0.003468430274059533
08-Feb 08:26:01:INFO:root:------ Middle 1: 0.004479543403432874
08-Feb 08:26:01:INFO:root:------ Middle 4: 0.00031340297996419443
08-Feb 08:26:01:INFO:root:------ Middle 4: 0.0009086457121436777
08-Feb 08:26:01:INFO:root:------ Middle 2: 0.0024663446941044975
08-Feb 08:26:01:INFO:root:------ Middle 5: 0.0005032406693282203
08-Feb 08:26:01:INFO:root:------ Middle 2: 0.00026088694605289075
08-Feb 08:26:01:INFO:root:Starting from 1.8270482063328038e-17
08-Feb 08:26:01:INFO:root:-- Outer 3: 0.004465411692191563
08-Feb 08:26:02:INFO:root:------ Middle 1: 0.00021948743716062617
08-Feb 08:26:02:INFO:root:Starting from 1.2746316187992957e-17
08-Feb 08:26:02:INFO:root:-- Outer 4: 0.004455193169070892
08-Feb 08:26:02:INFO:root:------ Middle 5: 0.00018489416643830304
08-Feb 08:26:02:INFO:root:Starting from 1.7820575970168702e-17
08-Feb 08:26:02:INFO:root:-- Outer 2: 0.009530357710072723
08-Feb 08:26:02:INFO:root:------ Middle 1: 0.0004327248386676419
08-Feb 08:26:02:INFO:root:------ Middle 1: 0.000526495968961458
08-Feb 08:26:02:INFO:root:------ Middle 6: 0.00041163898894810405
08-Feb 08:26:03:INFO:root:------ Middle 3: 0.0018337721392471637
08-Feb 08:26:03:INFO:root:------ Middle 2: 0.0011436923654769093
08-Feb 08:26:03:INFO:root:------ Middle 7: 0.00023050310273705054
08-Feb 08:26:03:INFO:root:Starting from 1.2002186387612799e-17
08-Feb 08:26:03:INFO:root:-- Outer 1: 0.01999580985857616
08-Feb 08:26:03:INFO:root:------ Middle 4: 0.0010177741981861098
08-Feb 08:26:03:INFO:root:------ Middle 1: 0.0002479263196243957
08-Feb 08:26:03:INFO:root:Starting from 1.5462515215380566e-17
08-Feb 08:26:03:INFO:root:-- Outer 4: 0.0014947845878756953
08-Feb 08:26:03:INFO:root:------ Middle 2: 0.0002646295333183307
08-Feb 08:26:03:INFO:root:Starting from 2.0474400954721985e-17
08-Feb 08:26:03:INFO:root:-- Outer 2: 0.008708280464475084
08-Feb 08:26:04:INFO:root:------ Middle 1: 0.00025136723793234717
08-Feb 08:26:04:INFO:root:Starting from 1.7738090357780805e-17
08-Feb 08:26:04:INFO:root:-- Outer 5: 0.0009684725642851095
08-Feb 08:26:04:INFO:root:END Outer loop
08-Feb 08:26:04:INFO:root:------ Middle 3: 0.0007076218147359697
08-Feb 08:26:04:INFO:root:Model trade shares: [0.953859, 0.904751, 0.982919]
08-Feb 08:26:04:INFO:root:Data trade shares: [0.954902, 0.927282, 0.98849]
08-Feb 08:26:04:INFO:root:US prices: [0.8827, 0.900328, 0.94006]
08-Feb 08:26:04:INFO:root:in the data: [2.81662, 2.76323, 2.76323]
08-Feb 08:26:04:INFO:root:Nominal world expenditure: 1.853524929576972e7
08-Feb 08:26:04:INFO:root:--------------In the data: [5.52518e7]
08-Feb 08:26:04:INFO:root:------ Middle 2: 0.0002315227475333431
08-Feb 08:26:04:INFO:root:Starting from 1.3196600878484e-17
08-Feb 08:26:04:INFO:root:-- Outer 3: 0.004378157690154113
08-Feb 08:26:04:INFO:root:--- Period 35 ---
08-Feb 08:26:04:INFO:root:BEGIN Outer loop
08-Feb 08:26:04:INFO:root:------ Middle 5: 0.0008099005933736983
08-Feb 08:26:04:INFO:root:------ Middle 1: 0.00026867696321903814
08-Feb 08:26:04:INFO:root:Starting from 1.8130520476333416e-17
08-Feb 08:26:04:INFO:root:-- Outer 4: 0.004395255733579497
08-Feb 08:26:04:INFO:root:------ Middle 6: 0.00044927557611223735
08-Feb 08:26:05:INFO:root:------ Middle 2: 0.001200166234914036
08-Feb 08:26:05:INFO:root:------ Middle 4: 0.0004336399573677644
08-Feb 08:26:05:INFO:root:------ Middle 7: 0.0003795341231577744
08-Feb 08:26:05:INFO:root:------ Middle 8: 0.0002170502435170105
08-Feb 08:26:05:INFO:root:Starting from 1.198693828433556e-17
08-Feb 08:26:05:INFO:root:-- Outer 1: 0.02277192884899442
08-Feb 08:26:06:INFO:root:------ Middle 1: 0.00031278155672020833
08-Feb 08:26:06:INFO:root:------ Middle 1: 0.002854245263204998
08-Feb 08:26:06:INFO:root:------ Middle 5: 0.0002666503952563764
08-Feb 08:26:06:INFO:root:Starting from 1.608481227915076e-17
08-Feb 08:26:06:INFO:root:-- Outer 2: 0.01077339754328031
08-Feb 08:26:06:INFO:root:------ Middle 1: 0.00019578103702627548
08-Feb 08:26:06:INFO:root:Starting from 1.465150312448603e-17
08-Feb 08:26:06:INFO:root:-- Outer 5: 0.0006477858753907677
08-Feb 08:26:06:INFO:root:END Outer loop
08-Feb 08:26:06:INFO:root:Model trade shares: [0.940844, 0.917201, 0.983301]
08-Feb 08:26:06:INFO:root:Data trade shares: [0.943324, 0.928045, 0.988948]
08-Feb 08:26:06:INFO:root:US prices: [0.907062, 0.844177, 0.908583]
08-Feb 08:26:06:INFO:root:in the data: [2.94743, 2.7898, 2.7898]
08-Feb 08:26:06:INFO:root:------ Middle 1: 0.00026289508963495893
08-Feb 08:26:06:INFO:root:Nominal world expenditure: 1.820815928934026e7
08-Feb 08:26:06:INFO:root:--------------In the data: [5.65242e7]
08-Feb 08:26:06:INFO:root:Starting from 1.6191429311227467e-17
08-Feb 08:26:06:INFO:root:-- Outer 5: 0.0008913541817672811
08-Feb 08:26:06:INFO:root:END Outer loop
08-Feb 08:26:06:INFO:root:--- Period 36 ---
08-Feb 08:26:06:INFO:root:------ Middle 1: 0.0008143106936799104
08-Feb 08:26:06:INFO:root:BEGIN Outer loop
08-Feb 08:26:06:INFO:root:Model trade shares: [0.948479, 0.914894, 0.981044]
08-Feb 08:26:06:INFO:root:Data trade shares: [0.951101, 0.932187, 0.983861]
08-Feb 08:26:06:INFO:root:US prices: [0.888653, 0.84772, 0.959864]
08-Feb 08:26:06:INFO:root:in the data: [2.96009, 2.78199, 2.78199]
08-Feb 08:26:06:INFO:root:Nominal world expenditure: 1.772335921940741e7
08-Feb 08:26:06:INFO:root:--------------In the data: [5.49713e7]
08-Feb 08:26:07:INFO:root:------ Middle 3: 0.0007385134892392163
08-Feb 08:26:07:INFO:root:------ Middle 2: 0.00019769938396196058
08-Feb 08:26:07:INFO:root:Starting from 1.806282823445136e-17
08-Feb 08:26:07:INFO:root:-- Outer 3: 0.003772135350200596
08-Feb 08:26:07:INFO:root:------ Middle 1: 0.0004488432346922506
08-Feb 08:26:07:INFO:root:------ Middle 2: 0.00025571066857367096
08-Feb 08:26:07:INFO:root:Starting from 1.992580688952853e-17
08-Feb 08:26:07:INFO:root:-- Outer 2: 0.008683903169864091
08-Feb 08:26:08:INFO:root:------ Middle 4: 0.0004746283432417653
08-Feb 08:26:08:INFO:root:------ Middle 5: 0.0003430929162106537
08-Feb 08:26:08:INFO:root:------ Middle 2: 0.00030713638327631266
08-Feb 08:26:08:INFO:root:------ Middle 3: 0.00018076013459514698
08-Feb 08:26:08:INFO:root:Starting from 1.5619000468267966e-17
08-Feb 08:26:08:INFO:root:-- Outer 3: 0.004886746009404998
08-Feb 08:26:09:INFO:root:------ Middle 6: 0.0002389606188859232
08-Feb 08:26:09:INFO:root:Starting from 1.7458013062460203e-17
08-Feb 08:26:09:INFO:root:-- Outer 2: 0.010344023914687608
08-Feb 08:26:09:INFO:root:------ Middle 1: 0.000685752176727554
08-Feb 08:26:09:INFO:root:------ Middle 1: 0.000203954668230422
08-Feb 08:26:09:INFO:root:Starting from 2.0415188994272028e-17
08-Feb 08:26:09:INFO:root:-- Outer 4: 0.0016130370969379742
08-Feb 08:26:09:INFO:root:------ Middle 1: 0.0003545726411661639
08-Feb 08:26:10:INFO:root:------ Middle 2: 0.00019648308072666476
08-Feb 08:26:10:INFO:root:Starting from 1.479507478590134e-17
08-Feb 08:26:10:INFO:root:-- Outer 3: 0.0038922339538196896
08-Feb 08:26:10:INFO:root:------ Middle 1: 0.0038990543643787068
08-Feb 08:26:10:INFO:root:------ Middle 1: 0.00018725187135894275
08-Feb 08:26:10:INFO:root:Starting from 1.5742634753771627e-17
08-Feb 08:26:10:INFO:root:-- Outer 5: 0.0007362226369135083
08-Feb 08:26:10:INFO:root:END Outer loop
08-Feb 08:26:10:INFO:root:Model trade shares: [0.94837, 0.914926, 0.98029]
08-Feb 08:26:10:INFO:root:Data trade shares: [0.949239, 0.924453, 0.987338]
08-Feb 08:26:10:INFO:root:US prices: [0.891366, 0.844786, 0.888059]
08-Feb 08:26:10:INFO:root:in the data: [2.95883, 2.79593, 2.79593]
08-Feb 08:26:10:INFO:root:Nominal world expenditure: 1.898050885918325e7
08-Feb 08:26:10:INFO:root:--------------In the data: [5.8302e7]
08-Feb 08:26:11:INFO:root:------ Middle 1: 0.00023789745665667104
08-Feb 08:26:11:INFO:root:Starting from 1.494181896501365e-17
08-Feb 08:26:11:INFO:root:-- Outer 4: 0.0019675942205012887
08-Feb 08:26:11:INFO:root:------ Middle 2: 0.0003044726676571549
08-Feb 08:26:11:INFO:root:------ Middle 1: 0.00028267386550086254
08-Feb 08:26:11:INFO:root:Starting from 1.5267200630195815e-17
08-Feb 08:26:11:INFO:root:-- Outer 5: 0.0019852301696353684
08-Feb 08:26:11:INFO:root:------ Middle 3: 0.0002896087846771631
08-Feb 08:26:11:INFO:root:Starting from 1.5222026294134582e-17
08-Feb 08:26:11:INFO:root:-- Outer 3: 0.0047306025446239505
08-Feb 08:26:11:INFO:root:------ Middle 1: 0.0002393813872222312
08-Feb 08:26:11:INFO:root:Starting from 1.6792522931308643e-17
08-Feb 08:26:11:INFO:root:-- Outer 4: 0.001784349415896596
08-Feb 08:26:11:INFO:root:------ Middle 1: 0.00034704183699801547
08-Feb 08:26:11:INFO:root:------ Middle 1: 0.0002531401321859684
08-Feb 08:26:11:INFO:root:Starting from 1.5507864830199543e-17
08-Feb 08:26:11:INFO:root:-- Outer 5: 0.0017524359477635607
08-Feb 08:26:12:INFO:root:------ Middle 1: 0.0002594409546791532
08-Feb 08:26:12:INFO:root:Starting from 1.4229201640392762e-17
08-Feb 08:26:12:INFO:root:-- Outer 6: 0.0004349943052943958
08-Feb 08:26:12:INFO:root:END Outer loop
08-Feb 08:26:12:INFO:root:Model trade shares: [0.951834, 0.913365, 0.978524]
08-Feb 08:26:12:INFO:root:Data trade shares: [0.95138, 0.919234, 0.983181]
08-Feb 08:26:12:INFO:root:US prices: [0.913791, 0.883573, 1.03435]
08-Feb 08:26:12:INFO:root:in the data: [3.11354, 3.01039, 3.01039]
08-Feb 08:26:12:INFO:root:Nominal world expenditure: 2.3745089000940673e7
08-Feb 08:26:12:INFO:root:--------------In the data: [6.70931e7]
08-Feb 08:26:12:INFO:root:------ Middle 1: 0.00018325062692721775
08-Feb 08:26:12:INFO:root:Starting from 1.7055026181224822e-17
08-Feb 08:26:12:INFO:root:-- Outer 6: 0.00046081992031371495
08-Feb 08:26:12:INFO:root:END Outer loop
08-Feb 08:26:13:INFO:root:Model trade shares: [0.934613, 0.916842, 0.987084]
08-Feb 08:26:13:INFO:root:Data trade shares: [0.944757, 0.931965, 0.986375]
08-Feb 08:26:13:INFO:root:US prices: [0.901038, 0.828946, 0.854118]
08-Feb 08:26:13:INFO:root:in the data: [2.85731, 2.74066, 2.74066]
08-Feb 08:26:13:INFO:root:Nominal world expenditure: 1.7524297643861365e7
08-Feb 08:26:13:INFO:root:--------------In the data: [5.4623e7]
08-Feb 08:26:13:INFO:root:------ Middle 2: 0.001002148475709602
08-Feb 08:26:13:INFO:root:------ Middle 1: 0.004310123087999133
08-Feb 08:26:13:INFO:root:------ Middle 2: 0.002460097723456271
08-Feb 08:26:13:INFO:root:------ Middle 3: 0.0013554839109835343
08-Feb 08:26:13:INFO:root:------ Middle 2: 0.0003048046466585254
08-Feb 08:26:14:INFO:root:------ Middle 3: 0.000257056303698648
08-Feb 08:26:14:INFO:root:Starting from 1.5042184602906893e-17
08-Feb 08:26:14:INFO:root:-- Outer 4: 0.0019577069763199615
08-Feb 08:26:14:INFO:root:------ Middle 3: 0.0006353508325427692
08-Feb 08:26:14:INFO:root:------ Middle 1: 0.00025147724642660607
08-Feb 08:26:14:INFO:root:Starting from 2.360569743823728e-17
08-Feb 08:26:14:INFO:root:-- Outer 5: 0.0019137216791640843
08-Feb 08:26:14:INFO:root:------ Middle 4: 0.0003921851330779422
08-Feb 08:26:15:INFO:root:------ Middle 4: 0.0010588044539385283
08-Feb 08:26:15:INFO:root:------ Middle 5: 0.00024682269358140856
08-Feb 08:26:15:INFO:root:Starting from 2.1885604797877987e-17
08-Feb 08:26:15:INFO:root:-- Outer 2: 0.010162424538001397
08-Feb 08:26:15:INFO:root:------ Middle 1: 0.000628558185383862
08-Feb 08:26:15:INFO:root:------ Middle 5: 0.0005879955349312399
08-Feb 08:26:15:INFO:root:------ Middle 2: 0.0026945788125003196
08-Feb 08:26:15:INFO:root:------ Middle 1: 0.0002446752560213612
08-Feb 08:26:15:INFO:root:Starting from 1.773284175335082e-17
08-Feb 08:26:15:INFO:root:-- Outer 6: 0.0004471732059575173
08-Feb 08:26:15:INFO:root:END Outer loop
08-Feb 08:26:16:INFO:root:Model trade shares: [0.959376, 0.905785, 0.977879]
08-Feb 08:26:16:INFO:root:Data trade shares: [0.95528, 0.914832, 0.982791]
08-Feb 08:26:16:INFO:root:US prices: [0.951786, 0.929055, 1.11146]
08-Feb 08:26:16:INFO:root:in the data: [3.32883, 3.15407, 3.15407]
08-Feb 08:26:16:INFO:root:Nominal world expenditure: 2.7581786859036937e7
08-Feb 08:26:16:INFO:root:--------------In the data: [7.56745e7]
08-Feb 08:26:17:INFO:root:------ Middle 6: 0.0004874628824703228
08-Feb 08:26:17:INFO:root:------ Middle 2: 0.0002716219697693917
08-Feb 08:26:17:INFO:root:Starting from 1.5715242469367973e-17
08-Feb 08:26:17:INFO:root:-- Outer 3: 0.004784710553375646
08-Feb 08:26:17:INFO:root:------ Middle 7: 0.0002867436339711448
08-Feb 08:26:17:INFO:root:Starting from 1.282408729884833e-17
08-Feb 08:26:17:INFO:root:-- Outer 1: 0.020999392180266477
08-Feb 08:26:17:INFO:root:------ Middle 1: 0.0003294173090728508
08-Feb 08:26:18:INFO:root:------ Middle 3: 0.0016966061279767826
08-Feb 08:26:18:INFO:root:------ Middle 2: 0.00021823081798234015
08-Feb 08:26:18:INFO:root:Starting from 1.3870671233944877e-17
08-Feb 08:26:18:INFO:root:-- Outer 4: 0.0020121586685796977
08-Feb 08:26:19:INFO:root:------ Middle 1: 0.00021643627465407707
08-Feb 08:26:19:INFO:root:Starting from 1.6263001475324994e-17
08-Feb 08:26:19:INFO:root:-- Outer 5: 0.0019984065712113845
08-Feb 08:26:19:INFO:root:------ Middle 4: 0.0010834300460016392
08-Feb 08:26:20:INFO:root:------ Middle 1: 0.00019981257432531203
08-Feb 08:26:20:INFO:root:Starting from 1.8974794829044353e-17
08-Feb 08:26:20:INFO:root:-- Outer 6: 0.0005641709136509536
08-Feb 08:26:20:INFO:root:END Outer loop
08-Feb 08:26:20:INFO:root:Model trade shares: [0.958304, 0.896137, 0.979064]
08-Feb 08:26:20:INFO:root:Data trade shares: [0.956446, 0.911974, 0.985299]
08-Feb 08:26:20:INFO:root:US prices: [1.08617, 0.929805, 1.16311]
08-Feb 08:26:20:INFO:root:in the data: [3.74316, 3.20378, 3.20378]
08-Feb 08:26:20:INFO:root:Nominal world expenditure: 2.924937867481389e7
08-Feb 08:26:20:INFO:root:--------------In the data: [8.18345e7]
08-Feb 08:26:21:INFO:root:------ Middle 1: 0.0004572636293358379
08-Feb 08:26:21:INFO:root:------ Middle 2: 0.00025586868365780514
08-Feb 08:26:21:INFO:root:Starting from 2.4544497447123715e-17
08-Feb 08:26:21:INFO:root:-- Outer 2: 0.009194517497911241
08-Feb 08:26:21:INFO:root:------ Middle 5: 0.0006931870197257994
08-Feb 08:26:23:INFO:root:------ Middle 1: 0.00034347438197407794
08-Feb 08:26:23:INFO:root:------ Middle 6: 0.0004495595217619901
08-Feb 08:26:23:INFO:root:------ Middle 7: 0.00031687794809504195
08-Feb 08:26:23:INFO:root:------ Middle 2: 0.00019511744153937266
08-Feb 08:26:23:INFO:root:Starting from 1.758529241280723e-17
08-Feb 08:26:23:INFO:root:-- Outer 3: 0.004100505763439849
08-Feb 08:26:23:INFO:root:------ Middle 7: 0.0002465792044791124
08-Feb 08:26:23:INFO:root:Starting from 1.1316689344099887e-17
08-Feb 08:26:23:INFO:root:-- Outer 1: 0.022681207266181683
08-Feb 08:26:25:INFO:root:------ Middle 1: 0.004279158974162305
08-Feb 08:26:25:INFO:root:------ Middle 1: 0.00022354756924368644
08-Feb 08:26:25:INFO:root:Starting from 1.416533137729446e-17
08-Feb 08:26:25:INFO:root:-- Outer 4: 0.00185407468245818
08-Feb 08:26:25:INFO:root:------ Middle 1: 0.00025276140909240036
08-Feb 08:26:25:INFO:root:Starting from 1.74741770409467e-17
08-Feb 08:26:25:INFO:root:-- Outer 5: 0.0018080341365429486
08-Feb 08:26:25:INFO:root:------ Middle 8: 0.0002032296811687832
08-Feb 08:26:26:INFO:root:Starting from 1.2038766604457075e-17
08-Feb 08:26:26:INFO:root:------ Middle 1: 0.0005116707603882062
08-Feb 08:26:26:INFO:root:------ Middle 1: 0.00017271701550669317
08-Feb 08:26:26:INFO:root:Starting from 1.499149033633119e-17
08-Feb 08:26:26:INFO:root:-- Outer 6: 0.00047284405436457576
08-Feb 08:26:26:INFO:root:END Outer loop
08-Feb 08:26:26:INFO:root:------ Middle 2: 0.0026185347223756724
08-Feb 08:26:26:INFO:root:-- Outer 1: 0.033110381770670515
08-Feb 08:26:26:INFO:root:Model trade shares: [0.947995, 0.918179, 0.984333]
08-Feb 08:26:26:INFO:root:Data trade shares: [0.951781, 0.9268, 0.989231]
08-Feb 08:26:26:INFO:root:US prices: [0.885155, 0.870061, 0.904332]
08-Feb 08:26:26:INFO:root:in the data: [2.94894, 2.90959, 2.90959]
08-Feb 08:26:26:INFO:root:Nominal world expenditure: 1.9254317959079735e7
08-Feb 08:26:26:INFO:root:--------------In the data: [5.76528e7]
08-Feb 08:26:26:INFO:root:------ Middle 3: 0.001450909797585686
08-Feb 08:26:27:INFO:root:------ Middle 2: 0.0005966618182041761
08-Feb 08:26:27:INFO:root:------ Middle 3: 0.000270719352160327
08-Feb 08:26:27:INFO:root:Starting from 1.8819268389548556e-17
08-Feb 08:26:27:INFO:root:-- Outer 2: 0.009814971203114196
08-Feb 08:26:28:INFO:root:------ Middle 4: 0.0010967797117923032
08-Feb 08:26:28:INFO:root:------ Middle 5: 0.000619613640592761
08-Feb 08:26:29:INFO:root:------ Middle 1: 0.0003327318741182401
08-Feb 08:26:29:INFO:root:------ Middle 1: 0.0004353305940093858
08-Feb 08:26:29:INFO:root:------ Middle 6: 0.000493008361000654
08-Feb 08:26:29:INFO:root:------ Middle 2: 0.0001938620067529442
08-Feb 08:26:29:INFO:root:Starting from 1.5848850895839595e-17
08-Feb 08:26:29:INFO:root:-- Outer 3: 0.004238660238865367
08-Feb 08:26:30:INFO:root:------ Middle 7: 0.0002818186761650806
08-Feb 08:26:30:INFO:root:Starting from 1.1546860065295526e-17
08-Feb 08:26:30:INFO:root:-- Outer 1: 0.01988353061680787
08-Feb 08:26:30:INFO:root:------ Middle 2: 0.00025876669694648805
08-Feb 08:26:30:INFO:root:Starting from 1.4459330497642147e-17
08-Feb 08:26:30:INFO:root:-- Outer 2: 0.013637150000743212
08-Feb 08:26:30:INFO:root:------ Middle 1: 0.0006878530490205152
08-Feb 08:26:31:INFO:root:------ Middle 1: 0.0002410233843037772
08-Feb 08:26:31:INFO:root:Starting from 1.796149100140856e-17
08-Feb 08:26:31:INFO:root:-- Outer 4: 0.0018910777944171652
08-Feb 08:26:32:INFO:root:------ Middle 1: 0.00027024365421250555
08-Feb 08:26:32:INFO:root:Starting from 1.814945333829759e-17
08-Feb 08:26:32:INFO:root:-- Outer 5: 0.0018453499966163108
08-Feb 08:26:32:INFO:root:------ Middle 2: 0.0002111481631872431
08-Feb 08:26:32:INFO:root:Starting from 1.53877208279282e-17
08-Feb 08:26:32:INFO:root:-- Outer 3: 0.00628871135100561
08-Feb 08:26:32:INFO:root:------ Middle 1: 0.0002531271655580715
08-Feb 08:26:32:INFO:root:Starting from 1.9168232334653475e-17
08-Feb 08:26:32:INFO:root:-- Outer 4: 0.006286770918314289
08-Feb 08:26:33:INFO:root:------ Middle 1: 0.00019228310697576352
08-Feb 08:26:33:INFO:root:Starting from 1.6014680371604136e-17
08-Feb 08:26:33:INFO:root:-- Outer 6: 0.0004995736479452028
08-Feb 08:26:33:INFO:root:END Outer loop
08-Feb 08:26:33:INFO:root:Model trade shares: [0.941559, 0.913113, 0.977033]
08-Feb 08:26:33:INFO:root:Data trade shares: [0.946294, 0.923226, 0.982471]
08-Feb 08:26:33:INFO:root:US prices: [0.854567, 0.867618, 0.982562]
08-Feb 08:26:33:INFO:root:in the data: [2.69951, 2.89119, 2.89119]
08-Feb 08:26:33:INFO:root:Nominal world expenditure: 2.0382133877563585e7
08-Feb 08:26:33:INFO:root:--------------In the data: [5.96564e7]
08-Feb 08:26:34:INFO:root:------ Middle 1: 0.0006401840430960607
08-Feb 08:26:34:INFO:root:------ Middle 2: 0.0003741181170797258
08-Feb 08:26:35:INFO:root:------ Middle 1: 0.0002264192219847858
08-Feb 08:26:35:INFO:root:Starting from 1.6467842029186786e-17
08-Feb 08:26:35:INFO:root:-- Outer 5: 0.0013089794777799459
08-Feb 08:26:35:INFO:root:------ Middle 3: 0.0002570561756581847
08-Feb 08:26:35:INFO:root:Starting from 1.7694332522181096e-17
08-Feb 08:26:35:INFO:root:-- Outer 2: 0.009055050584054971
08-Feb 08:26:35:INFO:root:------ Middle 1: 0.00018541897196457284
08-Feb 08:26:35:INFO:root:Starting from 1.449619542937056e-17
08-Feb 08:26:35:INFO:root:-- Outer 6: 0.0014306963124712283
08-Feb 08:26:35:INFO:root:------ Middle 1: 0.0007824152006675548
08-Feb 08:26:36:INFO:root:------ Middle 1: 0.00011508335215836375
08-Feb 08:26:36:INFO:root:Starting from 1.7653427189678597e-17
08-Feb 08:26:36:INFO:root:-- Outer 7: 0.00014138781088106656
08-Feb 08:26:36:INFO:root:END Outer loop
08-Feb 08:26:36:INFO:root:------ Middle 2: 0.00026102988119607647
08-Feb 08:26:36:INFO:root:Starting from 1.8437572460364993e-17
08-Feb 08:26:36:INFO:root:-- Outer 3: 0.004522213970817534
08-Feb 08:26:36:INFO:root:------ Middle 1: 0.0003744706283446428
08-Feb 08:26:36:INFO:root:Model trade shares: [0.967092, 0.933955, 0.992781]
08-Feb 08:26:36:INFO:root:Data trade shares: [0.975035, 0.947137, 0.993826]
08-Feb 08:26:36:INFO:root:US prices: [1.19508, 1.11785, 1.10781]
08-Feb 08:26:36:INFO:root:in the data: [1.5623, 1.46271, 1.46271]
08-Feb 08:26:37:INFO:root:Nominal world expenditure: 8.982117849700276e6
08-Feb 08:26:37:INFO:root:--------------In the data: [1.27847e7]
08-Feb 08:26:37:INFO:root:------ Middle 2: 0.00018321231643116215
08-Feb 08:26:37:INFO:root:Starting from 1.6182911059125306e-17
08-Feb 08:26:37:INFO:root:-- Outer 4: 0.002043165602721282
08-Feb 08:26:38:INFO:root:------ Middle 1: 0.00024715857067845185
08-Feb 08:26:38:INFO:root:Starting from 1.6411768635984954e-17
08-Feb 08:26:38:INFO:root:-- Outer 5: 0.0020462311722220174
08-Feb 08:26:39:INFO:root:------ Middle 3: 0.0016325174841085224
08-Feb 08:26:39:INFO:root:------ Middle 1: 0.00019378397257993732
08-Feb 08:26:39:INFO:root:Starting from 1.9252656888724446e-17
08-Feb 08:26:39:INFO:root:-- Outer 6: 0.0004982248674437086
08-Feb 08:26:39:INFO:root:END Outer loop
08-Feb 08:26:39:INFO:root:Model trade shares: [0.955652, 0.887364, 0.974714]
08-Feb 08:26:39:INFO:root:Data trade shares: [0.954831, 0.902146, 0.983572]
08-Feb 08:26:39:INFO:root:US prices: [1.18355, 0.94326, 1.23655]
08-Feb 08:26:39:INFO:root:in the data: [3.88449, 3.20236, 3.20236]
08-Feb 08:26:39:INFO:root:Nominal world expenditure: 3.1312373179246508e7
08-Feb 08:26:39:INFO:root:--------------In the data: [8.8489e7]
08-Feb 08:26:45:INFO:root:------ Middle 1: 0.003458743633496557
08-Feb 08:27:16:INFO:root:------ Middle 4: 0.001051691946406423
08-Feb 08:27:29:INFO:root:------ Middle 2: 0.002149542945257514
08-Feb 08:27:32:INFO:root:------ Middle 3: 0.0013450763985832445
08-Feb 08:27:35:INFO:root:------ Middle 4: 0.0008475237829819802
08-Feb 08:27:36:INFO:root:------ Middle 5: 0.0005405753233532225
08-Feb 08:27:37:INFO:root:------ Middle 6: 0.0003438790837597009
08-Feb 08:27:38:INFO:root:------ Middle 7: 0.0002239746962209001
08-Feb 08:27:38:INFO:root:Starting from 1.178794176252174e-17
08-Feb 08:27:38:INFO:root:-- Outer 1: 0.016238965148208436
08-Feb 08:27:42:INFO:root:------ Middle 1: 0.00041326792847343446
08-Feb 08:27:43:INFO:root:------ Middle 2: 0.00023974117058690132
08-Feb 08:27:43:INFO:root:Starting from 2.0402240415767688e-17
08-Feb 08:27:43:INFO:root:-- Outer 2: 0.006801550491741237
08-Feb 08:27:44:INFO:root:------ Middle 1: 0.0005704568774297878
08-Feb 08:27:45:INFO:root:------ Middle 2: 0.00016340120962548966
08-Feb 08:27:45:INFO:root:Starting from 2.2700095251485944e-17
08-Feb 08:27:45:INFO:root:-- Outer 3: 0.0033389372522462345
08-Feb 08:27:46:INFO:root:------ Middle 1: 0.000261224489173825
08-Feb 08:27:46:INFO:root:Starting from 1.8794083887790834e-17
08-Feb 08:27:46:INFO:root:-- Outer 4: 0.0033316587375834283
08-Feb 08:27:47:INFO:root:------ Middle 1: 0.00019779576489567006
08-Feb 08:27:47:INFO:root:Starting from 1.818813927201524e-17
08-Feb 08:27:47:INFO:root:-- Outer 5: 0.0005763941882492973
08-Feb 08:27:47:INFO:root:END Outer loop
08-Feb 08:27:47:INFO:root:Model trade shares: [0.956889, 0.884923, 0.978102]
08-Feb 08:27:47:INFO:root:Data trade shares: [0.955026, 0.900005, 0.981768]
08-Feb 08:27:47:INFO:root:US prices: [1.27369, 1.02203, 1.20275]
08-Feb 08:27:47:INFO:root:in the data: [4.23838, 3.41193, 3.41193]
08-Feb 08:27:47:INFO:root:Nominal world expenditure: 3.58742949274895e7
08-Feb 08:27:47:INFO:root:--------------In the data: [9.98292e7]
08-Feb 08:27:54:INFO:root:------ Middle 5: 0.0006803686687459073
08-Feb 08:28:25:INFO:root:------ Middle 6: 0.0004418833661893735
08-Feb 08:28:57:INFO:root:------ Middle 7: 0.0002880578841213381
08-Feb 08:28:57:INFO:root:Starting from 1.1733627742176408e-17
08-Feb 08:28:57:INFO:root:-- Outer 1: 0.026261458219311386
08-Feb 08:29:29:INFO:root:------ Middle 1: 0.0004612437326100079
08-Feb 08:30:01:INFO:root:------ Middle 2: 0.000273970416228911
08-Feb 08:30:01:INFO:root:Starting from 1.852908867111003e-17
08-Feb 08:30:01:INFO:root:-- Outer 2: 0.01077130378850654
08-Feb 08:30:05:INFO:root:------ Middle 1: 0.00035312950364302473
08-Feb 08:30:06:INFO:root:------ Middle 2: 0.00022985179769644448
08-Feb 08:30:06:INFO:root:Starting from 1.7725041352154624e-17
08-Feb 08:30:06:INFO:root:-- Outer 3: 0.004451192459285312
08-Feb 08:30:08:INFO:root:------ Middle 1: 0.00023789692366781685
08-Feb 08:30:08:INFO:root:Starting from 1.3181546899458238e-17
08-Feb 08:30:08:INFO:root:-- Outer 4: 0.0019479353455997865
08-Feb 08:30:09:INFO:root:------ Middle 1: 0.00020246813238684937
08-Feb 08:30:09:INFO:root:Starting from 1.6368270864775965e-17
08-Feb 08:30:09:INFO:root:-- Outer 5: 0.0008321507610902674
08-Feb 08:30:09:INFO:root:END Outer loop
08-Feb 08:30:09:INFO:root:Model trade shares: [0.95147, 0.919605, 0.990058]
08-Feb 08:30:09:INFO:root:Data trade shares: [0.955615, 0.931697, 0.991754]
08-Feb 08:30:09:INFO:root:US prices: [0.861066, 0.874501, 0.907289]
08-Feb 08:30:09:INFO:root:in the data: [2.59006, 2.59665, 2.59665]
08-Feb 08:30:09:INFO:root:Nominal world expenditure: 1.79399067779187e7
08-Feb 08:30:09:INFO:root:--------------In the data: [4.90999e7]
416.869139 seconds (923.17 k allocations: 736.602 MiB, 0.11% gc time)
